<?xml version="1.0" encoding="UTF-8"?>
<testsuites name="Demo Juli 2022" time="168.253" tests="2" failures="2" errors="0">
   <testsuite name="Demo Juli 2022" tests="2" failures="2" errors="0" time="168.253" skipped="0" timestamp="2022-07-14 14:23:42" hostname="Shelly - host.docker.internal" id="Test Suites/Demo Juli 2022">
      <properties>
         <property name="deviceName" value=""/>
         <property name="devicePlatform" value=""/>
         <property name="logFolder" value="C:\\Users\\Shelly\\git\\test_ui\\test_ui\\Reports\\20220714_142335\\Demo Juli 2022\\20220714_142335"/>
         <property name="logFiles" value="C:\\Users\\Shelly\\git\\test_ui\\test_ui\\Reports\\20220714_142335\\Demo Juli 2022\\20220714_142335\\execution0.log"/>
         <property name="attachments" value=""/>
         <property name="hostName" value="Shelly - host.docker.internal"/>
         <property name="os" value="Windows 10 64bit"/>
         <property name="katalonVersion" value="8.4.0.208"/>
         <property name="browser" value="Chrome 103.0.5060.114"/>
         <property name="hostAddress" value="192.168.1.10"/>
         <property name="sessionId" value="9c66f90eeef5af16a217a97e13a4fef1"/>
         <property name="seleniumVersion" value="3.141.59"/>
         <property name="proxyInformation" value="ProxyInformation { proxyOption=NO_PROXY, proxyServerType=HTTP, username=, password=********, proxyServerAddress=, proxyServerPort=0, executionList=&quot;&quot;, isApplyToDesiredCapabilities=true }"/>
         <property name="platform" value="Windows 10"/>
      </properties>
      <testcase name="Test Cases/SKT ERP/Production/3 - 2B_ Verify Calculated Values in Work Order (box layer1 layer2)" time="96.392" classname="Test Cases/SKT ERP/Production/3 - 2B_ Verify Calculated Values in Work Order (box layer1 layer2)" status="FAILED">
         <failure type="FAILED" message="Test Cases/SKT ERP/Production/3 - 2B_ Verify Calculated Values in Work Order (box layer1 layer2) FAILED.
Reason:
com.kms.katalon.core.exception.StepFailedException: Unable to verify match between actual text '344.72' and expected text '344.73' (Root cause: com.kms.katalon.core.exception.StepFailedException: Actual text '344.72' and expected text '344.73' are not matched
	at com.kms.katalon.core.keyword.builtin.VerifyMatchKeyword$_verifyMatch_closure1.doCall(VerifyMatchKeyword.groovy:57)
	at com.kms.katalon.core.keyword.builtin.VerifyMatchKeyword$_verifyMatch_closure1.call(VerifyMatchKeyword.groovy)
	at com.kms.katalon.core.keyword.internal.KeywordMain.runKeyword(KeywordMain.groovy:74)
	at com.kms.katalon.core.keyword.builtin.VerifyMatchKeyword.verifyMatch(VerifyMatchKeyword.groovy:60)
	at com.kms.katalon.core.keyword.builtin.VerifyMatchKeyword.execute(VerifyMatchKeyword.groovy:45)
	at com.kms.katalon.core.keyword.internal.KeywordExecutor.executeKeywordForPlatform(KeywordExecutor.groovy:74)
	at com.kms.katalon.core.keyword.BuiltinKeywords.verifyMatch(BuiltinKeywords.groovy:73)
	at 3 - 2B_ Verify Calculated Values in Work Order (box layer1 layer2).run(3 - 2B_ Verify Calculated Values in Work Order (box layer1 layer2):240)
	at com.kms.katalon.core.main.ScriptEngine.run(ScriptEngine.java:194)
	at com.kms.katalon.core.main.ScriptEngine.runScriptAsRawText(ScriptEngine.java:119)
	at com.kms.katalon.core.main.TestCaseExecutor.runScript(TestCaseExecutor.java:445)
	at com.kms.katalon.core.main.TestCaseExecutor.doExecute(TestCaseExecutor.java:436)
	at com.kms.katalon.core.main.TestCaseExecutor.processExecutionPhase(TestCaseExecutor.java:415)
	at com.kms.katalon.core.main.TestCaseExecutor.accessMainPhase(TestCaseExecutor.java:407)
	at com.kms.katalon.core.main.TestCaseExecutor.execute(TestCaseExecutor.java:284)
	at com.kms.katalon.core.common.CommonExecutor.accessTestCaseMainPhase(CommonExecutor.java:65)
	at com.kms.katalon.core.main.TestSuiteExecutor.accessTestSuiteMainPhase(TestSuiteExecutor.java:144)
	at com.kms.katalon.core.main.TestSuiteExecutor.execute(TestSuiteExecutor.java:106)
	at com.kms.katalon.core.main.TestCaseMain.startTestSuite(TestCaseMain.java:185)
	at com.kms.katalon.core.main.TestCaseMain$startTestSuite$0.call(Unknown Source)
	at TempTestSuite1657783415095.run(TempTestSuite1657783415095.groovy:36)
)
	at com.kms.katalon.core.keyword.internal.KeywordMain.stepFailed(KeywordMain.groovy:39)
	at com.kms.katalon.core.keyword.internal.KeywordMain.stepFailed(KeywordMain.groovy)
	at com.kms.katalon.core.keyword.internal.KeywordMain.runKeyword(KeywordMain.groovy:76)
	at com.kms.katalon.core.keyword.builtin.VerifyMatchKeyword.verifyMatch(VerifyMatchKeyword.groovy:60)
	at com.kms.katalon.core.keyword.builtin.VerifyMatchKeyword.execute(VerifyMatchKeyword.groovy:45)
	at com.kms.katalon.core.keyword.internal.KeywordExecutor.executeKeywordForPlatform(KeywordExecutor.groovy:74)
	at com.kms.katalon.core.keyword.BuiltinKeywords.verifyMatch(BuiltinKeywords.groovy:73)
	at 3 - 2B_ Verify Calculated Values in Work Order (box layer1 layer2).run(3 - 2B_ Verify Calculated Values in Work Order (box layer1 layer2):240)
	at com.kms.katalon.core.main.ScriptEngine.run(ScriptEngine.java:194)
	at com.kms.katalon.core.main.ScriptEngine.runScriptAsRawText(ScriptEngine.java:119)
	at com.kms.katalon.core.main.TestCaseExecutor.runScript(TestCaseExecutor.java:445)
	at com.kms.katalon.core.main.TestCaseExecutor.doExecute(TestCaseExecutor.java:436)
	at com.kms.katalon.core.main.TestCaseExecutor.processExecutionPhase(TestCaseExecutor.java:415)
	at com.kms.katalon.core.main.TestCaseExecutor.accessMainPhase(TestCaseExecutor.java:407)
	at com.kms.katalon.core.main.TestCaseExecutor.execute(TestCaseExecutor.java:284)
	at com.kms.katalon.core.common.CommonExecutor.accessTestCaseMainPhase(CommonExecutor.java:65)
	at com.kms.katalon.core.main.TestSuiteExecutor.accessTestSuiteMainPhase(TestSuiteExecutor.java:144)
	at com.kms.katalon.core.main.TestSuiteExecutor.execute(TestSuiteExecutor.java:106)
	at com.kms.katalon.core.main.TestCaseMain.startTestSuite(TestCaseMain.java:185)
	at com.kms.katalon.core.main.TestCaseMain$startTestSuite$0.call(Unknown Source)
	at TempTestSuite1657783415095.run(TempTestSuite1657783415095.groovy:36)
Caused by: com.kms.katalon.core.exception.StepFailedException: Actual text '344.72' and expected text '344.73' are not matched
	at com.kms.katalon.core.keyword.builtin.VerifyMatchKeyword$_verifyMatch_closure1.doCall(VerifyMatchKeyword.groovy:57)
	at com.kms.katalon.core.keyword.builtin.VerifyMatchKeyword$_verifyMatch_closure1.call(VerifyMatchKeyword.groovy)
	at com.kms.katalon.core.keyword.internal.KeywordMain.runKeyword(KeywordMain.groovy:74)
	... 18 more
"/>
         <system-out><![CDATA[2022-07-14 14:23:42 - [TEST_CASE][FAILED] - Test Cases/SKT ERP/Production/3 - 2B_ Verify Calculated Values in Work Order (box layer1 layer2): Test Cases/SKT ERP/Production/3 - 2B_ Verify Calculated Values in Work Order (box layer1 layer2) FAILED.
Reason:
com.kms.katalon.core.exception.StepFailedException: Unable to verify match between actual text '344.72' and expected text '344.73' (Root cause: com.kms.katalon.core.exception.StepFailedException: Actual text '344.72' and expected text '344.73' are not matched
	at com.kms.katalon.core.keyword.builtin.VerifyMatchKeyword$_verifyMatch_closure1.doCall(VerifyMatchKeyword.groovy:57)
	at com.kms.katalon.core.keyword.builtin.VerifyMatchKeyword$_verifyMatch_closure1.call(VerifyMatchKeyword.groovy)
	at com.kms.katalon.core.keyword.internal.KeywordMain.runKeyword(KeywordMain.groovy:74)
	at com.kms.katalon.core.keyword.builtin.VerifyMatchKeyword.verifyMatch(VerifyMatchKeyword.groovy:60)
	at com.kms.katalon.core.keyword.builtin.VerifyMatchKeyword.execute(VerifyMatchKeyword.groovy:45)
	at com.kms.katalon.core.keyword.internal.KeywordExecutor.executeKeywordForPlatform(KeywordExecutor.groovy:74)
	at com.kms.katalon.core.keyword.BuiltinKeywords.verifyMatch(BuiltinKeywords.groovy:73)
	at 3 - 2B_ Verify Calculated Values in Work Order (box layer1 layer2).run(3 - 2B_ Verify Calculated Values in Work Order (box layer1 layer2):240)
	at com.kms.katalon.core.main.ScriptEngine.run(ScriptEngine.java:194)
	at com.kms.katalon.core.main.ScriptEngine.runScriptAsRawText(ScriptEngine.java:119)
	at com.kms.katalon.core.main.TestCaseExecutor.runScript(TestCaseExecutor.java:445)
	at com.kms.katalon.core.main.TestCaseExecutor.doExecute(TestCaseExecutor.java:436)
	at com.kms.katalon.core.main.TestCaseExecutor.processExecutionPhase(TestCaseExecutor.java:415)
	at com.kms.katalon.core.main.TestCaseExecutor.accessMainPhase(TestCaseExecutor.java:407)
	at com.kms.katalon.core.main.TestCaseExecutor.execute(TestCaseExecutor.java:284)
	at com.kms.katalon.core.common.CommonExecutor.accessTestCaseMainPhase(CommonExecutor.java:65)
	at com.kms.katalon.core.main.TestSuiteExecutor.accessTestSuiteMainPhase(TestSuiteExecutor.java:144)
	at com.kms.katalon.core.main.TestSuiteExecutor.execute(TestSuiteExecutor.java:106)
	at com.kms.katalon.core.main.TestCaseMain.startTestSuite(TestCaseMain.java:185)
	at com.kms.katalon.core.main.TestCaseMain$startTestSuite$0.call(Unknown Source)
	at TempTestSuite1657783415095.run(TempTestSuite1657783415095.groovy:36)
)
	at com.kms.katalon.core.keyword.internal.KeywordMain.stepFailed(KeywordMain.groovy:39)
	at com.kms.katalon.core.keyword.internal.KeywordMain.stepFailed(KeywordMain.groovy)
	at com.kms.katalon.core.keyword.internal.KeywordMain.runKeyword(KeywordMain.groovy:76)
	at com.kms.katalon.core.keyword.builtin.VerifyMatchKeyword.verifyMatch(VerifyMatchKeyword.groovy:60)
	at com.kms.katalon.core.keyword.builtin.VerifyMatchKeyword.execute(VerifyMatchKeyword.groovy:45)
	at com.kms.katalon.core.keyword.internal.KeywordExecutor.executeKeywordForPlatform(KeywordExecutor.groovy:74)
	at com.kms.katalon.core.keyword.BuiltinKeywords.verifyMatch(BuiltinKeywords.groovy:73)
	at 3 - 2B_ Verify Calculated Values in Work Order (box layer1 layer2).run(3 - 2B_ Verify Calculated Values in Work Order (box layer1 layer2):240)
	at com.kms.katalon.core.main.ScriptEngine.run(ScriptEngine.java:194)
	at com.kms.katalon.core.main.ScriptEngine.runScriptAsRawText(ScriptEngine.java:119)
	at com.kms.katalon.core.main.TestCaseExecutor.runScript(TestCaseExecutor.java:445)
	at com.kms.katalon.core.main.TestCaseExecutor.doExecute(TestCaseExecutor.java:436)
	at com.kms.katalon.core.main.TestCaseExecutor.processExecutionPhase(TestCaseExecutor.java:415)
	at com.kms.katalon.core.main.TestCaseExecutor.accessMainPhase(TestCaseExecutor.java:407)
	at com.kms.katalon.core.main.TestCaseExecutor.execute(TestCaseExecutor.java:284)
	at com.kms.katalon.core.common.CommonExecutor.accessTestCaseMainPhase(CommonExecutor.java:65)
	at com.kms.katalon.core.main.TestSuiteExecutor.accessTestSuiteMainPhase(TestSuiteExecutor.java:144)
	at com.kms.katalon.core.main.TestSuiteExecutor.execute(TestSuiteExecutor.java:106)
	at com.kms.katalon.core.main.TestCaseMain.startTestSuite(TestCaseMain.java:185)
	at com.kms.katalon.core.main.TestCaseMain$startTestSuite$0.call(Unknown Source)
	at TempTestSuite1657783415095.run(TempTestSuite1657783415095.groovy:36)
Caused by: com.kms.katalon.core.exception.StepFailedException: Actual text '344.72' and expected text '344.73' are not matched
	at com.kms.katalon.core.keyword.builtin.VerifyMatchKeyword$_verifyMatch_closure1.doCall(VerifyMatchKeyword.groovy:57)
	at com.kms.katalon.core.keyword.builtin.VerifyMatchKeyword$_verifyMatch_closure1.call(VerifyMatchKeyword.groovy)
	at com.kms.katalon.core.keyword.internal.KeywordMain.runKeyword(KeywordMain.groovy:74)
	... 18 more


2022-07-14 14:23:43 - [TEST_STEP][PASSED] - openBrowser(""): Browser is opened with url: ''

2022-07-14 14:23:44 - [MESSAGE][INFO] - Starting 'Chrome' driver

2022-07-14 14:23:44 - [MESSAGE][INFO] - Action delay is set to 0 milliseconds

2022-07-14 14:23:46 - [MESSAGE][PASSED] - Browser is opened with url: ''

2022-07-14 14:23:46 - [TEST_STEP][PASSED] - navigateToUrl("http://localhost:3001/login"): Navigate to 'http://localhost:3001/login' successfully

2022-07-14 14:23:48 - [MESSAGE][PASSED] - Navigate to 'http://localhost:3001/login' successfully

2022-07-14 14:23:48 - [TEST_STEP][PASSED] - setText(findTestObject("Object Repository/Page_SKT ERP  ERP/Login/input_login_username"), "devshelly"): Text 'devshelly' is set on object 'Object Repository/Page_SKT ERP  ERP/Login/input_login_username'

2022-07-14 14:23:49 - [MESSAGE][PASSED] - Text 'devshelly' is set on object 'Object Repository/Page_SKT ERP  ERP/Login/input_login_username'

2022-07-14 14:23:49 - [TEST_STEP][PASSED] - setEncryptedText(findTestObject("Object Repository/Page_SKT ERP  ERP/Login/input_login_password"), "bD8Rq1FIAurX2vfab/lFTQ=="): Text ****** has been set on object 'Object Repository/Page_SKT ERP  ERP/Login/input_login_password'

2022-07-14 14:23:50 - [MESSAGE][PASSED] - Text ****** has been set on object 'Object Repository/Page_SKT ERP  ERP/Login/input_login_password'

2022-07-14 14:23:50 - [TEST_STEP][PASSED] - maximizeWindow(): Current window maximized

2022-07-14 14:23:50 - [MESSAGE][PASSED] - Current window maximized

2022-07-14 14:23:50 - [TEST_STEP][PASSED] - driver = getWebDriver(): null

2022-07-14 14:23:50 - [TEST_STEP][PASSED] - click(findTestObject("Object Repository/Page_SKT ERP  ERP/Login/button_login")): Object: 'Object Repository/Page_SKT ERP  ERP/Login/button_login' is clicked on

2022-07-14 14:23:51 - [MESSAGE][PASSED] - Object: 'Object Repository/Page_SKT ERP  ERP/Login/button_login' is clicked on

2022-07-14 14:23:51 - [TEST_STEP][PASSED] - click(findTestObject("Object Repository/Page_SKT ERP  ERP/Tab Sales/Tab Sales")): Object: 'Object Repository/Page_SKT ERP  ERP/Tab Sales/Tab Sales' is clicked on

2022-07-14 14:23:53 - [MESSAGE][PASSED] - Object: 'Object Repository/Page_SKT ERP  ERP/Tab Sales/Tab Sales' is clicked on

2022-07-14 14:23:53 - [TEST_STEP][PASSED] - click(findTestObject("Page_SKT ERP  ERP/Tab Sales/Release Sales Order/Tab Release Sales Order")): Object: 'Object Repository/Page_SKT ERP  ERP/Tab Sales/Release Sales Order/Tab Release Sales Order' is clicked on

2022-07-14 14:23:54 - [MESSAGE][PASSED] - Object: 'Object Repository/Page_SKT ERP  ERP/Tab Sales/Release Sales Order/Tab Release Sales Order' is clicked on

2022-07-14 14:23:54 - [TEST_STEP][PASSED] - click(findTestObject("Page_SKT ERP  ERP/Tab Sales/Release Sales Order/Button Filters")): Object: 'Object Repository/Page_SKT ERP  ERP/Tab Sales/Release Sales Order/Button Filters' is clicked on

2022-07-14 14:24:12 - [MESSAGE][PASSED] - Object: 'Object Repository/Page_SKT ERP  ERP/Tab Sales/Release Sales Order/Button Filters' is clicked on

2022-07-14 14:24:12 - [TEST_STEP][PASSED] - click(findTestObject("Page_SKT ERP  ERP/Tab Sales/Release Sales Order/Filters by No SO")): Object: 'Object Repository/Page_SKT ERP  ERP/Tab Sales/Release Sales Order/Filters by No SO' is clicked on

2022-07-14 14:24:13 - [MESSAGE][PASSED] - Object: 'Object Repository/Page_SKT ERP  ERP/Tab Sales/Release Sales Order/Filters by No SO' is clicked on

2022-07-14 14:24:13 - [TEST_STEP][PASSED] - noSalesOrder = "kjdbj": null

2022-07-14 14:24:13 - [TEST_STEP][PASSED] - newQty = 100: null

2022-07-14 14:24:13 - [TEST_STEP][PASSED] - setText(findTestObject("Page_SKT ERP  ERP/Tab Sales/Release Sales Order/Filters by No SO"), noSalesOrder): Text 'kjdbj' is set on object 'Object Repository/Page_SKT ERP  ERP/Tab Sales/Release Sales Order/Filters by No SO'

2022-07-14 14:24:13 - [MESSAGE][PASSED] - Text 'kjdbj' is set on object 'Object Repository/Page_SKT ERP  ERP/Tab Sales/Release Sales Order/Filters by No SO'

2022-07-14 14:24:13 - [TEST_STEP][PASSED] - click(findTestObject("Page_SKT ERP  ERP/Tab Sales/Release Sales Order/button Search in Filters")): Object: 'Object Repository/Page_SKT ERP  ERP/Tab Sales/Release Sales Order/button Search in Filters' is clicked on

2022-07-14 14:24:14 - [MESSAGE][PASSED] - Object: 'Object Repository/Page_SKT ERP  ERP/Tab Sales/Release Sales Order/button Search in Filters' is clicked on

2022-07-14 14:24:14 - [TEST_STEP][PASSED] - scrollToElement(findTestObject("Page_SKT ERP  ERP/Tab Sales/Release Sales Order/button Search in Filters"), 30): Scroll to object 'Object Repository/Page_SKT ERP  ERP/Tab Sales/Release Sales Order/button Search in Filters' successfully

2022-07-14 14:24:15 - [MESSAGE][PASSED] - Scroll to object 'Object Repository/Page_SKT ERP  ERP/Tab Sales/Release Sales Order/button Search in Filters' successfully

2022-07-14 14:24:15 - [TEST_STEP][PASSED] - delay(3): Delayed 3 second(s)

2022-07-14 14:24:18 - [MESSAGE][PASSED] - Delayed 3 second(s)

2022-07-14 14:24:18 - [TEST_STEP][PASSED] - Table = driver.findElement(By.xpath("/html[1]/body[1]/div[1]/div[1]/main[1]/section[1]/div[1]/div[2]/div[2]/div[2]/div[1]/div[1]/div[1]/div[1]/div[1]/div[2]/table[1]/tbody[1]")): null

2022-07-14 14:24:19 - [TEST_STEP][PASSED] - rows_table = Table.findElements(By.tagName("tr")): null

2022-07-14 14:24:19 - [TEST_STEP][PASSED] - rows_count = rows_table.size(): null

2022-07-14 14:24:19 - [TEST_STEP][PASSED] - isiTable = <not implemented yet for class: org.codehaus.groovy.ast.expr.EmptyExpression>: null

2022-07-14 14:24:19 - [TEST_STEP][PASSED] - outkrts = <not implemented yet for class: org.codehaus.groovy.ast.expr.EmptyExpression>: null

2022-07-14 14:24:19 - [TEST_STEP][PASSED] - corr = <not implemented yet for class: org.codehaus.groovy.ast.expr.EmptyExpression>: null

2022-07-14 14:24:19 - [TEST_STEP][PASSED] - beratbox = <not implemented yet for class: org.codehaus.groovy.ast.expr.EmptyExpression>: null

2022-07-14 14:24:19 - [TEST_STEP][PASSED] - beratorder = <not implemented yet for class: org.codehaus.groovy.ast.expr.EmptyExpression>: null

2022-07-14 14:24:19 - [TEST_STEP][PASSED] - berattrim = <not implemented yet for class: org.codehaus.groovy.ast.expr.EmptyExpression>: null

2022-07-14 14:24:19 - [TEST_STEP][PASSED] - BeratSubstance1 = <not implemented yet for class: org.codehaus.groovy.ast.expr.EmptyExpression>: null

2022-07-14 14:24:19 - [TEST_STEP][PASSED] - BeratSubstance2 = <not implemented yet for class: org.codehaus.groovy.ast.expr.EmptyExpression>: null

2022-07-14 14:24:19 - [TEST_STEP][PASSED] - BeratSubstance3 = <not implemented yet for class: org.codehaus.groovy.ast.expr.EmptyExpression>: null

2022-07-14 14:24:19 - [TEST_STEP][PASSED] - BeratSubstance4 = <not implemented yet for class: org.codehaus.groovy.ast.expr.EmptyExpression>: null

2022-07-14 14:24:19 - [TEST_STEP][PASSED] - BeratSubstance5 = <not implemented yet for class: org.codehaus.groovy.ast.expr.EmptyExpression>: null

2022-07-14 14:24:19 - [TEST_STEP][PASSED] - noSPKperItem = new java.util.ArrayList(): null

2022-07-14 14:24:19 - [TEST_STEP][PASSED] - for ([row = 0, row < rows_count, (row++)]): null

2022-07-14 14:24:19 - [TEST_STEP][PASSED] - Columns_row = get(row).findElements(By.tagName("td")): null

2022-07-14 14:24:19 - [TEST_STEP][PASSED] - column_no_spk_item = 4: null

2022-07-14 14:24:19 - [TEST_STEP][PASSED] - isiTable = get(column_no_spk_item).getText(): null

2022-07-14 14:24:19 - [TEST_STEP][PASSED] - comment(isiTable): 2207.0152.SPK

2022-07-14 14:24:19 - [MESSAGE][INFO] - 2207.0152.SPK

2022-07-14 14:24:19 - [TEST_STEP][PASSED] - noSPKperItem.add(isiTable): null

2022-07-14 14:24:19 - [TEST_STEP][PASSED] - Columns_row = get(row).findElements(By.tagName("td")): null

2022-07-14 14:24:20 - [TEST_STEP][PASSED] - column_no_spk_item = 4: null

2022-07-14 14:24:20 - [TEST_STEP][PASSED] - isiTable = get(column_no_spk_item).getText(): null

2022-07-14 14:24:20 - [TEST_STEP][PASSED] - comment(isiTable): 2207.0151.SPK

2022-07-14 14:24:20 - [MESSAGE][INFO] - 2207.0151.SPK

2022-07-14 14:24:20 - [TEST_STEP][PASSED] - noSPKperItem.add(isiTable): null

2022-07-14 14:24:20 - [TEST_STEP][PASSED] - Columns_row = get(row).findElements(By.tagName("td")): null

2022-07-14 14:24:20 - [TEST_STEP][PASSED] - column_no_spk_item = 4: null

2022-07-14 14:24:20 - [TEST_STEP][PASSED] - isiTable = get(column_no_spk_item).getText(): null

2022-07-14 14:24:20 - [TEST_STEP][PASSED] - comment(isiTable): 2207.0153.SPK

2022-07-14 14:24:20 - [MESSAGE][INFO] - 2207.0153.SPK

2022-07-14 14:24:20 - [TEST_STEP][PASSED] - noSPKperItem.add(isiTable): null

2022-07-14 14:24:20 - [TEST_STEP][PASSED] - allValues = new java.util.ArrayList(): null

2022-07-14 14:24:20 - [TEST_STEP][PASSED] - array_count = noSPKperItem.size(): null

2022-07-14 14:24:20 - [TEST_STEP][PASSED] - for ([arr = 0, arr < array_count, (arr++)]): null

2022-07-14 14:24:20 - [TEST_STEP][PASSED] - out = noSPKperItem[arr]: null

2022-07-14 14:24:20 - [TEST_STEP][PASSED] - click(findTestObject("Page_SKT ERP  ERP/Tab Production/Tab Production")): Object: 'Object Repository/Page_SKT ERP  ERP/Tab Production/Tab Production' is clicked on

2022-07-14 14:24:20 - [MESSAGE][PASSED] - Object: 'Object Repository/Page_SKT ERP  ERP/Tab Production/Tab Production' is clicked on

2022-07-14 14:24:20 - [TEST_STEP][PASSED] - click(findTestObject("Page_SKT ERP  ERP/Tab Production/Work Order (SPK)/Tab Work Order (SPK)")): Object: 'Object Repository/Page_SKT ERP  ERP/Tab Production/Work Order (SPK)/Tab Work Order (SPK)' is clicked on

2022-07-14 14:24:21 - [MESSAGE][PASSED] - Object: 'Object Repository/Page_SKT ERP  ERP/Tab Production/Work Order (SPK)/Tab Work Order (SPK)' is clicked on

2022-07-14 14:24:21 - [TEST_STEP][PASSED] - click(findTestObject("Page_SKT ERP  ERP/Tab Production/Work Order (SPK)/button Filters")): Object: 'Object Repository/Page_SKT ERP  ERP/Tab Production/Work Order (SPK)/button Filters' is clicked on

2022-07-14 14:24:27 - [MESSAGE][PASSED] - Object: 'Object Repository/Page_SKT ERP  ERP/Tab Production/Work Order (SPK)/button Filters' is clicked on

2022-07-14 14:24:27 - [TEST_STEP][PASSED] - click(findTestObject("Page_SKT ERP  ERP/Tab Production/Work Order (SPK)/Filters by No SPK (per item)")): Object: 'Object Repository/Page_SKT ERP  ERP/Tab Production/Work Order (SPK)/Filters by No SPK (per item)' is clicked on

2022-07-14 14:24:27 - [MESSAGE][PASSED] - Object: 'Object Repository/Page_SKT ERP  ERP/Tab Production/Work Order (SPK)/Filters by No SPK (per item)' is clicked on

2022-07-14 14:24:27 - [TEST_STEP][PASSED] - setText(findTestObject("Page_SKT ERP  ERP/Tab Production/Work Order (SPK)/Filters by No SPK (per item)"), out): Text '2207.0152.SPK' is set on object 'Object Repository/Page_SKT ERP  ERP/Tab Production/Work Order (SPK)/Filters by No SPK (per item)'

2022-07-14 14:24:28 - [MESSAGE][PASSED] - Text '2207.0152.SPK' is set on object 'Object Repository/Page_SKT ERP  ERP/Tab Production/Work Order (SPK)/Filters by No SPK (per item)'

2022-07-14 14:24:28 - [TEST_STEP][PASSED] - click(findTestObject("Page_SKT ERP  ERP/Tab Production/Work Order (SPK)/button Search in Filters")): Object: 'Object Repository/Page_SKT ERP  ERP/Tab Production/Work Order (SPK)/button Search in Filters' is clicked on

2022-07-14 14:24:29 - [MESSAGE][PASSED] - Object: 'Object Repository/Page_SKT ERP  ERP/Tab Production/Work Order (SPK)/button Search in Filters' is clicked on

2022-07-14 14:24:29 - [TEST_STEP][PASSED] - click(findTestObject("Page_SKT ERP  ERP/Tab Production/Work Order (SPK)/View Work Order")): Object: 'Object Repository/Page_SKT ERP  ERP/Tab Production/Work Order (SPK)/View Work Order' is clicked on

2022-07-14 14:24:31 - [MESSAGE][PASSED] - Object: 'Object Repository/Page_SKT ERP  ERP/Tab Production/Work Order (SPK)/View Work Order' is clicked on

2022-07-14 14:24:31 - [TEST_STEP][PASSED] - delay(5): Delayed 5 second(s)

2022-07-14 14:24:36 - [MESSAGE][PASSED] - Delayed 5 second(s)

2022-07-14 14:24:36 - [TEST_STEP][PASSED] - noSPK = getAttribute(findTestObject("Page_SKT ERP  ERP/Tab Production/Work Order (SPK)/No SPK Set coloumn (in view page)"), "value"): Attribute 'value' of object 'Object Repository/Page_SKT ERP  ERP/Tab Production/Work Order (SPK)/No SPK Set coloumn (in view page)' is: '22013673'

2022-07-14 14:24:36 - [MESSAGE][PASSED] - Attribute 'value' of object 'Object Repository/Page_SKT ERP  ERP/Tab Production/Work Order (SPK)/No SPK Set coloumn (in view page)' is: '22013673'

2022-07-14 14:24:36 - [TEST_STEP][PASSED] - noSPKSetBoxPartisi = noSPK: null

2022-07-14 14:24:37 - [TEST_STEP][PASSED] - outkrts = getAttribute(findTestObject("Page_SKT ERP  ERP/Tab Production/Work Order (SPK)/Work order Values (box)/Out Kertas Values"), "value"): Attribute 'value' of object 'Object Repository/Page_SKT ERP  ERP/Tab Production/Work Order (SPK)/Work order Values (box)/Out Kertas Values' is: '3'

2022-07-14 14:24:37 - [MESSAGE][PASSED] - Attribute 'value' of object 'Object Repository/Page_SKT ERP  ERP/Tab Production/Work Order (SPK)/Work order Values (box)/Out Kertas Values' is: '3'

2022-07-14 14:24:37 - [TEST_STEP][PASSED] - comment(outkrts): 3

2022-07-14 14:24:37 - [MESSAGE][INFO] - 3

2022-07-14 14:24:37 - [TEST_STEP][PASSED] - corr = getAttribute(findTestObject("Page_SKT ERP  ERP/Tab Production/Work Order (SPK)/Work order Values (box)/Corr Values"), "value"): Attribute 'value' of object 'Object Repository/Page_SKT ERP  ERP/Tab Production/Work Order (SPK)/Work order Values (box)/Corr Values' is: '33'

2022-07-14 14:24:37 - [MESSAGE][PASSED] - Attribute 'value' of object 'Object Repository/Page_SKT ERP  ERP/Tab Production/Work Order (SPK)/Work order Values (box)/Corr Values' is: '33'

2022-07-14 14:24:37 - [TEST_STEP][PASSED] - comment(corr): 33

2022-07-14 14:24:37 - [MESSAGE][INFO] - 33

2022-07-14 14:24:37 - [TEST_STEP][PASSED] - beratbox = getAttribute(findTestObject("Page_SKT ERP  ERP/Tab Production/Work Order (SPK)/Work order Values (box)/Berat at Box (gram)"), "value"): Attribute 'value' of object 'Object Repository/Page_SKT ERP  ERP/Tab Production/Work Order (SPK)/Work order Values (box)/Berat at Box (gram)' is: '344.72'

2022-07-14 14:24:38 - [MESSAGE][PASSED] - Attribute 'value' of object 'Object Repository/Page_SKT ERP  ERP/Tab Production/Work Order (SPK)/Work order Values (box)/Berat at Box (gram)' is: '344.72'

2022-07-14 14:24:38 - [TEST_STEP][PASSED] - comment(beratbox): 344.72

2022-07-14 14:24:38 - [MESSAGE][INFO] - 344.72

2022-07-14 14:24:38 - [TEST_STEP][PASSED] - beratorder = getAttribute(findTestObject("Page_SKT ERP  ERP/Tab Production/Work Order (SPK)/Work order Values (box)/Berat Order (Kg)"), "value"): Attribute 'value' of object 'Object Repository/Page_SKT ERP  ERP/Tab Production/Work Order (SPK)/Work order Values (box)/Berat Order (Kg)' is: '34.48'

2022-07-14 14:24:38 - [MESSAGE][PASSED] - Attribute 'value' of object 'Object Repository/Page_SKT ERP  ERP/Tab Production/Work Order (SPK)/Work order Values (box)/Berat Order (Kg)' is: '34.48'

2022-07-14 14:24:38 - [TEST_STEP][PASSED] - comment(beratorder): 34.48

2022-07-14 14:24:38 - [MESSAGE][INFO] - 34.48

2022-07-14 14:24:38 - [TEST_STEP][PASSED] - berattrim = getAttribute(findTestObject("Page_SKT ERP  ERP/Tab Production/Work Order (SPK)/Work order Values (box)/Berat Trim (Kg)"), "value"): Attribute 'value' of object 'Object Repository/Page_SKT ERP  ERP/Tab Production/Work Order (SPK)/Work order Values (box)/Berat Trim (Kg)' is: '0.96822'

2022-07-14 14:24:39 - [MESSAGE][PASSED] - Attribute 'value' of object 'Object Repository/Page_SKT ERP  ERP/Tab Production/Work Order (SPK)/Work order Values (box)/Berat Trim (Kg)' is: '0.96822'

2022-07-14 14:24:39 - [TEST_STEP][PASSED] - comment(berattrim): 0.96822

2022-07-14 14:24:39 - [MESSAGE][INFO] - 0.96822

2022-07-14 14:24:39 - [TEST_STEP][PASSED] - BeratSubstance1 = getAttribute(findTestObject("Page_SKT ERP  ERP/Tab Production/Work Order (SPK)/Work order Values (box)/Berat Substance 1"), "value"): Attribute 'value' of object 'Object Repository/Page_SKT ERP  ERP/Tab Production/Work Order (SPK)/Work order Values (box)/Berat Substance 1' is: '11.02'

2022-07-14 14:24:39 - [MESSAGE][PASSED] - Attribute 'value' of object 'Object Repository/Page_SKT ERP  ERP/Tab Production/Work Order (SPK)/Work order Values (box)/Berat Substance 1' is: '11.02'

2022-07-14 14:24:39 - [TEST_STEP][PASSED] - comment(BeratSubstance1): 11.02

2022-07-14 14:24:39 - [MESSAGE][INFO] - 11.02

2022-07-14 14:24:39 - [TEST_STEP][PASSED] - BeratSubstance2 = getAttribute(findTestObject("Page_SKT ERP  ERP/Tab Production/Work Order (SPK)/Work order Values (box)/Berat Substance 2"), "value"): Attribute 'value' of object 'Object Repository/Page_SKT ERP  ERP/Tab Production/Work Order (SPK)/Work order Values (box)/Berat Substance 2' is: '0'

2022-07-14 14:24:39 - [MESSAGE][PASSED] - Attribute 'value' of object 'Object Repository/Page_SKT ERP  ERP/Tab Production/Work Order (SPK)/Work order Values (box)/Berat Substance 2' is: '0'

2022-07-14 14:24:39 - [TEST_STEP][PASSED] - comment(BeratSubstance2): 0

2022-07-14 14:24:39 - [MESSAGE][INFO] - 0

2022-07-14 14:24:39 - [TEST_STEP][PASSED] - BeratSubstance3 = getAttribute(findTestObject("Page_SKT ERP  ERP/Tab Production/Work Order (SPK)/Work order Values (box)/Berat Substance 3"), "value"): Attribute 'value' of object 'Object Repository/Page_SKT ERP  ERP/Tab Production/Work Order (SPK)/Work order Values (box)/Berat Substance 3' is: '0'

2022-07-14 14:24:40 - [MESSAGE][PASSED] - Attribute 'value' of object 'Object Repository/Page_SKT ERP  ERP/Tab Production/Work Order (SPK)/Work order Values (box)/Berat Substance 3' is: '0'

2022-07-14 14:24:40 - [TEST_STEP][PASSED] - comment(BeratSubstance3): 0

2022-07-14 14:24:40 - [MESSAGE][INFO] - 0

2022-07-14 14:24:40 - [TEST_STEP][PASSED] - BeratSubstance4 = getAttribute(findTestObject("Page_SKT ERP  ERP/Tab Production/Work Order (SPK)/Work order Values (box)/Berat Substance 4"), "value"): Attribute 'value' of object 'Object Repository/Page_SKT ERP  ERP/Tab Production/Work Order (SPK)/Work order Values (box)/Berat Substance 4' is: '13.05'

2022-07-14 14:24:40 - [MESSAGE][PASSED] - Attribute 'value' of object 'Object Repository/Page_SKT ERP  ERP/Tab Production/Work Order (SPK)/Work order Values (box)/Berat Substance 4' is: '13.05'

2022-07-14 14:24:40 - [TEST_STEP][PASSED] - comment(BeratSubstance4): 13.05

2022-07-14 14:24:40 - [MESSAGE][INFO] - 13.05

2022-07-14 14:24:40 - [TEST_STEP][PASSED] - BeratSubstance5 = getAttribute(findTestObject("Page_SKT ERP  ERP/Tab Production/Work Order (SPK)/Work order Values (box)/Berat Substance 5"), "value"): Attribute 'value' of object 'Object Repository/Page_SKT ERP  ERP/Tab Production/Work Order (SPK)/Work order Values (box)/Berat Substance 5' is: '11.02'

2022-07-14 14:24:41 - [MESSAGE][PASSED] - Attribute 'value' of object 'Object Repository/Page_SKT ERP  ERP/Tab Production/Work Order (SPK)/Work order Values (box)/Berat Substance 5' is: '11.02'

2022-07-14 14:24:41 - [TEST_STEP][PASSED] - comment(BeratSubstance5): 11.02

2022-07-14 14:24:41 - [MESSAGE][INFO] - 11.02

2022-07-14 14:24:41 - [TEST_STEP][PASSED] - click(findTestObject("Page_SKT ERP  ERP/Tab Production/Work Order (SPK)/button back (from view work order)")): Object: 'Object Repository/Page_SKT ERP  ERP/Tab Production/Work Order (SPK)/button back (from view work order)' is clicked on

2022-07-14 14:24:41 - [MESSAGE][PASSED] - Object: 'Object Repository/Page_SKT ERP  ERP/Tab Production/Work Order (SPK)/button back (from view work order)' is clicked on

2022-07-14 14:24:41 - [TEST_STEP][PASSED] - allValues.add(outkrts): null

2022-07-14 14:24:41 - [TEST_STEP][PASSED] - allValues.add(corr): null

2022-07-14 14:24:41 - [TEST_STEP][PASSED] - allValues.add(beratbox): null

2022-07-14 14:24:41 - [TEST_STEP][PASSED] - allValues.add(beratorder): null

2022-07-14 14:24:41 - [TEST_STEP][PASSED] - allValues.add(berattrim): null

2022-07-14 14:24:41 - [TEST_STEP][PASSED] - allValues.add(BeratSubstance1): null

2022-07-14 14:24:41 - [TEST_STEP][PASSED] - allValues.add(BeratSubstance2): null

2022-07-14 14:24:41 - [TEST_STEP][PASSED] - allValues.add(BeratSubstance3): null

2022-07-14 14:24:41 - [TEST_STEP][PASSED] - allValues.add(BeratSubstance4): null

2022-07-14 14:24:41 - [TEST_STEP][PASSED] - allValues.add(BeratSubstance5): null

2022-07-14 14:24:41 - [TEST_STEP][PASSED] - out = noSPKperItem[arr]: null

2022-07-14 14:24:41 - [TEST_STEP][PASSED] - click(findTestObject("Page_SKT ERP  ERP/Tab Production/Tab Production")): Object: 'Object Repository/Page_SKT ERP  ERP/Tab Production/Tab Production' is clicked on

2022-07-14 14:24:44 - [MESSAGE][PASSED] - Object: 'Object Repository/Page_SKT ERP  ERP/Tab Production/Tab Production' is clicked on

2022-07-14 14:24:44 - [TEST_STEP][PASSED] - click(findTestObject("Page_SKT ERP  ERP/Tab Production/Work Order (SPK)/Tab Work Order (SPK)")): Object: 'Object Repository/Page_SKT ERP  ERP/Tab Production/Work Order (SPK)/Tab Work Order (SPK)' is clicked on

2022-07-14 14:24:45 - [MESSAGE][PASSED] - Object: 'Object Repository/Page_SKT ERP  ERP/Tab Production/Work Order (SPK)/Tab Work Order (SPK)' is clicked on

2022-07-14 14:24:45 - [TEST_STEP][PASSED] - click(findTestObject("Page_SKT ERP  ERP/Tab Production/Work Order (SPK)/button Filters")): Object: 'Object Repository/Page_SKT ERP  ERP/Tab Production/Work Order (SPK)/button Filters' is clicked on

2022-07-14 14:24:46 - [MESSAGE][PASSED] - Object: 'Object Repository/Page_SKT ERP  ERP/Tab Production/Work Order (SPK)/button Filters' is clicked on

2022-07-14 14:24:46 - [TEST_STEP][PASSED] - click(findTestObject("Page_SKT ERP  ERP/Tab Production/Work Order (SPK)/Filters by No SPK (per item)")): Object: 'Object Repository/Page_SKT ERP  ERP/Tab Production/Work Order (SPK)/Filters by No SPK (per item)' is clicked on

2022-07-14 14:24:46 - [MESSAGE][PASSED] - Object: 'Object Repository/Page_SKT ERP  ERP/Tab Production/Work Order (SPK)/Filters by No SPK (per item)' is clicked on

2022-07-14 14:24:46 - [TEST_STEP][PASSED] - setText(findTestObject("Page_SKT ERP  ERP/Tab Production/Work Order (SPK)/Filters by No SPK (per item)"), out): Text '2207.0151.SPK' is set on object 'Object Repository/Page_SKT ERP  ERP/Tab Production/Work Order (SPK)/Filters by No SPK (per item)'

2022-07-14 14:24:47 - [MESSAGE][PASSED] - Text '2207.0151.SPK' is set on object 'Object Repository/Page_SKT ERP  ERP/Tab Production/Work Order (SPK)/Filters by No SPK (per item)'

2022-07-14 14:24:47 - [TEST_STEP][PASSED] - click(findTestObject("Page_SKT ERP  ERP/Tab Production/Work Order (SPK)/button Search in Filters")): Object: 'Object Repository/Page_SKT ERP  ERP/Tab Production/Work Order (SPK)/button Search in Filters' is clicked on

2022-07-14 14:24:48 - [MESSAGE][PASSED] - Object: 'Object Repository/Page_SKT ERP  ERP/Tab Production/Work Order (SPK)/button Search in Filters' is clicked on

2022-07-14 14:24:48 - [TEST_STEP][PASSED] - click(findTestObject("Page_SKT ERP  ERP/Tab Production/Work Order (SPK)/View Work Order")): Object: 'Object Repository/Page_SKT ERP  ERP/Tab Production/Work Order (SPK)/View Work Order' is clicked on

2022-07-14 14:24:50 - [MESSAGE][PASSED] - Object: 'Object Repository/Page_SKT ERP  ERP/Tab Production/Work Order (SPK)/View Work Order' is clicked on

2022-07-14 14:24:50 - [TEST_STEP][PASSED] - delay(5): Delayed 5 second(s)

2022-07-14 14:24:55 - [MESSAGE][PASSED] - Delayed 5 second(s)

2022-07-14 14:24:55 - [TEST_STEP][PASSED] - noSPK = getAttribute(findTestObject("Page_SKT ERP  ERP/Tab Production/Work Order (SPK)/No SPK Set coloumn (in view page)"), "value"): Attribute 'value' of object 'Object Repository/Page_SKT ERP  ERP/Tab Production/Work Order (SPK)/No SPK Set coloumn (in view page)' is: '22013673'

2022-07-14 14:24:55 - [MESSAGE][PASSED] - Attribute 'value' of object 'Object Repository/Page_SKT ERP  ERP/Tab Production/Work Order (SPK)/No SPK Set coloumn (in view page)' is: '22013673'

2022-07-14 14:24:55 - [TEST_STEP][PASSED] - noSPKSetBoxPartisi = noSPK: null

2022-07-14 14:24:55 - [TEST_STEP][PASSED] - outkrts = getAttribute(findTestObject("Page_SKT ERP  ERP/Tab Production/Work Order (SPK)/Work order Values (box)/Out Kertas Values"), "value"): Attribute 'value' of object 'Object Repository/Page_SKT ERP  ERP/Tab Production/Work Order (SPK)/Work order Values (box)/Out Kertas Values' is: '5'

2022-07-14 14:24:55 - [MESSAGE][PASSED] - Attribute 'value' of object 'Object Repository/Page_SKT ERP  ERP/Tab Production/Work Order (SPK)/Work order Values (box)/Out Kertas Values' is: '5'

2022-07-14 14:24:55 - [TEST_STEP][PASSED] - comment(outkrts): 5

2022-07-14 14:24:55 - [MESSAGE][INFO] - 5

2022-07-14 14:24:55 - [TEST_STEP][PASSED] - corr = getAttribute(findTestObject("Page_SKT ERP  ERP/Tab Production/Work Order (SPK)/Work order Values (box)/Corr Values"), "value"): Attribute 'value' of object 'Object Repository/Page_SKT ERP  ERP/Tab Production/Work Order (SPK)/Work order Values (box)/Corr Values' is: '20'

2022-07-14 14:24:56 - [MESSAGE][PASSED] - Attribute 'value' of object 'Object Repository/Page_SKT ERP  ERP/Tab Production/Work Order (SPK)/Work order Values (box)/Corr Values' is: '20'

2022-07-14 14:24:56 - [TEST_STEP][PASSED] - comment(corr): 20

2022-07-14 14:24:56 - [MESSAGE][INFO] - 20

2022-07-14 14:24:56 - [TEST_STEP][PASSED] - beratbox = getAttribute(findTestObject("Page_SKT ERP  ERP/Tab Production/Work Order (SPK)/Work order Values (box)/Berat at Box (gram)"), "value"): Attribute 'value' of object 'Object Repository/Page_SKT ERP  ERP/Tab Production/Work Order (SPK)/Work order Values (box)/Berat at Box (gram)' is: '54.65'

2022-07-14 14:24:56 - [MESSAGE][PASSED] - Attribute 'value' of object 'Object Repository/Page_SKT ERP  ERP/Tab Production/Work Order (SPK)/Work order Values (box)/Berat at Box (gram)' is: '54.65'

2022-07-14 14:24:56 - [TEST_STEP][PASSED] - comment(beratbox): 54.65

2022-07-14 14:24:56 - [MESSAGE][INFO] - 54.65

2022-07-14 14:24:56 - [TEST_STEP][PASSED] - beratorder = getAttribute(findTestObject("Page_SKT ERP  ERP/Tab Production/Work Order (SPK)/Work order Values (box)/Berat Order (Kg)"), "value"): Attribute 'value' of object 'Object Repository/Page_SKT ERP  ERP/Tab Production/Work Order (SPK)/Work order Values (box)/Berat Order (Kg)' is: '5.47'

2022-07-14 14:24:57 - [MESSAGE][PASSED] - Attribute 'value' of object 'Object Repository/Page_SKT ERP  ERP/Tab Production/Work Order (SPK)/Work order Values (box)/Berat Order (Kg)' is: '5.47'

2022-07-14 14:24:57 - [TEST_STEP][PASSED] - comment(beratorder): 5.47

2022-07-14 14:24:57 - [MESSAGE][INFO] - 5.47

2022-07-14 14:24:57 - [TEST_STEP][PASSED] - berattrim = getAttribute(findTestObject("Page_SKT ERP  ERP/Tab Production/Work Order (SPK)/Work order Values (box)/Berat Trim (Kg)"), "value"): Attribute 'value' of object 'Object Repository/Page_SKT ERP  ERP/Tab Production/Work Order (SPK)/Work order Values (box)/Berat Trim (Kg)' is: '0.1'

2022-07-14 14:24:57 - [MESSAGE][PASSED] - Attribute 'value' of object 'Object Repository/Page_SKT ERP  ERP/Tab Production/Work Order (SPK)/Work order Values (box)/Berat Trim (Kg)' is: '0.1'

2022-07-14 14:24:57 - [TEST_STEP][PASSED] - comment(berattrim): 0.1

2022-07-14 14:24:57 - [MESSAGE][INFO] - 0.1

2022-07-14 14:24:57 - [TEST_STEP][PASSED] - BeratSubstance1 = getAttribute(findTestObject("Page_SKT ERP  ERP/Tab Production/Work Order (SPK)/Work order Values (box)/Berat Substance 1"), "value"): Attribute 'value' of object 'Object Repository/Page_SKT ERP  ERP/Tab Production/Work Order (SPK)/Work order Values (box)/Berat Substance 1' is: '1.67'

2022-07-14 14:24:58 - [MESSAGE][PASSED] - Attribute 'value' of object 'Object Repository/Page_SKT ERP  ERP/Tab Production/Work Order (SPK)/Work order Values (box)/Berat Substance 1' is: '1.67'

2022-07-14 14:24:58 - [TEST_STEP][PASSED] - comment(BeratSubstance1): 1.67

2022-07-14 14:24:58 - [MESSAGE][INFO] - 1.67

2022-07-14 14:24:58 - [TEST_STEP][PASSED] - BeratSubstance2 = getAttribute(findTestObject("Page_SKT ERP  ERP/Tab Production/Work Order (SPK)/Work order Values (box)/Berat Substance 2"), "value"): Attribute 'value' of object 'Object Repository/Page_SKT ERP  ERP/Tab Production/Work Order (SPK)/Work order Values (box)/Berat Substance 2' is: '2.22'

2022-07-14 14:24:58 - [MESSAGE][PASSED] - Attribute 'value' of object 'Object Repository/Page_SKT ERP  ERP/Tab Production/Work Order (SPK)/Work order Values (box)/Berat Substance 2' is: '2.22'

2022-07-14 14:24:58 - [TEST_STEP][PASSED] - comment(BeratSubstance2): 2.22

2022-07-14 14:24:58 - [MESSAGE][INFO] - 2.22

2022-07-14 14:24:58 - [TEST_STEP][PASSED] - BeratSubstance3 = getAttribute(findTestObject("Page_SKT ERP  ERP/Tab Production/Work Order (SPK)/Work order Values (box)/Berat Substance 3"), "value"): Attribute 'value' of object 'Object Repository/Page_SKT ERP  ERP/Tab Production/Work Order (SPK)/Work order Values (box)/Berat Substance 3' is: '1.67'

2022-07-14 14:24:58 - [MESSAGE][PASSED] - Attribute 'value' of object 'Object Repository/Page_SKT ERP  ERP/Tab Production/Work Order (SPK)/Work order Values (box)/Berat Substance 3' is: '1.67'

2022-07-14 14:24:58 - [TEST_STEP][PASSED] - comment(BeratSubstance3): 1.67

2022-07-14 14:24:58 - [MESSAGE][INFO] - 1.67

2022-07-14 14:24:58 - [TEST_STEP][PASSED] - BeratSubstance4 = getAttribute(findTestObject("Page_SKT ERP  ERP/Tab Production/Work Order (SPK)/Work order Values (box)/Berat Substance 4"), "value"): Attribute 'value' of object 'Object Repository/Page_SKT ERP  ERP/Tab Production/Work Order (SPK)/Work order Values (box)/Berat Substance 4' is: '0'

2022-07-14 14:24:59 - [MESSAGE][PASSED] - Attribute 'value' of object 'Object Repository/Page_SKT ERP  ERP/Tab Production/Work Order (SPK)/Work order Values (box)/Berat Substance 4' is: '0'

2022-07-14 14:24:59 - [TEST_STEP][PASSED] - comment(BeratSubstance4): 0

2022-07-14 14:24:59 - [MESSAGE][INFO] - 0

2022-07-14 14:24:59 - [TEST_STEP][PASSED] - BeratSubstance5 = getAttribute(findTestObject("Page_SKT ERP  ERP/Tab Production/Work Order (SPK)/Work order Values (box)/Berat Substance 5"), "value"): Attribute 'value' of object 'Object Repository/Page_SKT ERP  ERP/Tab Production/Work Order (SPK)/Work order Values (box)/Berat Substance 5' is: '0'

2022-07-14 14:24:59 - [MESSAGE][PASSED] - Attribute 'value' of object 'Object Repository/Page_SKT ERP  ERP/Tab Production/Work Order (SPK)/Work order Values (box)/Berat Substance 5' is: '0'

2022-07-14 14:24:59 - [TEST_STEP][PASSED] - comment(BeratSubstance5): 0

2022-07-14 14:24:59 - [MESSAGE][INFO] - 0

2022-07-14 14:24:59 - [TEST_STEP][PASSED] - click(findTestObject("Page_SKT ERP  ERP/Tab Production/Work Order (SPK)/button back (from view work order)")): Object: 'Object Repository/Page_SKT ERP  ERP/Tab Production/Work Order (SPK)/button back (from view work order)' is clicked on

2022-07-14 14:25:00 - [MESSAGE][PASSED] - Object: 'Object Repository/Page_SKT ERP  ERP/Tab Production/Work Order (SPK)/button back (from view work order)' is clicked on

2022-07-14 14:25:00 - [TEST_STEP][PASSED] - allValues.add(outkrts): null

2022-07-14 14:25:00 - [TEST_STEP][PASSED] - allValues.add(corr): null

2022-07-14 14:25:00 - [TEST_STEP][PASSED] - allValues.add(beratbox): null

2022-07-14 14:25:00 - [TEST_STEP][PASSED] - allValues.add(beratorder): null

2022-07-14 14:25:00 - [TEST_STEP][PASSED] - allValues.add(berattrim): null

2022-07-14 14:25:00 - [TEST_STEP][PASSED] - allValues.add(BeratSubstance1): null

2022-07-14 14:25:00 - [TEST_STEP][PASSED] - allValues.add(BeratSubstance2): null

2022-07-14 14:25:00 - [TEST_STEP][PASSED] - allValues.add(BeratSubstance3): null

2022-07-14 14:25:00 - [TEST_STEP][PASSED] - allValues.add(BeratSubstance4): null

2022-07-14 14:25:00 - [TEST_STEP][PASSED] - allValues.add(BeratSubstance5): null

2022-07-14 14:25:00 - [TEST_STEP][PASSED] - out = noSPKperItem[arr]: null

2022-07-14 14:25:00 - [TEST_STEP][PASSED] - click(findTestObject("Page_SKT ERP  ERP/Tab Production/Tab Production")): Object: 'Object Repository/Page_SKT ERP  ERP/Tab Production/Tab Production' is clicked on

2022-07-14 14:25:02 - [MESSAGE][PASSED] - Object: 'Object Repository/Page_SKT ERP  ERP/Tab Production/Tab Production' is clicked on

2022-07-14 14:25:02 - [TEST_STEP][PASSED] - click(findTestObject("Page_SKT ERP  ERP/Tab Production/Work Order (SPK)/Tab Work Order (SPK)")): Object: 'Object Repository/Page_SKT ERP  ERP/Tab Production/Work Order (SPK)/Tab Work Order (SPK)' is clicked on

2022-07-14 14:25:03 - [MESSAGE][PASSED] - Object: 'Object Repository/Page_SKT ERP  ERP/Tab Production/Work Order (SPK)/Tab Work Order (SPK)' is clicked on

2022-07-14 14:25:03 - [TEST_STEP][PASSED] - click(findTestObject("Page_SKT ERP  ERP/Tab Production/Work Order (SPK)/button Filters")): Object: 'Object Repository/Page_SKT ERP  ERP/Tab Production/Work Order (SPK)/button Filters' is clicked on

2022-07-14 14:25:04 - [MESSAGE][PASSED] - Object: 'Object Repository/Page_SKT ERP  ERP/Tab Production/Work Order (SPK)/button Filters' is clicked on

2022-07-14 14:25:04 - [TEST_STEP][PASSED] - click(findTestObject("Page_SKT ERP  ERP/Tab Production/Work Order (SPK)/Filters by No SPK (per item)")): Object: 'Object Repository/Page_SKT ERP  ERP/Tab Production/Work Order (SPK)/Filters by No SPK (per item)' is clicked on

2022-07-14 14:25:05 - [MESSAGE][PASSED] - Object: 'Object Repository/Page_SKT ERP  ERP/Tab Production/Work Order (SPK)/Filters by No SPK (per item)' is clicked on

2022-07-14 14:25:05 - [TEST_STEP][PASSED] - setText(findTestObject("Page_SKT ERP  ERP/Tab Production/Work Order (SPK)/Filters by No SPK (per item)"), out): Text '2207.0153.SPK' is set on object 'Object Repository/Page_SKT ERP  ERP/Tab Production/Work Order (SPK)/Filters by No SPK (per item)'

2022-07-14 14:25:06 - [MESSAGE][PASSED] - Text '2207.0153.SPK' is set on object 'Object Repository/Page_SKT ERP  ERP/Tab Production/Work Order (SPK)/Filters by No SPK (per item)'

2022-07-14 14:25:06 - [TEST_STEP][PASSED] - click(findTestObject("Page_SKT ERP  ERP/Tab Production/Work Order (SPK)/button Search in Filters")): Object: 'Object Repository/Page_SKT ERP  ERP/Tab Production/Work Order (SPK)/button Search in Filters' is clicked on

2022-07-14 14:25:06 - [MESSAGE][PASSED] - Object: 'Object Repository/Page_SKT ERP  ERP/Tab Production/Work Order (SPK)/button Search in Filters' is clicked on

2022-07-14 14:25:06 - [TEST_STEP][PASSED] - click(findTestObject("Page_SKT ERP  ERP/Tab Production/Work Order (SPK)/View Work Order")): Object: 'Object Repository/Page_SKT ERP  ERP/Tab Production/Work Order (SPK)/View Work Order' is clicked on

2022-07-14 14:25:08 - [MESSAGE][PASSED] - Object: 'Object Repository/Page_SKT ERP  ERP/Tab Production/Work Order (SPK)/View Work Order' is clicked on

2022-07-14 14:25:08 - [TEST_STEP][PASSED] - delay(5): Delayed 5 second(s)

2022-07-14 14:25:13 - [MESSAGE][PASSED] - Delayed 5 second(s)

2022-07-14 14:25:13 - [TEST_STEP][PASSED] - noSPK = getAttribute(findTestObject("Page_SKT ERP  ERP/Tab Production/Work Order (SPK)/No SPK Set coloumn (in view page)"), "value"): Attribute 'value' of object 'Object Repository/Page_SKT ERP  ERP/Tab Production/Work Order (SPK)/No SPK Set coloumn (in view page)' is: '22013673'

2022-07-14 14:25:13 - [MESSAGE][PASSED] - Attribute 'value' of object 'Object Repository/Page_SKT ERP  ERP/Tab Production/Work Order (SPK)/No SPK Set coloumn (in view page)' is: '22013673'

2022-07-14 14:25:13 - [TEST_STEP][PASSED] - noSPKSetBoxPartisi = noSPK: null

2022-07-14 14:25:13 - [TEST_STEP][PASSED] - outkrts = getAttribute(findTestObject("Page_SKT ERP  ERP/Tab Production/Work Order (SPK)/Work order Values (box)/Out Kertas Values"), "value"): Attribute 'value' of object 'Object Repository/Page_SKT ERP  ERP/Tab Production/Work Order (SPK)/Work order Values (box)/Out Kertas Values' is: '5'

2022-07-14 14:25:14 - [MESSAGE][PASSED] - Attribute 'value' of object 'Object Repository/Page_SKT ERP  ERP/Tab Production/Work Order (SPK)/Work order Values (box)/Out Kertas Values' is: '5'

2022-07-14 14:25:14 - [TEST_STEP][PASSED] - comment(outkrts): 5

2022-07-14 14:25:14 - [MESSAGE][INFO] - 5

2022-07-14 14:25:14 - [TEST_STEP][PASSED] - corr = getAttribute(findTestObject("Page_SKT ERP  ERP/Tab Production/Work Order (SPK)/Work order Values (box)/Corr Values"), "value"): Attribute 'value' of object 'Object Repository/Page_SKT ERP  ERP/Tab Production/Work Order (SPK)/Work order Values (box)/Corr Values' is: '20'

2022-07-14 14:25:14 - [MESSAGE][PASSED] - Attribute 'value' of object 'Object Repository/Page_SKT ERP  ERP/Tab Production/Work Order (SPK)/Work order Values (box)/Corr Values' is: '20'

2022-07-14 14:25:14 - [TEST_STEP][PASSED] - comment(corr): 20

2022-07-14 14:25:14 - [MESSAGE][INFO] - 20

2022-07-14 14:25:14 - [TEST_STEP][PASSED] - beratbox = getAttribute(findTestObject("Page_SKT ERP  ERP/Tab Production/Work Order (SPK)/Work order Values (box)/Berat at Box (gram)"), "value"): Attribute 'value' of object 'Object Repository/Page_SKT ERP  ERP/Tab Production/Work Order (SPK)/Work order Values (box)/Berat at Box (gram)' is: '18.43'

2022-07-14 14:25:14 - [MESSAGE][PASSED] - Attribute 'value' of object 'Object Repository/Page_SKT ERP  ERP/Tab Production/Work Order (SPK)/Work order Values (box)/Berat at Box (gram)' is: '18.43'

2022-07-14 14:25:14 - [TEST_STEP][PASSED] - comment(beratbox): 18.43

2022-07-14 14:25:14 - [MESSAGE][INFO] - 18.43

2022-07-14 14:25:14 - [TEST_STEP][PASSED] - beratorder = getAttribute(findTestObject("Page_SKT ERP  ERP/Tab Production/Work Order (SPK)/Work order Values (box)/Berat Order (Kg)"), "value"): Attribute 'value' of object 'Object Repository/Page_SKT ERP  ERP/Tab Production/Work Order (SPK)/Work order Values (box)/Berat Order (Kg)' is: '1.85'

2022-07-14 14:25:15 - [MESSAGE][PASSED] - Attribute 'value' of object 'Object Repository/Page_SKT ERP  ERP/Tab Production/Work Order (SPK)/Work order Values (box)/Berat Order (Kg)' is: '1.85'

2022-07-14 14:25:15 - [TEST_STEP][PASSED] - comment(beratorder): 1.85

2022-07-14 14:25:15 - [MESSAGE][INFO] - 1.85

2022-07-14 14:25:15 - [TEST_STEP][PASSED] - berattrim = getAttribute(findTestObject("Page_SKT ERP  ERP/Tab Production/Work Order (SPK)/Work order Values (box)/Berat Trim (Kg)"), "value"): Attribute 'value' of object 'Object Repository/Page_SKT ERP  ERP/Tab Production/Work Order (SPK)/Work order Values (box)/Berat Trim (Kg)' is: '0.04'

2022-07-14 14:25:15 - [MESSAGE][PASSED] - Attribute 'value' of object 'Object Repository/Page_SKT ERP  ERP/Tab Production/Work Order (SPK)/Work order Values (box)/Berat Trim (Kg)' is: '0.04'

2022-07-14 14:25:15 - [TEST_STEP][PASSED] - comment(berattrim): 0.04

2022-07-14 14:25:15 - [MESSAGE][INFO] - 0.04

2022-07-14 14:25:15 - [TEST_STEP][PASSED] - BeratSubstance1 = getAttribute(findTestObject("Page_SKT ERP  ERP/Tab Production/Work Order (SPK)/Work order Values (box)/Berat Substance 1"), "value"): Attribute 'value' of object 'Object Repository/Page_SKT ERP  ERP/Tab Production/Work Order (SPK)/Work order Values (box)/Berat Substance 1' is: '0.56'

2022-07-14 14:25:15 - [MESSAGE][PASSED] - Attribute 'value' of object 'Object Repository/Page_SKT ERP  ERP/Tab Production/Work Order (SPK)/Work order Values (box)/Berat Substance 1' is: '0.56'

2022-07-14 14:25:15 - [TEST_STEP][PASSED] - comment(BeratSubstance1): 0.56

2022-07-14 14:25:15 - [MESSAGE][INFO] - 0.56

2022-07-14 14:25:15 - [TEST_STEP][PASSED] - BeratSubstance2 = getAttribute(findTestObject("Page_SKT ERP  ERP/Tab Production/Work Order (SPK)/Work order Values (box)/Berat Substance 2"), "value"): Attribute 'value' of object 'Object Repository/Page_SKT ERP  ERP/Tab Production/Work Order (SPK)/Work order Values (box)/Berat Substance 2' is: '0.75'

2022-07-14 14:25:16 - [MESSAGE][PASSED] - Attribute 'value' of object 'Object Repository/Page_SKT ERP  ERP/Tab Production/Work Order (SPK)/Work order Values (box)/Berat Substance 2' is: '0.75'

2022-07-14 14:25:16 - [TEST_STEP][PASSED] - comment(BeratSubstance2): 0.75

2022-07-14 14:25:16 - [MESSAGE][INFO] - 0.75

2022-07-14 14:25:16 - [TEST_STEP][PASSED] - BeratSubstance3 = getAttribute(findTestObject("Page_SKT ERP  ERP/Tab Production/Work Order (SPK)/Work order Values (box)/Berat Substance 3"), "value"): Attribute 'value' of object 'Object Repository/Page_SKT ERP  ERP/Tab Production/Work Order (SPK)/Work order Values (box)/Berat Substance 3' is: '0.56'

2022-07-14 14:25:16 - [MESSAGE][PASSED] - Attribute 'value' of object 'Object Repository/Page_SKT ERP  ERP/Tab Production/Work Order (SPK)/Work order Values (box)/Berat Substance 3' is: '0.56'

2022-07-14 14:25:16 - [TEST_STEP][PASSED] - comment(BeratSubstance3): 0.56

2022-07-14 14:25:16 - [MESSAGE][INFO] - 0.56

2022-07-14 14:25:16 - [TEST_STEP][PASSED] - BeratSubstance4 = getAttribute(findTestObject("Page_SKT ERP  ERP/Tab Production/Work Order (SPK)/Work order Values (box)/Berat Substance 4"), "value"): Attribute 'value' of object 'Object Repository/Page_SKT ERP  ERP/Tab Production/Work Order (SPK)/Work order Values (box)/Berat Substance 4' is: '0'

2022-07-14 14:25:17 - [MESSAGE][PASSED] - Attribute 'value' of object 'Object Repository/Page_SKT ERP  ERP/Tab Production/Work Order (SPK)/Work order Values (box)/Berat Substance 4' is: '0'

2022-07-14 14:25:17 - [TEST_STEP][PASSED] - comment(BeratSubstance4): 0

2022-07-14 14:25:17 - [MESSAGE][INFO] - 0

2022-07-14 14:25:17 - [TEST_STEP][PASSED] - BeratSubstance5 = getAttribute(findTestObject("Page_SKT ERP  ERP/Tab Production/Work Order (SPK)/Work order Values (box)/Berat Substance 5"), "value"): Attribute 'value' of object 'Object Repository/Page_SKT ERP  ERP/Tab Production/Work Order (SPK)/Work order Values (box)/Berat Substance 5' is: '0'

2022-07-14 14:25:17 - [MESSAGE][PASSED] - Attribute 'value' of object 'Object Repository/Page_SKT ERP  ERP/Tab Production/Work Order (SPK)/Work order Values (box)/Berat Substance 5' is: '0'

2022-07-14 14:25:17 - [TEST_STEP][PASSED] - comment(BeratSubstance5): 0

2022-07-14 14:25:17 - [MESSAGE][INFO] - 0

2022-07-14 14:25:17 - [TEST_STEP][PASSED] - click(findTestObject("Page_SKT ERP  ERP/Tab Production/Work Order (SPK)/button back (from view work order)")): Object: 'Object Repository/Page_SKT ERP  ERP/Tab Production/Work Order (SPK)/button back (from view work order)' is clicked on

2022-07-14 14:25:18 - [MESSAGE][PASSED] - Object: 'Object Repository/Page_SKT ERP  ERP/Tab Production/Work Order (SPK)/button back (from view work order)' is clicked on

2022-07-14 14:25:18 - [TEST_STEP][PASSED] - allValues.add(outkrts): null

2022-07-14 14:25:18 - [TEST_STEP][PASSED] - allValues.add(corr): null

2022-07-14 14:25:18 - [TEST_STEP][PASSED] - allValues.add(beratbox): null

2022-07-14 14:25:18 - [TEST_STEP][PASSED] - allValues.add(beratorder): null

2022-07-14 14:25:18 - [TEST_STEP][PASSED] - allValues.add(berattrim): null

2022-07-14 14:25:18 - [TEST_STEP][PASSED] - allValues.add(BeratSubstance1): null

2022-07-14 14:25:18 - [TEST_STEP][PASSED] - allValues.add(BeratSubstance2): null

2022-07-14 14:25:18 - [TEST_STEP][PASSED] - allValues.add(BeratSubstance3): null

2022-07-14 14:25:18 - [TEST_STEP][PASSED] - allValues.add(BeratSubstance4): null

2022-07-14 14:25:18 - [TEST_STEP][PASSED] - allValues.add(BeratSubstance5): null

2022-07-14 14:25:18 - [TEST_STEP][PASSED] - qty = newQty: null

2022-07-14 14:25:18 - [TEST_STEP][PASSED] - lebarKertasMinimum_box = 1450: null

2022-07-14 14:25:18 - [TEST_STEP][PASSED] - width_box = 470: null

2022-07-14 14:25:18 - [TEST_STEP][PASSED] - outkertas_box = 3: null

2022-07-14 14:25:18 - [TEST_STEP][PASSED] - expected_outkrts_box = outkertas_box: null

2022-07-14 14:25:18 - [TEST_STEP][PASSED] - actual_otkrts_box = allValues[0]: null

2022-07-14 14:25:18 - [TEST_STEP][PASSED] - verifyMatch(actual_otkrts_box, expected_outkrts_box, false): Actual text '3' and expected text '3' are matched 

2022-07-14 14:25:18 - [MESSAGE][PASSED] - Actual text '3' and expected text '3' are matched 

2022-07-14 14:25:18 - [TEST_STEP][PASSED] - constantDoubleJoint_box = 1: null

2022-07-14 14:25:18 - [TEST_STEP][PASSED] - out_box = outkertas_box: null

2022-07-14 14:25:18 - [TEST_STEP][PASSED] - outKnife_box = 1: null

2022-07-14 14:25:18 - [TEST_STEP][PASSED] - corrBox = constantDoubleJoint_box * Math.floor(newQty / out_box / outKnife_box): null

2022-07-14 14:25:18 - [TEST_STEP][PASSED] - expected_corr_box = corrBox: null

2022-07-14 14:25:18 - [TEST_STEP][PASSED] - actual_corr_box = allValues[1]: null

2022-07-14 14:25:18 - [TEST_STEP][PASSED] - verifyMatch(actual_corr_box, expected_corr_box, false): Actual text '33' and expected text '33' are matched 

2022-07-14 14:25:18 - [MESSAGE][PASSED] - Actual text '33' and expected text '33' are matched 

2022-07-14 14:25:18 - [TEST_STEP][PASSED] - weightSheetNettoGram_box = 344.72: null

2022-07-14 14:25:18 - [TEST_STEP][PASSED] - weight_box = constantDoubleJoint_box * weightSheetNettoGram_box * newQty / 1000: null

2022-07-14 14:25:18 - [TEST_STEP][PASSED] - beratBoxBox = Math.ceil(weight_box / qty * 1000 * 100) / 100: null

2022-07-14 14:25:18 - [TEST_STEP][PASSED] - expected_beratbox_box = beratBoxBox: null

2022-07-14 14:25:18 - [TEST_STEP][PASSED] - actual_beratbox_box = allValues[2]: null

2022-07-14 14:25:18 - [TEST_STEP][FAILED] - verifyMatch(actual_beratbox_box, expected_beratbox_box, false): Unable to verify match between actual text '344.72' and expected text '344.73' (Root cause: com.kms.katalon.core.exception.StepFailedException: Actual text '344.72' and expected text '344.73' are not matched
	at com.kms.katalon.core.keyword.builtin.VerifyMatchKeyword$_verifyMatch_closure1.doCall(VerifyMatchKeyword.groovy:57)
	at com.kms.katalon.core.keyword.builtin.VerifyMatchKeyword$_verifyMatch_closure1.call(VerifyMatchKeyword.groovy)
	at com.kms.katalon.core.keyword.internal.KeywordMain.runKeyword(KeywordMain.groovy:74)
	at com.kms.katalon.core.keyword.builtin.VerifyMatchKeyword.verifyMatch(VerifyMatchKeyword.groovy:60)
	at com.kms.katalon.core.keyword.builtin.VerifyMatchKeyword.execute(VerifyMatchKeyword.groovy:45)
	at com.kms.katalon.core.keyword.internal.KeywordExecutor.executeKeywordForPlatform(KeywordExecutor.groovy:74)
	at com.kms.katalon.core.keyword.BuiltinKeywords.verifyMatch(BuiltinKeywords.groovy:73)
	at 3 - 2B_ Verify Calculated Values in Work Order (box layer1 layer2).run(3 - 2B_ Verify Calculated Values in Work Order (box layer1 layer2):240)
	at com.kms.katalon.core.main.ScriptEngine.run(ScriptEngine.java:194)
	at com.kms.katalon.core.main.ScriptEngine.runScriptAsRawText(ScriptEngine.java:119)
	at com.kms.katalon.core.main.TestCaseExecutor.runScript(TestCaseExecutor.java:445)
	at com.kms.katalon.core.main.TestCaseExecutor.doExecute(TestCaseExecutor.java:436)
	at com.kms.katalon.core.main.TestCaseExecutor.processExecutionPhase(TestCaseExecutor.java:415)
	at com.kms.katalon.core.main.TestCaseExecutor.accessMainPhase(TestCaseExecutor.java:407)
	at com.kms.katalon.core.main.TestCaseExecutor.execute(TestCaseExecutor.java:284)
	at com.kms.katalon.core.common.CommonExecutor.accessTestCaseMainPhase(CommonExecutor.java:65)
	at com.kms.katalon.core.main.TestSuiteExecutor.accessTestSuiteMainPhase(TestSuiteExecutor.java:144)
	at com.kms.katalon.core.main.TestSuiteExecutor.execute(TestSuiteExecutor.java:106)
	at com.kms.katalon.core.main.TestCaseMain.startTestSuite(TestCaseMain.java:185)
	at com.kms.katalon.core.main.TestCaseMain$startTestSuite$0.call(Unknown Source)
	at TempTestSuite1657783415095.run(TempTestSuite1657783415095.groovy:36)
)

2022-07-14 14:25:18 - [MESSAGE][FAILED] - Unable to verify match between actual text '344.72' and expected text '344.73' (Root cause: com.kms.katalon.core.exception.StepFailedException: Actual text '344.72' and expected text '344.73' are not matched
	at com.kms.katalon.core.keyword.builtin.VerifyMatchKeyword$_verifyMatch_closure1.doCall(VerifyMatchKeyword.groovy:57)
	at com.kms.katalon.core.keyword.builtin.VerifyMatchKeyword$_verifyMatch_closure1.call(VerifyMatchKeyword.groovy)
	at com.kms.katalon.core.keyword.internal.KeywordMain.runKeyword(KeywordMain.groovy:74)
	at com.kms.katalon.core.keyword.builtin.VerifyMatchKeyword.verifyMatch(VerifyMatchKeyword.groovy:60)
	at com.kms.katalon.core.keyword.builtin.VerifyMatchKeyword.execute(VerifyMatchKeyword.groovy:45)
	at com.kms.katalon.core.keyword.internal.KeywordExecutor.executeKeywordForPlatform(KeywordExecutor.groovy:74)
	at com.kms.katalon.core.keyword.BuiltinKeywords.verifyMatch(BuiltinKeywords.groovy:73)
	at 3 - 2B_ Verify Calculated Values in Work Order (box layer1 layer2).run(3 - 2B_ Verify Calculated Values in Work Order (box layer1 layer2):240)
	at com.kms.katalon.core.main.ScriptEngine.run(ScriptEngine.java:194)
	at com.kms.katalon.core.main.ScriptEngine.runScriptAsRawText(ScriptEngine.java:119)
	at com.kms.katalon.core.main.TestCaseExecutor.runScript(TestCaseExecutor.java:445)
	at com.kms.katalon.core.main.TestCaseExecutor.doExecute(TestCaseExecutor.java:436)
	at com.kms.katalon.core.main.TestCaseExecutor.processExecutionPhase(TestCaseExecutor.java:415)
	at com.kms.katalon.core.main.TestCaseExecutor.accessMainPhase(TestCaseExecutor.java:407)
	at com.kms.katalon.core.main.TestCaseExecutor.execute(TestCaseExecutor.java:284)
	at com.kms.katalon.core.common.CommonExecutor.accessTestCaseMainPhase(CommonExecutor.java:65)
	at com.kms.katalon.core.main.TestSuiteExecutor.accessTestSuiteMainPhase(TestSuiteExecutor.java:144)
	at com.kms.katalon.core.main.TestSuiteExecutor.execute(TestSuiteExecutor.java:106)
	at com.kms.katalon.core.main.TestCaseMain.startTestSuite(TestCaseMain.java:185)
	at com.kms.katalon.core.main.TestCaseMain$startTestSuite$0.call(Unknown Source)
	at TempTestSuite1657783415095.run(TempTestSuite1657783415095.groovy:36)
)

2022-07-14 14:25:18 - [TEST_STEP][PASSED] - beratOrderBox = Math.ceil(weight_box * 100) / 100: null

2022-07-14 14:25:18 - [TEST_STEP][PASSED] - expected_beratorder_box = beratOrderBox: null

2022-07-14 14:25:18 - [TEST_STEP][PASSED] - actual_beratorder_box = allValues[3]: null

2022-07-14 14:25:18 - [TEST_STEP][PASSED] - verifyMatch(actual_beratorder_box, expected_beratorder_box, false): Actual text '34.48' and expected text '34.48' are matched 

2022-07-14 14:25:18 - [MESSAGE][PASSED] - Actual text '34.48' and expected text '34.48' are matched 

2022-07-14 14:25:18 - [TEST_STEP][PASSED] - trimWasteGram_box = 29.34: null

2022-07-14 14:25:18 - [TEST_STEP][PASSED] - beratTrimBox = qty / out_box * trimWasteGram_box / 1000: null

2022-07-14 14:25:18 - [TEST_STEP][PASSED] - expected_berattrim_box = beratTrimBox: null

2022-07-14 14:25:18 - [TEST_STEP][PASSED] - actual_berattrim_box = allValues[4]: null

2022-07-14 14:25:18 - [TEST_STEP][FAILED] - verifyMatch(actual_berattrim_box, expected_berattrim_box, false): Unable to verify match between actual text '0.96822' and expected text '0.978' (Root cause: com.kms.katalon.core.exception.StepFailedException: Actual text '0.96822' and expected text '0.978' are not matched
	at com.kms.katalon.core.keyword.builtin.VerifyMatchKeyword$_verifyMatch_closure1.doCall(VerifyMatchKeyword.groovy:57)
	at com.kms.katalon.core.keyword.builtin.VerifyMatchKeyword$_verifyMatch_closure1.call(VerifyMatchKeyword.groovy)
	at com.kms.katalon.core.keyword.internal.KeywordMain.runKeyword(KeywordMain.groovy:74)
	at com.kms.katalon.core.keyword.builtin.VerifyMatchKeyword.verifyMatch(VerifyMatchKeyword.groovy:60)
	at com.kms.katalon.core.keyword.builtin.VerifyMatchKeyword.execute(VerifyMatchKeyword.groovy:45)
	at com.kms.katalon.core.keyword.internal.KeywordExecutor.executeKeywordForPlatform(KeywordExecutor.groovy:74)
	at com.kms.katalon.core.keyword.BuiltinKeywords.verifyMatch(BuiltinKeywords.groovy:73)
	at 3 - 2B_ Verify Calculated Values in Work Order (box layer1 layer2).run(3 - 2B_ Verify Calculated Values in Work Order (box layer1 layer2):253)
	at com.kms.katalon.core.main.ScriptEngine.run(ScriptEngine.java:194)
	at com.kms.katalon.core.main.ScriptEngine.runScriptAsRawText(ScriptEngine.java:119)
	at com.kms.katalon.core.main.TestCaseExecutor.runScript(TestCaseExecutor.java:445)
	at com.kms.katalon.core.main.TestCaseExecutor.doExecute(TestCaseExecutor.java:436)
	at com.kms.katalon.core.main.TestCaseExecutor.processExecutionPhase(TestCaseExecutor.java:415)
	at com.kms.katalon.core.main.TestCaseExecutor.accessMainPhase(TestCaseExecutor.java:407)
	at com.kms.katalon.core.main.TestCaseExecutor.execute(TestCaseExecutor.java:284)
	at com.kms.katalon.core.common.CommonExecutor.accessTestCaseMainPhase(CommonExecutor.java:65)
	at com.kms.katalon.core.main.TestSuiteExecutor.accessTestSuiteMainPhase(TestSuiteExecutor.java:144)
	at com.kms.katalon.core.main.TestSuiteExecutor.execute(TestSuiteExecutor.java:106)
	at com.kms.katalon.core.main.TestCaseMain.startTestSuite(TestCaseMain.java:185)
	at com.kms.katalon.core.main.TestCaseMain$startTestSuite$0.call(Unknown Source)
	at TempTestSuite1657783415095.run(TempTestSuite1657783415095.groovy:36)
)

2022-07-14 14:25:18 - [MESSAGE][FAILED] - Unable to verify match between actual text '0.96822' and expected text '0.978' (Root cause: com.kms.katalon.core.exception.StepFailedException: Actual text '0.96822' and expected text '0.978' are not matched
	at com.kms.katalon.core.keyword.builtin.VerifyMatchKeyword$_verifyMatch_closure1.doCall(VerifyMatchKeyword.groovy:57)
	at com.kms.katalon.core.keyword.builtin.VerifyMatchKeyword$_verifyMatch_closure1.call(VerifyMatchKeyword.groovy)
	at com.kms.katalon.core.keyword.internal.KeywordMain.runKeyword(KeywordMain.groovy:74)
	at com.kms.katalon.core.keyword.builtin.VerifyMatchKeyword.verifyMatch(VerifyMatchKeyword.groovy:60)
	at com.kms.katalon.core.keyword.builtin.VerifyMatchKeyword.execute(VerifyMatchKeyword.groovy:45)
	at com.kms.katalon.core.keyword.internal.KeywordExecutor.executeKeywordForPlatform(KeywordExecutor.groovy:74)
	at com.kms.katalon.core.keyword.BuiltinKeywords.verifyMatch(BuiltinKeywords.groovy:73)
	at 3 - 2B_ Verify Calculated Values in Work Order (box layer1 layer2).run(3 - 2B_ Verify Calculated Values in Work Order (box layer1 layer2):253)
	at com.kms.katalon.core.main.ScriptEngine.run(ScriptEngine.java:194)
	at com.kms.katalon.core.main.ScriptEngine.runScriptAsRawText(ScriptEngine.java:119)
	at com.kms.katalon.core.main.TestCaseExecutor.runScript(TestCaseExecutor.java:445)
	at com.kms.katalon.core.main.TestCaseExecutor.doExecute(TestCaseExecutor.java:436)
	at com.kms.katalon.core.main.TestCaseExecutor.processExecutionPhase(TestCaseExecutor.java:415)
	at com.kms.katalon.core.main.TestCaseExecutor.accessMainPhase(TestCaseExecutor.java:407)
	at com.kms.katalon.core.main.TestCaseExecutor.execute(TestCaseExecutor.java:284)
	at com.kms.katalon.core.common.CommonExecutor.accessTestCaseMainPhase(CommonExecutor.java:65)
	at com.kms.katalon.core.main.TestSuiteExecutor.accessTestSuiteMainPhase(TestSuiteExecutor.java:144)
	at com.kms.katalon.core.main.TestSuiteExecutor.execute(TestSuiteExecutor.java:106)
	at com.kms.katalon.core.main.TestCaseMain.startTestSuite(TestCaseMain.java:185)
	at com.kms.katalon.core.main.TestCaseMain$startTestSuite$0.call(Unknown Source)
	at TempTestSuite1657783415095.run(TempTestSuite1657783415095.groovy:36)
)

2022-07-14 14:25:18 - [TEST_STEP][PASSED] - qValuebox1 = 150: null

2022-07-14 14:25:18 - [TEST_STEP][PASSED] - sheetLengthBox1 = 1536: null

2022-07-14 14:25:18 - [TEST_STEP][PASSED] - minLebarMmSheetBox1 = 1450: null

2022-07-14 14:25:18 - [TEST_STEP][PASSED] - identifierBox1 = 1: null

2022-07-14 14:25:18 - [TEST_STEP][PASSED] - beratSubstanceBox1 = qValuebox1 / 1000 * sheetLengthBox1 / 1000 * minLebarMmSheetBox1 / 1000 * identifierBox1 * corrBox: null

2022-07-14 14:25:18 - [TEST_STEP][PASSED] - expected_beratsubstance1_box = beratSubstanceBox1.round(2): null

2022-07-14 14:25:18 - [TEST_STEP][PASSED] - actual_beratsubstance1_box = allValues[5]: null

2022-07-14 14:25:18 - [TEST_STEP][PASSED] - verifyMatch(actual_beratsubstance1_box, expected_beratsubstance1_box, false): Actual text '11.02' and expected text '11.02' are matched 

2022-07-14 14:25:18 - [MESSAGE][PASSED] - Actual text '11.02' and expected text '11.02' are matched 

2022-07-14 14:25:18 - [TEST_STEP][PASSED] - qValuebox2 = 0: null

2022-07-14 14:25:18 - [TEST_STEP][PASSED] - sheetLengthBox2 = 1536: null

2022-07-14 14:25:18 - [TEST_STEP][PASSED] - minLebarMmSheetBox2 = 1450: null

2022-07-14 14:25:18 - [TEST_STEP][PASSED] - identifierBox2 = 1.33: null

2022-07-14 14:25:18 - [TEST_STEP][PASSED] - beratSubstanceBox2 = qValuebox2 / 1000 * sheetLengthBox2 / 1000 * minLebarMmSheetBox2 / 1000 * identifierBox2 * corrBox: null

2022-07-14 14:25:18 - [TEST_STEP][PASSED] - expected_beratsubstance2_box = beratSubstanceBox2.round(2): null

2022-07-14 14:25:18 - [TEST_STEP][PASSED] - actual_beratsubstance2_box = allValues[6]: null

2022-07-14 14:25:18 - [TEST_STEP][FAILED] - verifyMatch(actual_beratsubstance2_box, expected_beratsubstance2_box, false): Unable to verify match between actual text '0' and expected text '0.0' (Root cause: com.kms.katalon.core.exception.StepFailedException: Actual text '0' and expected text '0.0' are not matched
	at com.kms.katalon.core.keyword.builtin.VerifyMatchKeyword$_verifyMatch_closure1.doCall(VerifyMatchKeyword.groovy:57)
	at com.kms.katalon.core.keyword.builtin.VerifyMatchKeyword$_verifyMatch_closure1.call(VerifyMatchKeyword.groovy)
	at com.kms.katalon.core.keyword.internal.KeywordMain.runKeyword(KeywordMain.groovy:74)
	at com.kms.katalon.core.keyword.builtin.VerifyMatchKeyword.verifyMatch(VerifyMatchKeyword.groovy:60)
	at com.kms.katalon.core.keyword.builtin.VerifyMatchKeyword.execute(VerifyMatchKeyword.groovy:45)
	at com.kms.katalon.core.keyword.internal.KeywordExecutor.executeKeywordForPlatform(KeywordExecutor.groovy:74)
	at com.kms.katalon.core.keyword.BuiltinKeywords.verifyMatch(BuiltinKeywords.groovy:73)
	at 3 - 2B_ Verify Calculated Values in Work Order (box layer1 layer2).run(3 - 2B_ Verify Calculated Values in Work Order (box layer1 layer2):275)
	at com.kms.katalon.core.main.ScriptEngine.run(ScriptEngine.java:194)
	at com.kms.katalon.core.main.ScriptEngine.runScriptAsRawText(ScriptEngine.java:119)
	at com.kms.katalon.core.main.TestCaseExecutor.runScript(TestCaseExecutor.java:445)
	at com.kms.katalon.core.main.TestCaseExecutor.doExecute(TestCaseExecutor.java:436)
	at com.kms.katalon.core.main.TestCaseExecutor.processExecutionPhase(TestCaseExecutor.java:415)
	at com.kms.katalon.core.main.TestCaseExecutor.accessMainPhase(TestCaseExecutor.java:407)
	at com.kms.katalon.core.main.TestCaseExecutor.execute(TestCaseExecutor.java:284)
	at com.kms.katalon.core.common.CommonExecutor.accessTestCaseMainPhase(CommonExecutor.java:65)
	at com.kms.katalon.core.main.TestSuiteExecutor.accessTestSuiteMainPhase(TestSuiteExecutor.java:144)
	at com.kms.katalon.core.main.TestSuiteExecutor.execute(TestSuiteExecutor.java:106)
	at com.kms.katalon.core.main.TestCaseMain.startTestSuite(TestCaseMain.java:185)
	at com.kms.katalon.core.main.TestCaseMain$startTestSuite$0.call(Unknown Source)
	at TempTestSuite1657783415095.run(TempTestSuite1657783415095.groovy:36)
)

2022-07-14 14:25:18 - [MESSAGE][FAILED] - Unable to verify match between actual text '0' and expected text '0.0' (Root cause: com.kms.katalon.core.exception.StepFailedException: Actual text '0' and expected text '0.0' are not matched
	at com.kms.katalon.core.keyword.builtin.VerifyMatchKeyword$_verifyMatch_closure1.doCall(VerifyMatchKeyword.groovy:57)
	at com.kms.katalon.core.keyword.builtin.VerifyMatchKeyword$_verifyMatch_closure1.call(VerifyMatchKeyword.groovy)
	at com.kms.katalon.core.keyword.internal.KeywordMain.runKeyword(KeywordMain.groovy:74)
	at com.kms.katalon.core.keyword.builtin.VerifyMatchKeyword.verifyMatch(VerifyMatchKeyword.groovy:60)
	at com.kms.katalon.core.keyword.builtin.VerifyMatchKeyword.execute(VerifyMatchKeyword.groovy:45)
	at com.kms.katalon.core.keyword.internal.KeywordExecutor.executeKeywordForPlatform(KeywordExecutor.groovy:74)
	at com.kms.katalon.core.keyword.BuiltinKeywords.verifyMatch(BuiltinKeywords.groovy:73)
	at 3 - 2B_ Verify Calculated Values in Work Order (box layer1 layer2).run(3 - 2B_ Verify Calculated Values in Work Order (box layer1 layer2):275)
	at com.kms.katalon.core.main.ScriptEngine.run(ScriptEngine.java:194)
	at com.kms.katalon.core.main.ScriptEngine.runScriptAsRawText(ScriptEngine.java:119)
	at com.kms.katalon.core.main.TestCaseExecutor.runScript(TestCaseExecutor.java:445)
	at com.kms.katalon.core.main.TestCaseExecutor.doExecute(TestCaseExecutor.java:436)
	at com.kms.katalon.core.main.TestCaseExecutor.processExecutionPhase(TestCaseExecutor.java:415)
	at com.kms.katalon.core.main.TestCaseExecutor.accessMainPhase(TestCaseExecutor.java:407)
	at com.kms.katalon.core.main.TestCaseExecutor.execute(TestCaseExecutor.java:284)
	at com.kms.katalon.core.common.CommonExecutor.accessTestCaseMainPhase(CommonExecutor.java:65)
	at com.kms.katalon.core.main.TestSuiteExecutor.accessTestSuiteMainPhase(TestSuiteExecutor.java:144)
	at com.kms.katalon.core.main.TestSuiteExecutor.execute(TestSuiteExecutor.java:106)
	at com.kms.katalon.core.main.TestCaseMain.startTestSuite(TestCaseMain.java:185)
	at com.kms.katalon.core.main.TestCaseMain$startTestSuite$0.call(Unknown Source)
	at TempTestSuite1657783415095.run(TempTestSuite1657783415095.groovy:36)
)

2022-07-14 14:25:18 - [TEST_STEP][PASSED] - qValuebox3 = 0: null

2022-07-14 14:25:18 - [TEST_STEP][PASSED] - sheetLengthBox3 = 1536: null

2022-07-14 14:25:18 - [TEST_STEP][PASSED] - minLebarMmSheetBox3 = 1450: null

2022-07-14 14:25:18 - [TEST_STEP][PASSED] - identifierBox3 = 1: null

2022-07-14 14:25:18 - [TEST_STEP][PASSED] - beratSubstanceBox3 = qValuebox3 / 1000 * sheetLengthBox3 / 1000 * minLebarMmSheetBox3 / 1000 * identifierBox3 * corrBox: null

2022-07-14 14:25:18 - [TEST_STEP][PASSED] - expected_beratsubstance3_box = beratSubstanceBox3.round(2): null

2022-07-14 14:25:18 - [TEST_STEP][PASSED] - actual_beratsubstance3_box = allValues[7]: null

2022-07-14 14:25:18 - [TEST_STEP][FAILED] - verifyMatch(actual_beratsubstance3_box, expected_beratsubstance3_box, false): Unable to verify match between actual text '0' and expected text '0.0' (Root cause: com.kms.katalon.core.exception.StepFailedException: Actual text '0' and expected text '0.0' are not matched
	at com.kms.katalon.core.keyword.builtin.VerifyMatchKeyword$_verifyMatch_closure1.doCall(VerifyMatchKeyword.groovy:57)
	at com.kms.katalon.core.keyword.builtin.VerifyMatchKeyword$_verifyMatch_closure1.call(VerifyMatchKeyword.groovy)
	at com.kms.katalon.core.keyword.internal.KeywordMain.runKeyword(KeywordMain.groovy:74)
	at com.kms.katalon.core.keyword.builtin.VerifyMatchKeyword.verifyMatch(VerifyMatchKeyword.groovy:60)
	at com.kms.katalon.core.keyword.builtin.VerifyMatchKeyword.execute(VerifyMatchKeyword.groovy:45)
	at com.kms.katalon.core.keyword.internal.KeywordExecutor.executeKeywordForPlatform(KeywordExecutor.groovy:74)
	at com.kms.katalon.core.keyword.BuiltinKeywords.verifyMatch(BuiltinKeywords.groovy:73)
	at 3 - 2B_ Verify Calculated Values in Work Order (box layer1 layer2).run(3 - 2B_ Verify Calculated Values in Work Order (box layer1 layer2):286)
	at com.kms.katalon.core.main.ScriptEngine.run(ScriptEngine.java:194)
	at com.kms.katalon.core.main.ScriptEngine.runScriptAsRawText(ScriptEngine.java:119)
	at com.kms.katalon.core.main.TestCaseExecutor.runScript(TestCaseExecutor.java:445)
	at com.kms.katalon.core.main.TestCaseExecutor.doExecute(TestCaseExecutor.java:436)
	at com.kms.katalon.core.main.TestCaseExecutor.processExecutionPhase(TestCaseExecutor.java:415)
	at com.kms.katalon.core.main.TestCaseExecutor.accessMainPhase(TestCaseExecutor.java:407)
	at com.kms.katalon.core.main.TestCaseExecutor.execute(TestCaseExecutor.java:284)
	at com.kms.katalon.core.common.CommonExecutor.accessTestCaseMainPhase(CommonExecutor.java:65)
	at com.kms.katalon.core.main.TestSuiteExecutor.accessTestSuiteMainPhase(TestSuiteExecutor.java:144)
	at com.kms.katalon.core.main.TestSuiteExecutor.execute(TestSuiteExecutor.java:106)
	at com.kms.katalon.core.main.TestCaseMain.startTestSuite(TestCaseMain.java:185)
	at com.kms.katalon.core.main.TestCaseMain$startTestSuite$0.call(Unknown Source)
	at TempTestSuite1657783415095.run(TempTestSuite1657783415095.groovy:36)
)

2022-07-14 14:25:18 - [MESSAGE][FAILED] - Unable to verify match between actual text '0' and expected text '0.0' (Root cause: com.kms.katalon.core.exception.StepFailedException: Actual text '0' and expected text '0.0' are not matched
	at com.kms.katalon.core.keyword.builtin.VerifyMatchKeyword$_verifyMatch_closure1.doCall(VerifyMatchKeyword.groovy:57)
	at com.kms.katalon.core.keyword.builtin.VerifyMatchKeyword$_verifyMatch_closure1.call(VerifyMatchKeyword.groovy)
	at com.kms.katalon.core.keyword.internal.KeywordMain.runKeyword(KeywordMain.groovy:74)
	at com.kms.katalon.core.keyword.builtin.VerifyMatchKeyword.verifyMatch(VerifyMatchKeyword.groovy:60)
	at com.kms.katalon.core.keyword.builtin.VerifyMatchKeyword.execute(VerifyMatchKeyword.groovy:45)
	at com.kms.katalon.core.keyword.internal.KeywordExecutor.executeKeywordForPlatform(KeywordExecutor.groovy:74)
	at com.kms.katalon.core.keyword.BuiltinKeywords.verifyMatch(BuiltinKeywords.groovy:73)
	at 3 - 2B_ Verify Calculated Values in Work Order (box layer1 layer2).run(3 - 2B_ Verify Calculated Values in Work Order (box layer1 layer2):286)
	at com.kms.katalon.core.main.ScriptEngine.run(ScriptEngine.java:194)
	at com.kms.katalon.core.main.ScriptEngine.runScriptAsRawText(ScriptEngine.java:119)
	at com.kms.katalon.core.main.TestCaseExecutor.runScript(TestCaseExecutor.java:445)
	at com.kms.katalon.core.main.TestCaseExecutor.doExecute(TestCaseExecutor.java:436)
	at com.kms.katalon.core.main.TestCaseExecutor.processExecutionPhase(TestCaseExecutor.java:415)
	at com.kms.katalon.core.main.TestCaseExecutor.accessMainPhase(TestCaseExecutor.java:407)
	at com.kms.katalon.core.main.TestCaseExecutor.execute(TestCaseExecutor.java:284)
	at com.kms.katalon.core.common.CommonExecutor.accessTestCaseMainPhase(CommonExecutor.java:65)
	at com.kms.katalon.core.main.TestSuiteExecutor.accessTestSuiteMainPhase(TestSuiteExecutor.java:144)
	at com.kms.katalon.core.main.TestSuiteExecutor.execute(TestSuiteExecutor.java:106)
	at com.kms.katalon.core.main.TestCaseMain.startTestSuite(TestCaseMain.java:185)
	at com.kms.katalon.core.main.TestCaseMain$startTestSuite$0.call(Unknown Source)
	at TempTestSuite1657783415095.run(TempTestSuite1657783415095.groovy:36)
)

2022-07-14 14:25:18 - [TEST_STEP][PASSED] - qValuebox4 = 125: null

2022-07-14 14:25:18 - [TEST_STEP][PASSED] - sheetLengthBox4 = 1536: null

2022-07-14 14:25:18 - [TEST_STEP][PASSED] - minLebarMmSheetBox4 = 1450: null

2022-07-14 14:25:18 - [TEST_STEP][PASSED] - identifierBox4 = 1.42: null

2022-07-14 14:25:18 - [TEST_STEP][PASSED] - beratSubstanceBox4 = qValuebox4 / 1000 * sheetLengthBox4 / 1000 * minLebarMmSheetBox4 / 1000 * identifierBox4 * corrBox: null

2022-07-14 14:25:18 - [TEST_STEP][PASSED] - expected_beratsubstance4_box = beratSubstanceBox4.round(2): null

2022-07-14 14:25:18 - [TEST_STEP][PASSED] - actual_beratsubstance4_box = allValues[8]: null

2022-07-14 14:25:18 - [TEST_STEP][PASSED] - verifyMatch(actual_beratsubstance4_box, expected_beratsubstance4_box, false): Actual text '13.05' and expected text '13.05' are matched 

2022-07-14 14:25:18 - [MESSAGE][PASSED] - Actual text '13.05' and expected text '13.05' are matched 

2022-07-14 14:25:18 - [TEST_STEP][PASSED] - qValuebox5 = 150: null

2022-07-14 14:25:18 - [TEST_STEP][PASSED] - sheetLengthBox5 = 1536: null

2022-07-14 14:25:18 - [TEST_STEP][PASSED] - minLebarMmSheetBox5 = 1450: null

2022-07-14 14:25:18 - [TEST_STEP][PASSED] - identifierBox5 = 1: null

2022-07-14 14:25:18 - [TEST_STEP][PASSED] - beratSubstanceBox5 = qValuebox5 / 1000 * sheetLengthBox5 / 1000 * minLebarMmSheetBox5 / 1000 * identifierBox5 * corrBox: null

2022-07-14 14:25:18 - [TEST_STEP][PASSED] - expected_beratsubstance5_box = beratSubstanceBox5.round(2): null

2022-07-14 14:25:18 - [TEST_STEP][PASSED] - actual_beratsubstance5_box = allValues[9]: null

2022-07-14 14:25:18 - [TEST_STEP][PASSED] - verifyMatch(actual_beratsubstance5_box, expected_beratsubstance5_box, false): Actual text '11.02' and expected text '11.02' are matched 

2022-07-14 14:25:18 - [MESSAGE][PASSED] - Actual text '11.02' and expected text '11.02' are matched 

2022-07-14 14:25:18 - [TEST_STEP][PASSED] - lebarKertasMinimum_layer1 = 1500: null

2022-07-14 14:25:18 - [TEST_STEP][PASSED] - width_layer1 = 470: null

2022-07-14 14:25:18 - [TEST_STEP][PASSED] - outkertas_layer1 = 5: null

2022-07-14 14:25:18 - [TEST_STEP][PASSED] - expected_outkrts_layer1 = outkertas_layer1: null

2022-07-14 14:25:18 - [TEST_STEP][PASSED] - actual_outkrts_layer1 = allValues[10]: null

2022-07-14 14:25:18 - [TEST_STEP][PASSED] - verifyMatch(actual_outkrts_layer1, expected_outkrts_layer1, false): Actual text '5' and expected text '5' are matched 

2022-07-14 14:25:18 - [MESSAGE][PASSED] - Actual text '5' and expected text '5' are matched 

2022-07-14 14:25:18 - [TEST_STEP][PASSED] - constantDoubleJoint_layer1 = 1: null

2022-07-14 14:25:18 - [TEST_STEP][PASSED] - out_layer1 = outkertas_layer1: null

2022-07-14 14:25:18 - [TEST_STEP][PASSED] - outKnife_layer1 = 1: null

2022-07-14 14:25:18 - [TEST_STEP][PASSED] - corrLayer1 = constantDoubleJoint_layer1 * Math.floor(newQty / out_layer1 / outKnife_layer1): null

2022-07-14 14:25:18 - [TEST_STEP][PASSED] - expected_corr_layer1 = corrLayer1: null

2022-07-14 14:25:18 - [TEST_STEP][PASSED] - actual_corr_layer1 = allValues[11]: null

2022-07-14 14:25:18 - [TEST_STEP][PASSED] - verifyMatch(actual_corr_layer1, expected_corr_layer1, false): Actual text '20' and expected text '20' are matched 

2022-07-14 14:25:18 - [MESSAGE][PASSED] - Actual text '20' and expected text '20' are matched 

2022-07-14 14:25:18 - [TEST_STEP][PASSED] - weightSheetNettoGram_layer1 = 54.65: null

2022-07-14 14:25:18 - [TEST_STEP][PASSED] - weight_layer1 = constantDoubleJoint_layer1 * weightSheetNettoGram_layer1 * newQty / 1000: null

2022-07-14 14:25:18 - [TEST_STEP][PASSED] - beratBoxLayer1 = Math.ceil(weight_layer1 / qty * 1000 * 100) / 100: null

2022-07-14 14:25:18 - [TEST_STEP][PASSED] - expected_beratbox_layer1 = beratBoxLayer1: null

2022-07-14 14:25:18 - [TEST_STEP][PASSED] - actual_beratbox_layer1 = allValues[12]: null

2022-07-14 14:25:18 - [TEST_STEP][FAILED] - verifyMatch(actual_beratbox_layer1, expected_beratbox_layer1, false): Unable to verify match between actual text '54.65' and expected text '54.66' (Root cause: com.kms.katalon.core.exception.StepFailedException: Actual text '54.65' and expected text '54.66' are not matched
	at com.kms.katalon.core.keyword.builtin.VerifyMatchKeyword$_verifyMatch_closure1.doCall(VerifyMatchKeyword.groovy:57)
	at com.kms.katalon.core.keyword.builtin.VerifyMatchKeyword$_verifyMatch_closure1.call(VerifyMatchKeyword.groovy)
	at com.kms.katalon.core.keyword.internal.KeywordMain.runKeyword(KeywordMain.groovy:74)
	at com.kms.katalon.core.keyword.builtin.VerifyMatchKeyword.verifyMatch(VerifyMatchKeyword.groovy:60)
	at com.kms.katalon.core.keyword.builtin.VerifyMatchKeyword.execute(VerifyMatchKeyword.groovy:45)
	at com.kms.katalon.core.keyword.internal.KeywordExecutor.executeKeywordForPlatform(KeywordExecutor.groovy:74)
	at com.kms.katalon.core.keyword.BuiltinKeywords.verifyMatch(BuiltinKeywords.groovy:73)
	at 3 - 2B_ Verify Calculated Values in Work Order (box layer1 layer2).run(3 - 2B_ Verify Calculated Values in Work Order (box layer1 layer2):338)
	at com.kms.katalon.core.main.ScriptEngine.run(ScriptEngine.java:194)
	at com.kms.katalon.core.main.ScriptEngine.runScriptAsRawText(ScriptEngine.java:119)
	at com.kms.katalon.core.main.TestCaseExecutor.runScript(TestCaseExecutor.java:445)
	at com.kms.katalon.core.main.TestCaseExecutor.doExecute(TestCaseExecutor.java:436)
	at com.kms.katalon.core.main.TestCaseExecutor.processExecutionPhase(TestCaseExecutor.java:415)
	at com.kms.katalon.core.main.TestCaseExecutor.accessMainPhase(TestCaseExecutor.java:407)
	at com.kms.katalon.core.main.TestCaseExecutor.execute(TestCaseExecutor.java:284)
	at com.kms.katalon.core.common.CommonExecutor.accessTestCaseMainPhase(CommonExecutor.java:65)
	at com.kms.katalon.core.main.TestSuiteExecutor.accessTestSuiteMainPhase(TestSuiteExecutor.java:144)
	at com.kms.katalon.core.main.TestSuiteExecutor.execute(TestSuiteExecutor.java:106)
	at com.kms.katalon.core.main.TestCaseMain.startTestSuite(TestCaseMain.java:185)
	at com.kms.katalon.core.main.TestCaseMain$startTestSuite$0.call(Unknown Source)
	at TempTestSuite1657783415095.run(TempTestSuite1657783415095.groovy:36)
)

2022-07-14 14:25:18 - [MESSAGE][FAILED] - Unable to verify match between actual text '54.65' and expected text '54.66' (Root cause: com.kms.katalon.core.exception.StepFailedException: Actual text '54.65' and expected text '54.66' are not matched
	at com.kms.katalon.core.keyword.builtin.VerifyMatchKeyword$_verifyMatch_closure1.doCall(VerifyMatchKeyword.groovy:57)
	at com.kms.katalon.core.keyword.builtin.VerifyMatchKeyword$_verifyMatch_closure1.call(VerifyMatchKeyword.groovy)
	at com.kms.katalon.core.keyword.internal.KeywordMain.runKeyword(KeywordMain.groovy:74)
	at com.kms.katalon.core.keyword.builtin.VerifyMatchKeyword.verifyMatch(VerifyMatchKeyword.groovy:60)
	at com.kms.katalon.core.keyword.builtin.VerifyMatchKeyword.execute(VerifyMatchKeyword.groovy:45)
	at com.kms.katalon.core.keyword.internal.KeywordExecutor.executeKeywordForPlatform(KeywordExecutor.groovy:74)
	at com.kms.katalon.core.keyword.BuiltinKeywords.verifyMatch(BuiltinKeywords.groovy:73)
	at 3 - 2B_ Verify Calculated Values in Work Order (box layer1 layer2).run(3 - 2B_ Verify Calculated Values in Work Order (box layer1 layer2):338)
	at com.kms.katalon.core.main.ScriptEngine.run(ScriptEngine.java:194)
	at com.kms.katalon.core.main.ScriptEngine.runScriptAsRawText(ScriptEngine.java:119)
	at com.kms.katalon.core.main.TestCaseExecutor.runScript(TestCaseExecutor.java:445)
	at com.kms.katalon.core.main.TestCaseExecutor.doExecute(TestCaseExecutor.java:436)
	at com.kms.katalon.core.main.TestCaseExecutor.processExecutionPhase(TestCaseExecutor.java:415)
	at com.kms.katalon.core.main.TestCaseExecutor.accessMainPhase(TestCaseExecutor.java:407)
	at com.kms.katalon.core.main.TestCaseExecutor.execute(TestCaseExecutor.java:284)
	at com.kms.katalon.core.common.CommonExecutor.accessTestCaseMainPhase(CommonExecutor.java:65)
	at com.kms.katalon.core.main.TestSuiteExecutor.accessTestSuiteMainPhase(TestSuiteExecutor.java:144)
	at com.kms.katalon.core.main.TestSuiteExecutor.execute(TestSuiteExecutor.java:106)
	at com.kms.katalon.core.main.TestCaseMain.startTestSuite(TestCaseMain.java:185)
	at com.kms.katalon.core.main.TestCaseMain$startTestSuite$0.call(Unknown Source)
	at TempTestSuite1657783415095.run(TempTestSuite1657783415095.groovy:36)
)

2022-07-14 14:25:18 - [TEST_STEP][PASSED] - beratOrderLayer1 = Math.ceil(weight_layer1 * 100) / 100: null

2022-07-14 14:25:18 - [TEST_STEP][PASSED] - expected_beratorder_layer1 = beratOrderLayer1: null

2022-07-14 14:25:18 - [TEST_STEP][PASSED] - actual_beratorder_layer1 = allValues[13]: null

2022-07-14 14:25:18 - [TEST_STEP][PASSED] - verifyMatch(actual_beratorder_layer1, expected_beratorder_layer1, false): Actual text '5.47' and expected text '5.47' are matched 

2022-07-14 14:25:18 - [MESSAGE][PASSED] - Actual text '5.47' and expected text '5.47' are matched 

2022-07-14 14:25:18 - [TEST_STEP][PASSED] - trimWasteGram_layer1 = 4.64: null

2022-07-14 14:25:18 - [TEST_STEP][PASSED] - length_layer1 = 445: null

2022-07-14 14:25:18 - [TEST_STEP][PASSED] - lebarKertas_layer1 = 25: null

2022-07-14 14:25:18 - [TEST_STEP][PASSED] - gsm_layer1 = 125 + 125 * 1.36 + 125: null

2022-07-14 14:25:18 - [TEST_STEP][PASSED] - beratTrimLayer1 = Math.ceil(corrLayer1 * length_layer1 / 1000 * lebarKertas_layer1 / 1000 * gsm_layer1 / 1000 * 100) / 100: null

2022-07-14 14:25:18 - [TEST_STEP][PASSED] - expected_berattrim_layer1 = beratTrimLayer1: null

2022-07-14 14:25:18 - [TEST_STEP][PASSED] - actual_berattrim_layer1 = allValues[14]: null

2022-07-14 14:25:18 - [TEST_STEP][PASSED] - verifyMatch(actual_berattrim_layer1, expected_berattrim_layer1, false): Actual text '0.1' and expected text '0.1' are matched 

2022-07-14 14:25:18 - [MESSAGE][PASSED] - Actual text '0.1' and expected text '0.1' are matched 

2022-07-14 14:25:18 - [TEST_STEP][PASSED] - qValuelayer1_1 = 125: null

2022-07-14 14:25:18 - [TEST_STEP][PASSED] - sheetLengthLayer1_1 = 445: null

2022-07-14 14:25:18 - [TEST_STEP][PASSED] - minLebarMmSheetLayer1_1 = 1500: null

2022-07-14 14:25:18 - [TEST_STEP][PASSED] - identifierLayer1_1 = 1: null

2022-07-14 14:25:18 - [TEST_STEP][PASSED] - beratSubstanceLayer1_1 = qValuelayer1_1 / 1000 * sheetLengthLayer1_1 / 1000 * minLebarMmSheetLayer1_1 / 1000 * identifierLayer1_1 * corrLayer1: null

2022-07-14 14:25:18 - [TEST_STEP][PASSED] - expected_beratsubstance1_layer1 = beratSubstanceLayer1_1.round(2): null

2022-07-14 14:25:18 - [TEST_STEP][PASSED] - actual_beratsubstance1_layer1 = allValues[15]: null

2022-07-14 14:25:18 - [TEST_STEP][PASSED] - verifyMatch(actual_beratsubstance1_layer1, expected_beratsubstance1_layer1, false): Actual text '1.67' and expected text '1.67' are matched 

2022-07-14 14:25:18 - [MESSAGE][PASSED] - Actual text '1.67' and expected text '1.67' are matched 

2022-07-14 14:25:18 - [TEST_STEP][PASSED] - qValuelayer1_2 = 125: null

2022-07-14 14:25:18 - [TEST_STEP][PASSED] - sheetLengthLayer1_2 = 445: null

2022-07-14 14:25:18 - [TEST_STEP][PASSED] - minLebarMmSheetLayer1_2 = 1500: null

2022-07-14 14:25:18 - [TEST_STEP][PASSED] - identifierLayer1_2 = 1.33: null

2022-07-14 14:25:18 - [TEST_STEP][PASSED] - beratSubstanceLayer1_2 = qValuelayer1_2 / 1000 * sheetLengthLayer1_2 / 1000 * minLebarMmSheetLayer1_2 / 1000 * identifierLayer1_2 * corrLayer1: null

2022-07-14 14:25:18 - [TEST_STEP][PASSED] - expected_beratsubstance2_layer1 = beratSubstanceLayer1_2.round(2): null

2022-07-14 14:25:18 - [TEST_STEP][PASSED] - actual_beratsubstance2_layer1 = allValues[16]: null

2022-07-14 14:25:18 - [TEST_STEP][PASSED] - verifyMatch(actual_beratsubstance2_layer1, expected_beratsubstance2_layer1, false): Actual text '2.22' and expected text '2.22' are matched 

2022-07-14 14:25:18 - [MESSAGE][PASSED] - Actual text '2.22' and expected text '2.22' are matched 

2022-07-14 14:25:18 - [TEST_STEP][PASSED] - qValuelayer1_3 = 125: null

2022-07-14 14:25:18 - [TEST_STEP][PASSED] - sheetLengthLayer1_3 = 445: null

2022-07-14 14:25:18 - [TEST_STEP][PASSED] - minLebarMmSheetLayer1_3 = 1500: null

2022-07-14 14:25:18 - [TEST_STEP][PASSED] - identifierLayer1_3 = 1: null

2022-07-14 14:25:18 - [TEST_STEP][PASSED] - beratSubstanceLayer1_3 = qValuelayer1_3 / 1000 * sheetLengthLayer1_3 / 1000 * minLebarMmSheetLayer1_3 / 1000 * identifierLayer1_3 * corrLayer1: null

2022-07-14 14:25:18 - [TEST_STEP][PASSED] - expected_beratsubstance3_layer1 = beratSubstanceLayer1_3.round(2): null

2022-07-14 14:25:18 - [TEST_STEP][PASSED] - actual_beratsubstance3_layer1 = allValues[17]: null

2022-07-14 14:25:18 - [TEST_STEP][PASSED] - verifyMatch(actual_beratsubstance3_layer1, expected_beratsubstance3_layer1, false): Actual text '1.67' and expected text '1.67' are matched 

2022-07-14 14:25:18 - [MESSAGE][PASSED] - Actual text '1.67' and expected text '1.67' are matched 

2022-07-14 14:25:18 - [TEST_STEP][PASSED] - qValuelayer1_4 = 0: null

2022-07-14 14:25:18 - [TEST_STEP][PASSED] - sheetLengthLayer1_4 = 445: null

2022-07-14 14:25:18 - [TEST_STEP][PASSED] - minLebarMmSheetLayer1_4 = 1500: null

2022-07-14 14:25:18 - [TEST_STEP][PASSED] - identifierLayer1_4 = 1.42: null

2022-07-14 14:25:18 - [TEST_STEP][PASSED] - beratSubstanceLayer1_4 = qValuelayer1_4 / 1000 * sheetLengthLayer1_4 / 1000 * minLebarMmSheetLayer1_4 / 1000 * identifierLayer1_4 * corrLayer1: null

2022-07-14 14:25:18 - [TEST_STEP][PASSED] - expected_beratsubstance4_layer1 = beratSubstanceLayer1_4.round(2): null

2022-07-14 14:25:18 - [TEST_STEP][PASSED] - actual_beratsubstance4_layer1 = allValues[18]: null

2022-07-14 14:25:18 - [TEST_STEP][FAILED] - verifyMatch(actual_beratsubstance4_layer1, expected_beratsubstance4_layer1, false): Unable to verify match between actual text '0' and expected text '0.0' (Root cause: com.kms.katalon.core.exception.StepFailedException: Actual text '0' and expected text '0.0' are not matched
	at com.kms.katalon.core.keyword.builtin.VerifyMatchKeyword$_verifyMatch_closure1.doCall(VerifyMatchKeyword.groovy:57)
	at com.kms.katalon.core.keyword.builtin.VerifyMatchKeyword$_verifyMatch_closure1.call(VerifyMatchKeyword.groovy)
	at com.kms.katalon.core.keyword.internal.KeywordMain.runKeyword(KeywordMain.groovy:74)
	at com.kms.katalon.core.keyword.builtin.VerifyMatchKeyword.verifyMatch(VerifyMatchKeyword.groovy:60)
	at com.kms.katalon.core.keyword.builtin.VerifyMatchKeyword.execute(VerifyMatchKeyword.groovy:45)
	at com.kms.katalon.core.keyword.internal.KeywordExecutor.executeKeywordForPlatform(KeywordExecutor.groovy:74)
	at com.kms.katalon.core.keyword.BuiltinKeywords.verifyMatch(BuiltinKeywords.groovy:73)
	at 3 - 2B_ Verify Calculated Values in Work Order (box layer1 layer2).run(3 - 2B_ Verify Calculated Values in Work Order (box layer1 layer2):400)
	at com.kms.katalon.core.main.ScriptEngine.run(ScriptEngine.java:194)
	at com.kms.katalon.core.main.ScriptEngine.runScriptAsRawText(ScriptEngine.java:119)
	at com.kms.katalon.core.main.TestCaseExecutor.runScript(TestCaseExecutor.java:445)
	at com.kms.katalon.core.main.TestCaseExecutor.doExecute(TestCaseExecutor.java:436)
	at com.kms.katalon.core.main.TestCaseExecutor.processExecutionPhase(TestCaseExecutor.java:415)
	at com.kms.katalon.core.main.TestCaseExecutor.accessMainPhase(TestCaseExecutor.java:407)
	at com.kms.katalon.core.main.TestCaseExecutor.execute(TestCaseExecutor.java:284)
	at com.kms.katalon.core.common.CommonExecutor.accessTestCaseMainPhase(CommonExecutor.java:65)
	at com.kms.katalon.core.main.TestSuiteExecutor.accessTestSuiteMainPhase(TestSuiteExecutor.java:144)
	at com.kms.katalon.core.main.TestSuiteExecutor.execute(TestSuiteExecutor.java:106)
	at com.kms.katalon.core.main.TestCaseMain.startTestSuite(TestCaseMain.java:185)
	at com.kms.katalon.core.main.TestCaseMain$startTestSuite$0.call(Unknown Source)
	at TempTestSuite1657783415095.run(TempTestSuite1657783415095.groovy:36)
)

2022-07-14 14:25:18 - [MESSAGE][FAILED] - Unable to verify match between actual text '0' and expected text '0.0' (Root cause: com.kms.katalon.core.exception.StepFailedException: Actual text '0' and expected text '0.0' are not matched
	at com.kms.katalon.core.keyword.builtin.VerifyMatchKeyword$_verifyMatch_closure1.doCall(VerifyMatchKeyword.groovy:57)
	at com.kms.katalon.core.keyword.builtin.VerifyMatchKeyword$_verifyMatch_closure1.call(VerifyMatchKeyword.groovy)
	at com.kms.katalon.core.keyword.internal.KeywordMain.runKeyword(KeywordMain.groovy:74)
	at com.kms.katalon.core.keyword.builtin.VerifyMatchKeyword.verifyMatch(VerifyMatchKeyword.groovy:60)
	at com.kms.katalon.core.keyword.builtin.VerifyMatchKeyword.execute(VerifyMatchKeyword.groovy:45)
	at com.kms.katalon.core.keyword.internal.KeywordExecutor.executeKeywordForPlatform(KeywordExecutor.groovy:74)
	at com.kms.katalon.core.keyword.BuiltinKeywords.verifyMatch(BuiltinKeywords.groovy:73)
	at 3 - 2B_ Verify Calculated Values in Work Order (box layer1 layer2).run(3 - 2B_ Verify Calculated Values in Work Order (box layer1 layer2):400)
	at com.kms.katalon.core.main.ScriptEngine.run(ScriptEngine.java:194)
	at com.kms.katalon.core.main.ScriptEngine.runScriptAsRawText(ScriptEngine.java:119)
	at com.kms.katalon.core.main.TestCaseExecutor.runScript(TestCaseExecutor.java:445)
	at com.kms.katalon.core.main.TestCaseExecutor.doExecute(TestCaseExecutor.java:436)
	at com.kms.katalon.core.main.TestCaseExecutor.processExecutionPhase(TestCaseExecutor.java:415)
	at com.kms.katalon.core.main.TestCaseExecutor.accessMainPhase(TestCaseExecutor.java:407)
	at com.kms.katalon.core.main.TestCaseExecutor.execute(TestCaseExecutor.java:284)
	at com.kms.katalon.core.common.CommonExecutor.accessTestCaseMainPhase(CommonExecutor.java:65)
	at com.kms.katalon.core.main.TestSuiteExecutor.accessTestSuiteMainPhase(TestSuiteExecutor.java:144)
	at com.kms.katalon.core.main.TestSuiteExecutor.execute(TestSuiteExecutor.java:106)
	at com.kms.katalon.core.main.TestCaseMain.startTestSuite(TestCaseMain.java:185)
	at com.kms.katalon.core.main.TestCaseMain$startTestSuite$0.call(Unknown Source)
	at TempTestSuite1657783415095.run(TempTestSuite1657783415095.groovy:36)
)

2022-07-14 14:25:18 - [TEST_STEP][PASSED] - qValuelayer1_5 = 0: null

2022-07-14 14:25:18 - [TEST_STEP][PASSED] - sheetLengthLayer1_5 = 445: null

2022-07-14 14:25:18 - [TEST_STEP][PASSED] - minLebarMmSheetLayer1_5 = 1500: null

2022-07-14 14:25:18 - [TEST_STEP][PASSED] - identifierLayer1_5 = 1: null

2022-07-14 14:25:18 - [TEST_STEP][PASSED] - beratSubstanceLayer1_5 = qValuelayer1_5 / 1000 * sheetLengthLayer1_5 / 1000 * minLebarMmSheetLayer1_5 / 1000 * identifierLayer1_5 * corrLayer1: null

2022-07-14 14:25:18 - [TEST_STEP][PASSED] - expected_beratsubstance5_layer1 = beratSubstanceLayer1_5.round(2): null

2022-07-14 14:25:18 - [TEST_STEP][PASSED] - actual_beratsubstance5_layer1 = allValues[19]: null

2022-07-14 14:25:18 - [TEST_STEP][FAILED] - verifyMatch(actual_beratsubstance5_layer1, expected_beratsubstance5_layer1, false): Unable to verify match between actual text '0' and expected text '0.0' (Root cause: com.kms.katalon.core.exception.StepFailedException: Actual text '0' and expected text '0.0' are not matched
	at com.kms.katalon.core.keyword.builtin.VerifyMatchKeyword$_verifyMatch_closure1.doCall(VerifyMatchKeyword.groovy:57)
	at com.kms.katalon.core.keyword.builtin.VerifyMatchKeyword$_verifyMatch_closure1.call(VerifyMatchKeyword.groovy)
	at com.kms.katalon.core.keyword.internal.KeywordMain.runKeyword(KeywordMain.groovy:74)
	at com.kms.katalon.core.keyword.builtin.VerifyMatchKeyword.verifyMatch(VerifyMatchKeyword.groovy:60)
	at com.kms.katalon.core.keyword.builtin.VerifyMatchKeyword.execute(VerifyMatchKeyword.groovy:45)
	at com.kms.katalon.core.keyword.internal.KeywordExecutor.executeKeywordForPlatform(KeywordExecutor.groovy:74)
	at com.kms.katalon.core.keyword.BuiltinKeywords.verifyMatch(BuiltinKeywords.groovy:73)
	at 3 - 2B_ Verify Calculated Values in Work Order (box layer1 layer2).run(3 - 2B_ Verify Calculated Values in Work Order (box layer1 layer2):411)
	at com.kms.katalon.core.main.ScriptEngine.run(ScriptEngine.java:194)
	at com.kms.katalon.core.main.ScriptEngine.runScriptAsRawText(ScriptEngine.java:119)
	at com.kms.katalon.core.main.TestCaseExecutor.runScript(TestCaseExecutor.java:445)
	at com.kms.katalon.core.main.TestCaseExecutor.doExecute(TestCaseExecutor.java:436)
	at com.kms.katalon.core.main.TestCaseExecutor.processExecutionPhase(TestCaseExecutor.java:415)
	at com.kms.katalon.core.main.TestCaseExecutor.accessMainPhase(TestCaseExecutor.java:407)
	at com.kms.katalon.core.main.TestCaseExecutor.execute(TestCaseExecutor.java:284)
	at com.kms.katalon.core.common.CommonExecutor.accessTestCaseMainPhase(CommonExecutor.java:65)
	at com.kms.katalon.core.main.TestSuiteExecutor.accessTestSuiteMainPhase(TestSuiteExecutor.java:144)
	at com.kms.katalon.core.main.TestSuiteExecutor.execute(TestSuiteExecutor.java:106)
	at com.kms.katalon.core.main.TestCaseMain.startTestSuite(TestCaseMain.java:185)
	at com.kms.katalon.core.main.TestCaseMain$startTestSuite$0.call(Unknown Source)
	at TempTestSuite1657783415095.run(TempTestSuite1657783415095.groovy:36)
)

2022-07-14 14:25:18 - [MESSAGE][FAILED] - Unable to verify match between actual text '0' and expected text '0.0' (Root cause: com.kms.katalon.core.exception.StepFailedException: Actual text '0' and expected text '0.0' are not matched
	at com.kms.katalon.core.keyword.builtin.VerifyMatchKeyword$_verifyMatch_closure1.doCall(VerifyMatchKeyword.groovy:57)
	at com.kms.katalon.core.keyword.builtin.VerifyMatchKeyword$_verifyMatch_closure1.call(VerifyMatchKeyword.groovy)
	at com.kms.katalon.core.keyword.internal.KeywordMain.runKeyword(KeywordMain.groovy:74)
	at com.kms.katalon.core.keyword.builtin.VerifyMatchKeyword.verifyMatch(VerifyMatchKeyword.groovy:60)
	at com.kms.katalon.core.keyword.builtin.VerifyMatchKeyword.execute(VerifyMatchKeyword.groovy:45)
	at com.kms.katalon.core.keyword.internal.KeywordExecutor.executeKeywordForPlatform(KeywordExecutor.groovy:74)
	at com.kms.katalon.core.keyword.BuiltinKeywords.verifyMatch(BuiltinKeywords.groovy:73)
	at 3 - 2B_ Verify Calculated Values in Work Order (box layer1 layer2).run(3 - 2B_ Verify Calculated Values in Work Order (box layer1 layer2):411)
	at com.kms.katalon.core.main.ScriptEngine.run(ScriptEngine.java:194)
	at com.kms.katalon.core.main.ScriptEngine.runScriptAsRawText(ScriptEngine.java:119)
	at com.kms.katalon.core.main.TestCaseExecutor.runScript(TestCaseExecutor.java:445)
	at com.kms.katalon.core.main.TestCaseExecutor.doExecute(TestCaseExecutor.java:436)
	at com.kms.katalon.core.main.TestCaseExecutor.processExecutionPhase(TestCaseExecutor.java:415)
	at com.kms.katalon.core.main.TestCaseExecutor.accessMainPhase(TestCaseExecutor.java:407)
	at com.kms.katalon.core.main.TestCaseExecutor.execute(TestCaseExecutor.java:284)
	at com.kms.katalon.core.common.CommonExecutor.accessTestCaseMainPhase(CommonExecutor.java:65)
	at com.kms.katalon.core.main.TestSuiteExecutor.accessTestSuiteMainPhase(TestSuiteExecutor.java:144)
	at com.kms.katalon.core.main.TestSuiteExecutor.execute(TestSuiteExecutor.java:106)
	at com.kms.katalon.core.main.TestCaseMain.startTestSuite(TestCaseMain.java:185)
	at com.kms.katalon.core.main.TestCaseMain$startTestSuite$0.call(Unknown Source)
	at TempTestSuite1657783415095.run(TempTestSuite1657783415095.groovy:36)
)

2022-07-14 14:25:18 - [TEST_STEP][PASSED] - lebarKertasMinimum_layer2 = 1500: null

2022-07-14 14:25:18 - [TEST_STEP][PASSED] - width_layer2 = 295: null

2022-07-14 14:25:18 - [TEST_STEP][PASSED] - outkertas_layer2 = 5: null

2022-07-14 14:25:18 - [TEST_STEP][PASSED] - expected_outkrts_layer2 = outkertas_layer2: null

2022-07-14 14:25:18 - [TEST_STEP][PASSED] - actual_outkrts_layer2 = allValues[20]: null

2022-07-14 14:25:18 - [TEST_STEP][PASSED] - verifyMatch(actual_outkrts_layer2, expected_outkrts_layer2, false): Actual text '5' and expected text '5' are matched 

2022-07-14 14:25:18 - [MESSAGE][PASSED] - Actual text '5' and expected text '5' are matched 

2022-07-14 14:25:18 - [TEST_STEP][PASSED] - constantDoubleJoint_layer2 = 1: null

2022-07-14 14:25:18 - [TEST_STEP][PASSED] - out_layer2 = outkertas_layer2: null

2022-07-14 14:25:18 - [TEST_STEP][PASSED] - outKnife_layer2 = 1: null

2022-07-14 14:25:18 - [TEST_STEP][PASSED] - corrLayer2 = constantDoubleJoint_layer2 * Math.floor(newQty / out_layer2 / outKnife_layer2): null

2022-07-14 14:25:18 - [TEST_STEP][PASSED] - expected_corr_layer2 = corrLayer2: null

2022-07-14 14:25:18 - [TEST_STEP][PASSED] - actual_corr_layer2 = allValues[21]: null

2022-07-14 14:25:18 - [TEST_STEP][PASSED] - verifyMatch(actual_corr_layer2, expected_corr_layer2, false): Actual text '20' and expected text '20' are matched 

2022-07-14 14:25:18 - [MESSAGE][PASSED] - Actual text '20' and expected text '20' are matched 

2022-07-14 14:25:18 - [TEST_STEP][PASSED] - weightSheetNettoGram_layer2 = 18.42: null

2022-07-14 14:25:18 - [TEST_STEP][PASSED] - weight_layer2 = constantDoubleJoint_layer2 * weightSheetNettoGram_layer2 * newQty / 1000: null

2022-07-14 14:25:18 - [TEST_STEP][PASSED] - beratBoxLayer2 = Math.ceil(weight_layer2 / qty * 1000 * 100) / 100: null

2022-07-14 14:25:18 - [TEST_STEP][PASSED] - expected_beratbox_layer2 = beratBoxLayer2: null

2022-07-14 14:25:18 - [TEST_STEP][PASSED] - actual_beratbox_layer2 = allValues[22]: null

2022-07-14 14:25:18 - [TEST_STEP][PASSED] - verifyMatch(actual_beratbox_layer2, expected_beratbox_layer2, false): Actual text '18.43' and expected text '18.43' are matched 

2022-07-14 14:25:18 - [MESSAGE][PASSED] - Actual text '18.43' and expected text '18.43' are matched 

2022-07-14 14:25:18 - [TEST_STEP][PASSED] - beratOrderLayer2 = Math.ceil(weight_layer2 * 100) / 100: null

2022-07-14 14:25:18 - [TEST_STEP][PASSED] - expected_beratorder_layer2 = beratOrderLayer2: null

2022-07-14 14:25:18 - [TEST_STEP][PASSED] - actual_beratorder_layer2 = allValues[23]: null

2022-07-14 14:25:18 - [TEST_STEP][PASSED] - verifyMatch(actual_beratorder_layer2, expected_beratorder_layer2, false): Actual text '1.85' and expected text '1.85' are matched 

2022-07-14 14:25:18 - [MESSAGE][PASSED] - Actual text '1.85' and expected text '1.85' are matched 

2022-07-14 14:25:18 - [TEST_STEP][PASSED] - trimWasteGram_layer2 = 0.79: null

2022-07-14 14:25:18 - [TEST_STEP][PASSED] - length_layer2 = 150: null

2022-07-14 14:25:18 - [TEST_STEP][PASSED] - lebarKertas_layer2 = 25: null

2022-07-14 14:25:18 - [TEST_STEP][PASSED] - gsm_layer2 = 125 + 125 * 1.36 + 125: null

2022-07-14 14:25:18 - [TEST_STEP][PASSED] - beratTrimLayer2 = Math.ceil(corrLayer2 * length_layer2 / 1000 * lebarKertas_layer2 / 1000 * gsm_layer2 / 1000 * 100) / 100: null

2022-07-14 14:25:18 - [TEST_STEP][PASSED] - expected_berattrim_layer2 = beratTrimLayer2: null

2022-07-14 14:25:18 - [TEST_STEP][PASSED] - actual_berattrim_layer2 = allValues[24]: null

2022-07-14 14:25:18 - [TEST_STEP][PASSED] - verifyMatch(actual_berattrim_layer2, expected_berattrim_layer2, false): Actual text '0.04' and expected text '0.04' are matched 

2022-07-14 14:25:18 - [MESSAGE][PASSED] - Actual text '0.04' and expected text '0.04' are matched 

2022-07-14 14:25:18 - [TEST_STEP][PASSED] - qValuelayer2_1 = 125: null

2022-07-14 14:25:18 - [TEST_STEP][PASSED] - sheetLengthLayer2_1 = 150: null

2022-07-14 14:25:18 - [TEST_STEP][PASSED] - minLebarMmSheetLayer2_1 = 1500: null

2022-07-14 14:25:18 - [TEST_STEP][PASSED] - identifierLayer2_1 = 1: null

2022-07-14 14:25:18 - [TEST_STEP][PASSED] - beratSubstanceLayer2_1 = qValuelayer2_1 / 1000 * sheetLengthLayer2_1 / 1000 * minLebarMmSheetLayer2_1 / 1000 * identifierLayer2_1 * corrLayer2: null

2022-07-14 14:25:18 - [TEST_STEP][PASSED] - expected_beratsubstance1_layer2 = beratSubstanceLayer2_1.round(2): null

2022-07-14 14:25:18 - [TEST_STEP][PASSED] - actual_beratsubstance1_layer2 = allValues[25]: null

2022-07-14 14:25:18 - [TEST_STEP][PASSED] - verifyMatch(actual_beratsubstance1_layer2, expected_beratsubstance1_layer2, false): Actual text '0.56' and expected text '0.56' are matched 

2022-07-14 14:25:18 - [MESSAGE][PASSED] - Actual text '0.56' and expected text '0.56' are matched 

2022-07-14 14:25:18 - [TEST_STEP][PASSED] - qValuelayer2_2 = 125: null

2022-07-14 14:25:18 - [TEST_STEP][PASSED] - sheetLengthLayer2_2 = 150: null

2022-07-14 14:25:18 - [TEST_STEP][PASSED] - minLebarMmSheetLayer2_2 = 1500: null

2022-07-14 14:25:18 - [TEST_STEP][PASSED] - identifierLayer2_2 = 1.33: null

2022-07-14 14:25:18 - [TEST_STEP][PASSED] - beratSubstanceLayer2_2 = qValuelayer2_2 / 1000 * sheetLengthLayer2_2 / 1000 * minLebarMmSheetLayer2_2 / 1000 * identifierLayer2_2 * corrLayer2: null

2022-07-14 14:25:18 - [TEST_STEP][PASSED] - expected_beratsubstance2_layer2 = beratSubstanceLayer2_2.round(2): null

2022-07-14 14:25:18 - [TEST_STEP][PASSED] - actual_beratsubstance2_layer2 = allValues[26]: null

2022-07-14 14:25:18 - [TEST_STEP][PASSED] - verifyMatch(actual_beratsubstance2_layer2, expected_beratsubstance2_layer2, false): Actual text '0.75' and expected text '0.75' are matched 

2022-07-14 14:25:18 - [MESSAGE][PASSED] - Actual text '0.75' and expected text '0.75' are matched 

2022-07-14 14:25:18 - [TEST_STEP][PASSED] - qValuelayer2_3 = 125: null

2022-07-14 14:25:18 - [TEST_STEP][PASSED] - sheetLengthLayer2_3 = 150: null

2022-07-14 14:25:18 - [TEST_STEP][PASSED] - minLebarMmSheetLayer2_3 = 1500: null

2022-07-14 14:25:18 - [TEST_STEP][PASSED] - identifierLayer2_3 = 1: null

2022-07-14 14:25:18 - [TEST_STEP][PASSED] - beratSubstanceLayer2_3 = qValuelayer2_3 / 1000 * sheetLengthLayer2_3 / 1000 * minLebarMmSheetLayer2_3 / 1000 * identifierLayer2_3 * corrLayer2: null

2022-07-14 14:25:18 - [TEST_STEP][PASSED] - expected_beratsubstance3_layer2 = beratSubstanceLayer2_3.round(2): null

2022-07-14 14:25:18 - [TEST_STEP][PASSED] - actual_beratsubstance3_layer2 = allValues[27]: null

2022-07-14 14:25:18 - [TEST_STEP][PASSED] - verifyMatch(actual_beratsubstance3_layer2, expected_beratsubstance3_layer2, false): Actual text '0.56' and expected text '0.56' are matched 

2022-07-14 14:25:18 - [MESSAGE][PASSED] - Actual text '0.56' and expected text '0.56' are matched 

2022-07-14 14:25:18 - [TEST_STEP][PASSED] - qValuelayer2_4 = 0: null

2022-07-14 14:25:18 - [TEST_STEP][PASSED] - sheetLengthLayer2_4 = 150: null

2022-07-14 14:25:18 - [TEST_STEP][PASSED] - minLebarMmSheetLayer2_4 = 1500: null

2022-07-14 14:25:18 - [TEST_STEP][PASSED] - identifierLayer2_4 = 1.42: null

2022-07-14 14:25:18 - [TEST_STEP][PASSED] - beratSubstanceLayer2_4 = qValuelayer2_4 / 1000 * sheetLengthLayer2_4 / 1000 * minLebarMmSheetLayer2_4 / 1000 * identifierLayer2_4 * corrLayer2: null

2022-07-14 14:25:18 - [TEST_STEP][PASSED] - expected_beratsubstance4_layer2 = beratSubstanceLayer2_4.round(2): null

2022-07-14 14:25:18 - [TEST_STEP][PASSED] - actual_beratsubstance4_layer2 = allValues[28]: null

2022-07-14 14:25:18 - [TEST_STEP][FAILED] - verifyMatch(actual_beratsubstance4_layer2, expected_beratsubstance4_layer2, false): Unable to verify match between actual text '0' and expected text '0.0' (Root cause: com.kms.katalon.core.exception.StepFailedException: Actual text '0' and expected text '0.0' are not matched
	at com.kms.katalon.core.keyword.builtin.VerifyMatchKeyword$_verifyMatch_closure1.doCall(VerifyMatchKeyword.groovy:57)
	at com.kms.katalon.core.keyword.builtin.VerifyMatchKeyword$_verifyMatch_closure1.call(VerifyMatchKeyword.groovy)
	at com.kms.katalon.core.keyword.internal.KeywordMain.runKeyword(KeywordMain.groovy:74)
	at com.kms.katalon.core.keyword.builtin.VerifyMatchKeyword.verifyMatch(VerifyMatchKeyword.groovy:60)
	at com.kms.katalon.core.keyword.builtin.VerifyMatchKeyword.execute(VerifyMatchKeyword.groovy:45)
	at com.kms.katalon.core.keyword.internal.KeywordExecutor.executeKeywordForPlatform(KeywordExecutor.groovy:74)
	at com.kms.katalon.core.keyword.BuiltinKeywords.verifyMatch(BuiltinKeywords.groovy:73)
	at 3 - 2B_ Verify Calculated Values in Work Order (box layer1 layer2).run(3 - 2B_ Verify Calculated Values in Work Order (box layer1 layer2):503)
	at com.kms.katalon.core.main.ScriptEngine.run(ScriptEngine.java:194)
	at com.kms.katalon.core.main.ScriptEngine.runScriptAsRawText(ScriptEngine.java:119)
	at com.kms.katalon.core.main.TestCaseExecutor.runScript(TestCaseExecutor.java:445)
	at com.kms.katalon.core.main.TestCaseExecutor.doExecute(TestCaseExecutor.java:436)
	at com.kms.katalon.core.main.TestCaseExecutor.processExecutionPhase(TestCaseExecutor.java:415)
	at com.kms.katalon.core.main.TestCaseExecutor.accessMainPhase(TestCaseExecutor.java:407)
	at com.kms.katalon.core.main.TestCaseExecutor.execute(TestCaseExecutor.java:284)
	at com.kms.katalon.core.common.CommonExecutor.accessTestCaseMainPhase(CommonExecutor.java:65)
	at com.kms.katalon.core.main.TestSuiteExecutor.accessTestSuiteMainPhase(TestSuiteExecutor.java:144)
	at com.kms.katalon.core.main.TestSuiteExecutor.execute(TestSuiteExecutor.java:106)
	at com.kms.katalon.core.main.TestCaseMain.startTestSuite(TestCaseMain.java:185)
	at com.kms.katalon.core.main.TestCaseMain$startTestSuite$0.call(Unknown Source)
	at TempTestSuite1657783415095.run(TempTestSuite1657783415095.groovy:36)
)

2022-07-14 14:25:18 - [MESSAGE][FAILED] - Unable to verify match between actual text '0' and expected text '0.0' (Root cause: com.kms.katalon.core.exception.StepFailedException: Actual text '0' and expected text '0.0' are not matched
	at com.kms.katalon.core.keyword.builtin.VerifyMatchKeyword$_verifyMatch_closure1.doCall(VerifyMatchKeyword.groovy:57)
	at com.kms.katalon.core.keyword.builtin.VerifyMatchKeyword$_verifyMatch_closure1.call(VerifyMatchKeyword.groovy)
	at com.kms.katalon.core.keyword.internal.KeywordMain.runKeyword(KeywordMain.groovy:74)
	at com.kms.katalon.core.keyword.builtin.VerifyMatchKeyword.verifyMatch(VerifyMatchKeyword.groovy:60)
	at com.kms.katalon.core.keyword.builtin.VerifyMatchKeyword.execute(VerifyMatchKeyword.groovy:45)
	at com.kms.katalon.core.keyword.internal.KeywordExecutor.executeKeywordForPlatform(KeywordExecutor.groovy:74)
	at com.kms.katalon.core.keyword.BuiltinKeywords.verifyMatch(BuiltinKeywords.groovy:73)
	at 3 - 2B_ Verify Calculated Values in Work Order (box layer1 layer2).run(3 - 2B_ Verify Calculated Values in Work Order (box layer1 layer2):503)
	at com.kms.katalon.core.main.ScriptEngine.run(ScriptEngine.java:194)
	at com.kms.katalon.core.main.ScriptEngine.runScriptAsRawText(ScriptEngine.java:119)
	at com.kms.katalon.core.main.TestCaseExecutor.runScript(TestCaseExecutor.java:445)
	at com.kms.katalon.core.main.TestCaseExecutor.doExecute(TestCaseExecutor.java:436)
	at com.kms.katalon.core.main.TestCaseExecutor.processExecutionPhase(TestCaseExecutor.java:415)
	at com.kms.katalon.core.main.TestCaseExecutor.accessMainPhase(TestCaseExecutor.java:407)
	at com.kms.katalon.core.main.TestCaseExecutor.execute(TestCaseExecutor.java:284)
	at com.kms.katalon.core.common.CommonExecutor.accessTestCaseMainPhase(CommonExecutor.java:65)
	at com.kms.katalon.core.main.TestSuiteExecutor.accessTestSuiteMainPhase(TestSuiteExecutor.java:144)
	at com.kms.katalon.core.main.TestSuiteExecutor.execute(TestSuiteExecutor.java:106)
	at com.kms.katalon.core.main.TestCaseMain.startTestSuite(TestCaseMain.java:185)
	at com.kms.katalon.core.main.TestCaseMain$startTestSuite$0.call(Unknown Source)
	at TempTestSuite1657783415095.run(TempTestSuite1657783415095.groovy:36)
)

2022-07-14 14:25:18 - [TEST_STEP][PASSED] - qValuelayer2_5 = 0: null

2022-07-14 14:25:18 - [TEST_STEP][PASSED] - sheetLengthLayer2_5 = 150: null

2022-07-14 14:25:18 - [TEST_STEP][PASSED] - minLebarMmSheetLayer2_5 = 1500: null

2022-07-14 14:25:18 - [TEST_STEP][PASSED] - identifierLayer2_5 = 1: null

2022-07-14 14:25:18 - [TEST_STEP][PASSED] - beratSubstanceLayer2_5 = qValuelayer2_5 / 1000 * sheetLengthLayer2_5 / 1000 * minLebarMmSheetLayer2_5 / 1000 * identifierLayer2_5 * corrLayer2: null

2022-07-14 14:25:18 - [TEST_STEP][PASSED] - expected_beratsubstance5_layer2 = beratSubstanceLayer2_5.round(2): null

2022-07-14 14:25:18 - [TEST_STEP][PASSED] - actual_beratsubstance5_layer2 = allValues[29]: null

2022-07-14 14:25:18 - [TEST_STEP][FAILED] - verifyMatch(actual_beratsubstance5_layer2, expected_beratsubstance5_layer2, false): Unable to verify match between actual text '0' and expected text '0.0' (Root cause: com.kms.katalon.core.exception.StepFailedException: Actual text '0' and expected text '0.0' are not matched
	at com.kms.katalon.core.keyword.builtin.VerifyMatchKeyword$_verifyMatch_closure1.doCall(VerifyMatchKeyword.groovy:57)
	at com.kms.katalon.core.keyword.builtin.VerifyMatchKeyword$_verifyMatch_closure1.call(VerifyMatchKeyword.groovy)
	at com.kms.katalon.core.keyword.internal.KeywordMain.runKeyword(KeywordMain.groovy:74)
	at com.kms.katalon.core.keyword.builtin.VerifyMatchKeyword.verifyMatch(VerifyMatchKeyword.groovy:60)
	at com.kms.katalon.core.keyword.builtin.VerifyMatchKeyword.execute(VerifyMatchKeyword.groovy:45)
	at com.kms.katalon.core.keyword.internal.KeywordExecutor.executeKeywordForPlatform(KeywordExecutor.groovy:74)
	at com.kms.katalon.core.keyword.BuiltinKeywords.verifyMatch(BuiltinKeywords.groovy:73)
	at 3 - 2B_ Verify Calculated Values in Work Order (box layer1 layer2).run(3 - 2B_ Verify Calculated Values in Work Order (box layer1 layer2):514)
	at com.kms.katalon.core.main.ScriptEngine.run(ScriptEngine.java:194)
	at com.kms.katalon.core.main.ScriptEngine.runScriptAsRawText(ScriptEngine.java:119)
	at com.kms.katalon.core.main.TestCaseExecutor.runScript(TestCaseExecutor.java:445)
	at com.kms.katalon.core.main.TestCaseExecutor.doExecute(TestCaseExecutor.java:436)
	at com.kms.katalon.core.main.TestCaseExecutor.processExecutionPhase(TestCaseExecutor.java:415)
	at com.kms.katalon.core.main.TestCaseExecutor.accessMainPhase(TestCaseExecutor.java:407)
	at com.kms.katalon.core.main.TestCaseExecutor.execute(TestCaseExecutor.java:284)
	at com.kms.katalon.core.common.CommonExecutor.accessTestCaseMainPhase(CommonExecutor.java:65)
	at com.kms.katalon.core.main.TestSuiteExecutor.accessTestSuiteMainPhase(TestSuiteExecutor.java:144)
	at com.kms.katalon.core.main.TestSuiteExecutor.execute(TestSuiteExecutor.java:106)
	at com.kms.katalon.core.main.TestCaseMain.startTestSuite(TestCaseMain.java:185)
	at com.kms.katalon.core.main.TestCaseMain$startTestSuite$0.call(Unknown Source)
	at TempTestSuite1657783415095.run(TempTestSuite1657783415095.groovy:36)
)

2022-07-14 14:25:18 - [MESSAGE][FAILED] - Unable to verify match between actual text '0' and expected text '0.0' (Root cause: com.kms.katalon.core.exception.StepFailedException: Actual text '0' and expected text '0.0' are not matched
	at com.kms.katalon.core.keyword.builtin.VerifyMatchKeyword$_verifyMatch_closure1.doCall(VerifyMatchKeyword.groovy:57)
	at com.kms.katalon.core.keyword.builtin.VerifyMatchKeyword$_verifyMatch_closure1.call(VerifyMatchKeyword.groovy)
	at com.kms.katalon.core.keyword.internal.KeywordMain.runKeyword(KeywordMain.groovy:74)
	at com.kms.katalon.core.keyword.builtin.VerifyMatchKeyword.verifyMatch(VerifyMatchKeyword.groovy:60)
	at com.kms.katalon.core.keyword.builtin.VerifyMatchKeyword.execute(VerifyMatchKeyword.groovy:45)
	at com.kms.katalon.core.keyword.internal.KeywordExecutor.executeKeywordForPlatform(KeywordExecutor.groovy:74)
	at com.kms.katalon.core.keyword.BuiltinKeywords.verifyMatch(BuiltinKeywords.groovy:73)
	at 3 - 2B_ Verify Calculated Values in Work Order (box layer1 layer2).run(3 - 2B_ Verify Calculated Values in Work Order (box layer1 layer2):514)
	at com.kms.katalon.core.main.ScriptEngine.run(ScriptEngine.java:194)
	at com.kms.katalon.core.main.ScriptEngine.runScriptAsRawText(ScriptEngine.java:119)
	at com.kms.katalon.core.main.TestCaseExecutor.runScript(TestCaseExecutor.java:445)
	at com.kms.katalon.core.main.TestCaseExecutor.doExecute(TestCaseExecutor.java:436)
	at com.kms.katalon.core.main.TestCaseExecutor.processExecutionPhase(TestCaseExecutor.java:415)
	at com.kms.katalon.core.main.TestCaseExecutor.accessMainPhase(TestCaseExecutor.java:407)
	at com.kms.katalon.core.main.TestCaseExecutor.execute(TestCaseExecutor.java:284)
	at com.kms.katalon.core.common.CommonExecutor.accessTestCaseMainPhase(CommonExecutor.java:65)
	at com.kms.katalon.core.main.TestSuiteExecutor.accessTestSuiteMainPhase(TestSuiteExecutor.java:144)
	at com.kms.katalon.core.main.TestSuiteExecutor.execute(TestSuiteExecutor.java:106)
	at com.kms.katalon.core.main.TestCaseMain.startTestSuite(TestCaseMain.java:185)
	at com.kms.katalon.core.main.TestCaseMain$startTestSuite$0.call(Unknown Source)
	at TempTestSuite1657783415095.run(TempTestSuite1657783415095.groovy:36)
)

2022-07-14 14:25:18 - [TEST_STEP][PASSED] - closeBrowser(): Browser is closed

2022-07-14 14:25:19 - [MESSAGE][PASSED] - Browser is closed]]></system-out>
         <system-err><![CDATA[2022-07-14 14:23:42 - [TEST_CASE][FAILED] - Test Cases/SKT ERP/Production/3 - 2B_ Verify Calculated Values in Work Order (box layer1 layer2): Test Cases/SKT ERP/Production/3 - 2B_ Verify Calculated Values in Work Order (box layer1 layer2) FAILED.
Reason:
com.kms.katalon.core.exception.StepFailedException: Unable to verify match between actual text '344.72' and expected text '344.73' (Root cause: com.kms.katalon.core.exception.StepFailedException: Actual text '344.72' and expected text '344.73' are not matched
	at com.kms.katalon.core.keyword.builtin.VerifyMatchKeyword$_verifyMatch_closure1.doCall(VerifyMatchKeyword.groovy:57)
	at com.kms.katalon.core.keyword.builtin.VerifyMatchKeyword$_verifyMatch_closure1.call(VerifyMatchKeyword.groovy)
	at com.kms.katalon.core.keyword.internal.KeywordMain.runKeyword(KeywordMain.groovy:74)
	at com.kms.katalon.core.keyword.builtin.VerifyMatchKeyword.verifyMatch(VerifyMatchKeyword.groovy:60)
	at com.kms.katalon.core.keyword.builtin.VerifyMatchKeyword.execute(VerifyMatchKeyword.groovy:45)
	at com.kms.katalon.core.keyword.internal.KeywordExecutor.executeKeywordForPlatform(KeywordExecutor.groovy:74)
	at com.kms.katalon.core.keyword.BuiltinKeywords.verifyMatch(BuiltinKeywords.groovy:73)
	at 3 - 2B_ Verify Calculated Values in Work Order (box layer1 layer2).run(3 - 2B_ Verify Calculated Values in Work Order (box layer1 layer2):240)
	at com.kms.katalon.core.main.ScriptEngine.run(ScriptEngine.java:194)
	at com.kms.katalon.core.main.ScriptEngine.runScriptAsRawText(ScriptEngine.java:119)
	at com.kms.katalon.core.main.TestCaseExecutor.runScript(TestCaseExecutor.java:445)
	at com.kms.katalon.core.main.TestCaseExecutor.doExecute(TestCaseExecutor.java:436)
	at com.kms.katalon.core.main.TestCaseExecutor.processExecutionPhase(TestCaseExecutor.java:415)
	at com.kms.katalon.core.main.TestCaseExecutor.accessMainPhase(TestCaseExecutor.java:407)
	at com.kms.katalon.core.main.TestCaseExecutor.execute(TestCaseExecutor.java:284)
	at com.kms.katalon.core.common.CommonExecutor.accessTestCaseMainPhase(CommonExecutor.java:65)
	at com.kms.katalon.core.main.TestSuiteExecutor.accessTestSuiteMainPhase(TestSuiteExecutor.java:144)
	at com.kms.katalon.core.main.TestSuiteExecutor.execute(TestSuiteExecutor.java:106)
	at com.kms.katalon.core.main.TestCaseMain.startTestSuite(TestCaseMain.java:185)
	at com.kms.katalon.core.main.TestCaseMain$startTestSuite$0.call(Unknown Source)
	at TempTestSuite1657783415095.run(TempTestSuite1657783415095.groovy:36)
)
	at com.kms.katalon.core.keyword.internal.KeywordMain.stepFailed(KeywordMain.groovy:39)
	at com.kms.katalon.core.keyword.internal.KeywordMain.stepFailed(KeywordMain.groovy)
	at com.kms.katalon.core.keyword.internal.KeywordMain.runKeyword(KeywordMain.groovy:76)
	at com.kms.katalon.core.keyword.builtin.VerifyMatchKeyword.verifyMatch(VerifyMatchKeyword.groovy:60)
	at com.kms.katalon.core.keyword.builtin.VerifyMatchKeyword.execute(VerifyMatchKeyword.groovy:45)
	at com.kms.katalon.core.keyword.internal.KeywordExecutor.executeKeywordForPlatform(KeywordExecutor.groovy:74)
	at com.kms.katalon.core.keyword.BuiltinKeywords.verifyMatch(BuiltinKeywords.groovy:73)
	at 3 - 2B_ Verify Calculated Values in Work Order (box layer1 layer2).run(3 - 2B_ Verify Calculated Values in Work Order (box layer1 layer2):240)
	at com.kms.katalon.core.main.ScriptEngine.run(ScriptEngine.java:194)
	at com.kms.katalon.core.main.ScriptEngine.runScriptAsRawText(ScriptEngine.java:119)
	at com.kms.katalon.core.main.TestCaseExecutor.runScript(TestCaseExecutor.java:445)
	at com.kms.katalon.core.main.TestCaseExecutor.doExecute(TestCaseExecutor.java:436)
	at com.kms.katalon.core.main.TestCaseExecutor.processExecutionPhase(TestCaseExecutor.java:415)
	at com.kms.katalon.core.main.TestCaseExecutor.accessMainPhase(TestCaseExecutor.java:407)
	at com.kms.katalon.core.main.TestCaseExecutor.execute(TestCaseExecutor.java:284)
	at com.kms.katalon.core.common.CommonExecutor.accessTestCaseMainPhase(CommonExecutor.java:65)
	at com.kms.katalon.core.main.TestSuiteExecutor.accessTestSuiteMainPhase(TestSuiteExecutor.java:144)
	at com.kms.katalon.core.main.TestSuiteExecutor.execute(TestSuiteExecutor.java:106)
	at com.kms.katalon.core.main.TestCaseMain.startTestSuite(TestCaseMain.java:185)
	at com.kms.katalon.core.main.TestCaseMain$startTestSuite$0.call(Unknown Source)
	at TempTestSuite1657783415095.run(TempTestSuite1657783415095.groovy:36)
Caused by: com.kms.katalon.core.exception.StepFailedException: Actual text '344.72' and expected text '344.73' are not matched
	at com.kms.katalon.core.keyword.builtin.VerifyMatchKeyword$_verifyMatch_closure1.doCall(VerifyMatchKeyword.groovy:57)
	at com.kms.katalon.core.keyword.builtin.VerifyMatchKeyword$_verifyMatch_closure1.call(VerifyMatchKeyword.groovy)
	at com.kms.katalon.core.keyword.internal.KeywordMain.runKeyword(KeywordMain.groovy:74)
	... 18 more]]></system-err>
      </testcase>
      <testcase name="Test Cases/SKT ERP/Production/2 - 2A_ Verify Calculated Values in Work Order (box partisi1 partisi2)" time="71.537" classname="Test Cases/SKT ERP/Production/2 - 2A_ Verify Calculated Values in Work Order (box partisi1 partisi2)" status="FAILED">
         <failure type="FAILED" message="Test Cases/SKT ERP/Production/2 - 2A_ Verify Calculated Values in Work Order (box partisi1 partisi2) FAILED.
Reason:
com.kms.katalon.core.exception.StepFailedException: Unable to verify match between actual text '0' and expected text '0.0' (Root cause: com.kms.katalon.core.exception.StepFailedException: Actual text '0' and expected text '0.0' are not matched
	at com.kms.katalon.core.keyword.builtin.VerifyMatchKeyword$_verifyMatch_closure1.doCall(VerifyMatchKeyword.groovy:57)
	at com.kms.katalon.core.keyword.builtin.VerifyMatchKeyword$_verifyMatch_closure1.call(VerifyMatchKeyword.groovy)
	at com.kms.katalon.core.keyword.internal.KeywordMain.runKeyword(KeywordMain.groovy:74)
	at com.kms.katalon.core.keyword.builtin.VerifyMatchKeyword.verifyMatch(VerifyMatchKeyword.groovy:60)
	at com.kms.katalon.core.keyword.builtin.VerifyMatchKeyword.execute(VerifyMatchKeyword.groovy:45)
	at com.kms.katalon.core.keyword.internal.KeywordExecutor.executeKeywordForPlatform(KeywordExecutor.groovy:74)
	at com.kms.katalon.core.keyword.BuiltinKeywords.verifyMatch(BuiltinKeywords.groovy:73)
	at 2 - 2A_ Verify Calculated Values in Work Order (box partisi1 partisi2).run(2 - 2A_ Verify Calculated Values in Work Order (box partisi1 partisi2):299)
	at com.kms.katalon.core.main.ScriptEngine.run(ScriptEngine.java:194)
	at com.kms.katalon.core.main.ScriptEngine.runScriptAsRawText(ScriptEngine.java:119)
	at com.kms.katalon.core.main.TestCaseExecutor.runScript(TestCaseExecutor.java:445)
	at com.kms.katalon.core.main.TestCaseExecutor.doExecute(TestCaseExecutor.java:436)
	at com.kms.katalon.core.main.TestCaseExecutor.processExecutionPhase(TestCaseExecutor.java:415)
	at com.kms.katalon.core.main.TestCaseExecutor.accessMainPhase(TestCaseExecutor.java:407)
	at com.kms.katalon.core.main.TestCaseExecutor.execute(TestCaseExecutor.java:284)
	at com.kms.katalon.core.common.CommonExecutor.accessTestCaseMainPhase(CommonExecutor.java:65)
	at com.kms.katalon.core.main.TestSuiteExecutor.accessTestSuiteMainPhase(TestSuiteExecutor.java:144)
	at com.kms.katalon.core.main.TestSuiteExecutor.execute(TestSuiteExecutor.java:106)
	at com.kms.katalon.core.main.TestCaseMain.startTestSuite(TestCaseMain.java:185)
	at com.kms.katalon.core.main.TestCaseMain$startTestSuite$0.call(Unknown Source)
	at TempTestSuite1657783415095.run(TempTestSuite1657783415095.groovy:36)
)
	at com.kms.katalon.core.keyword.internal.KeywordMain.stepFailed(KeywordMain.groovy:39)
	at com.kms.katalon.core.keyword.internal.KeywordMain.stepFailed(KeywordMain.groovy)
	at com.kms.katalon.core.keyword.internal.KeywordMain.runKeyword(KeywordMain.groovy:76)
	at com.kms.katalon.core.keyword.builtin.VerifyMatchKeyword.verifyMatch(VerifyMatchKeyword.groovy:60)
	at com.kms.katalon.core.keyword.builtin.VerifyMatchKeyword.execute(VerifyMatchKeyword.groovy:45)
	at com.kms.katalon.core.keyword.internal.KeywordExecutor.executeKeywordForPlatform(KeywordExecutor.groovy:74)
	at com.kms.katalon.core.keyword.BuiltinKeywords.verifyMatch(BuiltinKeywords.groovy:73)
	at 2 - 2A_ Verify Calculated Values in Work Order (box partisi1 partisi2).run(2 - 2A_ Verify Calculated Values in Work Order (box partisi1 partisi2):299)
	at com.kms.katalon.core.main.ScriptEngine.run(ScriptEngine.java:194)
	at com.kms.katalon.core.main.ScriptEngine.runScriptAsRawText(ScriptEngine.java:119)
	at com.kms.katalon.core.main.TestCaseExecutor.runScript(TestCaseExecutor.java:445)
	at com.kms.katalon.core.main.TestCaseExecutor.doExecute(TestCaseExecutor.java:436)
	at com.kms.katalon.core.main.TestCaseExecutor.processExecutionPhase(TestCaseExecutor.java:415)
	at com.kms.katalon.core.main.TestCaseExecutor.accessMainPhase(TestCaseExecutor.java:407)
	at com.kms.katalon.core.main.TestCaseExecutor.execute(TestCaseExecutor.java:284)
	at com.kms.katalon.core.common.CommonExecutor.accessTestCaseMainPhase(CommonExecutor.java:65)
	at com.kms.katalon.core.main.TestSuiteExecutor.accessTestSuiteMainPhase(TestSuiteExecutor.java:144)
	at com.kms.katalon.core.main.TestSuiteExecutor.execute(TestSuiteExecutor.java:106)
	at com.kms.katalon.core.main.TestCaseMain.startTestSuite(TestCaseMain.java:185)
	at com.kms.katalon.core.main.TestCaseMain$startTestSuite$0.call(Unknown Source)
	at TempTestSuite1657783415095.run(TempTestSuite1657783415095.groovy:36)
Caused by: com.kms.katalon.core.exception.StepFailedException: Actual text '0' and expected text '0.0' are not matched
	at com.kms.katalon.core.keyword.builtin.VerifyMatchKeyword$_verifyMatch_closure1.doCall(VerifyMatchKeyword.groovy:57)
	at com.kms.katalon.core.keyword.builtin.VerifyMatchKeyword$_verifyMatch_closure1.call(VerifyMatchKeyword.groovy)
	at com.kms.katalon.core.keyword.internal.KeywordMain.runKeyword(KeywordMain.groovy:74)
	... 18 more
"/>
         <system-out><![CDATA[2022-07-14 14:25:19 - [TEST_CASE][FAILED] - Test Cases/SKT ERP/Production/2 - 2A_ Verify Calculated Values in Work Order (box partisi1 partisi2): Test Cases/SKT ERP/Production/2 - 2A_ Verify Calculated Values in Work Order (box partisi1 partisi2) FAILED.
Reason:
com.kms.katalon.core.exception.StepFailedException: Unable to verify match between actual text '0' and expected text '0.0' (Root cause: com.kms.katalon.core.exception.StepFailedException: Actual text '0' and expected text '0.0' are not matched
	at com.kms.katalon.core.keyword.builtin.VerifyMatchKeyword$_verifyMatch_closure1.doCall(VerifyMatchKeyword.groovy:57)
	at com.kms.katalon.core.keyword.builtin.VerifyMatchKeyword$_verifyMatch_closure1.call(VerifyMatchKeyword.groovy)
	at com.kms.katalon.core.keyword.internal.KeywordMain.runKeyword(KeywordMain.groovy:74)
	at com.kms.katalon.core.keyword.builtin.VerifyMatchKeyword.verifyMatch(VerifyMatchKeyword.groovy:60)
	at com.kms.katalon.core.keyword.builtin.VerifyMatchKeyword.execute(VerifyMatchKeyword.groovy:45)
	at com.kms.katalon.core.keyword.internal.KeywordExecutor.executeKeywordForPlatform(KeywordExecutor.groovy:74)
	at com.kms.katalon.core.keyword.BuiltinKeywords.verifyMatch(BuiltinKeywords.groovy:73)
	at 2 - 2A_ Verify Calculated Values in Work Order (box partisi1 partisi2).run(2 - 2A_ Verify Calculated Values in Work Order (box partisi1 partisi2):299)
	at com.kms.katalon.core.main.ScriptEngine.run(ScriptEngine.java:194)
	at com.kms.katalon.core.main.ScriptEngine.runScriptAsRawText(ScriptEngine.java:119)
	at com.kms.katalon.core.main.TestCaseExecutor.runScript(TestCaseExecutor.java:445)
	at com.kms.katalon.core.main.TestCaseExecutor.doExecute(TestCaseExecutor.java:436)
	at com.kms.katalon.core.main.TestCaseExecutor.processExecutionPhase(TestCaseExecutor.java:415)
	at com.kms.katalon.core.main.TestCaseExecutor.accessMainPhase(TestCaseExecutor.java:407)
	at com.kms.katalon.core.main.TestCaseExecutor.execute(TestCaseExecutor.java:284)
	at com.kms.katalon.core.common.CommonExecutor.accessTestCaseMainPhase(CommonExecutor.java:65)
	at com.kms.katalon.core.main.TestSuiteExecutor.accessTestSuiteMainPhase(TestSuiteExecutor.java:144)
	at com.kms.katalon.core.main.TestSuiteExecutor.execute(TestSuiteExecutor.java:106)
	at com.kms.katalon.core.main.TestCaseMain.startTestSuite(TestCaseMain.java:185)
	at com.kms.katalon.core.main.TestCaseMain$startTestSuite$0.call(Unknown Source)
	at TempTestSuite1657783415095.run(TempTestSuite1657783415095.groovy:36)
)
	at com.kms.katalon.core.keyword.internal.KeywordMain.stepFailed(KeywordMain.groovy:39)
	at com.kms.katalon.core.keyword.internal.KeywordMain.stepFailed(KeywordMain.groovy)
	at com.kms.katalon.core.keyword.internal.KeywordMain.runKeyword(KeywordMain.groovy:76)
	at com.kms.katalon.core.keyword.builtin.VerifyMatchKeyword.verifyMatch(VerifyMatchKeyword.groovy:60)
	at com.kms.katalon.core.keyword.builtin.VerifyMatchKeyword.execute(VerifyMatchKeyword.groovy:45)
	at com.kms.katalon.core.keyword.internal.KeywordExecutor.executeKeywordForPlatform(KeywordExecutor.groovy:74)
	at com.kms.katalon.core.keyword.BuiltinKeywords.verifyMatch(BuiltinKeywords.groovy:73)
	at 2 - 2A_ Verify Calculated Values in Work Order (box partisi1 partisi2).run(2 - 2A_ Verify Calculated Values in Work Order (box partisi1 partisi2):299)
	at com.kms.katalon.core.main.ScriptEngine.run(ScriptEngine.java:194)
	at com.kms.katalon.core.main.ScriptEngine.runScriptAsRawText(ScriptEngine.java:119)
	at com.kms.katalon.core.main.TestCaseExecutor.runScript(TestCaseExecutor.java:445)
	at com.kms.katalon.core.main.TestCaseExecutor.doExecute(TestCaseExecutor.java:436)
	at com.kms.katalon.core.main.TestCaseExecutor.processExecutionPhase(TestCaseExecutor.java:415)
	at com.kms.katalon.core.main.TestCaseExecutor.accessMainPhase(TestCaseExecutor.java:407)
	at com.kms.katalon.core.main.TestCaseExecutor.execute(TestCaseExecutor.java:284)
	at com.kms.katalon.core.common.CommonExecutor.accessTestCaseMainPhase(CommonExecutor.java:65)
	at com.kms.katalon.core.main.TestSuiteExecutor.accessTestSuiteMainPhase(TestSuiteExecutor.java:144)
	at com.kms.katalon.core.main.TestSuiteExecutor.execute(TestSuiteExecutor.java:106)
	at com.kms.katalon.core.main.TestCaseMain.startTestSuite(TestCaseMain.java:185)
	at com.kms.katalon.core.main.TestCaseMain$startTestSuite$0.call(Unknown Source)
	at TempTestSuite1657783415095.run(TempTestSuite1657783415095.groovy:36)
Caused by: com.kms.katalon.core.exception.StepFailedException: Actual text '0' and expected text '0.0' are not matched
	at com.kms.katalon.core.keyword.builtin.VerifyMatchKeyword$_verifyMatch_closure1.doCall(VerifyMatchKeyword.groovy:57)
	at com.kms.katalon.core.keyword.builtin.VerifyMatchKeyword$_verifyMatch_closure1.call(VerifyMatchKeyword.groovy)
	at com.kms.katalon.core.keyword.internal.KeywordMain.runKeyword(KeywordMain.groovy:74)
	... 18 more


2022-07-14 14:25:19 - [TEST_STEP][PASSED] - openBrowser(""): Browser is opened with url: ''

2022-07-14 14:25:19 - [MESSAGE][INFO] - Starting 'Chrome' driver

2022-07-14 14:25:19 - [MESSAGE][INFO] - Action delay is set to 0 milliseconds

2022-07-14 14:25:21 - [MESSAGE][PASSED] - Browser is opened with url: ''

2022-07-14 14:25:21 - [TEST_STEP][PASSED] - navigateToUrl("http://localhost:3001/login"): Navigate to 'http://localhost:3001/login' successfully

2022-07-14 14:25:22 - [MESSAGE][PASSED] - Navigate to 'http://localhost:3001/login' successfully

2022-07-14 14:25:22 - [TEST_STEP][PASSED] - setText(findTestObject("Object Repository/Page_SKT ERP  ERP/Login/input_login_username"), "devshelly"): Text 'devshelly' is set on object 'Object Repository/Page_SKT ERP  ERP/Login/input_login_username'

2022-07-14 14:25:23 - [MESSAGE][PASSED] - Text 'devshelly' is set on object 'Object Repository/Page_SKT ERP  ERP/Login/input_login_username'

2022-07-14 14:25:23 - [TEST_STEP][PASSED] - setEncryptedText(findTestObject("Object Repository/Page_SKT ERP  ERP/Login/input_login_password"), "bD8Rq1FIAurX2vfab/lFTQ=="): Text ****** has been set on object 'Object Repository/Page_SKT ERP  ERP/Login/input_login_password'

2022-07-14 14:25:24 - [MESSAGE][PASSED] - Text ****** has been set on object 'Object Repository/Page_SKT ERP  ERP/Login/input_login_password'

2022-07-14 14:25:24 - [TEST_STEP][PASSED] - maximizeWindow(): Current window maximized

2022-07-14 14:25:24 - [MESSAGE][PASSED] - Current window maximized

2022-07-14 14:25:24 - [TEST_STEP][PASSED] - driver = getWebDriver(): null

2022-07-14 14:25:24 - [TEST_STEP][PASSED] - click(findTestObject("Object Repository/Page_SKT ERP  ERP/Login/button_login")): Object: 'Object Repository/Page_SKT ERP  ERP/Login/button_login' is clicked on

2022-07-14 14:25:24 - [MESSAGE][PASSED] - Object: 'Object Repository/Page_SKT ERP  ERP/Login/button_login' is clicked on

2022-07-14 14:25:24 - [TEST_STEP][PASSED] - noSalesOrder = "tesround": null

2022-07-14 14:25:24 - [TEST_STEP][PASSED] - newQty = 100: null

2022-07-14 14:25:24 - [TEST_STEP][PASSED] - click(findTestObject("Object Repository/Page_SKT ERP  ERP/Tab Sales/Tab Sales")): Object: 'Object Repository/Page_SKT ERP  ERP/Tab Sales/Tab Sales' is clicked on

2022-07-14 14:25:27 - [MESSAGE][PASSED] - Object: 'Object Repository/Page_SKT ERP  ERP/Tab Sales/Tab Sales' is clicked on

2022-07-14 14:25:27 - [TEST_STEP][PASSED] - click(findTestObject("Page_SKT ERP  ERP/Tab Sales/Release Sales Order/Tab Release Sales Order")): Object: 'Object Repository/Page_SKT ERP  ERP/Tab Sales/Release Sales Order/Tab Release Sales Order' is clicked on

2022-07-14 14:25:28 - [MESSAGE][PASSED] - Object: 'Object Repository/Page_SKT ERP  ERP/Tab Sales/Release Sales Order/Tab Release Sales Order' is clicked on

2022-07-14 14:25:28 - [TEST_STEP][PASSED] - click(findTestObject("Page_SKT ERP  ERP/Tab Sales/Release Sales Order/Button Filters")): Object: 'Object Repository/Page_SKT ERP  ERP/Tab Sales/Release Sales Order/Button Filters' is clicked on

2022-07-14 14:25:47 - [MESSAGE][PASSED] - Object: 'Object Repository/Page_SKT ERP  ERP/Tab Sales/Release Sales Order/Button Filters' is clicked on

2022-07-14 14:25:47 - [TEST_STEP][PASSED] - click(findTestObject("Page_SKT ERP  ERP/Tab Sales/Release Sales Order/Filters by No SO")): Object: 'Object Repository/Page_SKT ERP  ERP/Tab Sales/Release Sales Order/Filters by No SO' is clicked on

2022-07-14 14:25:47 - [MESSAGE][PASSED] - Object: 'Object Repository/Page_SKT ERP  ERP/Tab Sales/Release Sales Order/Filters by No SO' is clicked on

2022-07-14 14:25:47 - [TEST_STEP][PASSED] - setText(findTestObject("Page_SKT ERP  ERP/Tab Sales/Release Sales Order/Filters by No SO"), noSalesOrder): Text 'tesround' is set on object 'Object Repository/Page_SKT ERP  ERP/Tab Sales/Release Sales Order/Filters by No SO'

2022-07-14 14:25:48 - [MESSAGE][PASSED] - Text 'tesround' is set on object 'Object Repository/Page_SKT ERP  ERP/Tab Sales/Release Sales Order/Filters by No SO'

2022-07-14 14:25:48 - [TEST_STEP][PASSED] - click(findTestObject("Page_SKT ERP  ERP/Tab Sales/Release Sales Order/button Search in Filters")): Object: 'Object Repository/Page_SKT ERP  ERP/Tab Sales/Release Sales Order/button Search in Filters' is clicked on

2022-07-14 14:25:49 - [MESSAGE][PASSED] - Object: 'Object Repository/Page_SKT ERP  ERP/Tab Sales/Release Sales Order/button Search in Filters' is clicked on

2022-07-14 14:25:49 - [TEST_STEP][PASSED] - scrollToElement(findTestObject("Page_SKT ERP  ERP/Tab Sales/Release Sales Order/button Search in Filters"), 30): Scroll to object 'Object Repository/Page_SKT ERP  ERP/Tab Sales/Release Sales Order/button Search in Filters' successfully

2022-07-14 14:25:50 - [MESSAGE][PASSED] - Scroll to object 'Object Repository/Page_SKT ERP  ERP/Tab Sales/Release Sales Order/button Search in Filters' successfully

2022-07-14 14:25:50 - [TEST_STEP][PASSED] - delay(3): Delayed 3 second(s)

2022-07-14 14:25:53 - [MESSAGE][PASSED] - Delayed 3 second(s)

2022-07-14 14:25:53 - [TEST_STEP][PASSED] - Table = driver.findElement(By.xpath("/html[1]/body[1]/div[1]/div[1]/main[1]/section[1]/div[1]/div[2]/div[2]/div[2]/div[1]/div[1]/div[1]/div[1]/div[1]/div[2]/table[1]/tbody[1]")): null

2022-07-14 14:25:53 - [TEST_STEP][PASSED] - rows_table = Table.findElements(By.tagName("tr")): null

2022-07-14 14:25:53 - [TEST_STEP][PASSED] - rows_count = rows_table.size(): null

2022-07-14 14:25:53 - [TEST_STEP][PASSED] - isiTable = <not implemented yet for class: org.codehaus.groovy.ast.expr.EmptyExpression>: null

2022-07-14 14:25:53 - [TEST_STEP][PASSED] - outkrts = <not implemented yet for class: org.codehaus.groovy.ast.expr.EmptyExpression>: null

2022-07-14 14:25:53 - [TEST_STEP][PASSED] - corr = <not implemented yet for class: org.codehaus.groovy.ast.expr.EmptyExpression>: null

2022-07-14 14:25:53 - [TEST_STEP][PASSED] - beratbox = <not implemented yet for class: org.codehaus.groovy.ast.expr.EmptyExpression>: null

2022-07-14 14:25:53 - [TEST_STEP][PASSED] - beratorder = <not implemented yet for class: org.codehaus.groovy.ast.expr.EmptyExpression>: null

2022-07-14 14:25:53 - [TEST_STEP][PASSED] - berattrim = <not implemented yet for class: org.codehaus.groovy.ast.expr.EmptyExpression>: null

2022-07-14 14:25:53 - [TEST_STEP][PASSED] - BeratSubstance1 = <not implemented yet for class: org.codehaus.groovy.ast.expr.EmptyExpression>: null

2022-07-14 14:25:53 - [TEST_STEP][PASSED] - BeratSubstance2 = <not implemented yet for class: org.codehaus.groovy.ast.expr.EmptyExpression>: null

2022-07-14 14:25:53 - [TEST_STEP][PASSED] - BeratSubstance3 = <not implemented yet for class: org.codehaus.groovy.ast.expr.EmptyExpression>: null

2022-07-14 14:25:53 - [TEST_STEP][PASSED] - BeratSubstance4 = <not implemented yet for class: org.codehaus.groovy.ast.expr.EmptyExpression>: null

2022-07-14 14:25:53 - [TEST_STEP][PASSED] - BeratSubstance5 = <not implemented yet for class: org.codehaus.groovy.ast.expr.EmptyExpression>: null

2022-07-14 14:25:53 - [TEST_STEP][PASSED] - noSPKperItem = new java.util.ArrayList(): null

2022-07-14 14:25:53 - [TEST_STEP][PASSED] - for ([row = 0, row < rows_count, (row++)]): null

2022-07-14 14:25:53 - [TEST_STEP][PASSED] - Columns_row = get(row).findElements(By.tagName("td")): null

2022-07-14 14:25:54 - [TEST_STEP][PASSED] - column_no_spk_item = 4: null

2022-07-14 14:25:54 - [TEST_STEP][PASSED] - isiTable = get(column_no_spk_item).getText(): null

2022-07-14 14:25:54 - [TEST_STEP][PASSED] - comment(isiTable): 2207.0149.SPK

2022-07-14 14:25:54 - [MESSAGE][INFO] - 2207.0149.SPK

2022-07-14 14:25:54 - [TEST_STEP][PASSED] - noSPKperItem.add(isiTable): null

2022-07-14 14:25:54 - [TEST_STEP][PASSED] - Columns_row = get(row).findElements(By.tagName("td")): null

2022-07-14 14:25:54 - [TEST_STEP][PASSED] - column_no_spk_item = 4: null

2022-07-14 14:25:54 - [TEST_STEP][PASSED] - isiTable = get(column_no_spk_item).getText(): null

2022-07-14 14:25:54 - [TEST_STEP][PASSED] - comment(isiTable): 2207.0150.SPK

2022-07-14 14:25:54 - [MESSAGE][INFO] - 2207.0150.SPK

2022-07-14 14:25:54 - [TEST_STEP][PASSED] - noSPKperItem.add(isiTable): null

2022-07-14 14:25:54 - [TEST_STEP][PASSED] - allValues = new java.util.ArrayList(): null

2022-07-14 14:25:54 - [TEST_STEP][PASSED] - array_count = noSPKperItem.size(): null

2022-07-14 14:25:54 - [TEST_STEP][PASSED] - for ([arr = 0, arr < array_count, (arr++)]): null

2022-07-14 14:25:54 - [TEST_STEP][PASSED] - out = noSPKperItem[arr]: null

2022-07-14 14:25:54 - [TEST_STEP][PASSED] - click(findTestObject("Page_SKT ERP  ERP/Tab Production/Tab Production")): Object: 'Object Repository/Page_SKT ERP  ERP/Tab Production/Tab Production' is clicked on

2022-07-14 14:25:54 - [MESSAGE][PASSED] - Object: 'Object Repository/Page_SKT ERP  ERP/Tab Production/Tab Production' is clicked on

2022-07-14 14:25:54 - [TEST_STEP][PASSED] - click(findTestObject("Page_SKT ERP  ERP/Tab Production/Work Order (SPK)/Tab Work Order (SPK)")): Object: 'Object Repository/Page_SKT ERP  ERP/Tab Production/Work Order (SPK)/Tab Work Order (SPK)' is clicked on

2022-07-14 14:25:55 - [MESSAGE][PASSED] - Object: 'Object Repository/Page_SKT ERP  ERP/Tab Production/Work Order (SPK)/Tab Work Order (SPK)' is clicked on

2022-07-14 14:25:55 - [TEST_STEP][PASSED] - click(findTestObject("Page_SKT ERP  ERP/Tab Production/Work Order (SPK)/button Filters")): Object: 'Object Repository/Page_SKT ERP  ERP/Tab Production/Work Order (SPK)/button Filters' is clicked on

2022-07-14 14:25:58 - [MESSAGE][PASSED] - Object: 'Object Repository/Page_SKT ERP  ERP/Tab Production/Work Order (SPK)/button Filters' is clicked on

2022-07-14 14:25:58 - [TEST_STEP][PASSED] - click(findTestObject("Page_SKT ERP  ERP/Tab Production/Work Order (SPK)/Filters by No SPK (per item)")): Object: 'Object Repository/Page_SKT ERP  ERP/Tab Production/Work Order (SPK)/Filters by No SPK (per item)' is clicked on

2022-07-14 14:25:59 - [MESSAGE][PASSED] - Object: 'Object Repository/Page_SKT ERP  ERP/Tab Production/Work Order (SPK)/Filters by No SPK (per item)' is clicked on

2022-07-14 14:25:59 - [TEST_STEP][PASSED] - setText(findTestObject("Page_SKT ERP  ERP/Tab Production/Work Order (SPK)/Filters by No SPK (per item)"), out): Text '2207.0149.SPK' is set on object 'Object Repository/Page_SKT ERP  ERP/Tab Production/Work Order (SPK)/Filters by No SPK (per item)'

2022-07-14 14:26:00 - [MESSAGE][PASSED] - Text '2207.0149.SPK' is set on object 'Object Repository/Page_SKT ERP  ERP/Tab Production/Work Order (SPK)/Filters by No SPK (per item)'

2022-07-14 14:26:00 - [TEST_STEP][PASSED] - click(findTestObject("Page_SKT ERP  ERP/Tab Production/Work Order (SPK)/button Search in Filters")): Object: 'Object Repository/Page_SKT ERP  ERP/Tab Production/Work Order (SPK)/button Search in Filters' is clicked on

2022-07-14 14:26:00 - [MESSAGE][PASSED] - Object: 'Object Repository/Page_SKT ERP  ERP/Tab Production/Work Order (SPK)/button Search in Filters' is clicked on

2022-07-14 14:26:00 - [TEST_STEP][PASSED] - click(findTestObject("Page_SKT ERP  ERP/Tab Production/Work Order (SPK)/View Work Order")): Object: 'Object Repository/Page_SKT ERP  ERP/Tab Production/Work Order (SPK)/View Work Order' is clicked on

2022-07-14 14:26:02 - [MESSAGE][PASSED] - Object: 'Object Repository/Page_SKT ERP  ERP/Tab Production/Work Order (SPK)/View Work Order' is clicked on

2022-07-14 14:26:02 - [TEST_STEP][PASSED] - delay(5): Delayed 5 second(s)

2022-07-14 14:26:07 - [MESSAGE][PASSED] - Delayed 5 second(s)

2022-07-14 14:26:07 - [TEST_STEP][PASSED] - noSPK = getAttribute(findTestObject("Page_SKT ERP  ERP/Tab Production/Work Order (SPK)/No SPK Set coloumn (in view page)"), "value"): Attribute 'value' of object 'Object Repository/Page_SKT ERP  ERP/Tab Production/Work Order (SPK)/No SPK Set coloumn (in view page)' is: '22013672'

2022-07-14 14:26:08 - [MESSAGE][PASSED] - Attribute 'value' of object 'Object Repository/Page_SKT ERP  ERP/Tab Production/Work Order (SPK)/No SPK Set coloumn (in view page)' is: '22013672'

2022-07-14 14:26:08 - [TEST_STEP][PASSED] - noSPKSetBoxPartisi = noSPK: null

2022-07-14 14:26:08 - [TEST_STEP][PASSED] - outkrts = getAttribute(findTestObject("Page_SKT ERP  ERP/Tab Production/Work Order (SPK)/Work order Values (box)/Out Kertas Values"), "value"): Attribute 'value' of object 'Object Repository/Page_SKT ERP  ERP/Tab Production/Work Order (SPK)/Work order Values (box)/Out Kertas Values' is: '4'

2022-07-14 14:26:08 - [MESSAGE][PASSED] - Attribute 'value' of object 'Object Repository/Page_SKT ERP  ERP/Tab Production/Work Order (SPK)/Work order Values (box)/Out Kertas Values' is: '4'

2022-07-14 14:26:08 - [TEST_STEP][PASSED] - comment(outkrts): 4

2022-07-14 14:26:08 - [MESSAGE][INFO] - 4

2022-07-14 14:26:08 - [TEST_STEP][PASSED] - corr = getAttribute(findTestObject("Page_SKT ERP  ERP/Tab Production/Work Order (SPK)/Work order Values (box)/Corr Values"), "value"): Attribute 'value' of object 'Object Repository/Page_SKT ERP  ERP/Tab Production/Work Order (SPK)/Work order Values (box)/Corr Values' is: '25'

2022-07-14 14:26:08 - [MESSAGE][PASSED] - Attribute 'value' of object 'Object Repository/Page_SKT ERP  ERP/Tab Production/Work Order (SPK)/Work order Values (box)/Corr Values' is: '25'

2022-07-14 14:26:08 - [TEST_STEP][PASSED] - comment(corr): 25

2022-07-14 14:26:08 - [MESSAGE][INFO] - 25

2022-07-14 14:26:08 - [TEST_STEP][PASSED] - beratbox = getAttribute(findTestObject("Page_SKT ERP  ERP/Tab Production/Work Order (SPK)/Work order Values (box)/Berat at Box (gram)"), "value"): Attribute 'value' of object 'Object Repository/Page_SKT ERP  ERP/Tab Production/Work Order (SPK)/Work order Values (box)/Berat at Box (gram)' is: '133.09'

2022-07-14 14:26:09 - [MESSAGE][PASSED] - Attribute 'value' of object 'Object Repository/Page_SKT ERP  ERP/Tab Production/Work Order (SPK)/Work order Values (box)/Berat at Box (gram)' is: '133.09'

2022-07-14 14:26:09 - [TEST_STEP][PASSED] - comment(beratbox): 133.09

2022-07-14 14:26:09 - [MESSAGE][INFO] - 133.09

2022-07-14 14:26:09 - [TEST_STEP][PASSED] - beratorder = getAttribute(findTestObject("Page_SKT ERP  ERP/Tab Production/Work Order (SPK)/Work order Values (box)/Berat Order (Kg)"), "value"): Attribute 'value' of object 'Object Repository/Page_SKT ERP  ERP/Tab Production/Work Order (SPK)/Work order Values (box)/Berat Order (Kg)' is: '13.31'

2022-07-14 14:26:09 - [MESSAGE][PASSED] - Attribute 'value' of object 'Object Repository/Page_SKT ERP  ERP/Tab Production/Work Order (SPK)/Work order Values (box)/Berat Order (Kg)' is: '13.31'

2022-07-14 14:26:09 - [TEST_STEP][PASSED] - comment(beratorder): 13.31

2022-07-14 14:26:09 - [MESSAGE][INFO] - 13.31

2022-07-14 14:26:09 - [TEST_STEP][PASSED] - berattrim = getAttribute(findTestObject("Page_SKT ERP  ERP/Tab Production/Work Order (SPK)/Work order Values (box)/Berat Trim (Kg)"), "value"): Attribute 'value' of object 'Object Repository/Page_SKT ERP  ERP/Tab Production/Work Order (SPK)/Work order Values (box)/Berat Trim (Kg)' is: '0.32725'

2022-07-14 14:26:09 - [MESSAGE][PASSED] - Attribute 'value' of object 'Object Repository/Page_SKT ERP  ERP/Tab Production/Work Order (SPK)/Work order Values (box)/Berat Trim (Kg)' is: '0.32725'

2022-07-14 14:26:09 - [TEST_STEP][PASSED] - comment(berattrim): 0.32725

2022-07-14 14:26:09 - [MESSAGE][INFO] - 0.32725

2022-07-14 14:26:09 - [TEST_STEP][PASSED] - BeratSubstance1 = getAttribute(findTestObject("Page_SKT ERP  ERP/Tab Production/Work Order (SPK)/Work order Values (box)/Berat Substance 1"), "value"): Attribute 'value' of object 'Object Repository/Page_SKT ERP  ERP/Tab Production/Work Order (SPK)/Work order Values (box)/Berat Substance 1' is: '4.64'

2022-07-14 14:26:10 - [MESSAGE][PASSED] - Attribute 'value' of object 'Object Repository/Page_SKT ERP  ERP/Tab Production/Work Order (SPK)/Work order Values (box)/Berat Substance 1' is: '4.64'

2022-07-14 14:26:10 - [TEST_STEP][PASSED] - comment(BeratSubstance1): 4.64

2022-07-14 14:26:10 - [MESSAGE][INFO] - 4.64

2022-07-14 14:26:10 - [TEST_STEP][PASSED] - BeratSubstance2 = getAttribute(findTestObject("Page_SKT ERP  ERP/Tab Production/Work Order (SPK)/Work order Values (box)/Berat Substance 2"), "value"): Attribute 'value' of object 'Object Repository/Page_SKT ERP  ERP/Tab Production/Work Order (SPK)/Work order Values (box)/Berat Substance 2' is: '5.14'

2022-07-14 14:26:10 - [MESSAGE][PASSED] - Attribute 'value' of object 'Object Repository/Page_SKT ERP  ERP/Tab Production/Work Order (SPK)/Work order Values (box)/Berat Substance 2' is: '5.14'

2022-07-14 14:26:10 - [TEST_STEP][PASSED] - comment(BeratSubstance2): 5.14

2022-07-14 14:26:10 - [MESSAGE][INFO] - 5.14

2022-07-14 14:26:10 - [TEST_STEP][PASSED] - BeratSubstance3 = getAttribute(findTestObject("Page_SKT ERP  ERP/Tab Production/Work Order (SPK)/Work order Values (box)/Berat Substance 3"), "value"): Attribute 'value' of object 'Object Repository/Page_SKT ERP  ERP/Tab Production/Work Order (SPK)/Work order Values (box)/Berat Substance 3' is: '3.86'

2022-07-14 14:26:11 - [MESSAGE][PASSED] - Attribute 'value' of object 'Object Repository/Page_SKT ERP  ERP/Tab Production/Work Order (SPK)/Work order Values (box)/Berat Substance 3' is: '3.86'

2022-07-14 14:26:11 - [TEST_STEP][PASSED] - comment(BeratSubstance3): 3.86

2022-07-14 14:26:11 - [MESSAGE][INFO] - 3.86

2022-07-14 14:26:11 - [TEST_STEP][PASSED] - BeratSubstance4 = getAttribute(findTestObject("Page_SKT ERP  ERP/Tab Production/Work Order (SPK)/Work order Values (box)/Berat Substance 4"), "value"): Attribute 'value' of object 'Object Repository/Page_SKT ERP  ERP/Tab Production/Work Order (SPK)/Work order Values (box)/Berat Substance 4' is: '0'

2022-07-14 14:26:11 - [MESSAGE][PASSED] - Attribute 'value' of object 'Object Repository/Page_SKT ERP  ERP/Tab Production/Work Order (SPK)/Work order Values (box)/Berat Substance 4' is: '0'

2022-07-14 14:26:11 - [TEST_STEP][PASSED] - comment(BeratSubstance4): 0

2022-07-14 14:26:11 - [MESSAGE][INFO] - 0

2022-07-14 14:26:11 - [TEST_STEP][PASSED] - BeratSubstance5 = getAttribute(findTestObject("Page_SKT ERP  ERP/Tab Production/Work Order (SPK)/Work order Values (box)/Berat Substance 5"), "value"): Attribute 'value' of object 'Object Repository/Page_SKT ERP  ERP/Tab Production/Work Order (SPK)/Work order Values (box)/Berat Substance 5' is: '0'

2022-07-14 14:26:11 - [MESSAGE][PASSED] - Attribute 'value' of object 'Object Repository/Page_SKT ERP  ERP/Tab Production/Work Order (SPK)/Work order Values (box)/Berat Substance 5' is: '0'

2022-07-14 14:26:11 - [TEST_STEP][PASSED] - comment(BeratSubstance5): 0

2022-07-14 14:26:11 - [MESSAGE][INFO] - 0

2022-07-14 14:26:11 - [TEST_STEP][PASSED] - click(findTestObject("Page_SKT ERP  ERP/Tab Production/Work Order (SPK)/button back (from view work order)")): Object: 'Object Repository/Page_SKT ERP  ERP/Tab Production/Work Order (SPK)/button back (from view work order)' is clicked on

2022-07-14 14:26:12 - [MESSAGE][PASSED] - Object: 'Object Repository/Page_SKT ERP  ERP/Tab Production/Work Order (SPK)/button back (from view work order)' is clicked on

2022-07-14 14:26:12 - [TEST_STEP][PASSED] - allValues.add(outkrts): null

2022-07-14 14:26:12 - [TEST_STEP][PASSED] - allValues.add(corr): null

2022-07-14 14:26:12 - [TEST_STEP][PASSED] - allValues.add(beratbox): null

2022-07-14 14:26:12 - [TEST_STEP][PASSED] - allValues.add(beratorder): null

2022-07-14 14:26:12 - [TEST_STEP][PASSED] - allValues.add(berattrim): null

2022-07-14 14:26:12 - [TEST_STEP][PASSED] - allValues.add(BeratSubstance1): null

2022-07-14 14:26:12 - [TEST_STEP][PASSED] - allValues.add(BeratSubstance2): null

2022-07-14 14:26:12 - [TEST_STEP][PASSED] - allValues.add(BeratSubstance3): null

2022-07-14 14:26:12 - [TEST_STEP][PASSED] - allValues.add(BeratSubstance4): null

2022-07-14 14:26:12 - [TEST_STEP][PASSED] - allValues.add(BeratSubstance5): null

2022-07-14 14:26:12 - [TEST_STEP][PASSED] - out = noSPKperItem[arr]: null

2022-07-14 14:26:12 - [TEST_STEP][PASSED] - click(findTestObject("Page_SKT ERP  ERP/Tab Production/Tab Production")): Object: 'Object Repository/Page_SKT ERP  ERP/Tab Production/Tab Production' is clicked on

2022-07-14 14:26:15 - [MESSAGE][PASSED] - Object: 'Object Repository/Page_SKT ERP  ERP/Tab Production/Tab Production' is clicked on

2022-07-14 14:26:15 - [TEST_STEP][PASSED] - click(findTestObject("Page_SKT ERP  ERP/Tab Production/Work Order (SPK)/Tab Work Order (SPK)")): Object: 'Object Repository/Page_SKT ERP  ERP/Tab Production/Work Order (SPK)/Tab Work Order (SPK)' is clicked on

2022-07-14 14:26:15 - [MESSAGE][PASSED] - Object: 'Object Repository/Page_SKT ERP  ERP/Tab Production/Work Order (SPK)/Tab Work Order (SPK)' is clicked on

2022-07-14 14:26:15 - [TEST_STEP][PASSED] - click(findTestObject("Page_SKT ERP  ERP/Tab Production/Work Order (SPK)/button Filters")): Object: 'Object Repository/Page_SKT ERP  ERP/Tab Production/Work Order (SPK)/button Filters' is clicked on

2022-07-14 14:26:16 - [MESSAGE][PASSED] - Object: 'Object Repository/Page_SKT ERP  ERP/Tab Production/Work Order (SPK)/button Filters' is clicked on

2022-07-14 14:26:16 - [TEST_STEP][PASSED] - click(findTestObject("Page_SKT ERP  ERP/Tab Production/Work Order (SPK)/Filters by No SPK (per item)")): Object: 'Object Repository/Page_SKT ERP  ERP/Tab Production/Work Order (SPK)/Filters by No SPK (per item)' is clicked on

2022-07-14 14:26:16 - [MESSAGE][PASSED] - Object: 'Object Repository/Page_SKT ERP  ERP/Tab Production/Work Order (SPK)/Filters by No SPK (per item)' is clicked on

2022-07-14 14:26:16 - [TEST_STEP][PASSED] - setText(findTestObject("Page_SKT ERP  ERP/Tab Production/Work Order (SPK)/Filters by No SPK (per item)"), out): Text '2207.0150.SPK' is set on object 'Object Repository/Page_SKT ERP  ERP/Tab Production/Work Order (SPK)/Filters by No SPK (per item)'

2022-07-14 14:26:17 - [MESSAGE][PASSED] - Text '2207.0150.SPK' is set on object 'Object Repository/Page_SKT ERP  ERP/Tab Production/Work Order (SPK)/Filters by No SPK (per item)'

2022-07-14 14:26:17 - [TEST_STEP][PASSED] - click(findTestObject("Page_SKT ERP  ERP/Tab Production/Work Order (SPK)/button Search in Filters")): Object: 'Object Repository/Page_SKT ERP  ERP/Tab Production/Work Order (SPK)/button Search in Filters' is clicked on

2022-07-14 14:26:18 - [MESSAGE][PASSED] - Object: 'Object Repository/Page_SKT ERP  ERP/Tab Production/Work Order (SPK)/button Search in Filters' is clicked on

2022-07-14 14:26:18 - [TEST_STEP][PASSED] - click(findTestObject("Page_SKT ERP  ERP/Tab Production/Work Order (SPK)/View Work Order")): Object: 'Object Repository/Page_SKT ERP  ERP/Tab Production/Work Order (SPK)/View Work Order' is clicked on

2022-07-14 14:26:20 - [MESSAGE][PASSED] - Object: 'Object Repository/Page_SKT ERP  ERP/Tab Production/Work Order (SPK)/View Work Order' is clicked on

2022-07-14 14:26:20 - [TEST_STEP][PASSED] - delay(5): Delayed 5 second(s)

2022-07-14 14:26:25 - [MESSAGE][PASSED] - Delayed 5 second(s)

2022-07-14 14:26:25 - [TEST_STEP][PASSED] - noSPK = getAttribute(findTestObject("Page_SKT ERP  ERP/Tab Production/Work Order (SPK)/No SPK Set coloumn (in view page)"), "value"): Attribute 'value' of object 'Object Repository/Page_SKT ERP  ERP/Tab Production/Work Order (SPK)/No SPK Set coloumn (in view page)' is: '22013672'

2022-07-14 14:26:25 - [MESSAGE][PASSED] - Attribute 'value' of object 'Object Repository/Page_SKT ERP  ERP/Tab Production/Work Order (SPK)/No SPK Set coloumn (in view page)' is: '22013672'

2022-07-14 14:26:25 - [TEST_STEP][PASSED] - noSPKSetBoxPartisi = noSPK: null

2022-07-14 14:26:25 - [TEST_STEP][PASSED] - outkrts = getAttribute(findTestObject("Page_SKT ERP  ERP/Tab Production/Work Order (SPK)/Work order Values (box)/Out Kertas Values"), "value"): Attribute 'value' of object 'Object Repository/Page_SKT ERP  ERP/Tab Production/Work Order (SPK)/Work order Values (box)/Out Kertas Values' is: '5'

2022-07-14 14:26:26 - [MESSAGE][PASSED] - Attribute 'value' of object 'Object Repository/Page_SKT ERP  ERP/Tab Production/Work Order (SPK)/Work order Values (box)/Out Kertas Values' is: '5'

2022-07-14 14:26:26 - [TEST_STEP][PASSED] - comment(outkrts): 5

2022-07-14 14:26:26 - [MESSAGE][INFO] - 5

2022-07-14 14:26:26 - [TEST_STEP][PASSED] - corr = getAttribute(findTestObject("Page_SKT ERP  ERP/Tab Production/Work Order (SPK)/Work order Values (box)/Corr Values"), "value"): Attribute 'value' of object 'Object Repository/Page_SKT ERP  ERP/Tab Production/Work Order (SPK)/Work order Values (box)/Corr Values' is: '20'

2022-07-14 14:26:26 - [MESSAGE][PASSED] - Attribute 'value' of object 'Object Repository/Page_SKT ERP  ERP/Tab Production/Work Order (SPK)/Work order Values (box)/Corr Values' is: '20'

2022-07-14 14:26:26 - [TEST_STEP][PASSED] - comment(corr): 20

2022-07-14 14:26:26 - [MESSAGE][INFO] - 20

2022-07-14 14:26:26 - [TEST_STEP][PASSED] - beratbox = getAttribute(findTestObject("Page_SKT ERP  ERP/Tab Production/Work Order (SPK)/Work order Values (box)/Berat at Box (gram)"), "value"): Attribute 'value' of object 'Object Repository/Page_SKT ERP  ERP/Tab Production/Work Order (SPK)/Work order Values (box)/Berat at Box (gram)' is: '53.5'

2022-07-14 14:26:26 - [MESSAGE][PASSED] - Attribute 'value' of object 'Object Repository/Page_SKT ERP  ERP/Tab Production/Work Order (SPK)/Work order Values (box)/Berat at Box (gram)' is: '53.5'

2022-07-14 14:26:26 - [TEST_STEP][PASSED] - comment(beratbox): 53.5

2022-07-14 14:26:26 - [MESSAGE][INFO] - 53.5

2022-07-14 14:26:26 - [TEST_STEP][PASSED] - beratorder = getAttribute(findTestObject("Page_SKT ERP  ERP/Tab Production/Work Order (SPK)/Work order Values (box)/Berat Order (Kg)"), "value"): Attribute 'value' of object 'Object Repository/Page_SKT ERP  ERP/Tab Production/Work Order (SPK)/Work order Values (box)/Berat Order (Kg)' is: '5.35'

2022-07-14 14:26:27 - [MESSAGE][PASSED] - Attribute 'value' of object 'Object Repository/Page_SKT ERP  ERP/Tab Production/Work Order (SPK)/Work order Values (box)/Berat Order (Kg)' is: '5.35'

2022-07-14 14:26:27 - [TEST_STEP][PASSED] - comment(beratorder): 5.35

2022-07-14 14:26:27 - [MESSAGE][INFO] - 5.35

2022-07-14 14:26:27 - [TEST_STEP][PASSED] - berattrim = getAttribute(findTestObject("Page_SKT ERP  ERP/Tab Production/Work Order (SPK)/Work order Values (box)/Berat Trim (Kg)"), "value"): Attribute 'value' of object 'Object Repository/Page_SKT ERP  ERP/Tab Production/Work Order (SPK)/Work order Values (box)/Berat Trim (Kg)' is: '0.39'

2022-07-14 14:26:27 - [MESSAGE][PASSED] - Attribute 'value' of object 'Object Repository/Page_SKT ERP  ERP/Tab Production/Work Order (SPK)/Work order Values (box)/Berat Trim (Kg)' is: '0.39'

2022-07-14 14:26:27 - [TEST_STEP][PASSED] - comment(berattrim): 0.39

2022-07-14 14:26:27 - [MESSAGE][INFO] - 0.39

2022-07-14 14:26:27 - [TEST_STEP][PASSED] - BeratSubstance1 = getAttribute(findTestObject("Page_SKT ERP  ERP/Tab Production/Work Order (SPK)/Work order Values (box)/Berat Substance 1"), "value"): Attribute 'value' of object 'Object Repository/Page_SKT ERP  ERP/Tab Production/Work Order (SPK)/Work order Values (box)/Berat Substance 1' is: '1.72'

2022-07-14 14:26:27 - [MESSAGE][PASSED] - Attribute 'value' of object 'Object Repository/Page_SKT ERP  ERP/Tab Production/Work Order (SPK)/Work order Values (box)/Berat Substance 1' is: '1.72'

2022-07-14 14:26:27 - [TEST_STEP][PASSED] - comment(BeratSubstance1): 1.72

2022-07-14 14:26:27 - [MESSAGE][INFO] - 1.72

2022-07-14 14:26:27 - [TEST_STEP][PASSED] - BeratSubstance2 = getAttribute(findTestObject("Page_SKT ERP  ERP/Tab Production/Work Order (SPK)/Work order Values (box)/Berat Substance 2"), "value"): Attribute 'value' of object 'Object Repository/Page_SKT ERP  ERP/Tab Production/Work Order (SPK)/Work order Values (box)/Berat Substance 2' is: '2.29'

2022-07-14 14:26:28 - [MESSAGE][PASSED] - Attribute 'value' of object 'Object Repository/Page_SKT ERP  ERP/Tab Production/Work Order (SPK)/Work order Values (box)/Berat Substance 2' is: '2.29'

2022-07-14 14:26:28 - [TEST_STEP][PASSED] - comment(BeratSubstance2): 2.29

2022-07-14 14:26:28 - [MESSAGE][INFO] - 2.29

2022-07-14 14:26:28 - [TEST_STEP][PASSED] - BeratSubstance3 = getAttribute(findTestObject("Page_SKT ERP  ERP/Tab Production/Work Order (SPK)/Work order Values (box)/Berat Substance 3"), "value"): Attribute 'value' of object 'Object Repository/Page_SKT ERP  ERP/Tab Production/Work Order (SPK)/Work order Values (box)/Berat Substance 3' is: '1.72'

2022-07-14 14:26:28 - [MESSAGE][PASSED] - Attribute 'value' of object 'Object Repository/Page_SKT ERP  ERP/Tab Production/Work Order (SPK)/Work order Values (box)/Berat Substance 3' is: '1.72'

2022-07-14 14:26:28 - [TEST_STEP][PASSED] - comment(BeratSubstance3): 1.72

2022-07-14 14:26:28 - [MESSAGE][INFO] - 1.72

2022-07-14 14:26:28 - [TEST_STEP][PASSED] - BeratSubstance4 = getAttribute(findTestObject("Page_SKT ERP  ERP/Tab Production/Work Order (SPK)/Work order Values (box)/Berat Substance 4"), "value"): Attribute 'value' of object 'Object Repository/Page_SKT ERP  ERP/Tab Production/Work Order (SPK)/Work order Values (box)/Berat Substance 4' is: '0'

2022-07-14 14:26:28 - [MESSAGE][PASSED] - Attribute 'value' of object 'Object Repository/Page_SKT ERP  ERP/Tab Production/Work Order (SPK)/Work order Values (box)/Berat Substance 4' is: '0'

2022-07-14 14:26:28 - [TEST_STEP][PASSED] - comment(BeratSubstance4): 0

2022-07-14 14:26:28 - [MESSAGE][INFO] - 0

2022-07-14 14:26:28 - [TEST_STEP][PASSED] - BeratSubstance5 = getAttribute(findTestObject("Page_SKT ERP  ERP/Tab Production/Work Order (SPK)/Work order Values (box)/Berat Substance 5"), "value"): Attribute 'value' of object 'Object Repository/Page_SKT ERP  ERP/Tab Production/Work Order (SPK)/Work order Values (box)/Berat Substance 5' is: '0'

2022-07-14 14:26:29 - [MESSAGE][PASSED] - Attribute 'value' of object 'Object Repository/Page_SKT ERP  ERP/Tab Production/Work Order (SPK)/Work order Values (box)/Berat Substance 5' is: '0'

2022-07-14 14:26:29 - [TEST_STEP][PASSED] - comment(BeratSubstance5): 0

2022-07-14 14:26:29 - [MESSAGE][INFO] - 0

2022-07-14 14:26:29 - [TEST_STEP][PASSED] - click(findTestObject("Page_SKT ERP  ERP/Tab Production/Work Order (SPK)/button back (from view work order)")): Object: 'Object Repository/Page_SKT ERP  ERP/Tab Production/Work Order (SPK)/button back (from view work order)' is clicked on

2022-07-14 14:26:29 - [MESSAGE][PASSED] - Object: 'Object Repository/Page_SKT ERP  ERP/Tab Production/Work Order (SPK)/button back (from view work order)' is clicked on

2022-07-14 14:26:29 - [TEST_STEP][PASSED] - allValues.add(outkrts): null

2022-07-14 14:26:29 - [TEST_STEP][PASSED] - allValues.add(corr): null

2022-07-14 14:26:29 - [TEST_STEP][PASSED] - allValues.add(beratbox): null

2022-07-14 14:26:29 - [TEST_STEP][PASSED] - allValues.add(beratorder): null

2022-07-14 14:26:29 - [TEST_STEP][PASSED] - allValues.add(berattrim): null

2022-07-14 14:26:29 - [TEST_STEP][PASSED] - allValues.add(BeratSubstance1): null

2022-07-14 14:26:29 - [TEST_STEP][PASSED] - allValues.add(BeratSubstance2): null

2022-07-14 14:26:29 - [TEST_STEP][PASSED] - allValues.add(BeratSubstance3): null

2022-07-14 14:26:29 - [TEST_STEP][PASSED] - allValues.add(BeratSubstance4): null

2022-07-14 14:26:29 - [TEST_STEP][PASSED] - allValues.add(BeratSubstance5): null

2022-07-14 14:26:29 - [TEST_STEP][PASSED] - qty = newQty: null

2022-07-14 14:26:29 - [TEST_STEP][PASSED] - lebarKertasMinimum_box = 1500: null

2022-07-14 14:26:30 - [TEST_STEP][PASSED] - width_box = 366: null

2022-07-14 14:26:30 - [TEST_STEP][PASSED] - outkertas_box = 4: null

2022-07-14 14:26:30 - [TEST_STEP][PASSED] - expected_outkrts_box = outkertas_box: null

2022-07-14 14:26:30 - [TEST_STEP][PASSED] - actual_otkrts_box = allValues[0]: null

2022-07-14 14:26:30 - [TEST_STEP][PASSED] - verifyMatch(actual_otkrts_box, expected_outkrts_box, false): Actual text '4' and expected text '4' are matched 

2022-07-14 14:26:30 - [MESSAGE][PASSED] - Actual text '4' and expected text '4' are matched 

2022-07-14 14:26:30 - [TEST_STEP][PASSED] - constantDoubleJoint_box = 1: null

2022-07-14 14:26:30 - [TEST_STEP][PASSED] - out_box = outkertas_box: null

2022-07-14 14:26:30 - [TEST_STEP][PASSED] - outKnife_box = 1: null

2022-07-14 14:26:30 - [TEST_STEP][PASSED] - corrBox = constantDoubleJoint_box * Math.floor(newQty / out_box / outKnife_box): null

2022-07-14 14:26:30 - [TEST_STEP][PASSED] - expected_corr_box = corrBox: null

2022-07-14 14:26:30 - [TEST_STEP][PASSED] - actual_corr_box = allValues[1]: null

2022-07-14 14:26:30 - [TEST_STEP][PASSED] - verifyMatch(actual_corr_box, expected_corr_box, false): Actual text '25' and expected text '25' are matched 

2022-07-14 14:26:30 - [MESSAGE][PASSED] - Actual text '25' and expected text '25' are matched 

2022-07-14 14:26:30 - [TEST_STEP][PASSED] - weightSheetNettoGram_box = 133.08: null

2022-07-14 14:26:30 - [TEST_STEP][PASSED] - weight_box = constantDoubleJoint_box * weightSheetNettoGram_box * newQty / 1000: null

2022-07-14 14:26:30 - [TEST_STEP][PASSED] - beratBoxBox = Math.ceil(weight_box / qty * 1000 * 100) / 100: null

2022-07-14 14:26:30 - [TEST_STEP][PASSED] - expected_beratbox_box = beratBoxBox: null

2022-07-14 14:26:30 - [TEST_STEP][PASSED] - actual_beratbox_box = allValues[2]: null

2022-07-14 14:26:30 - [TEST_STEP][PASSED] - verifyMatch(actual_beratbox_box, expected_beratbox_box, false): Actual text '133.09' and expected text '133.09' are matched 

2022-07-14 14:26:30 - [MESSAGE][PASSED] - Actual text '133.09' and expected text '133.09' are matched 

2022-07-14 14:26:30 - [TEST_STEP][PASSED] - beratOrderBox = Math.ceil(weight_box * 100) / 100: null

2022-07-14 14:26:30 - [TEST_STEP][PASSED] - expected_beratorder_box = beratOrderBox: null

2022-07-14 14:26:30 - [TEST_STEP][PASSED] - actual_beratorder_box = allValues[3]: null

2022-07-14 14:26:30 - [TEST_STEP][PASSED] - verifyMatch(actual_beratorder_box, expected_beratorder_box, false): Actual text '13.31' and expected text '13.31' are matched 

2022-07-14 14:26:30 - [MESSAGE][PASSED] - Actual text '13.31' and expected text '13.31' are matched 

2022-07-14 14:26:30 - [TEST_STEP][PASSED] - trimWasteGram_box = 13.09: null

2022-07-14 14:26:30 - [TEST_STEP][PASSED] - beratTrimBox = qty / out_box * trimWasteGram_box / 1000: null

2022-07-14 14:26:30 - [TEST_STEP][PASSED] - expected_berattrim_box = beratTrimBox: null

2022-07-14 14:26:30 - [TEST_STEP][PASSED] - actual_berattrim_box = allValues[4]: null

2022-07-14 14:26:30 - [TEST_STEP][PASSED] - verifyMatch(actual_berattrim_box, expected_berattrim_box, false): Actual text '0.32725' and expected text '0.32725' are matched 

2022-07-14 14:26:30 - [MESSAGE][PASSED] - Actual text '0.32725' and expected text '0.32725' are matched 

2022-07-14 14:26:30 - [TEST_STEP][PASSED] - qValuebox1 = 150: null

2022-07-14 14:26:30 - [TEST_STEP][PASSED] - sheetLengthBox1 = 824: null

2022-07-14 14:26:30 - [TEST_STEP][PASSED] - minLebarMmSheetBox1 = 1500: null

2022-07-14 14:26:30 - [TEST_STEP][PASSED] - identifierBox1 = 1: null

2022-07-14 14:26:30 - [TEST_STEP][PASSED] - beratSubstanceBox1 = qValuebox1 / 1000 * sheetLengthBox1 / 1000 * minLebarMmSheetBox1 / 1000 * identifierBox1 * corrBox: null

2022-07-14 14:26:30 - [TEST_STEP][PASSED] - expected_beratsubstance1_box = beratSubstanceBox1.round(2): null

2022-07-14 14:26:30 - [TEST_STEP][PASSED] - actual_beratsubstance1_box = allValues[5]: null

2022-07-14 14:26:30 - [TEST_STEP][PASSED] - verifyMatch(actual_beratsubstance1_box, expected_beratsubstance1_box, false): Actual text '4.64' and expected text '4.64' are matched 

2022-07-14 14:26:30 - [MESSAGE][PASSED] - Actual text '4.64' and expected text '4.64' are matched 

2022-07-14 14:26:30 - [TEST_STEP][PASSED] - qValuebox2 = 125: null

2022-07-14 14:26:30 - [TEST_STEP][PASSED] - sheetLengthBox2 = 824: null

2022-07-14 14:26:30 - [TEST_STEP][PASSED] - minLebarMmSheetBox2 = 1500: null

2022-07-14 14:26:30 - [TEST_STEP][PASSED] - identifierBox2 = 1.33: null

2022-07-14 14:26:30 - [TEST_STEP][PASSED] - beratSubstanceBox2 = qValuebox2 / 1000 * sheetLengthBox2 / 1000 * minLebarMmSheetBox2 / 1000 * identifierBox2 * corrBox: null

2022-07-14 14:26:30 - [TEST_STEP][PASSED] - expected_beratsubstance2_box = beratSubstanceBox2.round(2): null

2022-07-14 14:26:30 - [TEST_STEP][PASSED] - actual_beratsubstance2_box = allValues[6]: null

2022-07-14 14:26:30 - [TEST_STEP][PASSED] - verifyMatch(actual_beratsubstance2_box, expected_beratsubstance2_box, false): Actual text '5.14' and expected text '5.14' are matched 

2022-07-14 14:26:30 - [MESSAGE][PASSED] - Actual text '5.14' and expected text '5.14' are matched 

2022-07-14 14:26:30 - [TEST_STEP][PASSED] - qValuebox3 = 125: null

2022-07-14 14:26:30 - [TEST_STEP][PASSED] - sheetLengthBox3 = 824: null

2022-07-14 14:26:30 - [TEST_STEP][PASSED] - minLebarMmSheetBox3 = 1500: null

2022-07-14 14:26:30 - [TEST_STEP][PASSED] - identifierBox3 = 1: null

2022-07-14 14:26:30 - [TEST_STEP][PASSED] - beratSubstanceBox3 = qValuebox3 / 1000 * sheetLengthBox3 / 1000 * minLebarMmSheetBox3 / 1000 * identifierBox3 * corrBox: null

2022-07-14 14:26:30 - [TEST_STEP][PASSED] - expected_beratsubstance3_box = beratSubstanceBox3.round(2): null

2022-07-14 14:26:30 - [TEST_STEP][PASSED] - actual_beratsubstance3_box = allValues[7]: null

2022-07-14 14:26:30 - [TEST_STEP][PASSED] - verifyMatch(actual_beratsubstance3_box, expected_beratsubstance3_box, false): Actual text '3.86' and expected text '3.86' are matched 

2022-07-14 14:26:30 - [MESSAGE][PASSED] - Actual text '3.86' and expected text '3.86' are matched 

2022-07-14 14:26:30 - [TEST_STEP][PASSED] - qValuebox4 = 0: null

2022-07-14 14:26:30 - [TEST_STEP][PASSED] - sheetLengthBox4 = 824: null

2022-07-14 14:26:30 - [TEST_STEP][PASSED] - minLebarMmSheetBox4 = 1500: null

2022-07-14 14:26:30 - [TEST_STEP][PASSED] - identifierBox4 = 1.42: null

2022-07-14 14:26:30 - [TEST_STEP][PASSED] - beratSubstanceBox4 = qValuebox4 / 1000 * sheetLengthBox4 / 1000 * minLebarMmSheetBox4 / 1000 * identifierBox4 * corrBox: null

2022-07-14 14:26:30 - [TEST_STEP][PASSED] - expected_beratsubstance4_box = beratSubstanceBox4.round(2): null

2022-07-14 14:26:30 - [TEST_STEP][PASSED] - actual_beratsubstance4_box = allValues[8]: null

2022-07-14 14:26:30 - [TEST_STEP][FAILED] - verifyMatch(actual_beratsubstance4_box, expected_beratsubstance4_box, false): Unable to verify match between actual text '0' and expected text '0.0' (Root cause: com.kms.katalon.core.exception.StepFailedException: Actual text '0' and expected text '0.0' are not matched
	at com.kms.katalon.core.keyword.builtin.VerifyMatchKeyword$_verifyMatch_closure1.doCall(VerifyMatchKeyword.groovy:57)
	at com.kms.katalon.core.keyword.builtin.VerifyMatchKeyword$_verifyMatch_closure1.call(VerifyMatchKeyword.groovy)
	at com.kms.katalon.core.keyword.internal.KeywordMain.runKeyword(KeywordMain.groovy:74)
	at com.kms.katalon.core.keyword.builtin.VerifyMatchKeyword.verifyMatch(VerifyMatchKeyword.groovy:60)
	at com.kms.katalon.core.keyword.builtin.VerifyMatchKeyword.execute(VerifyMatchKeyword.groovy:45)
	at com.kms.katalon.core.keyword.internal.KeywordExecutor.executeKeywordForPlatform(KeywordExecutor.groovy:74)
	at com.kms.katalon.core.keyword.BuiltinKeywords.verifyMatch(BuiltinKeywords.groovy:73)
	at 2 - 2A_ Verify Calculated Values in Work Order (box partisi1 partisi2).run(2 - 2A_ Verify Calculated Values in Work Order (box partisi1 partisi2):299)
	at com.kms.katalon.core.main.ScriptEngine.run(ScriptEngine.java:194)
	at com.kms.katalon.core.main.ScriptEngine.runScriptAsRawText(ScriptEngine.java:119)
	at com.kms.katalon.core.main.TestCaseExecutor.runScript(TestCaseExecutor.java:445)
	at com.kms.katalon.core.main.TestCaseExecutor.doExecute(TestCaseExecutor.java:436)
	at com.kms.katalon.core.main.TestCaseExecutor.processExecutionPhase(TestCaseExecutor.java:415)
	at com.kms.katalon.core.main.TestCaseExecutor.accessMainPhase(TestCaseExecutor.java:407)
	at com.kms.katalon.core.main.TestCaseExecutor.execute(TestCaseExecutor.java:284)
	at com.kms.katalon.core.common.CommonExecutor.accessTestCaseMainPhase(CommonExecutor.java:65)
	at com.kms.katalon.core.main.TestSuiteExecutor.accessTestSuiteMainPhase(TestSuiteExecutor.java:144)
	at com.kms.katalon.core.main.TestSuiteExecutor.execute(TestSuiteExecutor.java:106)
	at com.kms.katalon.core.main.TestCaseMain.startTestSuite(TestCaseMain.java:185)
	at com.kms.katalon.core.main.TestCaseMain$startTestSuite$0.call(Unknown Source)
	at TempTestSuite1657783415095.run(TempTestSuite1657783415095.groovy:36)
)

2022-07-14 14:26:30 - [MESSAGE][FAILED] - Unable to verify match between actual text '0' and expected text '0.0' (Root cause: com.kms.katalon.core.exception.StepFailedException: Actual text '0' and expected text '0.0' are not matched
	at com.kms.katalon.core.keyword.builtin.VerifyMatchKeyword$_verifyMatch_closure1.doCall(VerifyMatchKeyword.groovy:57)
	at com.kms.katalon.core.keyword.builtin.VerifyMatchKeyword$_verifyMatch_closure1.call(VerifyMatchKeyword.groovy)
	at com.kms.katalon.core.keyword.internal.KeywordMain.runKeyword(KeywordMain.groovy:74)
	at com.kms.katalon.core.keyword.builtin.VerifyMatchKeyword.verifyMatch(VerifyMatchKeyword.groovy:60)
	at com.kms.katalon.core.keyword.builtin.VerifyMatchKeyword.execute(VerifyMatchKeyword.groovy:45)
	at com.kms.katalon.core.keyword.internal.KeywordExecutor.executeKeywordForPlatform(KeywordExecutor.groovy:74)
	at com.kms.katalon.core.keyword.BuiltinKeywords.verifyMatch(BuiltinKeywords.groovy:73)
	at 2 - 2A_ Verify Calculated Values in Work Order (box partisi1 partisi2).run(2 - 2A_ Verify Calculated Values in Work Order (box partisi1 partisi2):299)
	at com.kms.katalon.core.main.ScriptEngine.run(ScriptEngine.java:194)
	at com.kms.katalon.core.main.ScriptEngine.runScriptAsRawText(ScriptEngine.java:119)
	at com.kms.katalon.core.main.TestCaseExecutor.runScript(TestCaseExecutor.java:445)
	at com.kms.katalon.core.main.TestCaseExecutor.doExecute(TestCaseExecutor.java:436)
	at com.kms.katalon.core.main.TestCaseExecutor.processExecutionPhase(TestCaseExecutor.java:415)
	at com.kms.katalon.core.main.TestCaseExecutor.accessMainPhase(TestCaseExecutor.java:407)
	at com.kms.katalon.core.main.TestCaseExecutor.execute(TestCaseExecutor.java:284)
	at com.kms.katalon.core.common.CommonExecutor.accessTestCaseMainPhase(CommonExecutor.java:65)
	at com.kms.katalon.core.main.TestSuiteExecutor.accessTestSuiteMainPhase(TestSuiteExecutor.java:144)
	at com.kms.katalon.core.main.TestSuiteExecutor.execute(TestSuiteExecutor.java:106)
	at com.kms.katalon.core.main.TestCaseMain.startTestSuite(TestCaseMain.java:185)
	at com.kms.katalon.core.main.TestCaseMain$startTestSuite$0.call(Unknown Source)
	at TempTestSuite1657783415095.run(TempTestSuite1657783415095.groovy:36)
)

2022-07-14 14:26:30 - [TEST_STEP][PASSED] - qValuebox5 = 0: null

2022-07-14 14:26:30 - [TEST_STEP][PASSED] - sheetLengthBox5 = 824: null

2022-07-14 14:26:30 - [TEST_STEP][PASSED] - minLebarMmSheetBox5 = 1500: null

2022-07-14 14:26:30 - [TEST_STEP][PASSED] - identifierBox5 = 1: null

2022-07-14 14:26:30 - [TEST_STEP][PASSED] - beratSubstanceBox5 = qValuebox5 / 1000 * sheetLengthBox5 / 1000 * minLebarMmSheetBox5 / 1000 * identifierBox5 * corrBox: null

2022-07-14 14:26:30 - [TEST_STEP][PASSED] - expected_beratsubstance5_box = beratSubstanceBox5.round(2): null

2022-07-14 14:26:30 - [TEST_STEP][PASSED] - actual_beratsubstance5_box = allValues[9]: null

2022-07-14 14:26:30 - [TEST_STEP][FAILED] - verifyMatch(actual_beratsubstance5_box, expected_beratsubstance5_box, false): Unable to verify match between actual text '0' and expected text '0.0' (Root cause: com.kms.katalon.core.exception.StepFailedException: Actual text '0' and expected text '0.0' are not matched
	at com.kms.katalon.core.keyword.builtin.VerifyMatchKeyword$_verifyMatch_closure1.doCall(VerifyMatchKeyword.groovy:57)
	at com.kms.katalon.core.keyword.builtin.VerifyMatchKeyword$_verifyMatch_closure1.call(VerifyMatchKeyword.groovy)
	at com.kms.katalon.core.keyword.internal.KeywordMain.runKeyword(KeywordMain.groovy:74)
	at com.kms.katalon.core.keyword.builtin.VerifyMatchKeyword.verifyMatch(VerifyMatchKeyword.groovy:60)
	at com.kms.katalon.core.keyword.builtin.VerifyMatchKeyword.execute(VerifyMatchKeyword.groovy:45)
	at com.kms.katalon.core.keyword.internal.KeywordExecutor.executeKeywordForPlatform(KeywordExecutor.groovy:74)
	at com.kms.katalon.core.keyword.BuiltinKeywords.verifyMatch(BuiltinKeywords.groovy:73)
	at 2 - 2A_ Verify Calculated Values in Work Order (box partisi1 partisi2).run(2 - 2A_ Verify Calculated Values in Work Order (box partisi1 partisi2):310)
	at com.kms.katalon.core.main.ScriptEngine.run(ScriptEngine.java:194)
	at com.kms.katalon.core.main.ScriptEngine.runScriptAsRawText(ScriptEngine.java:119)
	at com.kms.katalon.core.main.TestCaseExecutor.runScript(TestCaseExecutor.java:445)
	at com.kms.katalon.core.main.TestCaseExecutor.doExecute(TestCaseExecutor.java:436)
	at com.kms.katalon.core.main.TestCaseExecutor.processExecutionPhase(TestCaseExecutor.java:415)
	at com.kms.katalon.core.main.TestCaseExecutor.accessMainPhase(TestCaseExecutor.java:407)
	at com.kms.katalon.core.main.TestCaseExecutor.execute(TestCaseExecutor.java:284)
	at com.kms.katalon.core.common.CommonExecutor.accessTestCaseMainPhase(CommonExecutor.java:65)
	at com.kms.katalon.core.main.TestSuiteExecutor.accessTestSuiteMainPhase(TestSuiteExecutor.java:144)
	at com.kms.katalon.core.main.TestSuiteExecutor.execute(TestSuiteExecutor.java:106)
	at com.kms.katalon.core.main.TestCaseMain.startTestSuite(TestCaseMain.java:185)
	at com.kms.katalon.core.main.TestCaseMain$startTestSuite$0.call(Unknown Source)
	at TempTestSuite1657783415095.run(TempTestSuite1657783415095.groovy:36)
)

2022-07-14 14:26:30 - [MESSAGE][FAILED] - Unable to verify match between actual text '0' and expected text '0.0' (Root cause: com.kms.katalon.core.exception.StepFailedException: Actual text '0' and expected text '0.0' are not matched
	at com.kms.katalon.core.keyword.builtin.VerifyMatchKeyword$_verifyMatch_closure1.doCall(VerifyMatchKeyword.groovy:57)
	at com.kms.katalon.core.keyword.builtin.VerifyMatchKeyword$_verifyMatch_closure1.call(VerifyMatchKeyword.groovy)
	at com.kms.katalon.core.keyword.internal.KeywordMain.runKeyword(KeywordMain.groovy:74)
	at com.kms.katalon.core.keyword.builtin.VerifyMatchKeyword.verifyMatch(VerifyMatchKeyword.groovy:60)
	at com.kms.katalon.core.keyword.builtin.VerifyMatchKeyword.execute(VerifyMatchKeyword.groovy:45)
	at com.kms.katalon.core.keyword.internal.KeywordExecutor.executeKeywordForPlatform(KeywordExecutor.groovy:74)
	at com.kms.katalon.core.keyword.BuiltinKeywords.verifyMatch(BuiltinKeywords.groovy:73)
	at 2 - 2A_ Verify Calculated Values in Work Order (box partisi1 partisi2).run(2 - 2A_ Verify Calculated Values in Work Order (box partisi1 partisi2):310)
	at com.kms.katalon.core.main.ScriptEngine.run(ScriptEngine.java:194)
	at com.kms.katalon.core.main.ScriptEngine.runScriptAsRawText(ScriptEngine.java:119)
	at com.kms.katalon.core.main.TestCaseExecutor.runScript(TestCaseExecutor.java:445)
	at com.kms.katalon.core.main.TestCaseExecutor.doExecute(TestCaseExecutor.java:436)
	at com.kms.katalon.core.main.TestCaseExecutor.processExecutionPhase(TestCaseExecutor.java:415)
	at com.kms.katalon.core.main.TestCaseExecutor.accessMainPhase(TestCaseExecutor.java:407)
	at com.kms.katalon.core.main.TestCaseExecutor.execute(TestCaseExecutor.java:284)
	at com.kms.katalon.core.common.CommonExecutor.accessTestCaseMainPhase(CommonExecutor.java:65)
	at com.kms.katalon.core.main.TestSuiteExecutor.accessTestSuiteMainPhase(TestSuiteExecutor.java:144)
	at com.kms.katalon.core.main.TestSuiteExecutor.execute(TestSuiteExecutor.java:106)
	at com.kms.katalon.core.main.TestCaseMain.startTestSuite(TestCaseMain.java:185)
	at com.kms.katalon.core.main.TestCaseMain$startTestSuite$0.call(Unknown Source)
	at TempTestSuite1657783415095.run(TempTestSuite1657783415095.groovy:36)
)

2022-07-14 14:26:30 - [TEST_STEP][PASSED] - lebarKertasMinimum_partisi = 1150: null

2022-07-14 14:26:30 - [TEST_STEP][PASSED] - width_partisi = 140: null

2022-07-14 14:26:30 - [TEST_STEP][PASSED] - outkertas_partisi = 5: null

2022-07-14 14:26:30 - [TEST_STEP][PASSED] - expected_outkrts_partisi = outkertas_partisi: null

2022-07-14 14:26:30 - [TEST_STEP][PASSED] - actual_outkrts_partisi = allValues[10]: null

2022-07-14 14:26:30 - [TEST_STEP][PASSED] - verifyMatch(actual_outkrts_partisi, expected_outkrts_partisi, false): Actual text '5' and expected text '5' are matched 

2022-07-14 14:26:30 - [MESSAGE][PASSED] - Actual text '5' and expected text '5' are matched 

2022-07-14 14:26:30 - [TEST_STEP][PASSED] - constantDoubleJoint_partisi = 1: null

2022-07-14 14:26:30 - [TEST_STEP][PASSED] - out_partisi = outkertas_partisi: null

2022-07-14 14:26:30 - [TEST_STEP][PASSED] - outKnife_partisi = 1: null

2022-07-14 14:26:30 - [TEST_STEP][PASSED] - corrPartisi = constantDoubleJoint_partisi * Math.floor(newQty / out_partisi / outKnife_partisi): null

2022-07-14 14:26:30 - [TEST_STEP][PASSED] - expected_corr_partisi = corrPartisi: null

2022-07-14 14:26:30 - [TEST_STEP][PASSED] - actual_corr_partisi = allValues[11]: null

2022-07-14 14:26:30 - [TEST_STEP][PASSED] - verifyMatch(actual_corr_partisi, expected_corr_partisi, false): Actual text '20' and expected text '20' are matched 

2022-07-14 14:26:30 - [MESSAGE][PASSED] - Actual text '20' and expected text '20' are matched 

2022-07-14 14:26:30 - [TEST_STEP][PASSED] - weightSheetNettoGram_partisi = 53.5: null

2022-07-14 14:26:30 - [TEST_STEP][PASSED] - weight_partisi = constantDoubleJoint_partisi * weightSheetNettoGram_partisi * newQty / 1000: null

2022-07-14 14:26:30 - [TEST_STEP][PASSED] - beratBoxPartisi = Math.ceil(weight_partisi / qty * 1000 * 100) / 100: null

2022-07-14 14:26:30 - [TEST_STEP][PASSED] - expected_beratbox_partisi = beratBoxPartisi: null

2022-07-14 14:26:30 - [TEST_STEP][PASSED] - actual_beratbox_partisi = allValues[12]: null

2022-07-14 14:26:30 - [TEST_STEP][PASSED] - verifyMatch(actual_beratbox_partisi, expected_beratbox_partisi, false): Actual text '53.5' and expected text '53.5' are matched 

2022-07-14 14:26:30 - [MESSAGE][PASSED] - Actual text '53.5' and expected text '53.5' are matched 

2022-07-14 14:26:30 - [TEST_STEP][PASSED] - beratOrderPartisi = Math.ceil(weight_partisi * 100) / 100: null

2022-07-14 14:26:30 - [TEST_STEP][PASSED] - expected_beratorder_partisi = beratOrderPartisi: null

2022-07-14 14:26:30 - [TEST_STEP][PASSED] - actual_beratorder_partisi = allValues[13]: null

2022-07-14 14:26:30 - [TEST_STEP][PASSED] - verifyMatch(actual_beratorder_partisi, expected_beratorder_partisi, false): Actual text '5.35' and expected text '5.35' are matched 

2022-07-14 14:26:30 - [MESSAGE][PASSED] - Actual text '5.35' and expected text '5.35' are matched 

2022-07-14 14:26:30 - [TEST_STEP][PASSED] - trimWasteGram_partisi = 18.91: null

2022-07-14 14:26:30 - [TEST_STEP][PASSED] - lengthPartisi = 918: null

2022-07-14 14:26:30 - [TEST_STEP][PASSED] - lebarKertasPartisi = 50: null

2022-07-14 14:26:30 - [TEST_STEP][PASSED] - gsmPartisi = 416.25: null

2022-07-14 14:26:30 - [TEST_STEP][PASSED] - beratTrimPartisi = Math.ceil(corrPartisi * lengthPartisi / 1000 * lebarKertasPartisi / 1000 * gsmPartisi / 1000 * 100) / 100: null

2022-07-14 14:26:30 - [TEST_STEP][PASSED] - expected_berattrim_partisi = beratTrimPartisi: null

2022-07-14 14:26:30 - [TEST_STEP][PASSED] - actual_berattrim_partisi = allValues[14]: null

2022-07-14 14:26:30 - [TEST_STEP][PASSED] - verifyMatch(actual_berattrim_partisi, expected_berattrim_partisi, false): Actual text '0.39' and expected text '0.39' are matched 

2022-07-14 14:26:30 - [MESSAGE][PASSED] - Actual text '0.39' and expected text '0.39' are matched 

2022-07-14 14:26:30 - [TEST_STEP][PASSED] - qValuepartisi1 = 125: null

2022-07-14 14:26:30 - [TEST_STEP][PASSED] - sheetLengthPartisi1 = 918: null

2022-07-14 14:26:30 - [TEST_STEP][PASSED] - minLebarMmSheetPartisi1 = 750: null

2022-07-14 14:26:30 - [TEST_STEP][PASSED] - identifierPartisi1 = 1: null

2022-07-14 14:26:30 - [TEST_STEP][PASSED] - beratSubstancePartisi1 = qValuepartisi1 / 1000 * sheetLengthPartisi1 / 1000 * minLebarMmSheetPartisi1 / 1000 * identifierPartisi1 * corrPartisi: null

2022-07-14 14:26:30 - [TEST_STEP][PASSED] - expected_beratsubstance1_partisi = beratSubstancePartisi1.round(2): null

2022-07-14 14:26:30 - [TEST_STEP][PASSED] - actual_beratsubstance1_partisi = allValues[15]: null

2022-07-14 14:26:30 - [TEST_STEP][PASSED] - verifyMatch(actual_beratsubstance1_partisi, expected_beratsubstance1_partisi, false): Actual text '1.72' and expected text '1.72' are matched 

2022-07-14 14:26:30 - [MESSAGE][PASSED] - Actual text '1.72' and expected text '1.72' are matched 

2022-07-14 14:26:30 - [TEST_STEP][PASSED] - qValuepartisi2 = 125: null

2022-07-14 14:26:30 - [TEST_STEP][PASSED] - sheetLengthPartisi2 = 918: null

2022-07-14 14:26:30 - [TEST_STEP][PASSED] - minLebarMmSheetPartisi2 = 750: null

2022-07-14 14:26:30 - [TEST_STEP][PASSED] - identifierPartisi2 = 1.33: null

2022-07-14 14:26:30 - [TEST_STEP][PASSED] - beratSubstancePartisi2 = qValuepartisi2 / 1000 * sheetLengthPartisi2 / 1000 * minLebarMmSheetPartisi2 / 1000 * identifierPartisi2 * corrPartisi: null

2022-07-14 14:26:30 - [TEST_STEP][PASSED] - expected_beratsubstance2_partisi = beratSubstancePartisi2.round(2): null

2022-07-14 14:26:30 - [TEST_STEP][PASSED] - actual_beratsubstance2_partisi = allValues[16]: null

2022-07-14 14:26:30 - [TEST_STEP][PASSED] - verifyMatch(actual_beratsubstance2_partisi, expected_beratsubstance2_partisi, false): Actual text '2.29' and expected text '2.29' are matched 

2022-07-14 14:26:30 - [MESSAGE][PASSED] - Actual text '2.29' and expected text '2.29' are matched 

2022-07-14 14:26:30 - [TEST_STEP][PASSED] - qValuepartisi3 = 125: null

2022-07-14 14:26:30 - [TEST_STEP][PASSED] - sheetLengthPartisi3 = 918: null

2022-07-14 14:26:30 - [TEST_STEP][PASSED] - minLebarMmSheetPartisi3 = 750: null

2022-07-14 14:26:30 - [TEST_STEP][PASSED] - identifierPartisi3 = 1: null

2022-07-14 14:26:30 - [TEST_STEP][PASSED] - beratSubstancePartisi3 = qValuepartisi3 / 1000 * sheetLengthPartisi3 / 1000 * minLebarMmSheetPartisi3 / 1000 * identifierPartisi3 * corrPartisi: null

2022-07-14 14:26:30 - [TEST_STEP][PASSED] - expected_beratsubstance3_partisi = beratSubstancePartisi3.round(2): null

2022-07-14 14:26:30 - [TEST_STEP][PASSED] - actual_beratsubstance3_partisi = allValues[17]: null

2022-07-14 14:26:30 - [TEST_STEP][PASSED] - verifyMatch(actual_beratsubstance3_partisi, expected_beratsubstance3_partisi, false): Actual text '1.72' and expected text '1.72' are matched 

2022-07-14 14:26:30 - [MESSAGE][PASSED] - Actual text '1.72' and expected text '1.72' are matched 

2022-07-14 14:26:30 - [TEST_STEP][PASSED] - qValuepartisi4 = 0: null

2022-07-14 14:26:30 - [TEST_STEP][PASSED] - sheetLengthPartisi4 = 918: null

2022-07-14 14:26:30 - [TEST_STEP][PASSED] - minLebarMmSheetPartisi4 = 750: null

2022-07-14 14:26:30 - [TEST_STEP][PASSED] - identifierPartisi4 = 1.42: null

2022-07-14 14:26:30 - [TEST_STEP][PASSED] - beratSubstancePartisi4 = qValuepartisi4 / 1000 * sheetLengthPartisi4 / 1000 * minLebarMmSheetPartisi4 / 1000 * identifierPartisi4 * corrPartisi: null

2022-07-14 14:26:30 - [TEST_STEP][PASSED] - expected_beratsubstance4_partisi = beratSubstancePartisi4.round(2): null

2022-07-14 14:26:30 - [TEST_STEP][PASSED] - actual_beratsubstance4_partisi = allValues[18]: null

2022-07-14 14:26:30 - [TEST_STEP][FAILED] - verifyMatch(actual_beratsubstance4_partisi, expected_beratsubstance4_partisi, false): Unable to verify match between actual text '0' and expected text '0.0' (Root cause: com.kms.katalon.core.exception.StepFailedException: Actual text '0' and expected text '0.0' are not matched
	at com.kms.katalon.core.keyword.builtin.VerifyMatchKeyword$_verifyMatch_closure1.doCall(VerifyMatchKeyword.groovy:57)
	at com.kms.katalon.core.keyword.builtin.VerifyMatchKeyword$_verifyMatch_closure1.call(VerifyMatchKeyword.groovy)
	at com.kms.katalon.core.keyword.internal.KeywordMain.runKeyword(KeywordMain.groovy:74)
	at com.kms.katalon.core.keyword.builtin.VerifyMatchKeyword.verifyMatch(VerifyMatchKeyword.groovy:60)
	at com.kms.katalon.core.keyword.builtin.VerifyMatchKeyword.execute(VerifyMatchKeyword.groovy:45)
	at com.kms.katalon.core.keyword.internal.KeywordExecutor.executeKeywordForPlatform(KeywordExecutor.groovy:74)
	at com.kms.katalon.core.keyword.BuiltinKeywords.verifyMatch(BuiltinKeywords.groovy:73)
	at 2 - 2A_ Verify Calculated Values in Work Order (box partisi1 partisi2).run(2 - 2A_ Verify Calculated Values in Work Order (box partisi1 partisi2):406)
	at com.kms.katalon.core.main.ScriptEngine.run(ScriptEngine.java:194)
	at com.kms.katalon.core.main.ScriptEngine.runScriptAsRawText(ScriptEngine.java:119)
	at com.kms.katalon.core.main.TestCaseExecutor.runScript(TestCaseExecutor.java:445)
	at com.kms.katalon.core.main.TestCaseExecutor.doExecute(TestCaseExecutor.java:436)
	at com.kms.katalon.core.main.TestCaseExecutor.processExecutionPhase(TestCaseExecutor.java:415)
	at com.kms.katalon.core.main.TestCaseExecutor.accessMainPhase(TestCaseExecutor.java:407)
	at com.kms.katalon.core.main.TestCaseExecutor.execute(TestCaseExecutor.java:284)
	at com.kms.katalon.core.common.CommonExecutor.accessTestCaseMainPhase(CommonExecutor.java:65)
	at com.kms.katalon.core.main.TestSuiteExecutor.accessTestSuiteMainPhase(TestSuiteExecutor.java:144)
	at com.kms.katalon.core.main.TestSuiteExecutor.execute(TestSuiteExecutor.java:106)
	at com.kms.katalon.core.main.TestCaseMain.startTestSuite(TestCaseMain.java:185)
	at com.kms.katalon.core.main.TestCaseMain$startTestSuite$0.call(Unknown Source)
	at TempTestSuite1657783415095.run(TempTestSuite1657783415095.groovy:36)
)

2022-07-14 14:26:30 - [MESSAGE][FAILED] - Unable to verify match between actual text '0' and expected text '0.0' (Root cause: com.kms.katalon.core.exception.StepFailedException: Actual text '0' and expected text '0.0' are not matched
	at com.kms.katalon.core.keyword.builtin.VerifyMatchKeyword$_verifyMatch_closure1.doCall(VerifyMatchKeyword.groovy:57)
	at com.kms.katalon.core.keyword.builtin.VerifyMatchKeyword$_verifyMatch_closure1.call(VerifyMatchKeyword.groovy)
	at com.kms.katalon.core.keyword.internal.KeywordMain.runKeyword(KeywordMain.groovy:74)
	at com.kms.katalon.core.keyword.builtin.VerifyMatchKeyword.verifyMatch(VerifyMatchKeyword.groovy:60)
	at com.kms.katalon.core.keyword.builtin.VerifyMatchKeyword.execute(VerifyMatchKeyword.groovy:45)
	at com.kms.katalon.core.keyword.internal.KeywordExecutor.executeKeywordForPlatform(KeywordExecutor.groovy:74)
	at com.kms.katalon.core.keyword.BuiltinKeywords.verifyMatch(BuiltinKeywords.groovy:73)
	at 2 - 2A_ Verify Calculated Values in Work Order (box partisi1 partisi2).run(2 - 2A_ Verify Calculated Values in Work Order (box partisi1 partisi2):406)
	at com.kms.katalon.core.main.ScriptEngine.run(ScriptEngine.java:194)
	at com.kms.katalon.core.main.ScriptEngine.runScriptAsRawText(ScriptEngine.java:119)
	at com.kms.katalon.core.main.TestCaseExecutor.runScript(TestCaseExecutor.java:445)
	at com.kms.katalon.core.main.TestCaseExecutor.doExecute(TestCaseExecutor.java:436)
	at com.kms.katalon.core.main.TestCaseExecutor.processExecutionPhase(TestCaseExecutor.java:415)
	at com.kms.katalon.core.main.TestCaseExecutor.accessMainPhase(TestCaseExecutor.java:407)
	at com.kms.katalon.core.main.TestCaseExecutor.execute(TestCaseExecutor.java:284)
	at com.kms.katalon.core.common.CommonExecutor.accessTestCaseMainPhase(CommonExecutor.java:65)
	at com.kms.katalon.core.main.TestSuiteExecutor.accessTestSuiteMainPhase(TestSuiteExecutor.java:144)
	at com.kms.katalon.core.main.TestSuiteExecutor.execute(TestSuiteExecutor.java:106)
	at com.kms.katalon.core.main.TestCaseMain.startTestSuite(TestCaseMain.java:185)
	at com.kms.katalon.core.main.TestCaseMain$startTestSuite$0.call(Unknown Source)
	at TempTestSuite1657783415095.run(TempTestSuite1657783415095.groovy:36)
)

2022-07-14 14:26:30 - [TEST_STEP][PASSED] - qValuepartisi5 = 0: null

2022-07-14 14:26:30 - [TEST_STEP][PASSED] - sheetLengthPartisi5 = 918: null

2022-07-14 14:26:30 - [TEST_STEP][PASSED] - minLebarMmSheetPartisi5 = 750: null

2022-07-14 14:26:30 - [TEST_STEP][PASSED] - identifierPartisi5 = 1: null

2022-07-14 14:26:30 - [TEST_STEP][PASSED] - beratSubstancePartisi5 = qValuepartisi5 / 1000 * sheetLengthPartisi5 / 1000 * minLebarMmSheetPartisi5 / 1000 * identifierPartisi5 * corrPartisi: null

2022-07-14 14:26:30 - [TEST_STEP][PASSED] - expected_beratsubstance5_partisi = beratSubstancePartisi5.round(2): null

2022-07-14 14:26:30 - [TEST_STEP][PASSED] - actual_beratsubstance5_partisi = allValues[19]: null

2022-07-14 14:26:30 - [TEST_STEP][FAILED] - verifyMatch(actual_beratsubstance5_partisi, expected_beratsubstance5_partisi, false): Unable to verify match between actual text '0' and expected text '0.0' (Root cause: com.kms.katalon.core.exception.StepFailedException: Actual text '0' and expected text '0.0' are not matched
	at com.kms.katalon.core.keyword.builtin.VerifyMatchKeyword$_verifyMatch_closure1.doCall(VerifyMatchKeyword.groovy:57)
	at com.kms.katalon.core.keyword.builtin.VerifyMatchKeyword$_verifyMatch_closure1.call(VerifyMatchKeyword.groovy)
	at com.kms.katalon.core.keyword.internal.KeywordMain.runKeyword(KeywordMain.groovy:74)
	at com.kms.katalon.core.keyword.builtin.VerifyMatchKeyword.verifyMatch(VerifyMatchKeyword.groovy:60)
	at com.kms.katalon.core.keyword.builtin.VerifyMatchKeyword.execute(VerifyMatchKeyword.groovy:45)
	at com.kms.katalon.core.keyword.internal.KeywordExecutor.executeKeywordForPlatform(KeywordExecutor.groovy:74)
	at com.kms.katalon.core.keyword.BuiltinKeywords.verifyMatch(BuiltinKeywords.groovy:73)
	at 2 - 2A_ Verify Calculated Values in Work Order (box partisi1 partisi2).run(2 - 2A_ Verify Calculated Values in Work Order (box partisi1 partisi2):417)
	at com.kms.katalon.core.main.ScriptEngine.run(ScriptEngine.java:194)
	at com.kms.katalon.core.main.ScriptEngine.runScriptAsRawText(ScriptEngine.java:119)
	at com.kms.katalon.core.main.TestCaseExecutor.runScript(TestCaseExecutor.java:445)
	at com.kms.katalon.core.main.TestCaseExecutor.doExecute(TestCaseExecutor.java:436)
	at com.kms.katalon.core.main.TestCaseExecutor.processExecutionPhase(TestCaseExecutor.java:415)
	at com.kms.katalon.core.main.TestCaseExecutor.accessMainPhase(TestCaseExecutor.java:407)
	at com.kms.katalon.core.main.TestCaseExecutor.execute(TestCaseExecutor.java:284)
	at com.kms.katalon.core.common.CommonExecutor.accessTestCaseMainPhase(CommonExecutor.java:65)
	at com.kms.katalon.core.main.TestSuiteExecutor.accessTestSuiteMainPhase(TestSuiteExecutor.java:144)
	at com.kms.katalon.core.main.TestSuiteExecutor.execute(TestSuiteExecutor.java:106)
	at com.kms.katalon.core.main.TestCaseMain.startTestSuite(TestCaseMain.java:185)
	at com.kms.katalon.core.main.TestCaseMain$startTestSuite$0.call(Unknown Source)
	at TempTestSuite1657783415095.run(TempTestSuite1657783415095.groovy:36)
)

2022-07-14 14:26:30 - [MESSAGE][FAILED] - Unable to verify match between actual text '0' and expected text '0.0' (Root cause: com.kms.katalon.core.exception.StepFailedException: Actual text '0' and expected text '0.0' are not matched
	at com.kms.katalon.core.keyword.builtin.VerifyMatchKeyword$_verifyMatch_closure1.doCall(VerifyMatchKeyword.groovy:57)
	at com.kms.katalon.core.keyword.builtin.VerifyMatchKeyword$_verifyMatch_closure1.call(VerifyMatchKeyword.groovy)
	at com.kms.katalon.core.keyword.internal.KeywordMain.runKeyword(KeywordMain.groovy:74)
	at com.kms.katalon.core.keyword.builtin.VerifyMatchKeyword.verifyMatch(VerifyMatchKeyword.groovy:60)
	at com.kms.katalon.core.keyword.builtin.VerifyMatchKeyword.execute(VerifyMatchKeyword.groovy:45)
	at com.kms.katalon.core.keyword.internal.KeywordExecutor.executeKeywordForPlatform(KeywordExecutor.groovy:74)
	at com.kms.katalon.core.keyword.BuiltinKeywords.verifyMatch(BuiltinKeywords.groovy:73)
	at 2 - 2A_ Verify Calculated Values in Work Order (box partisi1 partisi2).run(2 - 2A_ Verify Calculated Values in Work Order (box partisi1 partisi2):417)
	at com.kms.katalon.core.main.ScriptEngine.run(ScriptEngine.java:194)
	at com.kms.katalon.core.main.ScriptEngine.runScriptAsRawText(ScriptEngine.java:119)
	at com.kms.katalon.core.main.TestCaseExecutor.runScript(TestCaseExecutor.java:445)
	at com.kms.katalon.core.main.TestCaseExecutor.doExecute(TestCaseExecutor.java:436)
	at com.kms.katalon.core.main.TestCaseExecutor.processExecutionPhase(TestCaseExecutor.java:415)
	at com.kms.katalon.core.main.TestCaseExecutor.accessMainPhase(TestCaseExecutor.java:407)
	at com.kms.katalon.core.main.TestCaseExecutor.execute(TestCaseExecutor.java:284)
	at com.kms.katalon.core.common.CommonExecutor.accessTestCaseMainPhase(CommonExecutor.java:65)
	at com.kms.katalon.core.main.TestSuiteExecutor.accessTestSuiteMainPhase(TestSuiteExecutor.java:144)
	at com.kms.katalon.core.main.TestSuiteExecutor.execute(TestSuiteExecutor.java:106)
	at com.kms.katalon.core.main.TestCaseMain.startTestSuite(TestCaseMain.java:185)
	at com.kms.katalon.core.main.TestCaseMain$startTestSuite$0.call(Unknown Source)
	at TempTestSuite1657783415095.run(TempTestSuite1657783415095.groovy:36)
)

2022-07-14 14:26:30 - [TEST_STEP][PASSED] - closeBrowser(): Browser is closed

2022-07-14 14:26:30 - [MESSAGE][PASSED] - Browser is closed]]></system-out>
         <system-err><![CDATA[2022-07-14 14:25:19 - [TEST_CASE][FAILED] - Test Cases/SKT ERP/Production/2 - 2A_ Verify Calculated Values in Work Order (box partisi1 partisi2): Test Cases/SKT ERP/Production/2 - 2A_ Verify Calculated Values in Work Order (box partisi1 partisi2) FAILED.
Reason:
com.kms.katalon.core.exception.StepFailedException: Unable to verify match between actual text '0' and expected text '0.0' (Root cause: com.kms.katalon.core.exception.StepFailedException: Actual text '0' and expected text '0.0' are not matched
	at com.kms.katalon.core.keyword.builtin.VerifyMatchKeyword$_verifyMatch_closure1.doCall(VerifyMatchKeyword.groovy:57)
	at com.kms.katalon.core.keyword.builtin.VerifyMatchKeyword$_verifyMatch_closure1.call(VerifyMatchKeyword.groovy)
	at com.kms.katalon.core.keyword.internal.KeywordMain.runKeyword(KeywordMain.groovy:74)
	at com.kms.katalon.core.keyword.builtin.VerifyMatchKeyword.verifyMatch(VerifyMatchKeyword.groovy:60)
	at com.kms.katalon.core.keyword.builtin.VerifyMatchKeyword.execute(VerifyMatchKeyword.groovy:45)
	at com.kms.katalon.core.keyword.internal.KeywordExecutor.executeKeywordForPlatform(KeywordExecutor.groovy:74)
	at com.kms.katalon.core.keyword.BuiltinKeywords.verifyMatch(BuiltinKeywords.groovy:73)
	at 2 - 2A_ Verify Calculated Values in Work Order (box partisi1 partisi2).run(2 - 2A_ Verify Calculated Values in Work Order (box partisi1 partisi2):299)
	at com.kms.katalon.core.main.ScriptEngine.run(ScriptEngine.java:194)
	at com.kms.katalon.core.main.ScriptEngine.runScriptAsRawText(ScriptEngine.java:119)
	at com.kms.katalon.core.main.TestCaseExecutor.runScript(TestCaseExecutor.java:445)
	at com.kms.katalon.core.main.TestCaseExecutor.doExecute(TestCaseExecutor.java:436)
	at com.kms.katalon.core.main.TestCaseExecutor.processExecutionPhase(TestCaseExecutor.java:415)
	at com.kms.katalon.core.main.TestCaseExecutor.accessMainPhase(TestCaseExecutor.java:407)
	at com.kms.katalon.core.main.TestCaseExecutor.execute(TestCaseExecutor.java:284)
	at com.kms.katalon.core.common.CommonExecutor.accessTestCaseMainPhase(CommonExecutor.java:65)
	at com.kms.katalon.core.main.TestSuiteExecutor.accessTestSuiteMainPhase(TestSuiteExecutor.java:144)
	at com.kms.katalon.core.main.TestSuiteExecutor.execute(TestSuiteExecutor.java:106)
	at com.kms.katalon.core.main.TestCaseMain.startTestSuite(TestCaseMain.java:185)
	at com.kms.katalon.core.main.TestCaseMain$startTestSuite$0.call(Unknown Source)
	at TempTestSuite1657783415095.run(TempTestSuite1657783415095.groovy:36)
)
	at com.kms.katalon.core.keyword.internal.KeywordMain.stepFailed(KeywordMain.groovy:39)
	at com.kms.katalon.core.keyword.internal.KeywordMain.stepFailed(KeywordMain.groovy)
	at com.kms.katalon.core.keyword.internal.KeywordMain.runKeyword(KeywordMain.groovy:76)
	at com.kms.katalon.core.keyword.builtin.VerifyMatchKeyword.verifyMatch(VerifyMatchKeyword.groovy:60)
	at com.kms.katalon.core.keyword.builtin.VerifyMatchKeyword.execute(VerifyMatchKeyword.groovy:45)
	at com.kms.katalon.core.keyword.internal.KeywordExecutor.executeKeywordForPlatform(KeywordExecutor.groovy:74)
	at com.kms.katalon.core.keyword.BuiltinKeywords.verifyMatch(BuiltinKeywords.groovy:73)
	at 2 - 2A_ Verify Calculated Values in Work Order (box partisi1 partisi2).run(2 - 2A_ Verify Calculated Values in Work Order (box partisi1 partisi2):299)
	at com.kms.katalon.core.main.ScriptEngine.run(ScriptEngine.java:194)
	at com.kms.katalon.core.main.ScriptEngine.runScriptAsRawText(ScriptEngine.java:119)
	at com.kms.katalon.core.main.TestCaseExecutor.runScript(TestCaseExecutor.java:445)
	at com.kms.katalon.core.main.TestCaseExecutor.doExecute(TestCaseExecutor.java:436)
	at com.kms.katalon.core.main.TestCaseExecutor.processExecutionPhase(TestCaseExecutor.java:415)
	at com.kms.katalon.core.main.TestCaseExecutor.accessMainPhase(TestCaseExecutor.java:407)
	at com.kms.katalon.core.main.TestCaseExecutor.execute(TestCaseExecutor.java:284)
	at com.kms.katalon.core.common.CommonExecutor.accessTestCaseMainPhase(CommonExecutor.java:65)
	at com.kms.katalon.core.main.TestSuiteExecutor.accessTestSuiteMainPhase(TestSuiteExecutor.java:144)
	at com.kms.katalon.core.main.TestSuiteExecutor.execute(TestSuiteExecutor.java:106)
	at com.kms.katalon.core.main.TestCaseMain.startTestSuite(TestCaseMain.java:185)
	at com.kms.katalon.core.main.TestCaseMain$startTestSuite$0.call(Unknown Source)
	at TempTestSuite1657783415095.run(TempTestSuite1657783415095.groovy:36)
Caused by: com.kms.katalon.core.exception.StepFailedException: Actual text '0' and expected text '0.0' are not matched
	at com.kms.katalon.core.keyword.builtin.VerifyMatchKeyword$_verifyMatch_closure1.doCall(VerifyMatchKeyword.groovy:57)
	at com.kms.katalon.core.keyword.builtin.VerifyMatchKeyword$_verifyMatch_closure1.call(VerifyMatchKeyword.groovy)
	at com.kms.katalon.core.keyword.internal.KeywordMain.runKeyword(KeywordMain.groovy:74)
	... 18 more]]></system-err>
      </testcase>
      <system-out><![CDATA[2022-07-14 14:23:42 - [TEST_SUITE][FAILED] - Demo Juli 2022: Test Cases/SKT ERP/Production/3 - 2B_ Verify Calculated Values in Work Order (box layer1 layer2) FAILED.
Reason:
com.kms.katalon.core.exception.StepFailedException: Unable to verify match between actual text '344.72' and expected text '344.73' (Root cause: com.kms.katalon.core.exception.StepFailedException: Actual text '344.72' and expected text '344.73' are not matched
	at com.kms.katalon.core.keyword.builtin.VerifyMatchKeyword$_verifyMatch_closure1.doCall(VerifyMatchKeyword.groovy:57)
	at com.kms.katalon.core.keyword.builtin.VerifyMatchKeyword$_verifyMatch_closure1.call(VerifyMatchKeyword.groovy)
	at com.kms.katalon.core.keyword.internal.KeywordMain.runKeyword(KeywordMain.groovy:74)
	at com.kms.katalon.core.keyword.builtin.VerifyMatchKeyword.verifyMatch(VerifyMatchKeyword.groovy:60)
	at com.kms.katalon.core.keyword.builtin.VerifyMatchKeyword.execute(VerifyMatchKeyword.groovy:45)
	at com.kms.katalon.core.keyword.internal.KeywordExecutor.executeKeywordForPlatform(KeywordExecutor.groovy:74)
	at com.kms.katalon.core.keyword.BuiltinKeywords.verifyMatch(BuiltinKeywords.groovy:73)
	at 3 - 2B_ Verify Calculated Values in Work Order (box layer1 layer2).run(3 - 2B_ Verify Calculated Values in Work Order (box layer1 layer2):240)
	at com.kms.katalon.core.main.ScriptEngine.run(ScriptEngine.java:194)
	at com.kms.katalon.core.main.ScriptEngine.runScriptAsRawText(ScriptEngine.java:119)
	at com.kms.katalon.core.main.TestCaseExecutor.runScript(TestCaseExecutor.java:445)
	at com.kms.katalon.core.main.TestCaseExecutor.doExecute(TestCaseExecutor.java:436)
	at com.kms.katalon.core.main.TestCaseExecutor.processExecutionPhase(TestCaseExecutor.java:415)
	at com.kms.katalon.core.main.TestCaseExecutor.accessMainPhase(TestCaseExecutor.java:407)
	at com.kms.katalon.core.main.TestCaseExecutor.execute(TestCaseExecutor.java:284)
	at com.kms.katalon.core.common.CommonExecutor.accessTestCaseMainPhase(CommonExecutor.java:65)
	at com.kms.katalon.core.main.TestSuiteExecutor.accessTestSuiteMainPhase(TestSuiteExecutor.java:144)
	at com.kms.katalon.core.main.TestSuiteExecutor.execute(TestSuiteExecutor.java:106)
	at com.kms.katalon.core.main.TestCaseMain.startTestSuite(TestCaseMain.java:185)
	at com.kms.katalon.core.main.TestCaseMain$startTestSuite$0.call(Unknown Source)
	at TempTestSuite1657783415095.run(TempTestSuite1657783415095.groovy:36)
)
	at com.kms.katalon.core.keyword.internal.KeywordMain.stepFailed(KeywordMain.groovy:39)
	at com.kms.katalon.core.keyword.internal.KeywordMain.stepFailed(KeywordMain.groovy)
	at com.kms.katalon.core.keyword.internal.KeywordMain.runKeyword(KeywordMain.groovy:76)
	at com.kms.katalon.core.keyword.builtin.VerifyMatchKeyword.verifyMatch(VerifyMatchKeyword.groovy:60)
	at com.kms.katalon.core.keyword.builtin.VerifyMatchKeyword.execute(VerifyMatchKeyword.groovy:45)
	at com.kms.katalon.core.keyword.internal.KeywordExecutor.executeKeywordForPlatform(KeywordExecutor.groovy:74)
	at com.kms.katalon.core.keyword.BuiltinKeywords.verifyMatch(BuiltinKeywords.groovy:73)
	at 3 - 2B_ Verify Calculated Values in Work Order (box layer1 layer2).run(3 - 2B_ Verify Calculated Values in Work Order (box layer1 layer2):240)
	at com.kms.katalon.core.main.ScriptEngine.run(ScriptEngine.java:194)
	at com.kms.katalon.core.main.ScriptEngine.runScriptAsRawText(ScriptEngine.java:119)
	at com.kms.katalon.core.main.TestCaseExecutor.runScript(TestCaseExecutor.java:445)
	at com.kms.katalon.core.main.TestCaseExecutor.doExecute(TestCaseExecutor.java:436)
	at com.kms.katalon.core.main.TestCaseExecutor.processExecutionPhase(TestCaseExecutor.java:415)
	at com.kms.katalon.core.main.TestCaseExecutor.accessMainPhase(TestCaseExecutor.java:407)
	at com.kms.katalon.core.main.TestCaseExecutor.execute(TestCaseExecutor.java:284)
	at com.kms.katalon.core.common.CommonExecutor.accessTestCaseMainPhase(CommonExecutor.java:65)
	at com.kms.katalon.core.main.TestSuiteExecutor.accessTestSuiteMainPhase(TestSuiteExecutor.java:144)
	at com.kms.katalon.core.main.TestSuiteExecutor.execute(TestSuiteExecutor.java:106)
	at com.kms.katalon.core.main.TestCaseMain.startTestSuite(TestCaseMain.java:185)
	at com.kms.katalon.core.main.TestCaseMain$startTestSuite$0.call(Unknown Source)
	at TempTestSuite1657783415095.run(TempTestSuite1657783415095.groovy:36)
Caused by: com.kms.katalon.core.exception.StepFailedException: Actual text '344.72' and expected text '344.73' are not matched
	at com.kms.katalon.core.keyword.builtin.VerifyMatchKeyword$_verifyMatch_closure1.doCall(VerifyMatchKeyword.groovy:57)
	at com.kms.katalon.core.keyword.builtin.VerifyMatchKeyword$_verifyMatch_closure1.call(VerifyMatchKeyword.groovy)
	at com.kms.katalon.core.keyword.internal.KeywordMain.runKeyword(KeywordMain.groovy:74)
	... 18 more]]></system-out>
      <system-err><![CDATA[2022-07-14 14:23:42 - [TEST_SUITE][FAILED] - Demo Juli 2022: Test Cases/SKT ERP/Production/3 - 2B_ Verify Calculated Values in Work Order (box layer1 layer2) FAILED.
Reason:
com.kms.katalon.core.exception.StepFailedException: Unable to verify match between actual text '344.72' and expected text '344.73' (Root cause: com.kms.katalon.core.exception.StepFailedException: Actual text '344.72' and expected text '344.73' are not matched
	at com.kms.katalon.core.keyword.builtin.VerifyMatchKeyword$_verifyMatch_closure1.doCall(VerifyMatchKeyword.groovy:57)
	at com.kms.katalon.core.keyword.builtin.VerifyMatchKeyword$_verifyMatch_closure1.call(VerifyMatchKeyword.groovy)
	at com.kms.katalon.core.keyword.internal.KeywordMain.runKeyword(KeywordMain.groovy:74)
	at com.kms.katalon.core.keyword.builtin.VerifyMatchKeyword.verifyMatch(VerifyMatchKeyword.groovy:60)
	at com.kms.katalon.core.keyword.builtin.VerifyMatchKeyword.execute(VerifyMatchKeyword.groovy:45)
	at com.kms.katalon.core.keyword.internal.KeywordExecutor.executeKeywordForPlatform(KeywordExecutor.groovy:74)
	at com.kms.katalon.core.keyword.BuiltinKeywords.verifyMatch(BuiltinKeywords.groovy:73)
	at 3 - 2B_ Verify Calculated Values in Work Order (box layer1 layer2).run(3 - 2B_ Verify Calculated Values in Work Order (box layer1 layer2):240)
	at com.kms.katalon.core.main.ScriptEngine.run(ScriptEngine.java:194)
	at com.kms.katalon.core.main.ScriptEngine.runScriptAsRawText(ScriptEngine.java:119)
	at com.kms.katalon.core.main.TestCaseExecutor.runScript(TestCaseExecutor.java:445)
	at com.kms.katalon.core.main.TestCaseExecutor.doExecute(TestCaseExecutor.java:436)
	at com.kms.katalon.core.main.TestCaseExecutor.processExecutionPhase(TestCaseExecutor.java:415)
	at com.kms.katalon.core.main.TestCaseExecutor.accessMainPhase(TestCaseExecutor.java:407)
	at com.kms.katalon.core.main.TestCaseExecutor.execute(TestCaseExecutor.java:284)
	at com.kms.katalon.core.common.CommonExecutor.accessTestCaseMainPhase(CommonExecutor.java:65)
	at com.kms.katalon.core.main.TestSuiteExecutor.accessTestSuiteMainPhase(TestSuiteExecutor.java:144)
	at com.kms.katalon.core.main.TestSuiteExecutor.execute(TestSuiteExecutor.java:106)
	at com.kms.katalon.core.main.TestCaseMain.startTestSuite(TestCaseMain.java:185)
	at com.kms.katalon.core.main.TestCaseMain$startTestSuite$0.call(Unknown Source)
	at TempTestSuite1657783415095.run(TempTestSuite1657783415095.groovy:36)
)
	at com.kms.katalon.core.keyword.internal.KeywordMain.stepFailed(KeywordMain.groovy:39)
	at com.kms.katalon.core.keyword.internal.KeywordMain.stepFailed(KeywordMain.groovy)
	at com.kms.katalon.core.keyword.internal.KeywordMain.runKeyword(KeywordMain.groovy:76)
	at com.kms.katalon.core.keyword.builtin.VerifyMatchKeyword.verifyMatch(VerifyMatchKeyword.groovy:60)
	at com.kms.katalon.core.keyword.builtin.VerifyMatchKeyword.execute(VerifyMatchKeyword.groovy:45)
	at com.kms.katalon.core.keyword.internal.KeywordExecutor.executeKeywordForPlatform(KeywordExecutor.groovy:74)
	at com.kms.katalon.core.keyword.BuiltinKeywords.verifyMatch(BuiltinKeywords.groovy:73)
	at 3 - 2B_ Verify Calculated Values in Work Order (box layer1 layer2).run(3 - 2B_ Verify Calculated Values in Work Order (box layer1 layer2):240)
	at com.kms.katalon.core.main.ScriptEngine.run(ScriptEngine.java:194)
	at com.kms.katalon.core.main.ScriptEngine.runScriptAsRawText(ScriptEngine.java:119)
	at com.kms.katalon.core.main.TestCaseExecutor.runScript(TestCaseExecutor.java:445)
	at com.kms.katalon.core.main.TestCaseExecutor.doExecute(TestCaseExecutor.java:436)
	at com.kms.katalon.core.main.TestCaseExecutor.processExecutionPhase(TestCaseExecutor.java:415)
	at com.kms.katalon.core.main.TestCaseExecutor.accessMainPhase(TestCaseExecutor.java:407)
	at com.kms.katalon.core.main.TestCaseExecutor.execute(TestCaseExecutor.java:284)
	at com.kms.katalon.core.common.CommonExecutor.accessTestCaseMainPhase(CommonExecutor.java:65)
	at com.kms.katalon.core.main.TestSuiteExecutor.accessTestSuiteMainPhase(TestSuiteExecutor.java:144)
	at com.kms.katalon.core.main.TestSuiteExecutor.execute(TestSuiteExecutor.java:106)
	at com.kms.katalon.core.main.TestCaseMain.startTestSuite(TestCaseMain.java:185)
	at com.kms.katalon.core.main.TestCaseMain$startTestSuite$0.call(Unknown Source)
	at TempTestSuite1657783415095.run(TempTestSuite1657783415095.groovy:36)
Caused by: com.kms.katalon.core.exception.StepFailedException: Actual text '344.72' and expected text '344.73' are not matched
	at com.kms.katalon.core.keyword.builtin.VerifyMatchKeyword$_verifyMatch_closure1.doCall(VerifyMatchKeyword.groovy:57)
	at com.kms.katalon.core.keyword.builtin.VerifyMatchKeyword$_verifyMatch_closure1.call(VerifyMatchKeyword.groovy)
	at com.kms.katalon.core.keyword.internal.KeywordMain.runKeyword(KeywordMain.groovy:74)
	... 18 more]]></system-err>
   </testsuite>
</testsuites>
