<?xml version="1.0" encoding="UTF-8"?>
<testsuites name="Demo 28 Juni 2022" time="75.745" tests="1" failures="1" errors="0">
   <testsuite name="Demo 28 Juni 2022" tests="1" failures="1" errors="0" time="75.745" skipped="0" timestamp="2022-06-28 09:20:26" hostname="Shelly - LAPTOP-E00FH6K0.mshome.net" id="Test Suites/Demo 28 Juni 2022">
      <properties>
         <property name="deviceName" value=""/>
         <property name="devicePlatform" value=""/>
         <property name="logFolder" value="C:\\Users\\Shelly\\git\\test_ui\\test_ui\\Reports\\20220628_092014\\Demo 28 Juni 2022\\20220628_092014"/>
         <property name="logFiles" value="C:\\Users\\Shelly\\git\\test_ui\\test_ui\\Reports\\20220628_092014\\Demo 28 Juni 2022\\20220628_092014\\execution0.log"/>
         <property name="attachments" value=""/>
         <property name="hostName" value="Shelly - LAPTOP-E00FH6K0.mshome.net"/>
         <property name="os" value="Windows 10 64bit"/>
         <property name="katalonVersion" value="8.3.5.208"/>
         <property name="browser" value="Chrome 103.0.5060.66"/>
         <property name="hostAddress" value="172.29.16.1"/>
         <property name="sessionId" value="3f32d9c1d8be805aa838a51d228a675f"/>
         <property name="seleniumVersion" value="3.141.59"/>
         <property name="proxyInformation" value="ProxyInformation { proxyOption=NO_PROXY, proxyServerType=HTTP, username=, password=********, proxyServerAddress=, proxyServerPort=0, executionList=&quot;&quot;, isApplyToDesiredCapabilities=true }"/>
         <property name="platform" value="Windows 10"/>
      </properties>
      <testcase name="Test Cases/Demo 28 Juni 2022/2A_ Verify Calculated Values in Work Order (box partisi1 partisi2)" time="75.414" classname="Test Cases/Demo 28 Juni 2022/2A_ Verify Calculated Values in Work Order (box partisi1 partisi2)" status="FAILED">
         <failure type="FAILED" message="Test Cases/Demo 28 Juni 2022/2A_ Verify Calculated Values in Work Order (box partisi1 partisi2) FAILED.
Reason:
com.kms.katalon.core.exception.StepFailedException: Unable to verify match between actual text '4.63' and expected text '4.64' (Root cause: com.kms.katalon.core.exception.StepFailedException: Actual text '4.63' and expected text '4.64' are not matched
	at com.kms.katalon.core.keyword.builtin.VerifyMatchKeyword$_verifyMatch_closure1.doCall(VerifyMatchKeyword.groovy:57)
	at com.kms.katalon.core.keyword.builtin.VerifyMatchKeyword$_verifyMatch_closure1.call(VerifyMatchKeyword.groovy)
	at com.kms.katalon.core.keyword.internal.KeywordMain.runKeyword(KeywordMain.groovy:74)
	at com.kms.katalon.core.keyword.builtin.VerifyMatchKeyword.verifyMatch(VerifyMatchKeyword.groovy:60)
	at com.kms.katalon.core.keyword.builtin.VerifyMatchKeyword.execute(VerifyMatchKeyword.groovy:45)
	at com.kms.katalon.core.keyword.internal.KeywordExecutor.executeKeywordForPlatform(KeywordExecutor.groovy:74)
	at com.kms.katalon.core.keyword.BuiltinKeywords.verifyMatch(BuiltinKeywords.groovy:73)
	at 2A_ Verify Calculated Values in Work Order (box partisi1 partisi2).run(2A_ Verify Calculated Values in Work Order (box partisi1 partisi2):557)
	at com.kms.katalon.core.main.ScriptEngine.run(ScriptEngine.java:194)
	at com.kms.katalon.core.main.ScriptEngine.runScriptAsRawText(ScriptEngine.java:119)
	at com.kms.katalon.core.main.TestCaseExecutor.runScript(TestCaseExecutor.java:445)
	at com.kms.katalon.core.main.TestCaseExecutor.doExecute(TestCaseExecutor.java:436)
	at com.kms.katalon.core.main.TestCaseExecutor.processExecutionPhase(TestCaseExecutor.java:415)
	at com.kms.katalon.core.main.TestCaseExecutor.accessMainPhase(TestCaseExecutor.java:407)
	at com.kms.katalon.core.main.TestCaseExecutor.execute(TestCaseExecutor.java:284)
	at com.kms.katalon.core.common.CommonExecutor.accessTestCaseMainPhase(CommonExecutor.java:65)
	at com.kms.katalon.core.main.TestSuiteExecutor.accessTestSuiteMainPhase(TestSuiteExecutor.java:144)
	at com.kms.katalon.core.main.TestSuiteExecutor.execute(TestSuiteExecutor.java:106)
	at com.kms.katalon.core.main.TestCaseMain.startTestSuite(TestCaseMain.java:185)
	at com.kms.katalon.core.main.TestCaseMain$startTestSuite$0.call(Unknown Source)
	at TempTestSuite1656382814238.run(TempTestSuite1656382814238.groovy:36)
)
	at com.kms.katalon.core.keyword.internal.KeywordMain.stepFailed(KeywordMain.groovy:39)
	at com.kms.katalon.core.keyword.internal.KeywordMain.stepFailed(KeywordMain.groovy)
	at com.kms.katalon.core.keyword.internal.KeywordMain.runKeyword(KeywordMain.groovy:76)
	at com.kms.katalon.core.keyword.builtin.VerifyMatchKeyword.verifyMatch(VerifyMatchKeyword.groovy:60)
	at com.kms.katalon.core.keyword.builtin.VerifyMatchKeyword.execute(VerifyMatchKeyword.groovy:45)
	at com.kms.katalon.core.keyword.internal.KeywordExecutor.executeKeywordForPlatform(KeywordExecutor.groovy:74)
	at com.kms.katalon.core.keyword.BuiltinKeywords.verifyMatch(BuiltinKeywords.groovy:73)
	at 2A_ Verify Calculated Values in Work Order (box partisi1 partisi2).run(2A_ Verify Calculated Values in Work Order (box partisi1 partisi2):557)
	at com.kms.katalon.core.main.ScriptEngine.run(ScriptEngine.java:194)
	at com.kms.katalon.core.main.ScriptEngine.runScriptAsRawText(ScriptEngine.java:119)
	at com.kms.katalon.core.main.TestCaseExecutor.runScript(TestCaseExecutor.java:445)
	at com.kms.katalon.core.main.TestCaseExecutor.doExecute(TestCaseExecutor.java:436)
	at com.kms.katalon.core.main.TestCaseExecutor.processExecutionPhase(TestCaseExecutor.java:415)
	at com.kms.katalon.core.main.TestCaseExecutor.accessMainPhase(TestCaseExecutor.java:407)
	at com.kms.katalon.core.main.TestCaseExecutor.execute(TestCaseExecutor.java:284)
	at com.kms.katalon.core.common.CommonExecutor.accessTestCaseMainPhase(CommonExecutor.java:65)
	at com.kms.katalon.core.main.TestSuiteExecutor.accessTestSuiteMainPhase(TestSuiteExecutor.java:144)
	at com.kms.katalon.core.main.TestSuiteExecutor.execute(TestSuiteExecutor.java:106)
	at com.kms.katalon.core.main.TestCaseMain.startTestSuite(TestCaseMain.java:185)
	at com.kms.katalon.core.main.TestCaseMain$startTestSuite$0.call(Unknown Source)
	at TempTestSuite1656382814238.run(TempTestSuite1656382814238.groovy:36)
Caused by: com.kms.katalon.core.exception.StepFailedException: Actual text '4.63' and expected text '4.64' are not matched
	at com.kms.katalon.core.keyword.builtin.VerifyMatchKeyword$_verifyMatch_closure1.doCall(VerifyMatchKeyword.groovy:57)
	at com.kms.katalon.core.keyword.builtin.VerifyMatchKeyword$_verifyMatch_closure1.call(VerifyMatchKeyword.groovy)
	at com.kms.katalon.core.keyword.internal.KeywordMain.runKeyword(KeywordMain.groovy:74)
	... 18 more
"/>
         <system-out><![CDATA[2022-06-28 09:20:26 - [TEST_CASE][FAILED] - Test Cases/Demo 28 Juni 2022/2A_ Verify Calculated Values in Work Order (box partisi1 partisi2): Test Cases/Demo 28 Juni 2022/2A_ Verify Calculated Values in Work Order (box partisi1 partisi2) FAILED.
Reason:
com.kms.katalon.core.exception.StepFailedException: Unable to verify match between actual text '4.63' and expected text '4.64' (Root cause: com.kms.katalon.core.exception.StepFailedException: Actual text '4.63' and expected text '4.64' are not matched
	at com.kms.katalon.core.keyword.builtin.VerifyMatchKeyword$_verifyMatch_closure1.doCall(VerifyMatchKeyword.groovy:57)
	at com.kms.katalon.core.keyword.builtin.VerifyMatchKeyword$_verifyMatch_closure1.call(VerifyMatchKeyword.groovy)
	at com.kms.katalon.core.keyword.internal.KeywordMain.runKeyword(KeywordMain.groovy:74)
	at com.kms.katalon.core.keyword.builtin.VerifyMatchKeyword.verifyMatch(VerifyMatchKeyword.groovy:60)
	at com.kms.katalon.core.keyword.builtin.VerifyMatchKeyword.execute(VerifyMatchKeyword.groovy:45)
	at com.kms.katalon.core.keyword.internal.KeywordExecutor.executeKeywordForPlatform(KeywordExecutor.groovy:74)
	at com.kms.katalon.core.keyword.BuiltinKeywords.verifyMatch(BuiltinKeywords.groovy:73)
	at 2A_ Verify Calculated Values in Work Order (box partisi1 partisi2).run(2A_ Verify Calculated Values in Work Order (box partisi1 partisi2):557)
	at com.kms.katalon.core.main.ScriptEngine.run(ScriptEngine.java:194)
	at com.kms.katalon.core.main.ScriptEngine.runScriptAsRawText(ScriptEngine.java:119)
	at com.kms.katalon.core.main.TestCaseExecutor.runScript(TestCaseExecutor.java:445)
	at com.kms.katalon.core.main.TestCaseExecutor.doExecute(TestCaseExecutor.java:436)
	at com.kms.katalon.core.main.TestCaseExecutor.processExecutionPhase(TestCaseExecutor.java:415)
	at com.kms.katalon.core.main.TestCaseExecutor.accessMainPhase(TestCaseExecutor.java:407)
	at com.kms.katalon.core.main.TestCaseExecutor.execute(TestCaseExecutor.java:284)
	at com.kms.katalon.core.common.CommonExecutor.accessTestCaseMainPhase(CommonExecutor.java:65)
	at com.kms.katalon.core.main.TestSuiteExecutor.accessTestSuiteMainPhase(TestSuiteExecutor.java:144)
	at com.kms.katalon.core.main.TestSuiteExecutor.execute(TestSuiteExecutor.java:106)
	at com.kms.katalon.core.main.TestCaseMain.startTestSuite(TestCaseMain.java:185)
	at com.kms.katalon.core.main.TestCaseMain$startTestSuite$0.call(Unknown Source)
	at TempTestSuite1656382814238.run(TempTestSuite1656382814238.groovy:36)
)
	at com.kms.katalon.core.keyword.internal.KeywordMain.stepFailed(KeywordMain.groovy:39)
	at com.kms.katalon.core.keyword.internal.KeywordMain.stepFailed(KeywordMain.groovy)
	at com.kms.katalon.core.keyword.internal.KeywordMain.runKeyword(KeywordMain.groovy:76)
	at com.kms.katalon.core.keyword.builtin.VerifyMatchKeyword.verifyMatch(VerifyMatchKeyword.groovy:60)
	at com.kms.katalon.core.keyword.builtin.VerifyMatchKeyword.execute(VerifyMatchKeyword.groovy:45)
	at com.kms.katalon.core.keyword.internal.KeywordExecutor.executeKeywordForPlatform(KeywordExecutor.groovy:74)
	at com.kms.katalon.core.keyword.BuiltinKeywords.verifyMatch(BuiltinKeywords.groovy:73)
	at 2A_ Verify Calculated Values in Work Order (box partisi1 partisi2).run(2A_ Verify Calculated Values in Work Order (box partisi1 partisi2):557)
	at com.kms.katalon.core.main.ScriptEngine.run(ScriptEngine.java:194)
	at com.kms.katalon.core.main.ScriptEngine.runScriptAsRawText(ScriptEngine.java:119)
	at com.kms.katalon.core.main.TestCaseExecutor.runScript(TestCaseExecutor.java:445)
	at com.kms.katalon.core.main.TestCaseExecutor.doExecute(TestCaseExecutor.java:436)
	at com.kms.katalon.core.main.TestCaseExecutor.processExecutionPhase(TestCaseExecutor.java:415)
	at com.kms.katalon.core.main.TestCaseExecutor.accessMainPhase(TestCaseExecutor.java:407)
	at com.kms.katalon.core.main.TestCaseExecutor.execute(TestCaseExecutor.java:284)
	at com.kms.katalon.core.common.CommonExecutor.accessTestCaseMainPhase(CommonExecutor.java:65)
	at com.kms.katalon.core.main.TestSuiteExecutor.accessTestSuiteMainPhase(TestSuiteExecutor.java:144)
	at com.kms.katalon.core.main.TestSuiteExecutor.execute(TestSuiteExecutor.java:106)
	at com.kms.katalon.core.main.TestCaseMain.startTestSuite(TestCaseMain.java:185)
	at com.kms.katalon.core.main.TestCaseMain$startTestSuite$0.call(Unknown Source)
	at TempTestSuite1656382814238.run(TempTestSuite1656382814238.groovy:36)
Caused by: com.kms.katalon.core.exception.StepFailedException: Actual text '4.63' and expected text '4.64' are not matched
	at com.kms.katalon.core.keyword.builtin.VerifyMatchKeyword$_verifyMatch_closure1.doCall(VerifyMatchKeyword.groovy:57)
	at com.kms.katalon.core.keyword.builtin.VerifyMatchKeyword$_verifyMatch_closure1.call(VerifyMatchKeyword.groovy)
	at com.kms.katalon.core.keyword.internal.KeywordMain.runKeyword(KeywordMain.groovy:74)
	... 18 more


2022-06-28 09:20:27 - [TEST_STEP][PASSED] - openBrowser(""): Browser is opened with url: ''

2022-06-28 09:20:27 - [MESSAGE][INFO] - Starting 'Chrome' driver

2022-06-28 09:20:27 - [MESSAGE][INFO] - Action delay is set to 0 milliseconds

2022-06-28 09:20:29 - [MESSAGE][PASSED] - Browser is opened with url: ''

2022-06-28 09:20:29 - [TEST_STEP][PASSED] - navigateToUrl("http://localhost:3001/login"): Navigate to 'http://localhost:3001/login' successfully

2022-06-28 09:20:31 - [MESSAGE][PASSED] - Navigate to 'http://localhost:3001/login' successfully

2022-06-28 09:20:31 - [TEST_STEP][PASSED] - setText(findTestObject("Object Repository/Page_SKT ERP  ERP/Login/input_login_username"), "devshelly"): Text 'devshelly' is set on object 'Object Repository/Page_SKT ERP  ERP/Login/input_login_username'

2022-06-28 09:20:32 - [MESSAGE][PASSED] - Text 'devshelly' is set on object 'Object Repository/Page_SKT ERP  ERP/Login/input_login_username'

2022-06-28 09:20:32 - [TEST_STEP][PASSED] - setEncryptedText(findTestObject("Object Repository/Page_SKT ERP  ERP/Login/input_login_password"), "bD8Rq1FIAurX2vfab/lFTQ=="): Text ****** has been set on object 'Object Repository/Page_SKT ERP  ERP/Login/input_login_password'

2022-06-28 09:20:33 - [MESSAGE][PASSED] - Text ****** has been set on object 'Object Repository/Page_SKT ERP  ERP/Login/input_login_password'

2022-06-28 09:20:33 - [TEST_STEP][PASSED] - maximizeWindow(): Current window maximized

2022-06-28 09:20:33 - [MESSAGE][PASSED] - Current window maximized

2022-06-28 09:20:33 - [TEST_STEP][PASSED] - driver = getWebDriver(): null

2022-06-28 09:20:33 - [TEST_STEP][PASSED] - click(findTestObject("Object Repository/Page_SKT ERP  ERP/Login/button_login")): Object: 'Object Repository/Page_SKT ERP  ERP/Login/button_login' is clicked on

2022-06-28 09:20:33 - [MESSAGE][PASSED] - Object: 'Object Repository/Page_SKT ERP  ERP/Login/button_login' is clicked on

2022-06-28 09:20:33 - [TEST_STEP][PASSED] - click(findTestObject("Object Repository/Page_SKT ERP  ERP/Tab Sales/Tab Sales")): Object: 'Object Repository/Page_SKT ERP  ERP/Tab Sales/Tab Sales' is clicked on

2022-06-28 09:20:38 - [MESSAGE][PASSED] - Object: 'Object Repository/Page_SKT ERP  ERP/Tab Sales/Tab Sales' is clicked on

2022-06-28 09:20:38 - [TEST_STEP][PASSED] - click(findTestObject("Page_SKT ERP  ERP/Tab Sales/Release Sales Order/Tab Release Sales Order")): Object: 'Object Repository/Page_SKT ERP  ERP/Tab Sales/Release Sales Order/Tab Release Sales Order' is clicked on

2022-06-28 09:20:39 - [MESSAGE][PASSED] - Object: 'Object Repository/Page_SKT ERP  ERP/Tab Sales/Release Sales Order/Tab Release Sales Order' is clicked on

2022-06-28 09:20:39 - [TEST_STEP][PASSED] - click(findTestObject("Page_SKT ERP  ERP/Tab Sales/Release Sales Order/Button Filters")): Object: 'Object Repository/Page_SKT ERP  ERP/Tab Sales/Release Sales Order/Button Filters' is clicked on

2022-06-28 09:20:55 - [MESSAGE][PASSED] - Object: 'Object Repository/Page_SKT ERP  ERP/Tab Sales/Release Sales Order/Button Filters' is clicked on

2022-06-28 09:20:55 - [TEST_STEP][PASSED] - click(findTestObject("Page_SKT ERP  ERP/Tab Sales/Release Sales Order/Filters by No SO")): Object: 'Object Repository/Page_SKT ERP  ERP/Tab Sales/Release Sales Order/Filters by No SO' is clicked on

2022-06-28 09:20:56 - [MESSAGE][PASSED] - Object: 'Object Repository/Page_SKT ERP  ERP/Tab Sales/Release Sales Order/Filters by No SO' is clicked on

2022-06-28 09:20:56 - [TEST_STEP][PASSED] - noSalesOrder = "tspdstsbx": null

2022-06-28 09:20:56 - [TEST_STEP][PASSED] - setText(findTestObject("Page_SKT ERP  ERP/Tab Sales/Release Sales Order/Filters by No SO"), noSalesOrder): Text 'tspdstsbx' is set on object 'Object Repository/Page_SKT ERP  ERP/Tab Sales/Release Sales Order/Filters by No SO'

2022-06-28 09:20:57 - [MESSAGE][PASSED] - Text 'tspdstsbx' is set on object 'Object Repository/Page_SKT ERP  ERP/Tab Sales/Release Sales Order/Filters by No SO'

2022-06-28 09:20:57 - [TEST_STEP][PASSED] - click(findTestObject("Page_SKT ERP  ERP/Tab Sales/Release Sales Order/button Search in Filters")): Object: 'Object Repository/Page_SKT ERP  ERP/Tab Sales/Release Sales Order/button Search in Filters' is clicked on

2022-06-28 09:20:57 - [MESSAGE][PASSED] - Object: 'Object Repository/Page_SKT ERP  ERP/Tab Sales/Release Sales Order/button Search in Filters' is clicked on

2022-06-28 09:20:57 - [TEST_STEP][PASSED] - scrollToElement(findTestObject("Page_SKT ERP  ERP/Tab Sales/Release Sales Order/button Search in Filters"), 30): Scroll to object 'Object Repository/Page_SKT ERP  ERP/Tab Sales/Release Sales Order/button Search in Filters' successfully

2022-06-28 09:20:58 - [MESSAGE][PASSED] - Scroll to object 'Object Repository/Page_SKT ERP  ERP/Tab Sales/Release Sales Order/button Search in Filters' successfully

2022-06-28 09:20:58 - [TEST_STEP][PASSED] - delay(3): Delayed 3 second(s)

2022-06-28 09:21:01 - [MESSAGE][PASSED] - Delayed 3 second(s)

2022-06-28 09:21:01 - [TEST_STEP][PASSED] - Table = driver.findElement(By.xpath("/html[1]/body[1]/div[1]/div[1]/main[1]/section[1]/div[1]/div[2]/div[2]/div[2]/div[1]/div[1]/div[1]/div[1]/div[1]/div[2]/table[1]/tbody[1]")): null

2022-06-28 09:21:02 - [TEST_STEP][PASSED] - rows_table = Table.findElements(By.tagName("tr")): null

2022-06-28 09:21:02 - [TEST_STEP][PASSED] - rows_count = rows_table.size(): null

2022-06-28 09:21:02 - [TEST_STEP][PASSED] - isiTable = <not implemented yet for class: org.codehaus.groovy.ast.expr.EmptyExpression>: null

2022-06-28 09:21:02 - [TEST_STEP][PASSED] - outkrts = <not implemented yet for class: org.codehaus.groovy.ast.expr.EmptyExpression>: null

2022-06-28 09:21:02 - [TEST_STEP][PASSED] - corr = <not implemented yet for class: org.codehaus.groovy.ast.expr.EmptyExpression>: null

2022-06-28 09:21:02 - [TEST_STEP][PASSED] - beratbox = <not implemented yet for class: org.codehaus.groovy.ast.expr.EmptyExpression>: null

2022-06-28 09:21:02 - [TEST_STEP][PASSED] - beratorder = <not implemented yet for class: org.codehaus.groovy.ast.expr.EmptyExpression>: null

2022-06-28 09:21:02 - [TEST_STEP][PASSED] - berattrim = <not implemented yet for class: org.codehaus.groovy.ast.expr.EmptyExpression>: null

2022-06-28 09:21:02 - [TEST_STEP][PASSED] - BeratSubstance1 = <not implemented yet for class: org.codehaus.groovy.ast.expr.EmptyExpression>: null

2022-06-28 09:21:02 - [TEST_STEP][PASSED] - BeratSubstance2 = <not implemented yet for class: org.codehaus.groovy.ast.expr.EmptyExpression>: null

2022-06-28 09:21:02 - [TEST_STEP][PASSED] - BeratSubstance3 = <not implemented yet for class: org.codehaus.groovy.ast.expr.EmptyExpression>: null

2022-06-28 09:21:02 - [TEST_STEP][PASSED] - BeratSubstance4 = <not implemented yet for class: org.codehaus.groovy.ast.expr.EmptyExpression>: null

2022-06-28 09:21:02 - [TEST_STEP][PASSED] - BeratSubstance5 = <not implemented yet for class: org.codehaus.groovy.ast.expr.EmptyExpression>: null

2022-06-28 09:21:02 - [TEST_STEP][PASSED] - noSPKperItem = new java.util.ArrayList(): null

2022-06-28 09:21:02 - [TEST_STEP][PASSED] - for ([row = 0, row < rows_count, (row++)]): null

2022-06-28 09:21:02 - [TEST_STEP][PASSED] - Columns_row = get(row).findElements(By.tagName("td")): null

2022-06-28 09:21:02 - [TEST_STEP][PASSED] - column_no_spk_item = 4: null

2022-06-28 09:21:02 - [TEST_STEP][PASSED] - isiTable = get(column_no_spk_item).getText(): null

2022-06-28 09:21:02 - [TEST_STEP][PASSED] - comment(isiTable): 2206.0218.SPK

2022-06-28 09:21:02 - [MESSAGE][INFO] - 2206.0218.SPK

2022-06-28 09:21:02 - [TEST_STEP][PASSED] - noSPKperItem.add(isiTable): null

2022-06-28 09:21:02 - [TEST_STEP][PASSED] - Columns_row = get(row).findElements(By.tagName("td")): null

2022-06-28 09:21:03 - [TEST_STEP][PASSED] - column_no_spk_item = 4: null

2022-06-28 09:21:03 - [TEST_STEP][PASSED] - isiTable = get(column_no_spk_item).getText(): null

2022-06-28 09:21:03 - [TEST_STEP][PASSED] - comment(isiTable): 2206.0219.SPK

2022-06-28 09:21:03 - [MESSAGE][INFO] - 2206.0219.SPK

2022-06-28 09:21:03 - [TEST_STEP][PASSED] - noSPKperItem.add(isiTable): null

2022-06-28 09:21:03 - [TEST_STEP][PASSED] - allValues = new java.util.ArrayList(): null

2022-06-28 09:21:03 - [TEST_STEP][PASSED] - array_count = noSPKperItem.size(): null

2022-06-28 09:21:03 - [TEST_STEP][PASSED] - for ([arr = 0, arr < array_count, (arr++)]): null

2022-06-28 09:21:03 - [TEST_STEP][PASSED] - out = noSPKperItem[arr]: null

2022-06-28 09:21:03 - [TEST_STEP][PASSED] - click(findTestObject("Page_SKT ERP  ERP/Tab Production/Tab Production")): Object: 'Object Repository/Page_SKT ERP  ERP/Tab Production/Tab Production' is clicked on

2022-06-28 09:21:03 - [MESSAGE][PASSED] - Object: 'Object Repository/Page_SKT ERP  ERP/Tab Production/Tab Production' is clicked on

2022-06-28 09:21:03 - [TEST_STEP][PASSED] - click(findTestObject("Page_SKT ERP  ERP/Tab Production/Work Order (SPK)/Tab Work Order (SPK)")): Object: 'Object Repository/Page_SKT ERP  ERP/Tab Production/Work Order (SPK)/Tab Work Order (SPK)' is clicked on

2022-06-28 09:21:04 - [MESSAGE][PASSED] - Object: 'Object Repository/Page_SKT ERP  ERP/Tab Production/Work Order (SPK)/Tab Work Order (SPK)' is clicked on

2022-06-28 09:21:04 - [TEST_STEP][PASSED] - click(findTestObject("Page_SKT ERP  ERP/Tab Production/Work Order (SPK)/button Filters")): Object: 'Object Repository/Page_SKT ERP  ERP/Tab Production/Work Order (SPK)/button Filters' is clicked on

2022-06-28 09:21:08 - [MESSAGE][PASSED] - Object: 'Object Repository/Page_SKT ERP  ERP/Tab Production/Work Order (SPK)/button Filters' is clicked on

2022-06-28 09:21:08 - [TEST_STEP][PASSED] - click(findTestObject("Page_SKT ERP  ERP/Tab Production/Work Order (SPK)/Filters by No SPK (per item)")): Object: 'Object Repository/Page_SKT ERP  ERP/Tab Production/Work Order (SPK)/Filters by No SPK (per item)' is clicked on

2022-06-28 09:21:08 - [MESSAGE][PASSED] - Object: 'Object Repository/Page_SKT ERP  ERP/Tab Production/Work Order (SPK)/Filters by No SPK (per item)' is clicked on

2022-06-28 09:21:08 - [TEST_STEP][PASSED] - setText(findTestObject("Page_SKT ERP  ERP/Tab Production/Work Order (SPK)/Filters by No SPK (per item)"), out): Text '2206.0218.SPK' is set on object 'Object Repository/Page_SKT ERP  ERP/Tab Production/Work Order (SPK)/Filters by No SPK (per item)'

2022-06-28 09:21:09 - [MESSAGE][PASSED] - Text '2206.0218.SPK' is set on object 'Object Repository/Page_SKT ERP  ERP/Tab Production/Work Order (SPK)/Filters by No SPK (per item)'

2022-06-28 09:21:09 - [TEST_STEP][PASSED] - click(findTestObject("Page_SKT ERP  ERP/Tab Production/Work Order (SPK)/button Search in Filters")): Object: 'Object Repository/Page_SKT ERP  ERP/Tab Production/Work Order (SPK)/button Search in Filters' is clicked on

2022-06-28 09:21:10 - [MESSAGE][PASSED] - Object: 'Object Repository/Page_SKT ERP  ERP/Tab Production/Work Order (SPK)/button Search in Filters' is clicked on

2022-06-28 09:21:10 - [TEST_STEP][PASSED] - click(findTestObject("Page_SKT ERP  ERP/Tab Production/Work Order (SPK)/View Work Order")): Object: 'Object Repository/Page_SKT ERP  ERP/Tab Production/Work Order (SPK)/View Work Order' is clicked on

2022-06-28 09:21:12 - [MESSAGE][PASSED] - Object: 'Object Repository/Page_SKT ERP  ERP/Tab Production/Work Order (SPK)/View Work Order' is clicked on

2022-06-28 09:21:12 - [TEST_STEP][PASSED] - delay(5): Delayed 5 second(s)

2022-06-28 09:21:17 - [MESSAGE][PASSED] - Delayed 5 second(s)

2022-06-28 09:21:17 - [TEST_STEP][PASSED] - type = getAttribute(findTestObject("Page_SKT ERP  ERP/Tab Production/Work Order (SPK)/tipe"), "value"): Attribute 'value' of object 'Object Repository/Page_SKT ERP  ERP/Tab Production/Work Order (SPK)/tipe' is: 'BOX'

2022-06-28 09:21:17 - [MESSAGE][PASSED] - Attribute 'value' of object 'Object Repository/Page_SKT ERP  ERP/Tab Production/Work Order (SPK)/tipe' is: 'BOX'

2022-06-28 09:21:17 - [TEST_STEP][PASSED] - if (type == "BOX"): 0

2022-06-28 09:21:17 - [TEST_STEP][PASSED] - outkrts = getAttribute(findTestObject("Page_SKT ERP  ERP/Tab Production/Work Order (SPK)/Work order Values (box)/Out Kertas Values (box)"), "value"): Attribute 'value' of object 'Object Repository/Page_SKT ERP  ERP/Tab Production/Work Order (SPK)/Work order Values (box)/Out Kertas Values (box)' is: '4'

2022-06-28 09:21:18 - [MESSAGE][PASSED] - Attribute 'value' of object 'Object Repository/Page_SKT ERP  ERP/Tab Production/Work Order (SPK)/Work order Values (box)/Out Kertas Values (box)' is: '4'

2022-06-28 09:21:18 - [TEST_STEP][PASSED] - comment(outkrts): 4

2022-06-28 09:21:18 - [MESSAGE][INFO] - 4

2022-06-28 09:21:18 - [TEST_STEP][PASSED] - corr = getAttribute(findTestObject("Page_SKT ERP  ERP/Tab Production/Work Order (SPK)/Work order Values (box)/Corr Values (box)"), "value"): Attribute 'value' of object 'Object Repository/Page_SKT ERP  ERP/Tab Production/Work Order (SPK)/Work order Values (box)/Corr Values (box)' is: '25'

2022-06-28 09:21:18 - [MESSAGE][PASSED] - Attribute 'value' of object 'Object Repository/Page_SKT ERP  ERP/Tab Production/Work Order (SPK)/Work order Values (box)/Corr Values (box)' is: '25'

2022-06-28 09:21:18 - [TEST_STEP][PASSED] - comment(corr): 25

2022-06-28 09:21:18 - [MESSAGE][INFO] - 25

2022-06-28 09:21:18 - [TEST_STEP][PASSED] - beratbox = getAttribute(findTestObject("Page_SKT ERP  ERP/Tab Production/Work Order (SPK)/Work order Values (box)/Berat at Box (gram) (box)"), "value"): Attribute 'value' of object 'Object Repository/Page_SKT ERP  ERP/Tab Production/Work Order (SPK)/Work order Values (box)/Berat at Box (gram) (box)' is: '133.09'

2022-06-28 09:21:18 - [MESSAGE][PASSED] - Attribute 'value' of object 'Object Repository/Page_SKT ERP  ERP/Tab Production/Work Order (SPK)/Work order Values (box)/Berat at Box (gram) (box)' is: '133.09'

2022-06-28 09:21:18 - [TEST_STEP][PASSED] - comment(beratbox): 133.09

2022-06-28 09:21:18 - [MESSAGE][INFO] - 133.09

2022-06-28 09:21:18 - [TEST_STEP][PASSED] - beratorder = getAttribute(findTestObject("Page_SKT ERP  ERP/Tab Production/Work Order (SPK)/Work order Values (box)/Berat Order (Kg) (box)"), "value"): Attribute 'value' of object 'Object Repository/Page_SKT ERP  ERP/Tab Production/Work Order (SPK)/Work order Values (box)/Berat Order (Kg) (box)' is: '13.31'

2022-06-28 09:21:19 - [MESSAGE][PASSED] - Attribute 'value' of object 'Object Repository/Page_SKT ERP  ERP/Tab Production/Work Order (SPK)/Work order Values (box)/Berat Order (Kg) (box)' is: '13.31'

2022-06-28 09:21:19 - [TEST_STEP][PASSED] - comment(beratorder): 13.31

2022-06-28 09:21:19 - [MESSAGE][INFO] - 13.31

2022-06-28 09:21:19 - [TEST_STEP][PASSED] - berattrim = getAttribute(findTestObject("Page_SKT ERP  ERP/Tab Production/Work Order (SPK)/Work order Values (box)/Berat Trim (Kg) (box)"), "value"): Attribute 'value' of object 'Object Repository/Page_SKT ERP  ERP/Tab Production/Work Order (SPK)/Work order Values (box)/Berat Trim (Kg) (box)' is: '0.32725'

2022-06-28 09:21:19 - [MESSAGE][PASSED] - Attribute 'value' of object 'Object Repository/Page_SKT ERP  ERP/Tab Production/Work Order (SPK)/Work order Values (box)/Berat Trim (Kg) (box)' is: '0.32725'

2022-06-28 09:21:19 - [TEST_STEP][PASSED] - comment(berattrim): 0.32725

2022-06-28 09:21:19 - [MESSAGE][INFO] - 0.32725

2022-06-28 09:21:19 - [TEST_STEP][PASSED] - BeratSubstance1 = getAttribute(findTestObject("Page_SKT ERP  ERP/Tab Production/Work Order (SPK)/Work order Values (box)/Berat Substance 1 (box)"), "value"): Attribute 'value' of object 'Object Repository/Page_SKT ERP  ERP/Tab Production/Work Order (SPK)/Work order Values (box)/Berat Substance 1 (box)' is: '4.63'

2022-06-28 09:21:20 - [MESSAGE][PASSED] - Attribute 'value' of object 'Object Repository/Page_SKT ERP  ERP/Tab Production/Work Order (SPK)/Work order Values (box)/Berat Substance 1 (box)' is: '4.63'

2022-06-28 09:21:20 - [TEST_STEP][PASSED] - comment(BeratSubstance1): 4.63

2022-06-28 09:21:20 - [MESSAGE][INFO] - 4.63

2022-06-28 09:21:20 - [TEST_STEP][PASSED] - BeratSubstance2 = getAttribute(findTestObject("Page_SKT ERP  ERP/Tab Production/Work Order (SPK)/Work order Values (box)/Berat Substance 2 (box)"), "value"): Attribute 'value' of object 'Object Repository/Page_SKT ERP  ERP/Tab Production/Work Order (SPK)/Work order Values (box)/Berat Substance 2 (box)' is: '5.14'

2022-06-28 09:21:20 - [MESSAGE][PASSED] - Attribute 'value' of object 'Object Repository/Page_SKT ERP  ERP/Tab Production/Work Order (SPK)/Work order Values (box)/Berat Substance 2 (box)' is: '5.14'

2022-06-28 09:21:20 - [TEST_STEP][PASSED] - comment(BeratSubstance2): 5.14

2022-06-28 09:21:20 - [MESSAGE][INFO] - 5.14

2022-06-28 09:21:20 - [TEST_STEP][PASSED] - BeratSubstance3 = getAttribute(findTestObject("Page_SKT ERP  ERP/Tab Production/Work Order (SPK)/Work order Values (box)/Berat Substance 3 (box)"), "value"): Attribute 'value' of object 'Object Repository/Page_SKT ERP  ERP/Tab Production/Work Order (SPK)/Work order Values (box)/Berat Substance 3 (box)' is: '3.86'

2022-06-28 09:21:20 - [MESSAGE][PASSED] - Attribute 'value' of object 'Object Repository/Page_SKT ERP  ERP/Tab Production/Work Order (SPK)/Work order Values (box)/Berat Substance 3 (box)' is: '3.86'

2022-06-28 09:21:20 - [TEST_STEP][PASSED] - comment(BeratSubstance3): 3.86

2022-06-28 09:21:20 - [MESSAGE][INFO] - 3.86

2022-06-28 09:21:20 - [TEST_STEP][PASSED] - BeratSubstance4 = getAttribute(findTestObject("Page_SKT ERP  ERP/Tab Production/Work Order (SPK)/Work order Values (box)/Berat Substance 4 (box)"), "value"): Attribute 'value' of object 'Object Repository/Page_SKT ERP  ERP/Tab Production/Work Order (SPK)/Work order Values (box)/Berat Substance 4 (box)' is: '0'

2022-06-28 09:21:21 - [MESSAGE][PASSED] - Attribute 'value' of object 'Object Repository/Page_SKT ERP  ERP/Tab Production/Work Order (SPK)/Work order Values (box)/Berat Substance 4 (box)' is: '0'

2022-06-28 09:21:21 - [TEST_STEP][PASSED] - comment(BeratSubstance4): 0

2022-06-28 09:21:21 - [MESSAGE][INFO] - 0

2022-06-28 09:21:21 - [TEST_STEP][PASSED] - BeratSubstance5 = getAttribute(findTestObject("Page_SKT ERP  ERP/Tab Production/Work Order (SPK)/Work order Values (box)/Berat Substance 5 (box)"), "value"): Attribute 'value' of object 'Object Repository/Page_SKT ERP  ERP/Tab Production/Work Order (SPK)/Work order Values (box)/Berat Substance 5 (box)' is: '0'

2022-06-28 09:21:21 - [MESSAGE][PASSED] - Attribute 'value' of object 'Object Repository/Page_SKT ERP  ERP/Tab Production/Work Order (SPK)/Work order Values (box)/Berat Substance 5 (box)' is: '0'

2022-06-28 09:21:21 - [TEST_STEP][PASSED] - comment(BeratSubstance5): 0

2022-06-28 09:21:21 - [MESSAGE][INFO] - 0

2022-06-28 09:21:21 - [TEST_STEP][PASSED] - if (type == "PARTISI"): null

2022-06-28 09:21:21 - [TEST_STEP][PASSED] - click(findTestObject("Page_SKT ERP  ERP/Tab Production/Work Order (SPK)/button back (from view work order)")): Object: 'Object Repository/Page_SKT ERP  ERP/Tab Production/Work Order (SPK)/button back (from view work order)' is clicked on

2022-06-28 09:21:22 - [MESSAGE][PASSED] - Object: 'Object Repository/Page_SKT ERP  ERP/Tab Production/Work Order (SPK)/button back (from view work order)' is clicked on

2022-06-28 09:21:22 - [TEST_STEP][PASSED] - allValues.add(outkrts): null

2022-06-28 09:21:22 - [TEST_STEP][PASSED] - allValues.add(corr): null

2022-06-28 09:21:22 - [TEST_STEP][PASSED] - allValues.add(beratbox): null

2022-06-28 09:21:22 - [TEST_STEP][PASSED] - allValues.add(beratorder): null

2022-06-28 09:21:22 - [TEST_STEP][PASSED] - allValues.add(berattrim): null

2022-06-28 09:21:22 - [TEST_STEP][PASSED] - allValues.add(BeratSubstance1): null

2022-06-28 09:21:22 - [TEST_STEP][PASSED] - allValues.add(BeratSubstance2): null

2022-06-28 09:21:22 - [TEST_STEP][PASSED] - allValues.add(BeratSubstance3): null

2022-06-28 09:21:22 - [TEST_STEP][PASSED] - allValues.add(BeratSubstance4): null

2022-06-28 09:21:22 - [TEST_STEP][PASSED] - allValues.add(BeratSubstance5): null

2022-06-28 09:21:22 - [TEST_STEP][PASSED] - out = noSPKperItem[arr]: null

2022-06-28 09:21:22 - [TEST_STEP][PASSED] - click(findTestObject("Page_SKT ERP  ERP/Tab Production/Tab Production")): Object: 'Object Repository/Page_SKT ERP  ERP/Tab Production/Tab Production' is clicked on

2022-06-28 09:21:24 - [MESSAGE][PASSED] - Object: 'Object Repository/Page_SKT ERP  ERP/Tab Production/Tab Production' is clicked on

2022-06-28 09:21:24 - [TEST_STEP][PASSED] - click(findTestObject("Page_SKT ERP  ERP/Tab Production/Work Order (SPK)/Tab Work Order (SPK)")): Object: 'Object Repository/Page_SKT ERP  ERP/Tab Production/Work Order (SPK)/Tab Work Order (SPK)' is clicked on

2022-06-28 09:21:25 - [MESSAGE][PASSED] - Object: 'Object Repository/Page_SKT ERP  ERP/Tab Production/Work Order (SPK)/Tab Work Order (SPK)' is clicked on

2022-06-28 09:21:25 - [TEST_STEP][PASSED] - click(findTestObject("Page_SKT ERP  ERP/Tab Production/Work Order (SPK)/button Filters")): Object: 'Object Repository/Page_SKT ERP  ERP/Tab Production/Work Order (SPK)/button Filters' is clicked on

2022-06-28 09:21:26 - [MESSAGE][PASSED] - Object: 'Object Repository/Page_SKT ERP  ERP/Tab Production/Work Order (SPK)/button Filters' is clicked on

2022-06-28 09:21:26 - [TEST_STEP][PASSED] - click(findTestObject("Page_SKT ERP  ERP/Tab Production/Work Order (SPK)/Filters by No SPK (per item)")): Object: 'Object Repository/Page_SKT ERP  ERP/Tab Production/Work Order (SPK)/Filters by No SPK (per item)' is clicked on

2022-06-28 09:21:26 - [MESSAGE][PASSED] - Object: 'Object Repository/Page_SKT ERP  ERP/Tab Production/Work Order (SPK)/Filters by No SPK (per item)' is clicked on

2022-06-28 09:21:26 - [TEST_STEP][PASSED] - setText(findTestObject("Page_SKT ERP  ERP/Tab Production/Work Order (SPK)/Filters by No SPK (per item)"), out): Text '2206.0219.SPK' is set on object 'Object Repository/Page_SKT ERP  ERP/Tab Production/Work Order (SPK)/Filters by No SPK (per item)'

2022-06-28 09:21:27 - [MESSAGE][PASSED] - Text '2206.0219.SPK' is set on object 'Object Repository/Page_SKT ERP  ERP/Tab Production/Work Order (SPK)/Filters by No SPK (per item)'

2022-06-28 09:21:27 - [TEST_STEP][PASSED] - click(findTestObject("Page_SKT ERP  ERP/Tab Production/Work Order (SPK)/button Search in Filters")): Object: 'Object Repository/Page_SKT ERP  ERP/Tab Production/Work Order (SPK)/button Search in Filters' is clicked on

2022-06-28 09:21:28 - [MESSAGE][PASSED] - Object: 'Object Repository/Page_SKT ERP  ERP/Tab Production/Work Order (SPK)/button Search in Filters' is clicked on

2022-06-28 09:21:28 - [TEST_STEP][PASSED] - click(findTestObject("Page_SKT ERP  ERP/Tab Production/Work Order (SPK)/View Work Order")): Object: 'Object Repository/Page_SKT ERP  ERP/Tab Production/Work Order (SPK)/View Work Order' is clicked on

2022-06-28 09:21:30 - [MESSAGE][PASSED] - Object: 'Object Repository/Page_SKT ERP  ERP/Tab Production/Work Order (SPK)/View Work Order' is clicked on

2022-06-28 09:21:30 - [TEST_STEP][PASSED] - delay(5): Delayed 5 second(s)

2022-06-28 09:21:35 - [MESSAGE][PASSED] - Delayed 5 second(s)

2022-06-28 09:21:35 - [TEST_STEP][PASSED] - type = getAttribute(findTestObject("Page_SKT ERP  ERP/Tab Production/Work Order (SPK)/tipe"), "value"): Attribute 'value' of object 'Object Repository/Page_SKT ERP  ERP/Tab Production/Work Order (SPK)/tipe' is: 'PARTISI'

2022-06-28 09:21:35 - [MESSAGE][PASSED] - Attribute 'value' of object 'Object Repository/Page_SKT ERP  ERP/Tab Production/Work Order (SPK)/tipe' is: 'PARTISI'

2022-06-28 09:21:35 - [TEST_STEP][PASSED] - if (type == "BOX"): null

2022-06-28 09:21:35 - [TEST_STEP][PASSED] - if (type == "PARTISI"): 0

2022-06-28 09:21:35 - [TEST_STEP][PASSED] - outkrts = getAttribute(findTestObject("Page_SKT ERP  ERP/Tab Production/Work Order (SPK)/Work Order Value (partisi or layer)/Out Kertas Values (partisi or layer)"), "value"): Attribute 'value' of object 'Object Repository/Page_SKT ERP  ERP/Tab Production/Work Order (SPK)/Work Order Value (partisi or layer)/Out Kertas Values (partisi or layer)' is: '5'

2022-06-28 09:21:36 - [MESSAGE][PASSED] - Attribute 'value' of object 'Object Repository/Page_SKT ERP  ERP/Tab Production/Work Order (SPK)/Work Order Value (partisi or layer)/Out Kertas Values (partisi or layer)' is: '5'

2022-06-28 09:21:36 - [TEST_STEP][PASSED] - comment(outkrts): 5

2022-06-28 09:21:36 - [MESSAGE][INFO] - 5

2022-06-28 09:21:36 - [TEST_STEP][PASSED] - corr = getAttribute(findTestObject("Page_SKT ERP  ERP/Tab Production/Work Order (SPK)/Work Order Value (partisi or layer)/Corr Values (partisi or layer)"), "value"): Attribute 'value' of object 'Object Repository/Page_SKT ERP  ERP/Tab Production/Work Order (SPK)/Work Order Value (partisi or layer)/Corr Values (partisi or layer)' is: '20'

2022-06-28 09:21:36 - [MESSAGE][PASSED] - Attribute 'value' of object 'Object Repository/Page_SKT ERP  ERP/Tab Production/Work Order (SPK)/Work Order Value (partisi or layer)/Corr Values (partisi or layer)' is: '20'

2022-06-28 09:21:36 - [TEST_STEP][PASSED] - comment(corr): 20

2022-06-28 09:21:36 - [MESSAGE][INFO] - 20

2022-06-28 09:21:36 - [TEST_STEP][PASSED] - beratbox = getAttribute(findTestObject("Page_SKT ERP  ERP/Tab Production/Work Order (SPK)/Work Order Value (partisi or layer)/Berat at Box (gram) (partisi or layer)"), "value"): Attribute 'value' of object 'Object Repository/Page_SKT ERP  ERP/Tab Production/Work Order (SPK)/Work Order Value (partisi or layer)/Berat at Box (gram) (partisi or layer)' is: '53.5'

2022-06-28 09:21:36 - [MESSAGE][PASSED] - Attribute 'value' of object 'Object Repository/Page_SKT ERP  ERP/Tab Production/Work Order (SPK)/Work Order Value (partisi or layer)/Berat at Box (gram) (partisi or layer)' is: '53.5'

2022-06-28 09:21:36 - [TEST_STEP][PASSED] - comment(beratbox): 53.5

2022-06-28 09:21:36 - [MESSAGE][INFO] - 53.5

2022-06-28 09:21:36 - [TEST_STEP][PASSED] - beratorder = getAttribute(findTestObject("Page_SKT ERP  ERP/Tab Production/Work Order (SPK)/Work Order Value (partisi or layer)/Berat Order (Kg) (partisi or layer)"), "value"): Attribute 'value' of object 'Object Repository/Page_SKT ERP  ERP/Tab Production/Work Order (SPK)/Work Order Value (partisi or layer)/Berat Order (Kg) (partisi or layer)' is: '5.35'

2022-06-28 09:21:37 - [MESSAGE][PASSED] - Attribute 'value' of object 'Object Repository/Page_SKT ERP  ERP/Tab Production/Work Order (SPK)/Work Order Value (partisi or layer)/Berat Order (Kg) (partisi or layer)' is: '5.35'

2022-06-28 09:21:37 - [TEST_STEP][PASSED] - comment(beratorder): 5.35

2022-06-28 09:21:37 - [MESSAGE][INFO] - 5.35

2022-06-28 09:21:37 - [TEST_STEP][PASSED] - berattrim = getAttribute(findTestObject("Page_SKT ERP  ERP/Tab Production/Work Order (SPK)/Work Order Value (partisi or layer)/Berat Trim (Kg) (partisi or layer)"), "value"): Attribute 'value' of object 'Object Repository/Page_SKT ERP  ERP/Tab Production/Work Order (SPK)/Work Order Value (partisi or layer)/Berat Trim (Kg) (partisi or layer)' is: '0.39'

2022-06-28 09:21:37 - [MESSAGE][PASSED] - Attribute 'value' of object 'Object Repository/Page_SKT ERP  ERP/Tab Production/Work Order (SPK)/Work Order Value (partisi or layer)/Berat Trim (Kg) (partisi or layer)' is: '0.39'

2022-06-28 09:21:37 - [TEST_STEP][PASSED] - comment(berattrim): 0.39

2022-06-28 09:21:37 - [MESSAGE][INFO] - 0.39

2022-06-28 09:21:37 - [TEST_STEP][PASSED] - BeratSubstance1 = getAttribute(findTestObject("Page_SKT ERP  ERP/Tab Production/Work Order (SPK)/Work Order Value (partisi or layer)/Berat Substance 1 (partisi or layer)"), "value"): Attribute 'value' of object 'Object Repository/Page_SKT ERP  ERP/Tab Production/Work Order (SPK)/Work Order Value (partisi or layer)/Berat Substance 1 (partisi or layer)' is: '1.72'

2022-06-28 09:21:38 - [MESSAGE][PASSED] - Attribute 'value' of object 'Object Repository/Page_SKT ERP  ERP/Tab Production/Work Order (SPK)/Work Order Value (partisi or layer)/Berat Substance 1 (partisi or layer)' is: '1.72'

2022-06-28 09:21:38 - [TEST_STEP][PASSED] - comment(BeratSubstance1): 1.72

2022-06-28 09:21:38 - [MESSAGE][INFO] - 1.72

2022-06-28 09:21:38 - [TEST_STEP][PASSED] - BeratSubstance2 = getAttribute(findTestObject("Page_SKT ERP  ERP/Tab Production/Work Order (SPK)/Work Order Value (partisi or layer)/Berat Substance 2 (partisi or layer)"), "value"): Attribute 'value' of object 'Object Repository/Page_SKT ERP  ERP/Tab Production/Work Order (SPK)/Work Order Value (partisi or layer)/Berat Substance 2 (partisi or layer)' is: '2.29'

2022-06-28 09:21:38 - [MESSAGE][PASSED] - Attribute 'value' of object 'Object Repository/Page_SKT ERP  ERP/Tab Production/Work Order (SPK)/Work Order Value (partisi or layer)/Berat Substance 2 (partisi or layer)' is: '2.29'

2022-06-28 09:21:38 - [TEST_STEP][PASSED] - comment(BeratSubstance2): 2.29

2022-06-28 09:21:38 - [MESSAGE][INFO] - 2.29

2022-06-28 09:21:38 - [TEST_STEP][PASSED] - BeratSubstance3 = getAttribute(findTestObject("Page_SKT ERP  ERP/Tab Production/Work Order (SPK)/Work Order Value (partisi or layer)/Berat Substance 3 (partisi or layer)"), "value"): Attribute 'value' of object 'Object Repository/Page_SKT ERP  ERP/Tab Production/Work Order (SPK)/Work Order Value (partisi or layer)/Berat Substance 3 (partisi or layer)' is: '1.72'

2022-06-28 09:21:39 - [MESSAGE][PASSED] - Attribute 'value' of object 'Object Repository/Page_SKT ERP  ERP/Tab Production/Work Order (SPK)/Work Order Value (partisi or layer)/Berat Substance 3 (partisi or layer)' is: '1.72'

2022-06-28 09:21:39 - [TEST_STEP][PASSED] - comment(BeratSubstance3): 1.72

2022-06-28 09:21:39 - [MESSAGE][INFO] - 1.72

2022-06-28 09:21:39 - [TEST_STEP][PASSED] - BeratSubstance4 = getAttribute(findTestObject("Page_SKT ERP  ERP/Tab Production/Work Order (SPK)/Work Order Value (partisi or layer)/Berat Substance 4 (partisi or layer)"), "value"): Attribute 'value' of object 'Object Repository/Page_SKT ERP  ERP/Tab Production/Work Order (SPK)/Work Order Value (partisi or layer)/Berat Substance 4 (partisi or layer)' is: '0'

2022-06-28 09:21:39 - [MESSAGE][PASSED] - Attribute 'value' of object 'Object Repository/Page_SKT ERP  ERP/Tab Production/Work Order (SPK)/Work Order Value (partisi or layer)/Berat Substance 4 (partisi or layer)' is: '0'

2022-06-28 09:21:39 - [TEST_STEP][PASSED] - comment(BeratSubstance4): 0

2022-06-28 09:21:39 - [MESSAGE][INFO] - 0

2022-06-28 09:21:39 - [TEST_STEP][PASSED] - BeratSubstance5 = getAttribute(findTestObject("Page_SKT ERP  ERP/Tab Production/Work Order (SPK)/Work Order Value (partisi or layer)/Berat Substance 5 (partisi or layer)"), "value"): Attribute 'value' of object 'Object Repository/Page_SKT ERP  ERP/Tab Production/Work Order (SPK)/Work Order Value (partisi or layer)/Berat Substance 5 (partisi or layer)' is: '0'

2022-06-28 09:21:39 - [MESSAGE][PASSED] - Attribute 'value' of object 'Object Repository/Page_SKT ERP  ERP/Tab Production/Work Order (SPK)/Work Order Value (partisi or layer)/Berat Substance 5 (partisi or layer)' is: '0'

2022-06-28 09:21:39 - [TEST_STEP][PASSED] - comment(BeratSubstance5): 0

2022-06-28 09:21:39 - [MESSAGE][INFO] - 0

2022-06-28 09:21:39 - [TEST_STEP][PASSED] - click(findTestObject("Page_SKT ERP  ERP/Tab Production/Work Order (SPK)/button back (from view work order)")): Object: 'Object Repository/Page_SKT ERP  ERP/Tab Production/Work Order (SPK)/button back (from view work order)' is clicked on

2022-06-28 09:21:40 - [MESSAGE][PASSED] - Object: 'Object Repository/Page_SKT ERP  ERP/Tab Production/Work Order (SPK)/button back (from view work order)' is clicked on

2022-06-28 09:21:40 - [TEST_STEP][PASSED] - allValues.add(outkrts): null

2022-06-28 09:21:40 - [TEST_STEP][PASSED] - allValues.add(corr): null

2022-06-28 09:21:40 - [TEST_STEP][PASSED] - allValues.add(beratbox): null

2022-06-28 09:21:40 - [TEST_STEP][PASSED] - allValues.add(beratorder): null

2022-06-28 09:21:40 - [TEST_STEP][PASSED] - allValues.add(berattrim): null

2022-06-28 09:21:40 - [TEST_STEP][PASSED] - allValues.add(BeratSubstance1): null

2022-06-28 09:21:40 - [TEST_STEP][PASSED] - allValues.add(BeratSubstance2): null

2022-06-28 09:21:40 - [TEST_STEP][PASSED] - allValues.add(BeratSubstance3): null

2022-06-28 09:21:40 - [TEST_STEP][PASSED] - allValues.add(BeratSubstance4): null

2022-06-28 09:21:40 - [TEST_STEP][PASSED] - allValues.add(BeratSubstance5): null

2022-06-28 09:21:40 - [TEST_STEP][PASSED] - newQty = 100: null

2022-06-28 09:21:40 - [TEST_STEP][PASSED] - qty = newQty: null

2022-06-28 09:21:40 - [TEST_STEP][PASSED] - lebarKertasMinimum_box = 1500: null

2022-06-28 09:21:40 - [TEST_STEP][PASSED] - width_box = 366: null

2022-06-28 09:21:40 - [TEST_STEP][PASSED] - outkertas_box = 4: null

2022-06-28 09:21:40 - [TEST_STEP][PASSED] - outkrts_box = outkertas_box: null

2022-06-28 09:21:40 - [TEST_STEP][PASSED] - constantDoubleJoint_box = 1: null

2022-06-28 09:21:40 - [TEST_STEP][PASSED] - out_box = outkertas_box: null

2022-06-28 09:21:40 - [TEST_STEP][PASSED] - outKnife_box = 1: null

2022-06-28 09:21:40 - [TEST_STEP][PASSED] - corrBox = constantDoubleJoint_box * Math.floor(newQty / out_box / outKnife_box): null

2022-06-28 09:21:40 - [TEST_STEP][PASSED] - corr_box = corrBox: null

2022-06-28 09:21:40 - [TEST_STEP][PASSED] - weightSheetNettoGram_box = 133.08: null

2022-06-28 09:21:40 - [TEST_STEP][PASSED] - weight_box = constantDoubleJoint_box * weightSheetNettoGram_box * newQty / 1000: null

2022-06-28 09:21:40 - [TEST_STEP][PASSED] - beratBoxBox = Math.ceil(weight_box / qty * 1000 * 100) / 100: null

2022-06-28 09:21:40 - [TEST_STEP][PASSED] - beratbox_box = beratBoxBox: null

2022-06-28 09:21:40 - [TEST_STEP][PASSED] - beratOrderBox = Math.ceil(weight_box * 100) / 100: null

2022-06-28 09:21:40 - [TEST_STEP][PASSED] - beratorder_box = beratOrderBox: null

2022-06-28 09:21:40 - [TEST_STEP][PASSED] - trimWasteGram_box = 13.09: null

2022-06-28 09:21:40 - [TEST_STEP][PASSED] - beratTrimBox = qty / out_box * trimWasteGram_box / 1000: null

2022-06-28 09:21:40 - [TEST_STEP][PASSED] - berattrim_box = beratTrimBox: null

2022-06-28 09:21:40 - [TEST_STEP][PASSED] - qValuebox1 = 150: null

2022-06-28 09:21:40 - [TEST_STEP][PASSED] - sheetLengthBox1 = 824: null

2022-06-28 09:21:40 - [TEST_STEP][PASSED] - minLebarMmSheetBox1 = 1500: null

2022-06-28 09:21:40 - [TEST_STEP][PASSED] - identifierBox1 = 1: null

2022-06-28 09:21:40 - [TEST_STEP][PASSED] - beratSubstanceBox1 = qValuebox1 / 1000 * sheetLengthBox1 / 1000 * minLebarMmSheetBox1 / 1000 * identifierBox1 * corrBox: null

2022-06-28 09:21:40 - [TEST_STEP][PASSED] - beratsubstance1_box = beratSubstanceBox1.round(2): null

2022-06-28 09:21:40 - [TEST_STEP][PASSED] - qValuebox2 = 125: null

2022-06-28 09:21:40 - [TEST_STEP][PASSED] - sheetLengthBox2 = 824: null

2022-06-28 09:21:40 - [TEST_STEP][PASSED] - minLebarMmSheetBox2 = 1500: null

2022-06-28 09:21:40 - [TEST_STEP][PASSED] - identifierBox2 = 1.33: null

2022-06-28 09:21:40 - [TEST_STEP][PASSED] - beratSubstanceBox2 = qValuebox2 / 1000 * sheetLengthBox2 / 1000 * minLebarMmSheetBox2 / 1000 * identifierBox2 * corrBox: null

2022-06-28 09:21:40 - [TEST_STEP][PASSED] - beratsubstance2_box = beratSubstanceBox2.round(2): null

2022-06-28 09:21:40 - [TEST_STEP][PASSED] - qValuebox3 = 125: null

2022-06-28 09:21:40 - [TEST_STEP][PASSED] - sheetLengthBox3 = 824: null

2022-06-28 09:21:40 - [TEST_STEP][PASSED] - minLebarMmSheetBox3 = 1500: null

2022-06-28 09:21:40 - [TEST_STEP][PASSED] - identifierBox3 = 1: null

2022-06-28 09:21:40 - [TEST_STEP][PASSED] - beratSubstanceBox3 = qValuebox3 / 1000 * sheetLengthBox3 / 1000 * minLebarMmSheetBox3 / 1000 * identifierBox3 * corrBox: null

2022-06-28 09:21:40 - [TEST_STEP][PASSED] - beratsubstance3_box = beratSubstanceBox3.round(2): null

2022-06-28 09:21:40 - [TEST_STEP][PASSED] - qValuebox4 = 0: null

2022-06-28 09:21:40 - [TEST_STEP][PASSED] - sheetLengthBox4 = 824: null

2022-06-28 09:21:40 - [TEST_STEP][PASSED] - minLebarMmSheetBox4 = 1500: null

2022-06-28 09:21:40 - [TEST_STEP][PASSED] - identifierBox4 = 1.42: null

2022-06-28 09:21:40 - [TEST_STEP][PASSED] - beratSubstanceBox4 = qValuebox4 / 1000 * sheetLengthBox4 / 1000 * minLebarMmSheetBox4 / 1000 * identifierBox4 * corrBox: null

2022-06-28 09:21:40 - [TEST_STEP][PASSED] - beratsubstance4_box = beratSubstanceBox4.round(2): null

2022-06-28 09:21:40 - [TEST_STEP][PASSED] - qValuebox5 = 0: null

2022-06-28 09:21:40 - [TEST_STEP][PASSED] - sheetLengthBox5 = 824: null

2022-06-28 09:21:40 - [TEST_STEP][PASSED] - minLebarMmSheetBox5 = 1500: null

2022-06-28 09:21:40 - [TEST_STEP][PASSED] - identifierBox5 = 1: null

2022-06-28 09:21:40 - [TEST_STEP][PASSED] - beratSubstanceBox5 = qValuebox5 / 1000 * sheetLengthBox5 / 1000 * minLebarMmSheetBox5 / 1000 * identifierBox5 * corrBox: null

2022-06-28 09:21:40 - [TEST_STEP][PASSED] - beratsubstance5_box = beratSubstanceBox5.round(2): null

2022-06-28 09:21:40 - [TEST_STEP][PASSED] - lebarKertasMinimum_partisi = 1150: null

2022-06-28 09:21:40 - [TEST_STEP][PASSED] - width_partisi = 140: null

2022-06-28 09:21:40 - [TEST_STEP][PASSED] - outkertas_partisi = 5: null

2022-06-28 09:21:40 - [TEST_STEP][PASSED] - outkrts_partisi = outkertas_partisi: null

2022-06-28 09:21:40 - [TEST_STEP][PASSED] - constantDoubleJoint_partisi = 1: null

2022-06-28 09:21:40 - [TEST_STEP][PASSED] - out_partisi = outkertas_partisi: null

2022-06-28 09:21:40 - [TEST_STEP][PASSED] - outKnife_partisi = 1: null

2022-06-28 09:21:40 - [TEST_STEP][PASSED] - corrPartisi = constantDoubleJoint_partisi * Math.floor(newQty / out_partisi / outKnife_partisi): null

2022-06-28 09:21:40 - [TEST_STEP][PASSED] - corr_partisi = corrPartisi: null

2022-06-28 09:21:40 - [TEST_STEP][PASSED] - weightSheetNettoGram_partisi = 53.5: null

2022-06-28 09:21:40 - [TEST_STEP][PASSED] - weight_partisi = constantDoubleJoint_partisi * weightSheetNettoGram_partisi * newQty / 1000: null

2022-06-28 09:21:40 - [TEST_STEP][PASSED] - beratBoxPartisi = Math.ceil(weight_partisi / qty * 1000 * 100) / 100: null

2022-06-28 09:21:40 - [TEST_STEP][PASSED] - beratbox_partisi = beratBoxPartisi: null

2022-06-28 09:21:40 - [TEST_STEP][PASSED] - beratOrderPartisi = Math.ceil(weight_partisi * 100) / 100: null

2022-06-28 09:21:40 - [TEST_STEP][PASSED] - beratorder_partisi = beratOrderPartisi: null

2022-06-28 09:21:40 - [TEST_STEP][PASSED] - trimWasteGram_partisi = 18.91: null

2022-06-28 09:21:40 - [TEST_STEP][PASSED] - length = 11: null

2022-06-28 09:21:40 - [TEST_STEP][PASSED] - lebarKertas = 11: null

2022-06-28 09:21:40 - [TEST_STEP][PASSED] - gsm = 125 + 125 * 1.36 + 125: null

2022-06-28 09:21:40 - [TEST_STEP][PASSED] - berattrim_partisi = "0.39": null

2022-06-28 09:21:40 - [TEST_STEP][PASSED] - qValuepartisi1 = 125: null

2022-06-28 09:21:40 - [TEST_STEP][PASSED] - sheetLengthPartisi1 = 918: null

2022-06-28 09:21:40 - [TEST_STEP][PASSED] - minLebarMmSheetPartisi1 = 750: null

2022-06-28 09:21:40 - [TEST_STEP][PASSED] - identifierPartisi1 = 1: null

2022-06-28 09:21:40 - [TEST_STEP][PASSED] - beratSubstancePartisi1 = qValuepartisi1 / 1000 * sheetLengthPartisi1 / 1000 * minLebarMmSheetPartisi1 / 1000 * identifierPartisi1 * corrPartisi: null

2022-06-28 09:21:40 - [TEST_STEP][PASSED] - beratsubstance1_partisi = beratSubstancePartisi1.round(2): null

2022-06-28 09:21:40 - [TEST_STEP][PASSED] - qValuepartisi2 = 125: null

2022-06-28 09:21:40 - [TEST_STEP][PASSED] - sheetLengthPartisi2 = 918: null

2022-06-28 09:21:40 - [TEST_STEP][PASSED] - minLebarMmSheetPartisi2 = 750: null

2022-06-28 09:21:40 - [TEST_STEP][PASSED] - identifierPartisi2 = 1.33: null

2022-06-28 09:21:40 - [TEST_STEP][PASSED] - beratSubstancePartisi2 = qValuepartisi2 / 1000 * sheetLengthPartisi2 / 1000 * minLebarMmSheetPartisi2 / 1000 * identifierPartisi2 * corrPartisi: null

2022-06-28 09:21:40 - [TEST_STEP][PASSED] - beratsubstance2_partisi = beratSubstancePartisi2.round(2): null

2022-06-28 09:21:40 - [TEST_STEP][PASSED] - qValuepartisi3 = 125: null

2022-06-28 09:21:40 - [TEST_STEP][PASSED] - sheetLengthPartisi3 = 918: null

2022-06-28 09:21:40 - [TEST_STEP][PASSED] - minLebarMmSheetPartisi3 = 750: null

2022-06-28 09:21:40 - [TEST_STEP][PASSED] - identifierPartisi3 = 1: null

2022-06-28 09:21:40 - [TEST_STEP][PASSED] - beratSubstancePartisi3 = qValuepartisi3 / 1000 * sheetLengthPartisi3 / 1000 * minLebarMmSheetPartisi3 / 1000 * identifierPartisi3 * corrPartisi: null

2022-06-28 09:21:40 - [TEST_STEP][PASSED] - beratsubstance3_partisi = beratSubstancePartisi3.round(2): null

2022-06-28 09:21:40 - [TEST_STEP][PASSED] - qValuepartisi4 = 0: null

2022-06-28 09:21:40 - [TEST_STEP][PASSED] - sheetLengthPartisi4 = 918: null

2022-06-28 09:21:40 - [TEST_STEP][PASSED] - minLebarMmSheetPartisi4 = 750: null

2022-06-28 09:21:40 - [TEST_STEP][PASSED] - identifierPartisi4 = 1.42: null

2022-06-28 09:21:40 - [TEST_STEP][PASSED] - beratSubstancePartisi4 = qValuepartisi4 / 1000 * sheetLengthPartisi4 / 1000 * minLebarMmSheetPartisi4 / 1000 * identifierPartisi4 * corrPartisi: null

2022-06-28 09:21:40 - [TEST_STEP][PASSED] - beratsubstance4_partisi = beratSubstancePartisi4.round(2): null

2022-06-28 09:21:40 - [TEST_STEP][PASSED] - qValuepartisi5 = 0: null

2022-06-28 09:21:40 - [TEST_STEP][PASSED] - sheetLengthPartisi5 = 918: null

2022-06-28 09:21:40 - [TEST_STEP][PASSED] - minLebarMmSheetPartisi5 = 750: null

2022-06-28 09:21:40 - [TEST_STEP][PASSED] - identifierPartisi5 = 1: null

2022-06-28 09:21:40 - [TEST_STEP][PASSED] - beratSubstancePartisi5 = qValuepartisi5 / 1000 * sheetLengthPartisi5 / 1000 * minLebarMmSheetPartisi5 / 1000 * identifierPartisi5 * corrPartisi: null

2022-06-28 09:21:40 - [TEST_STEP][PASSED] - beratsubstance5_partisi = beratSubstancePartisi5.round(2): null

2022-06-28 09:21:40 - [TEST_STEP][PASSED] - expectedValue = new java.util.ArrayList(): null

2022-06-28 09:21:40 - [TEST_STEP][PASSED] - expectedValue.add(outkrts_box): null

2022-06-28 09:21:40 - [TEST_STEP][PASSED] - expectedValue.add(corr_box): null

2022-06-28 09:21:40 - [TEST_STEP][PASSED] - expectedValue.add(beratbox_box): null

2022-06-28 09:21:40 - [TEST_STEP][PASSED] - expectedValue.add(beratorder_box): null

2022-06-28 09:21:40 - [TEST_STEP][PASSED] - expectedValue.add(berattrim_box): null

2022-06-28 09:21:40 - [TEST_STEP][PASSED] - expectedValue.add(beratsubstance1_box): null

2022-06-28 09:21:40 - [TEST_STEP][PASSED] - expectedValue.add(beratsubstance2_box): null

2022-06-28 09:21:40 - [TEST_STEP][PASSED] - expectedValue.add(beratsubstance3_box): null

2022-06-28 09:21:40 - [TEST_STEP][PASSED] - expectedValue.add(beratsubstance4_box): null

2022-06-28 09:21:40 - [TEST_STEP][PASSED] - expectedValue.add(beratsubstance5_box): null

2022-06-28 09:21:40 - [TEST_STEP][PASSED] - expectedValue.add(outkrts_partisi): null

2022-06-28 09:21:40 - [TEST_STEP][PASSED] - expectedValue.add(corr_partisi): null

2022-06-28 09:21:40 - [TEST_STEP][PASSED] - expectedValue.add(beratbox_partisi): null

2022-06-28 09:21:40 - [TEST_STEP][PASSED] - expectedValue.add(beratorder_partisi): null

2022-06-28 09:21:40 - [TEST_STEP][PASSED] - expectedValue.add(berattrim_partisi): null

2022-06-28 09:21:40 - [TEST_STEP][PASSED] - expectedValue.add(beratsubstance1_partisi): null

2022-06-28 09:21:40 - [TEST_STEP][PASSED] - expectedValue.add(beratsubstance2_partisi): null

2022-06-28 09:21:40 - [TEST_STEP][PASSED] - expectedValue.add(beratsubstance3_partisi): null

2022-06-28 09:21:40 - [TEST_STEP][PASSED] - expectedValue.add(beratsubstance4_partisi): null

2022-06-28 09:21:40 - [TEST_STEP][PASSED] - expectedValue.add(beratsubstance5_partisi): null

2022-06-28 09:21:40 - [TEST_STEP][PASSED] - array_count_isi = allValues.size(): null

2022-06-28 09:21:40 - [TEST_STEP][FAILED] - for ([arr1 = 0, arr1 < array_count_isi, (arr1++)]): null

2022-06-28 09:21:40 - [TEST_STEP][PASSED] - all_values = allValues[arr1]: null

2022-06-28 09:21:40 - [TEST_STEP][PASSED] - comment(all_values): 4

2022-06-28 09:21:40 - [MESSAGE][INFO] - 4

2022-06-28 09:21:40 - [TEST_STEP][PASSED] - expected_Value = expectedValue[arr1]: null

2022-06-28 09:21:40 - [TEST_STEP][PASSED] - comment(expected_Value): 4

2022-06-28 09:21:40 - [MESSAGE][INFO] - 4

2022-06-28 09:21:40 - [TEST_STEP][PASSED] - a = allValues[arr1]: null

2022-06-28 09:21:40 - [TEST_STEP][PASSED] - b = expectedValue[arr1]: null

2022-06-28 09:21:40 - [TEST_STEP][PASSED] - verifyMatch(a, b, false): Actual text '4' and expected text '4' are matched 

2022-06-28 09:21:40 - [MESSAGE][PASSED] - Actual text '4' and expected text '4' are matched 

2022-06-28 09:21:40 - [TEST_STEP][PASSED] - all_values = allValues[arr1]: null

2022-06-28 09:21:40 - [TEST_STEP][PASSED] - comment(all_values): 25

2022-06-28 09:21:40 - [MESSAGE][INFO] - 25

2022-06-28 09:21:40 - [TEST_STEP][PASSED] - expected_Value = expectedValue[arr1]: null

2022-06-28 09:21:40 - [TEST_STEP][PASSED] - comment(expected_Value): 25

2022-06-28 09:21:40 - [MESSAGE][INFO] - 25

2022-06-28 09:21:40 - [TEST_STEP][PASSED] - a = allValues[arr1]: null

2022-06-28 09:21:40 - [TEST_STEP][PASSED] - b = expectedValue[arr1]: null

2022-06-28 09:21:40 - [TEST_STEP][PASSED] - verifyMatch(a, b, false): Actual text '25' and expected text '25' are matched 

2022-06-28 09:21:40 - [MESSAGE][PASSED] - Actual text '25' and expected text '25' are matched 

2022-06-28 09:21:40 - [TEST_STEP][PASSED] - all_values = allValues[arr1]: null

2022-06-28 09:21:40 - [TEST_STEP][PASSED] - comment(all_values): 133.09

2022-06-28 09:21:40 - [MESSAGE][INFO] - 133.09

2022-06-28 09:21:40 - [TEST_STEP][PASSED] - expected_Value = expectedValue[arr1]: null

2022-06-28 09:21:40 - [TEST_STEP][PASSED] - comment(expected_Value): 133.09

2022-06-28 09:21:40 - [MESSAGE][INFO] - 133.09

2022-06-28 09:21:40 - [TEST_STEP][PASSED] - a = allValues[arr1]: null

2022-06-28 09:21:40 - [TEST_STEP][PASSED] - b = expectedValue[arr1]: null

2022-06-28 09:21:40 - [TEST_STEP][PASSED] - verifyMatch(a, b, false): Actual text '133.09' and expected text '133.09' are matched 

2022-06-28 09:21:40 - [MESSAGE][PASSED] - Actual text '133.09' and expected text '133.09' are matched 

2022-06-28 09:21:40 - [TEST_STEP][PASSED] - all_values = allValues[arr1]: null

2022-06-28 09:21:40 - [TEST_STEP][PASSED] - comment(all_values): 13.31

2022-06-28 09:21:40 - [MESSAGE][INFO] - 13.31

2022-06-28 09:21:40 - [TEST_STEP][PASSED] - expected_Value = expectedValue[arr1]: null

2022-06-28 09:21:40 - [TEST_STEP][PASSED] - comment(expected_Value): 13.31

2022-06-28 09:21:40 - [MESSAGE][INFO] - 13.31

2022-06-28 09:21:40 - [TEST_STEP][PASSED] - a = allValues[arr1]: null

2022-06-28 09:21:40 - [TEST_STEP][PASSED] - b = expectedValue[arr1]: null

2022-06-28 09:21:40 - [TEST_STEP][PASSED] - verifyMatch(a, b, false): Actual text '13.31' and expected text '13.31' are matched 

2022-06-28 09:21:40 - [MESSAGE][PASSED] - Actual text '13.31' and expected text '13.31' are matched 

2022-06-28 09:21:40 - [TEST_STEP][PASSED] - all_values = allValues[arr1]: null

2022-06-28 09:21:40 - [TEST_STEP][PASSED] - comment(all_values): 0.32725

2022-06-28 09:21:40 - [MESSAGE][INFO] - 0.32725

2022-06-28 09:21:40 - [TEST_STEP][PASSED] - expected_Value = expectedValue[arr1]: null

2022-06-28 09:21:40 - [TEST_STEP][PASSED] - comment(expected_Value): 0.32725

2022-06-28 09:21:40 - [MESSAGE][INFO] - 0.32725

2022-06-28 09:21:40 - [TEST_STEP][PASSED] - a = allValues[arr1]: null

2022-06-28 09:21:40 - [TEST_STEP][PASSED] - b = expectedValue[arr1]: null

2022-06-28 09:21:40 - [TEST_STEP][PASSED] - verifyMatch(a, b, false): Actual text '0.32725' and expected text '0.32725' are matched 

2022-06-28 09:21:40 - [MESSAGE][PASSED] - Actual text '0.32725' and expected text '0.32725' are matched 

2022-06-28 09:21:40 - [TEST_STEP][PASSED] - all_values = allValues[arr1]: null

2022-06-28 09:21:40 - [TEST_STEP][PASSED] - comment(all_values): 4.63

2022-06-28 09:21:40 - [MESSAGE][INFO] - 4.63

2022-06-28 09:21:40 - [TEST_STEP][PASSED] - expected_Value = expectedValue[arr1]: null

2022-06-28 09:21:40 - [TEST_STEP][PASSED] - comment(expected_Value): 4.64

2022-06-28 09:21:40 - [MESSAGE][INFO] - 4.64

2022-06-28 09:21:40 - [TEST_STEP][PASSED] - a = allValues[arr1]: null

2022-06-28 09:21:40 - [TEST_STEP][PASSED] - b = expectedValue[arr1]: null

2022-06-28 09:21:40 - [TEST_STEP][FAILED] - verifyMatch(a, b, false): Unable to verify match between actual text '4.63' and expected text '4.64' (Root cause: com.kms.katalon.core.exception.StepFailedException: Actual text '4.63' and expected text '4.64' are not matched
	at com.kms.katalon.core.keyword.builtin.VerifyMatchKeyword$_verifyMatch_closure1.doCall(VerifyMatchKeyword.groovy:57)
	at com.kms.katalon.core.keyword.builtin.VerifyMatchKeyword$_verifyMatch_closure1.call(VerifyMatchKeyword.groovy)
	at com.kms.katalon.core.keyword.internal.KeywordMain.runKeyword(KeywordMain.groovy:74)
	at com.kms.katalon.core.keyword.builtin.VerifyMatchKeyword.verifyMatch(VerifyMatchKeyword.groovy:60)
	at com.kms.katalon.core.keyword.builtin.VerifyMatchKeyword.execute(VerifyMatchKeyword.groovy:45)
	at com.kms.katalon.core.keyword.internal.KeywordExecutor.executeKeywordForPlatform(KeywordExecutor.groovy:74)
	at com.kms.katalon.core.keyword.BuiltinKeywords.verifyMatch(BuiltinKeywords.groovy:73)
	at 2A_ Verify Calculated Values in Work Order (box partisi1 partisi2).run(2A_ Verify Calculated Values in Work Order (box partisi1 partisi2):557)
	at com.kms.katalon.core.main.ScriptEngine.run(ScriptEngine.java:194)
	at com.kms.katalon.core.main.ScriptEngine.runScriptAsRawText(ScriptEngine.java:119)
	at com.kms.katalon.core.main.TestCaseExecutor.runScript(TestCaseExecutor.java:445)
	at com.kms.katalon.core.main.TestCaseExecutor.doExecute(TestCaseExecutor.java:436)
	at com.kms.katalon.core.main.TestCaseExecutor.processExecutionPhase(TestCaseExecutor.java:415)
	at com.kms.katalon.core.main.TestCaseExecutor.accessMainPhase(TestCaseExecutor.java:407)
	at com.kms.katalon.core.main.TestCaseExecutor.execute(TestCaseExecutor.java:284)
	at com.kms.katalon.core.common.CommonExecutor.accessTestCaseMainPhase(CommonExecutor.java:65)
	at com.kms.katalon.core.main.TestSuiteExecutor.accessTestSuiteMainPhase(TestSuiteExecutor.java:144)
	at com.kms.katalon.core.main.TestSuiteExecutor.execute(TestSuiteExecutor.java:106)
	at com.kms.katalon.core.main.TestCaseMain.startTestSuite(TestCaseMain.java:185)
	at com.kms.katalon.core.main.TestCaseMain$startTestSuite$0.call(Unknown Source)
	at TempTestSuite1656382814238.run(TempTestSuite1656382814238.groovy:36)
)

2022-06-28 09:21:40 - [MESSAGE][FAILED] - Unable to verify match between actual text '4.63' and expected text '4.64' (Root cause: com.kms.katalon.core.exception.StepFailedException: Actual text '4.63' and expected text '4.64' are not matched
	at com.kms.katalon.core.keyword.builtin.VerifyMatchKeyword$_verifyMatch_closure1.doCall(VerifyMatchKeyword.groovy:57)
	at com.kms.katalon.core.keyword.builtin.VerifyMatchKeyword$_verifyMatch_closure1.call(VerifyMatchKeyword.groovy)
	at com.kms.katalon.core.keyword.internal.KeywordMain.runKeyword(KeywordMain.groovy:74)
	at com.kms.katalon.core.keyword.builtin.VerifyMatchKeyword.verifyMatch(VerifyMatchKeyword.groovy:60)
	at com.kms.katalon.core.keyword.builtin.VerifyMatchKeyword.execute(VerifyMatchKeyword.groovy:45)
	at com.kms.katalon.core.keyword.internal.KeywordExecutor.executeKeywordForPlatform(KeywordExecutor.groovy:74)
	at com.kms.katalon.core.keyword.BuiltinKeywords.verifyMatch(BuiltinKeywords.groovy:73)
	at 2A_ Verify Calculated Values in Work Order (box partisi1 partisi2).run(2A_ Verify Calculated Values in Work Order (box partisi1 partisi2):557)
	at com.kms.katalon.core.main.ScriptEngine.run(ScriptEngine.java:194)
	at com.kms.katalon.core.main.ScriptEngine.runScriptAsRawText(ScriptEngine.java:119)
	at com.kms.katalon.core.main.TestCaseExecutor.runScript(TestCaseExecutor.java:445)
	at com.kms.katalon.core.main.TestCaseExecutor.doExecute(TestCaseExecutor.java:436)
	at com.kms.katalon.core.main.TestCaseExecutor.processExecutionPhase(TestCaseExecutor.java:415)
	at com.kms.katalon.core.main.TestCaseExecutor.accessMainPhase(TestCaseExecutor.java:407)
	at com.kms.katalon.core.main.TestCaseExecutor.execute(TestCaseExecutor.java:284)
	at com.kms.katalon.core.common.CommonExecutor.accessTestCaseMainPhase(CommonExecutor.java:65)
	at com.kms.katalon.core.main.TestSuiteExecutor.accessTestSuiteMainPhase(TestSuiteExecutor.java:144)
	at com.kms.katalon.core.main.TestSuiteExecutor.execute(TestSuiteExecutor.java:106)
	at com.kms.katalon.core.main.TestCaseMain.startTestSuite(TestCaseMain.java:185)
	at com.kms.katalon.core.main.TestCaseMain$startTestSuite$0.call(Unknown Source)
	at TempTestSuite1656382814238.run(TempTestSuite1656382814238.groovy:36)
)

2022-06-28 09:21:40 - [TEST_STEP][PASSED] - all_values = allValues[arr1]: null

2022-06-28 09:21:40 - [TEST_STEP][PASSED] - comment(all_values): 5.14

2022-06-28 09:21:40 - [MESSAGE][INFO] - 5.14

2022-06-28 09:21:40 - [TEST_STEP][PASSED] - expected_Value = expectedValue[arr1]: null

2022-06-28 09:21:40 - [TEST_STEP][PASSED] - comment(expected_Value): 5.14

2022-06-28 09:21:40 - [MESSAGE][INFO] - 5.14

2022-06-28 09:21:40 - [TEST_STEP][PASSED] - a = allValues[arr1]: null

2022-06-28 09:21:40 - [TEST_STEP][PASSED] - b = expectedValue[arr1]: null

2022-06-28 09:21:40 - [TEST_STEP][PASSED] - verifyMatch(a, b, false): Actual text '5.14' and expected text '5.14' are matched 

2022-06-28 09:21:40 - [MESSAGE][PASSED] - Actual text '5.14' and expected text '5.14' are matched 

2022-06-28 09:21:40 - [TEST_STEP][PASSED] - all_values = allValues[arr1]: null

2022-06-28 09:21:40 - [TEST_STEP][PASSED] - comment(all_values): 3.86

2022-06-28 09:21:40 - [MESSAGE][INFO] - 3.86

2022-06-28 09:21:40 - [TEST_STEP][PASSED] - expected_Value = expectedValue[arr1]: null

2022-06-28 09:21:40 - [TEST_STEP][PASSED] - comment(expected_Value): 3.86

2022-06-28 09:21:40 - [MESSAGE][INFO] - 3.86

2022-06-28 09:21:40 - [TEST_STEP][PASSED] - a = allValues[arr1]: null

2022-06-28 09:21:40 - [TEST_STEP][PASSED] - b = expectedValue[arr1]: null

2022-06-28 09:21:40 - [TEST_STEP][PASSED] - verifyMatch(a, b, false): Actual text '3.86' and expected text '3.86' are matched 

2022-06-28 09:21:40 - [MESSAGE][PASSED] - Actual text '3.86' and expected text '3.86' are matched 

2022-06-28 09:21:40 - [TEST_STEP][PASSED] - all_values = allValues[arr1]: null

2022-06-28 09:21:40 - [TEST_STEP][PASSED] - comment(all_values): 0

2022-06-28 09:21:40 - [MESSAGE][INFO] - 0

2022-06-28 09:21:40 - [TEST_STEP][PASSED] - expected_Value = expectedValue[arr1]: null

2022-06-28 09:21:40 - [TEST_STEP][PASSED] - comment(expected_Value): 0.0

2022-06-28 09:21:40 - [MESSAGE][INFO] - 0.0

2022-06-28 09:21:40 - [TEST_STEP][PASSED] - a = allValues[arr1]: null

2022-06-28 09:21:40 - [TEST_STEP][PASSED] - b = expectedValue[arr1]: null

2022-06-28 09:21:40 - [TEST_STEP][FAILED] - verifyMatch(a, b, false): Unable to verify match between actual text '0' and expected text '0.0' (Root cause: com.kms.katalon.core.exception.StepFailedException: Actual text '0' and expected text '0.0' are not matched
	at com.kms.katalon.core.keyword.builtin.VerifyMatchKeyword$_verifyMatch_closure1.doCall(VerifyMatchKeyword.groovy:57)
	at com.kms.katalon.core.keyword.builtin.VerifyMatchKeyword$_verifyMatch_closure1.call(VerifyMatchKeyword.groovy)
	at com.kms.katalon.core.keyword.internal.KeywordMain.runKeyword(KeywordMain.groovy:74)
	at com.kms.katalon.core.keyword.builtin.VerifyMatchKeyword.verifyMatch(VerifyMatchKeyword.groovy:60)
	at com.kms.katalon.core.keyword.builtin.VerifyMatchKeyword.execute(VerifyMatchKeyword.groovy:45)
	at com.kms.katalon.core.keyword.internal.KeywordExecutor.executeKeywordForPlatform(KeywordExecutor.groovy:74)
	at com.kms.katalon.core.keyword.BuiltinKeywords.verifyMatch(BuiltinKeywords.groovy:73)
	at 2A_ Verify Calculated Values in Work Order (box partisi1 partisi2).run(2A_ Verify Calculated Values in Work Order (box partisi1 partisi2):557)
	at com.kms.katalon.core.main.ScriptEngine.run(ScriptEngine.java:194)
	at com.kms.katalon.core.main.ScriptEngine.runScriptAsRawText(ScriptEngine.java:119)
	at com.kms.katalon.core.main.TestCaseExecutor.runScript(TestCaseExecutor.java:445)
	at com.kms.katalon.core.main.TestCaseExecutor.doExecute(TestCaseExecutor.java:436)
	at com.kms.katalon.core.main.TestCaseExecutor.processExecutionPhase(TestCaseExecutor.java:415)
	at com.kms.katalon.core.main.TestCaseExecutor.accessMainPhase(TestCaseExecutor.java:407)
	at com.kms.katalon.core.main.TestCaseExecutor.execute(TestCaseExecutor.java:284)
	at com.kms.katalon.core.common.CommonExecutor.accessTestCaseMainPhase(CommonExecutor.java:65)
	at com.kms.katalon.core.main.TestSuiteExecutor.accessTestSuiteMainPhase(TestSuiteExecutor.java:144)
	at com.kms.katalon.core.main.TestSuiteExecutor.execute(TestSuiteExecutor.java:106)
	at com.kms.katalon.core.main.TestCaseMain.startTestSuite(TestCaseMain.java:185)
	at com.kms.katalon.core.main.TestCaseMain$startTestSuite$0.call(Unknown Source)
	at TempTestSuite1656382814238.run(TempTestSuite1656382814238.groovy:36)
)

2022-06-28 09:21:40 - [MESSAGE][FAILED] - Unable to verify match between actual text '0' and expected text '0.0' (Root cause: com.kms.katalon.core.exception.StepFailedException: Actual text '0' and expected text '0.0' are not matched
	at com.kms.katalon.core.keyword.builtin.VerifyMatchKeyword$_verifyMatch_closure1.doCall(VerifyMatchKeyword.groovy:57)
	at com.kms.katalon.core.keyword.builtin.VerifyMatchKeyword$_verifyMatch_closure1.call(VerifyMatchKeyword.groovy)
	at com.kms.katalon.core.keyword.internal.KeywordMain.runKeyword(KeywordMain.groovy:74)
	at com.kms.katalon.core.keyword.builtin.VerifyMatchKeyword.verifyMatch(VerifyMatchKeyword.groovy:60)
	at com.kms.katalon.core.keyword.builtin.VerifyMatchKeyword.execute(VerifyMatchKeyword.groovy:45)
	at com.kms.katalon.core.keyword.internal.KeywordExecutor.executeKeywordForPlatform(KeywordExecutor.groovy:74)
	at com.kms.katalon.core.keyword.BuiltinKeywords.verifyMatch(BuiltinKeywords.groovy:73)
	at 2A_ Verify Calculated Values in Work Order (box partisi1 partisi2).run(2A_ Verify Calculated Values in Work Order (box partisi1 partisi2):557)
	at com.kms.katalon.core.main.ScriptEngine.run(ScriptEngine.java:194)
	at com.kms.katalon.core.main.ScriptEngine.runScriptAsRawText(ScriptEngine.java:119)
	at com.kms.katalon.core.main.TestCaseExecutor.runScript(TestCaseExecutor.java:445)
	at com.kms.katalon.core.main.TestCaseExecutor.doExecute(TestCaseExecutor.java:436)
	at com.kms.katalon.core.main.TestCaseExecutor.processExecutionPhase(TestCaseExecutor.java:415)
	at com.kms.katalon.core.main.TestCaseExecutor.accessMainPhase(TestCaseExecutor.java:407)
	at com.kms.katalon.core.main.TestCaseExecutor.execute(TestCaseExecutor.java:284)
	at com.kms.katalon.core.common.CommonExecutor.accessTestCaseMainPhase(CommonExecutor.java:65)
	at com.kms.katalon.core.main.TestSuiteExecutor.accessTestSuiteMainPhase(TestSuiteExecutor.java:144)
	at com.kms.katalon.core.main.TestSuiteExecutor.execute(TestSuiteExecutor.java:106)
	at com.kms.katalon.core.main.TestCaseMain.startTestSuite(TestCaseMain.java:185)
	at com.kms.katalon.core.main.TestCaseMain$startTestSuite$0.call(Unknown Source)
	at TempTestSuite1656382814238.run(TempTestSuite1656382814238.groovy:36)
)

2022-06-28 09:21:40 - [TEST_STEP][PASSED] - all_values = allValues[arr1]: null

2022-06-28 09:21:40 - [TEST_STEP][PASSED] - comment(all_values): 0

2022-06-28 09:21:40 - [MESSAGE][INFO] - 0

2022-06-28 09:21:40 - [TEST_STEP][PASSED] - expected_Value = expectedValue[arr1]: null

2022-06-28 09:21:40 - [TEST_STEP][PASSED] - comment(expected_Value): 0.0

2022-06-28 09:21:40 - [MESSAGE][INFO] - 0.0

2022-06-28 09:21:40 - [TEST_STEP][PASSED] - a = allValues[arr1]: null

2022-06-28 09:21:40 - [TEST_STEP][PASSED] - b = expectedValue[arr1]: null

2022-06-28 09:21:40 - [TEST_STEP][FAILED] - verifyMatch(a, b, false): Unable to verify match between actual text '0' and expected text '0.0' (Root cause: com.kms.katalon.core.exception.StepFailedException: Actual text '0' and expected text '0.0' are not matched
	at com.kms.katalon.core.keyword.builtin.VerifyMatchKeyword$_verifyMatch_closure1.doCall(VerifyMatchKeyword.groovy:57)
	at com.kms.katalon.core.keyword.builtin.VerifyMatchKeyword$_verifyMatch_closure1.call(VerifyMatchKeyword.groovy)
	at com.kms.katalon.core.keyword.internal.KeywordMain.runKeyword(KeywordMain.groovy:74)
	at com.kms.katalon.core.keyword.builtin.VerifyMatchKeyword.verifyMatch(VerifyMatchKeyword.groovy:60)
	at com.kms.katalon.core.keyword.builtin.VerifyMatchKeyword.execute(VerifyMatchKeyword.groovy:45)
	at com.kms.katalon.core.keyword.internal.KeywordExecutor.executeKeywordForPlatform(KeywordExecutor.groovy:74)
	at com.kms.katalon.core.keyword.BuiltinKeywords.verifyMatch(BuiltinKeywords.groovy:73)
	at 2A_ Verify Calculated Values in Work Order (box partisi1 partisi2).run(2A_ Verify Calculated Values in Work Order (box partisi1 partisi2):557)
	at com.kms.katalon.core.main.ScriptEngine.run(ScriptEngine.java:194)
	at com.kms.katalon.core.main.ScriptEngine.runScriptAsRawText(ScriptEngine.java:119)
	at com.kms.katalon.core.main.TestCaseExecutor.runScript(TestCaseExecutor.java:445)
	at com.kms.katalon.core.main.TestCaseExecutor.doExecute(TestCaseExecutor.java:436)
	at com.kms.katalon.core.main.TestCaseExecutor.processExecutionPhase(TestCaseExecutor.java:415)
	at com.kms.katalon.core.main.TestCaseExecutor.accessMainPhase(TestCaseExecutor.java:407)
	at com.kms.katalon.core.main.TestCaseExecutor.execute(TestCaseExecutor.java:284)
	at com.kms.katalon.core.common.CommonExecutor.accessTestCaseMainPhase(CommonExecutor.java:65)
	at com.kms.katalon.core.main.TestSuiteExecutor.accessTestSuiteMainPhase(TestSuiteExecutor.java:144)
	at com.kms.katalon.core.main.TestSuiteExecutor.execute(TestSuiteExecutor.java:106)
	at com.kms.katalon.core.main.TestCaseMain.startTestSuite(TestCaseMain.java:185)
	at com.kms.katalon.core.main.TestCaseMain$startTestSuite$0.call(Unknown Source)
	at TempTestSuite1656382814238.run(TempTestSuite1656382814238.groovy:36)
)

2022-06-28 09:21:40 - [MESSAGE][FAILED] - Unable to verify match between actual text '0' and expected text '0.0' (Root cause: com.kms.katalon.core.exception.StepFailedException: Actual text '0' and expected text '0.0' are not matched
	at com.kms.katalon.core.keyword.builtin.VerifyMatchKeyword$_verifyMatch_closure1.doCall(VerifyMatchKeyword.groovy:57)
	at com.kms.katalon.core.keyword.builtin.VerifyMatchKeyword$_verifyMatch_closure1.call(VerifyMatchKeyword.groovy)
	at com.kms.katalon.core.keyword.internal.KeywordMain.runKeyword(KeywordMain.groovy:74)
	at com.kms.katalon.core.keyword.builtin.VerifyMatchKeyword.verifyMatch(VerifyMatchKeyword.groovy:60)
	at com.kms.katalon.core.keyword.builtin.VerifyMatchKeyword.execute(VerifyMatchKeyword.groovy:45)
	at com.kms.katalon.core.keyword.internal.KeywordExecutor.executeKeywordForPlatform(KeywordExecutor.groovy:74)
	at com.kms.katalon.core.keyword.BuiltinKeywords.verifyMatch(BuiltinKeywords.groovy:73)
	at 2A_ Verify Calculated Values in Work Order (box partisi1 partisi2).run(2A_ Verify Calculated Values in Work Order (box partisi1 partisi2):557)
	at com.kms.katalon.core.main.ScriptEngine.run(ScriptEngine.java:194)
	at com.kms.katalon.core.main.ScriptEngine.runScriptAsRawText(ScriptEngine.java:119)
	at com.kms.katalon.core.main.TestCaseExecutor.runScript(TestCaseExecutor.java:445)
	at com.kms.katalon.core.main.TestCaseExecutor.doExecute(TestCaseExecutor.java:436)
	at com.kms.katalon.core.main.TestCaseExecutor.processExecutionPhase(TestCaseExecutor.java:415)
	at com.kms.katalon.core.main.TestCaseExecutor.accessMainPhase(TestCaseExecutor.java:407)
	at com.kms.katalon.core.main.TestCaseExecutor.execute(TestCaseExecutor.java:284)
	at com.kms.katalon.core.common.CommonExecutor.accessTestCaseMainPhase(CommonExecutor.java:65)
	at com.kms.katalon.core.main.TestSuiteExecutor.accessTestSuiteMainPhase(TestSuiteExecutor.java:144)
	at com.kms.katalon.core.main.TestSuiteExecutor.execute(TestSuiteExecutor.java:106)
	at com.kms.katalon.core.main.TestCaseMain.startTestSuite(TestCaseMain.java:185)
	at com.kms.katalon.core.main.TestCaseMain$startTestSuite$0.call(Unknown Source)
	at TempTestSuite1656382814238.run(TempTestSuite1656382814238.groovy:36)
)

2022-06-28 09:21:40 - [TEST_STEP][PASSED] - all_values = allValues[arr1]: null

2022-06-28 09:21:40 - [TEST_STEP][PASSED] - comment(all_values): 5

2022-06-28 09:21:40 - [MESSAGE][INFO] - 5

2022-06-28 09:21:40 - [TEST_STEP][PASSED] - expected_Value = expectedValue[arr1]: null

2022-06-28 09:21:40 - [TEST_STEP][PASSED] - comment(expected_Value): 5

2022-06-28 09:21:40 - [MESSAGE][INFO] - 5

2022-06-28 09:21:40 - [TEST_STEP][PASSED] - a = allValues[arr1]: null

2022-06-28 09:21:40 - [TEST_STEP][PASSED] - b = expectedValue[arr1]: null

2022-06-28 09:21:40 - [TEST_STEP][PASSED] - verifyMatch(a, b, false): Actual text '5' and expected text '5' are matched 

2022-06-28 09:21:40 - [MESSAGE][PASSED] - Actual text '5' and expected text '5' are matched 

2022-06-28 09:21:40 - [TEST_STEP][PASSED] - all_values = allValues[arr1]: null

2022-06-28 09:21:40 - [TEST_STEP][PASSED] - comment(all_values): 20

2022-06-28 09:21:40 - [MESSAGE][INFO] - 20

2022-06-28 09:21:40 - [TEST_STEP][PASSED] - expected_Value = expectedValue[arr1]: null

2022-06-28 09:21:40 - [TEST_STEP][PASSED] - comment(expected_Value): 20

2022-06-28 09:21:40 - [MESSAGE][INFO] - 20

2022-06-28 09:21:40 - [TEST_STEP][PASSED] - a = allValues[arr1]: null

2022-06-28 09:21:40 - [TEST_STEP][PASSED] - b = expectedValue[arr1]: null

2022-06-28 09:21:40 - [TEST_STEP][PASSED] - verifyMatch(a, b, false): Actual text '20' and expected text '20' are matched 

2022-06-28 09:21:40 - [MESSAGE][PASSED] - Actual text '20' and expected text '20' are matched 

2022-06-28 09:21:40 - [TEST_STEP][PASSED] - all_values = allValues[arr1]: null

2022-06-28 09:21:40 - [TEST_STEP][PASSED] - comment(all_values): 53.5

2022-06-28 09:21:40 - [MESSAGE][INFO] - 53.5

2022-06-28 09:21:40 - [TEST_STEP][PASSED] - expected_Value = expectedValue[arr1]: null

2022-06-28 09:21:40 - [TEST_STEP][PASSED] - comment(expected_Value): 53.5

2022-06-28 09:21:40 - [MESSAGE][INFO] - 53.5

2022-06-28 09:21:40 - [TEST_STEP][PASSED] - a = allValues[arr1]: null

2022-06-28 09:21:40 - [TEST_STEP][PASSED] - b = expectedValue[arr1]: null

2022-06-28 09:21:40 - [TEST_STEP][PASSED] - verifyMatch(a, b, false): Actual text '53.5' and expected text '53.5' are matched 

2022-06-28 09:21:40 - [MESSAGE][PASSED] - Actual text '53.5' and expected text '53.5' are matched 

2022-06-28 09:21:40 - [TEST_STEP][PASSED] - all_values = allValues[arr1]: null

2022-06-28 09:21:40 - [TEST_STEP][PASSED] - comment(all_values): 5.35

2022-06-28 09:21:40 - [MESSAGE][INFO] - 5.35

2022-06-28 09:21:40 - [TEST_STEP][PASSED] - expected_Value = expectedValue[arr1]: null

2022-06-28 09:21:40 - [TEST_STEP][PASSED] - comment(expected_Value): 5.35

2022-06-28 09:21:40 - [MESSAGE][INFO] - 5.35

2022-06-28 09:21:40 - [TEST_STEP][PASSED] - a = allValues[arr1]: null

2022-06-28 09:21:40 - [TEST_STEP][PASSED] - b = expectedValue[arr1]: null

2022-06-28 09:21:40 - [TEST_STEP][PASSED] - verifyMatch(a, b, false): Actual text '5.35' and expected text '5.35' are matched 

2022-06-28 09:21:40 - [MESSAGE][PASSED] - Actual text '5.35' and expected text '5.35' are matched 

2022-06-28 09:21:40 - [TEST_STEP][PASSED] - all_values = allValues[arr1]: null

2022-06-28 09:21:40 - [TEST_STEP][PASSED] - comment(all_values): 0.39

2022-06-28 09:21:40 - [MESSAGE][INFO] - 0.39

2022-06-28 09:21:40 - [TEST_STEP][PASSED] - expected_Value = expectedValue[arr1]: null

2022-06-28 09:21:40 - [TEST_STEP][PASSED] - comment(expected_Value): 0.39

2022-06-28 09:21:40 - [MESSAGE][INFO] - 0.39

2022-06-28 09:21:40 - [TEST_STEP][PASSED] - a = allValues[arr1]: null

2022-06-28 09:21:40 - [TEST_STEP][PASSED] - b = expectedValue[arr1]: null

2022-06-28 09:21:40 - [TEST_STEP][PASSED] - verifyMatch(a, b, false): Actual text '0.39' and expected text '0.39' are matched 

2022-06-28 09:21:40 - [MESSAGE][PASSED] - Actual text '0.39' and expected text '0.39' are matched 

2022-06-28 09:21:40 - [TEST_STEP][PASSED] - all_values = allValues[arr1]: null

2022-06-28 09:21:40 - [TEST_STEP][PASSED] - comment(all_values): 1.72

2022-06-28 09:21:40 - [MESSAGE][INFO] - 1.72

2022-06-28 09:21:40 - [TEST_STEP][PASSED] - expected_Value = expectedValue[arr1]: null

2022-06-28 09:21:40 - [TEST_STEP][PASSED] - comment(expected_Value): 1.72

2022-06-28 09:21:40 - [MESSAGE][INFO] - 1.72

2022-06-28 09:21:40 - [TEST_STEP][PASSED] - a = allValues[arr1]: null

2022-06-28 09:21:40 - [TEST_STEP][PASSED] - b = expectedValue[arr1]: null

2022-06-28 09:21:40 - [TEST_STEP][PASSED] - verifyMatch(a, b, false): Actual text '1.72' and expected text '1.72' are matched 

2022-06-28 09:21:40 - [MESSAGE][PASSED] - Actual text '1.72' and expected text '1.72' are matched 

2022-06-28 09:21:40 - [TEST_STEP][PASSED] - all_values = allValues[arr1]: null

2022-06-28 09:21:40 - [TEST_STEP][PASSED] - comment(all_values): 2.29

2022-06-28 09:21:40 - [MESSAGE][INFO] - 2.29

2022-06-28 09:21:40 - [TEST_STEP][PASSED] - expected_Value = expectedValue[arr1]: null

2022-06-28 09:21:40 - [TEST_STEP][PASSED] - comment(expected_Value): 2.29

2022-06-28 09:21:40 - [MESSAGE][INFO] - 2.29

2022-06-28 09:21:40 - [TEST_STEP][PASSED] - a = allValues[arr1]: null

2022-06-28 09:21:40 - [TEST_STEP][PASSED] - b = expectedValue[arr1]: null

2022-06-28 09:21:40 - [TEST_STEP][PASSED] - verifyMatch(a, b, false): Actual text '2.29' and expected text '2.29' are matched 

2022-06-28 09:21:40 - [MESSAGE][PASSED] - Actual text '2.29' and expected text '2.29' are matched 

2022-06-28 09:21:40 - [TEST_STEP][PASSED] - all_values = allValues[arr1]: null

2022-06-28 09:21:40 - [TEST_STEP][PASSED] - comment(all_values): 1.72

2022-06-28 09:21:40 - [MESSAGE][INFO] - 1.72

2022-06-28 09:21:40 - [TEST_STEP][PASSED] - expected_Value = expectedValue[arr1]: null

2022-06-28 09:21:40 - [TEST_STEP][PASSED] - comment(expected_Value): 1.72

2022-06-28 09:21:40 - [MESSAGE][INFO] - 1.72

2022-06-28 09:21:40 - [TEST_STEP][PASSED] - a = allValues[arr1]: null

2022-06-28 09:21:40 - [TEST_STEP][PASSED] - b = expectedValue[arr1]: null

2022-06-28 09:21:40 - [TEST_STEP][PASSED] - verifyMatch(a, b, false): Actual text '1.72' and expected text '1.72' are matched 

2022-06-28 09:21:40 - [MESSAGE][PASSED] - Actual text '1.72' and expected text '1.72' are matched 

2022-06-28 09:21:40 - [TEST_STEP][PASSED] - all_values = allValues[arr1]: null

2022-06-28 09:21:40 - [TEST_STEP][PASSED] - comment(all_values): 0

2022-06-28 09:21:40 - [MESSAGE][INFO] - 0

2022-06-28 09:21:40 - [TEST_STEP][PASSED] - expected_Value = expectedValue[arr1]: null

2022-06-28 09:21:40 - [TEST_STEP][PASSED] - comment(expected_Value): 0.0

2022-06-28 09:21:40 - [MESSAGE][INFO] - 0.0

2022-06-28 09:21:40 - [TEST_STEP][PASSED] - a = allValues[arr1]: null

2022-06-28 09:21:40 - [TEST_STEP][PASSED] - b = expectedValue[arr1]: null

2022-06-28 09:21:40 - [TEST_STEP][FAILED] - verifyMatch(a, b, false): Unable to verify match between actual text '0' and expected text '0.0' (Root cause: com.kms.katalon.core.exception.StepFailedException: Actual text '0' and expected text '0.0' are not matched
	at com.kms.katalon.core.keyword.builtin.VerifyMatchKeyword$_verifyMatch_closure1.doCall(VerifyMatchKeyword.groovy:57)
	at com.kms.katalon.core.keyword.builtin.VerifyMatchKeyword$_verifyMatch_closure1.call(VerifyMatchKeyword.groovy)
	at com.kms.katalon.core.keyword.internal.KeywordMain.runKeyword(KeywordMain.groovy:74)
	at com.kms.katalon.core.keyword.builtin.VerifyMatchKeyword.verifyMatch(VerifyMatchKeyword.groovy:60)
	at com.kms.katalon.core.keyword.builtin.VerifyMatchKeyword.execute(VerifyMatchKeyword.groovy:45)
	at com.kms.katalon.core.keyword.internal.KeywordExecutor.executeKeywordForPlatform(KeywordExecutor.groovy:74)
	at com.kms.katalon.core.keyword.BuiltinKeywords.verifyMatch(BuiltinKeywords.groovy:73)
	at 2A_ Verify Calculated Values in Work Order (box partisi1 partisi2).run(2A_ Verify Calculated Values in Work Order (box partisi1 partisi2):557)
	at com.kms.katalon.core.main.ScriptEngine.run(ScriptEngine.java:194)
	at com.kms.katalon.core.main.ScriptEngine.runScriptAsRawText(ScriptEngine.java:119)
	at com.kms.katalon.core.main.TestCaseExecutor.runScript(TestCaseExecutor.java:445)
	at com.kms.katalon.core.main.TestCaseExecutor.doExecute(TestCaseExecutor.java:436)
	at com.kms.katalon.core.main.TestCaseExecutor.processExecutionPhase(TestCaseExecutor.java:415)
	at com.kms.katalon.core.main.TestCaseExecutor.accessMainPhase(TestCaseExecutor.java:407)
	at com.kms.katalon.core.main.TestCaseExecutor.execute(TestCaseExecutor.java:284)
	at com.kms.katalon.core.common.CommonExecutor.accessTestCaseMainPhase(CommonExecutor.java:65)
	at com.kms.katalon.core.main.TestSuiteExecutor.accessTestSuiteMainPhase(TestSuiteExecutor.java:144)
	at com.kms.katalon.core.main.TestSuiteExecutor.execute(TestSuiteExecutor.java:106)
	at com.kms.katalon.core.main.TestCaseMain.startTestSuite(TestCaseMain.java:185)
	at com.kms.katalon.core.main.TestCaseMain$startTestSuite$0.call(Unknown Source)
	at TempTestSuite1656382814238.run(TempTestSuite1656382814238.groovy:36)
)

2022-06-28 09:21:40 - [MESSAGE][FAILED] - Unable to verify match between actual text '0' and expected text '0.0' (Root cause: com.kms.katalon.core.exception.StepFailedException: Actual text '0' and expected text '0.0' are not matched
	at com.kms.katalon.core.keyword.builtin.VerifyMatchKeyword$_verifyMatch_closure1.doCall(VerifyMatchKeyword.groovy:57)
	at com.kms.katalon.core.keyword.builtin.VerifyMatchKeyword$_verifyMatch_closure1.call(VerifyMatchKeyword.groovy)
	at com.kms.katalon.core.keyword.internal.KeywordMain.runKeyword(KeywordMain.groovy:74)
	at com.kms.katalon.core.keyword.builtin.VerifyMatchKeyword.verifyMatch(VerifyMatchKeyword.groovy:60)
	at com.kms.katalon.core.keyword.builtin.VerifyMatchKeyword.execute(VerifyMatchKeyword.groovy:45)
	at com.kms.katalon.core.keyword.internal.KeywordExecutor.executeKeywordForPlatform(KeywordExecutor.groovy:74)
	at com.kms.katalon.core.keyword.BuiltinKeywords.verifyMatch(BuiltinKeywords.groovy:73)
	at 2A_ Verify Calculated Values in Work Order (box partisi1 partisi2).run(2A_ Verify Calculated Values in Work Order (box partisi1 partisi2):557)
	at com.kms.katalon.core.main.ScriptEngine.run(ScriptEngine.java:194)
	at com.kms.katalon.core.main.ScriptEngine.runScriptAsRawText(ScriptEngine.java:119)
	at com.kms.katalon.core.main.TestCaseExecutor.runScript(TestCaseExecutor.java:445)
	at com.kms.katalon.core.main.TestCaseExecutor.doExecute(TestCaseExecutor.java:436)
	at com.kms.katalon.core.main.TestCaseExecutor.processExecutionPhase(TestCaseExecutor.java:415)
	at com.kms.katalon.core.main.TestCaseExecutor.accessMainPhase(TestCaseExecutor.java:407)
	at com.kms.katalon.core.main.TestCaseExecutor.execute(TestCaseExecutor.java:284)
	at com.kms.katalon.core.common.CommonExecutor.accessTestCaseMainPhase(CommonExecutor.java:65)
	at com.kms.katalon.core.main.TestSuiteExecutor.accessTestSuiteMainPhase(TestSuiteExecutor.java:144)
	at com.kms.katalon.core.main.TestSuiteExecutor.execute(TestSuiteExecutor.java:106)
	at com.kms.katalon.core.main.TestCaseMain.startTestSuite(TestCaseMain.java:185)
	at com.kms.katalon.core.main.TestCaseMain$startTestSuite$0.call(Unknown Source)
	at TempTestSuite1656382814238.run(TempTestSuite1656382814238.groovy:36)
)

2022-06-28 09:21:40 - [TEST_STEP][PASSED] - all_values = allValues[arr1]: null

2022-06-28 09:21:40 - [TEST_STEP][PASSED] - comment(all_values): 0

2022-06-28 09:21:40 - [MESSAGE][INFO] - 0

2022-06-28 09:21:40 - [TEST_STEP][PASSED] - expected_Value = expectedValue[arr1]: null

2022-06-28 09:21:40 - [TEST_STEP][PASSED] - comment(expected_Value): 0.0

2022-06-28 09:21:40 - [MESSAGE][INFO] - 0.0

2022-06-28 09:21:40 - [TEST_STEP][PASSED] - a = allValues[arr1]: null

2022-06-28 09:21:40 - [TEST_STEP][PASSED] - b = expectedValue[arr1]: null

2022-06-28 09:21:40 - [TEST_STEP][FAILED] - verifyMatch(a, b, false): Unable to verify match between actual text '0' and expected text '0.0' (Root cause: com.kms.katalon.core.exception.StepFailedException: Actual text '0' and expected text '0.0' are not matched
	at com.kms.katalon.core.keyword.builtin.VerifyMatchKeyword$_verifyMatch_closure1.doCall(VerifyMatchKeyword.groovy:57)
	at com.kms.katalon.core.keyword.builtin.VerifyMatchKeyword$_verifyMatch_closure1.call(VerifyMatchKeyword.groovy)
	at com.kms.katalon.core.keyword.internal.KeywordMain.runKeyword(KeywordMain.groovy:74)
	at com.kms.katalon.core.keyword.builtin.VerifyMatchKeyword.verifyMatch(VerifyMatchKeyword.groovy:60)
	at com.kms.katalon.core.keyword.builtin.VerifyMatchKeyword.execute(VerifyMatchKeyword.groovy:45)
	at com.kms.katalon.core.keyword.internal.KeywordExecutor.executeKeywordForPlatform(KeywordExecutor.groovy:74)
	at com.kms.katalon.core.keyword.BuiltinKeywords.verifyMatch(BuiltinKeywords.groovy:73)
	at 2A_ Verify Calculated Values in Work Order (box partisi1 partisi2).run(2A_ Verify Calculated Values in Work Order (box partisi1 partisi2):557)
	at com.kms.katalon.core.main.ScriptEngine.run(ScriptEngine.java:194)
	at com.kms.katalon.core.main.ScriptEngine.runScriptAsRawText(ScriptEngine.java:119)
	at com.kms.katalon.core.main.TestCaseExecutor.runScript(TestCaseExecutor.java:445)
	at com.kms.katalon.core.main.TestCaseExecutor.doExecute(TestCaseExecutor.java:436)
	at com.kms.katalon.core.main.TestCaseExecutor.processExecutionPhase(TestCaseExecutor.java:415)
	at com.kms.katalon.core.main.TestCaseExecutor.accessMainPhase(TestCaseExecutor.java:407)
	at com.kms.katalon.core.main.TestCaseExecutor.execute(TestCaseExecutor.java:284)
	at com.kms.katalon.core.common.CommonExecutor.accessTestCaseMainPhase(CommonExecutor.java:65)
	at com.kms.katalon.core.main.TestSuiteExecutor.accessTestSuiteMainPhase(TestSuiteExecutor.java:144)
	at com.kms.katalon.core.main.TestSuiteExecutor.execute(TestSuiteExecutor.java:106)
	at com.kms.katalon.core.main.TestCaseMain.startTestSuite(TestCaseMain.java:185)
	at com.kms.katalon.core.main.TestCaseMain$startTestSuite$0.call(Unknown Source)
	at TempTestSuite1656382814238.run(TempTestSuite1656382814238.groovy:36)
)

2022-06-28 09:21:40 - [MESSAGE][FAILED] - Unable to verify match between actual text '0' and expected text '0.0' (Root cause: com.kms.katalon.core.exception.StepFailedException: Actual text '0' and expected text '0.0' are not matched
	at com.kms.katalon.core.keyword.builtin.VerifyMatchKeyword$_verifyMatch_closure1.doCall(VerifyMatchKeyword.groovy:57)
	at com.kms.katalon.core.keyword.builtin.VerifyMatchKeyword$_verifyMatch_closure1.call(VerifyMatchKeyword.groovy)
	at com.kms.katalon.core.keyword.internal.KeywordMain.runKeyword(KeywordMain.groovy:74)
	at com.kms.katalon.core.keyword.builtin.VerifyMatchKeyword.verifyMatch(VerifyMatchKeyword.groovy:60)
	at com.kms.katalon.core.keyword.builtin.VerifyMatchKeyword.execute(VerifyMatchKeyword.groovy:45)
	at com.kms.katalon.core.keyword.internal.KeywordExecutor.executeKeywordForPlatform(KeywordExecutor.groovy:74)
	at com.kms.katalon.core.keyword.BuiltinKeywords.verifyMatch(BuiltinKeywords.groovy:73)
	at 2A_ Verify Calculated Values in Work Order (box partisi1 partisi2).run(2A_ Verify Calculated Values in Work Order (box partisi1 partisi2):557)
	at com.kms.katalon.core.main.ScriptEngine.run(ScriptEngine.java:194)
	at com.kms.katalon.core.main.ScriptEngine.runScriptAsRawText(ScriptEngine.java:119)
	at com.kms.katalon.core.main.TestCaseExecutor.runScript(TestCaseExecutor.java:445)
	at com.kms.katalon.core.main.TestCaseExecutor.doExecute(TestCaseExecutor.java:436)
	at com.kms.katalon.core.main.TestCaseExecutor.processExecutionPhase(TestCaseExecutor.java:415)
	at com.kms.katalon.core.main.TestCaseExecutor.accessMainPhase(TestCaseExecutor.java:407)
	at com.kms.katalon.core.main.TestCaseExecutor.execute(TestCaseExecutor.java:284)
	at com.kms.katalon.core.common.CommonExecutor.accessTestCaseMainPhase(CommonExecutor.java:65)
	at com.kms.katalon.core.main.TestSuiteExecutor.accessTestSuiteMainPhase(TestSuiteExecutor.java:144)
	at com.kms.katalon.core.main.TestSuiteExecutor.execute(TestSuiteExecutor.java:106)
	at com.kms.katalon.core.main.TestCaseMain.startTestSuite(TestCaseMain.java:185)
	at com.kms.katalon.core.main.TestCaseMain$startTestSuite$0.call(Unknown Source)
	at TempTestSuite1656382814238.run(TempTestSuite1656382814238.groovy:36)
)

2022-06-28 09:21:40 - [TEST_STEP][PASSED] - closeBrowser(): Browser is closed

2022-06-28 09:21:41 - [MESSAGE][PASSED] - Browser is closed]]></system-out>
         <system-err><![CDATA[2022-06-28 09:20:26 - [TEST_CASE][FAILED] - Test Cases/Demo 28 Juni 2022/2A_ Verify Calculated Values in Work Order (box partisi1 partisi2): Test Cases/Demo 28 Juni 2022/2A_ Verify Calculated Values in Work Order (box partisi1 partisi2) FAILED.
Reason:
com.kms.katalon.core.exception.StepFailedException: Unable to verify match between actual text '4.63' and expected text '4.64' (Root cause: com.kms.katalon.core.exception.StepFailedException: Actual text '4.63' and expected text '4.64' are not matched
	at com.kms.katalon.core.keyword.builtin.VerifyMatchKeyword$_verifyMatch_closure1.doCall(VerifyMatchKeyword.groovy:57)
	at com.kms.katalon.core.keyword.builtin.VerifyMatchKeyword$_verifyMatch_closure1.call(VerifyMatchKeyword.groovy)
	at com.kms.katalon.core.keyword.internal.KeywordMain.runKeyword(KeywordMain.groovy:74)
	at com.kms.katalon.core.keyword.builtin.VerifyMatchKeyword.verifyMatch(VerifyMatchKeyword.groovy:60)
	at com.kms.katalon.core.keyword.builtin.VerifyMatchKeyword.execute(VerifyMatchKeyword.groovy:45)
	at com.kms.katalon.core.keyword.internal.KeywordExecutor.executeKeywordForPlatform(KeywordExecutor.groovy:74)
	at com.kms.katalon.core.keyword.BuiltinKeywords.verifyMatch(BuiltinKeywords.groovy:73)
	at 2A_ Verify Calculated Values in Work Order (box partisi1 partisi2).run(2A_ Verify Calculated Values in Work Order (box partisi1 partisi2):557)
	at com.kms.katalon.core.main.ScriptEngine.run(ScriptEngine.java:194)
	at com.kms.katalon.core.main.ScriptEngine.runScriptAsRawText(ScriptEngine.java:119)
	at com.kms.katalon.core.main.TestCaseExecutor.runScript(TestCaseExecutor.java:445)
	at com.kms.katalon.core.main.TestCaseExecutor.doExecute(TestCaseExecutor.java:436)
	at com.kms.katalon.core.main.TestCaseExecutor.processExecutionPhase(TestCaseExecutor.java:415)
	at com.kms.katalon.core.main.TestCaseExecutor.accessMainPhase(TestCaseExecutor.java:407)
	at com.kms.katalon.core.main.TestCaseExecutor.execute(TestCaseExecutor.java:284)
	at com.kms.katalon.core.common.CommonExecutor.accessTestCaseMainPhase(CommonExecutor.java:65)
	at com.kms.katalon.core.main.TestSuiteExecutor.accessTestSuiteMainPhase(TestSuiteExecutor.java:144)
	at com.kms.katalon.core.main.TestSuiteExecutor.execute(TestSuiteExecutor.java:106)
	at com.kms.katalon.core.main.TestCaseMain.startTestSuite(TestCaseMain.java:185)
	at com.kms.katalon.core.main.TestCaseMain$startTestSuite$0.call(Unknown Source)
	at TempTestSuite1656382814238.run(TempTestSuite1656382814238.groovy:36)
)
	at com.kms.katalon.core.keyword.internal.KeywordMain.stepFailed(KeywordMain.groovy:39)
	at com.kms.katalon.core.keyword.internal.KeywordMain.stepFailed(KeywordMain.groovy)
	at com.kms.katalon.core.keyword.internal.KeywordMain.runKeyword(KeywordMain.groovy:76)
	at com.kms.katalon.core.keyword.builtin.VerifyMatchKeyword.verifyMatch(VerifyMatchKeyword.groovy:60)
	at com.kms.katalon.core.keyword.builtin.VerifyMatchKeyword.execute(VerifyMatchKeyword.groovy:45)
	at com.kms.katalon.core.keyword.internal.KeywordExecutor.executeKeywordForPlatform(KeywordExecutor.groovy:74)
	at com.kms.katalon.core.keyword.BuiltinKeywords.verifyMatch(BuiltinKeywords.groovy:73)
	at 2A_ Verify Calculated Values in Work Order (box partisi1 partisi2).run(2A_ Verify Calculated Values in Work Order (box partisi1 partisi2):557)
	at com.kms.katalon.core.main.ScriptEngine.run(ScriptEngine.java:194)
	at com.kms.katalon.core.main.ScriptEngine.runScriptAsRawText(ScriptEngine.java:119)
	at com.kms.katalon.core.main.TestCaseExecutor.runScript(TestCaseExecutor.java:445)
	at com.kms.katalon.core.main.TestCaseExecutor.doExecute(TestCaseExecutor.java:436)
	at com.kms.katalon.core.main.TestCaseExecutor.processExecutionPhase(TestCaseExecutor.java:415)
	at com.kms.katalon.core.main.TestCaseExecutor.accessMainPhase(TestCaseExecutor.java:407)
	at com.kms.katalon.core.main.TestCaseExecutor.execute(TestCaseExecutor.java:284)
	at com.kms.katalon.core.common.CommonExecutor.accessTestCaseMainPhase(CommonExecutor.java:65)
	at com.kms.katalon.core.main.TestSuiteExecutor.accessTestSuiteMainPhase(TestSuiteExecutor.java:144)
	at com.kms.katalon.core.main.TestSuiteExecutor.execute(TestSuiteExecutor.java:106)
	at com.kms.katalon.core.main.TestCaseMain.startTestSuite(TestCaseMain.java:185)
	at com.kms.katalon.core.main.TestCaseMain$startTestSuite$0.call(Unknown Source)
	at TempTestSuite1656382814238.run(TempTestSuite1656382814238.groovy:36)
Caused by: com.kms.katalon.core.exception.StepFailedException: Actual text '4.63' and expected text '4.64' are not matched
	at com.kms.katalon.core.keyword.builtin.VerifyMatchKeyword$_verifyMatch_closure1.doCall(VerifyMatchKeyword.groovy:57)
	at com.kms.katalon.core.keyword.builtin.VerifyMatchKeyword$_verifyMatch_closure1.call(VerifyMatchKeyword.groovy)
	at com.kms.katalon.core.keyword.internal.KeywordMain.runKeyword(KeywordMain.groovy:74)
	... 18 more]]></system-err>
      </testcase>
      <system-out><![CDATA[2022-06-28 09:20:26 - [TEST_SUITE][FAILED] - Demo 28 Juni 2022: Test Cases/Demo 28 Juni 2022/2A_ Verify Calculated Values in Work Order (box partisi1 partisi2) FAILED.
Reason:
com.kms.katalon.core.exception.StepFailedException: Unable to verify match between actual text '4.63' and expected text '4.64' (Root cause: com.kms.katalon.core.exception.StepFailedException: Actual text '4.63' and expected text '4.64' are not matched
	at com.kms.katalon.core.keyword.builtin.VerifyMatchKeyword$_verifyMatch_closure1.doCall(VerifyMatchKeyword.groovy:57)
	at com.kms.katalon.core.keyword.builtin.VerifyMatchKeyword$_verifyMatch_closure1.call(VerifyMatchKeyword.groovy)
	at com.kms.katalon.core.keyword.internal.KeywordMain.runKeyword(KeywordMain.groovy:74)
	at com.kms.katalon.core.keyword.builtin.VerifyMatchKeyword.verifyMatch(VerifyMatchKeyword.groovy:60)
	at com.kms.katalon.core.keyword.builtin.VerifyMatchKeyword.execute(VerifyMatchKeyword.groovy:45)
	at com.kms.katalon.core.keyword.internal.KeywordExecutor.executeKeywordForPlatform(KeywordExecutor.groovy:74)
	at com.kms.katalon.core.keyword.BuiltinKeywords.verifyMatch(BuiltinKeywords.groovy:73)
	at 2A_ Verify Calculated Values in Work Order (box partisi1 partisi2).run(2A_ Verify Calculated Values in Work Order (box partisi1 partisi2):557)
	at com.kms.katalon.core.main.ScriptEngine.run(ScriptEngine.java:194)
	at com.kms.katalon.core.main.ScriptEngine.runScriptAsRawText(ScriptEngine.java:119)
	at com.kms.katalon.core.main.TestCaseExecutor.runScript(TestCaseExecutor.java:445)
	at com.kms.katalon.core.main.TestCaseExecutor.doExecute(TestCaseExecutor.java:436)
	at com.kms.katalon.core.main.TestCaseExecutor.processExecutionPhase(TestCaseExecutor.java:415)
	at com.kms.katalon.core.main.TestCaseExecutor.accessMainPhase(TestCaseExecutor.java:407)
	at com.kms.katalon.core.main.TestCaseExecutor.execute(TestCaseExecutor.java:284)
	at com.kms.katalon.core.common.CommonExecutor.accessTestCaseMainPhase(CommonExecutor.java:65)
	at com.kms.katalon.core.main.TestSuiteExecutor.accessTestSuiteMainPhase(TestSuiteExecutor.java:144)
	at com.kms.katalon.core.main.TestSuiteExecutor.execute(TestSuiteExecutor.java:106)
	at com.kms.katalon.core.main.TestCaseMain.startTestSuite(TestCaseMain.java:185)
	at com.kms.katalon.core.main.TestCaseMain$startTestSuite$0.call(Unknown Source)
	at TempTestSuite1656382814238.run(TempTestSuite1656382814238.groovy:36)
)
	at com.kms.katalon.core.keyword.internal.KeywordMain.stepFailed(KeywordMain.groovy:39)
	at com.kms.katalon.core.keyword.internal.KeywordMain.stepFailed(KeywordMain.groovy)
	at com.kms.katalon.core.keyword.internal.KeywordMain.runKeyword(KeywordMain.groovy:76)
	at com.kms.katalon.core.keyword.builtin.VerifyMatchKeyword.verifyMatch(VerifyMatchKeyword.groovy:60)
	at com.kms.katalon.core.keyword.builtin.VerifyMatchKeyword.execute(VerifyMatchKeyword.groovy:45)
	at com.kms.katalon.core.keyword.internal.KeywordExecutor.executeKeywordForPlatform(KeywordExecutor.groovy:74)
	at com.kms.katalon.core.keyword.BuiltinKeywords.verifyMatch(BuiltinKeywords.groovy:73)
	at 2A_ Verify Calculated Values in Work Order (box partisi1 partisi2).run(2A_ Verify Calculated Values in Work Order (box partisi1 partisi2):557)
	at com.kms.katalon.core.main.ScriptEngine.run(ScriptEngine.java:194)
	at com.kms.katalon.core.main.ScriptEngine.runScriptAsRawText(ScriptEngine.java:119)
	at com.kms.katalon.core.main.TestCaseExecutor.runScript(TestCaseExecutor.java:445)
	at com.kms.katalon.core.main.TestCaseExecutor.doExecute(TestCaseExecutor.java:436)
	at com.kms.katalon.core.main.TestCaseExecutor.processExecutionPhase(TestCaseExecutor.java:415)
	at com.kms.katalon.core.main.TestCaseExecutor.accessMainPhase(TestCaseExecutor.java:407)
	at com.kms.katalon.core.main.TestCaseExecutor.execute(TestCaseExecutor.java:284)
	at com.kms.katalon.core.common.CommonExecutor.accessTestCaseMainPhase(CommonExecutor.java:65)
	at com.kms.katalon.core.main.TestSuiteExecutor.accessTestSuiteMainPhase(TestSuiteExecutor.java:144)
	at com.kms.katalon.core.main.TestSuiteExecutor.execute(TestSuiteExecutor.java:106)
	at com.kms.katalon.core.main.TestCaseMain.startTestSuite(TestCaseMain.java:185)
	at com.kms.katalon.core.main.TestCaseMain$startTestSuite$0.call(Unknown Source)
	at TempTestSuite1656382814238.run(TempTestSuite1656382814238.groovy:36)
Caused by: com.kms.katalon.core.exception.StepFailedException: Actual text '4.63' and expected text '4.64' are not matched
	at com.kms.katalon.core.keyword.builtin.VerifyMatchKeyword$_verifyMatch_closure1.doCall(VerifyMatchKeyword.groovy:57)
	at com.kms.katalon.core.keyword.builtin.VerifyMatchKeyword$_verifyMatch_closure1.call(VerifyMatchKeyword.groovy)
	at com.kms.katalon.core.keyword.internal.KeywordMain.runKeyword(KeywordMain.groovy:74)
	... 18 more]]></system-out>
      <system-err><![CDATA[2022-06-28 09:20:26 - [TEST_SUITE][FAILED] - Demo 28 Juni 2022: Test Cases/Demo 28 Juni 2022/2A_ Verify Calculated Values in Work Order (box partisi1 partisi2) FAILED.
Reason:
com.kms.katalon.core.exception.StepFailedException: Unable to verify match between actual text '4.63' and expected text '4.64' (Root cause: com.kms.katalon.core.exception.StepFailedException: Actual text '4.63' and expected text '4.64' are not matched
	at com.kms.katalon.core.keyword.builtin.VerifyMatchKeyword$_verifyMatch_closure1.doCall(VerifyMatchKeyword.groovy:57)
	at com.kms.katalon.core.keyword.builtin.VerifyMatchKeyword$_verifyMatch_closure1.call(VerifyMatchKeyword.groovy)
	at com.kms.katalon.core.keyword.internal.KeywordMain.runKeyword(KeywordMain.groovy:74)
	at com.kms.katalon.core.keyword.builtin.VerifyMatchKeyword.verifyMatch(VerifyMatchKeyword.groovy:60)
	at com.kms.katalon.core.keyword.builtin.VerifyMatchKeyword.execute(VerifyMatchKeyword.groovy:45)
	at com.kms.katalon.core.keyword.internal.KeywordExecutor.executeKeywordForPlatform(KeywordExecutor.groovy:74)
	at com.kms.katalon.core.keyword.BuiltinKeywords.verifyMatch(BuiltinKeywords.groovy:73)
	at 2A_ Verify Calculated Values in Work Order (box partisi1 partisi2).run(2A_ Verify Calculated Values in Work Order (box partisi1 partisi2):557)
	at com.kms.katalon.core.main.ScriptEngine.run(ScriptEngine.java:194)
	at com.kms.katalon.core.main.ScriptEngine.runScriptAsRawText(ScriptEngine.java:119)
	at com.kms.katalon.core.main.TestCaseExecutor.runScript(TestCaseExecutor.java:445)
	at com.kms.katalon.core.main.TestCaseExecutor.doExecute(TestCaseExecutor.java:436)
	at com.kms.katalon.core.main.TestCaseExecutor.processExecutionPhase(TestCaseExecutor.java:415)
	at com.kms.katalon.core.main.TestCaseExecutor.accessMainPhase(TestCaseExecutor.java:407)
	at com.kms.katalon.core.main.TestCaseExecutor.execute(TestCaseExecutor.java:284)
	at com.kms.katalon.core.common.CommonExecutor.accessTestCaseMainPhase(CommonExecutor.java:65)
	at com.kms.katalon.core.main.TestSuiteExecutor.accessTestSuiteMainPhase(TestSuiteExecutor.java:144)
	at com.kms.katalon.core.main.TestSuiteExecutor.execute(TestSuiteExecutor.java:106)
	at com.kms.katalon.core.main.TestCaseMain.startTestSuite(TestCaseMain.java:185)
	at com.kms.katalon.core.main.TestCaseMain$startTestSuite$0.call(Unknown Source)
	at TempTestSuite1656382814238.run(TempTestSuite1656382814238.groovy:36)
)
	at com.kms.katalon.core.keyword.internal.KeywordMain.stepFailed(KeywordMain.groovy:39)
	at com.kms.katalon.core.keyword.internal.KeywordMain.stepFailed(KeywordMain.groovy)
	at com.kms.katalon.core.keyword.internal.KeywordMain.runKeyword(KeywordMain.groovy:76)
	at com.kms.katalon.core.keyword.builtin.VerifyMatchKeyword.verifyMatch(VerifyMatchKeyword.groovy:60)
	at com.kms.katalon.core.keyword.builtin.VerifyMatchKeyword.execute(VerifyMatchKeyword.groovy:45)
	at com.kms.katalon.core.keyword.internal.KeywordExecutor.executeKeywordForPlatform(KeywordExecutor.groovy:74)
	at com.kms.katalon.core.keyword.BuiltinKeywords.verifyMatch(BuiltinKeywords.groovy:73)
	at 2A_ Verify Calculated Values in Work Order (box partisi1 partisi2).run(2A_ Verify Calculated Values in Work Order (box partisi1 partisi2):557)
	at com.kms.katalon.core.main.ScriptEngine.run(ScriptEngine.java:194)
	at com.kms.katalon.core.main.ScriptEngine.runScriptAsRawText(ScriptEngine.java:119)
	at com.kms.katalon.core.main.TestCaseExecutor.runScript(TestCaseExecutor.java:445)
	at com.kms.katalon.core.main.TestCaseExecutor.doExecute(TestCaseExecutor.java:436)
	at com.kms.katalon.core.main.TestCaseExecutor.processExecutionPhase(TestCaseExecutor.java:415)
	at com.kms.katalon.core.main.TestCaseExecutor.accessMainPhase(TestCaseExecutor.java:407)
	at com.kms.katalon.core.main.TestCaseExecutor.execute(TestCaseExecutor.java:284)
	at com.kms.katalon.core.common.CommonExecutor.accessTestCaseMainPhase(CommonExecutor.java:65)
	at com.kms.katalon.core.main.TestSuiteExecutor.accessTestSuiteMainPhase(TestSuiteExecutor.java:144)
	at com.kms.katalon.core.main.TestSuiteExecutor.execute(TestSuiteExecutor.java:106)
	at com.kms.katalon.core.main.TestCaseMain.startTestSuite(TestCaseMain.java:185)
	at com.kms.katalon.core.main.TestCaseMain$startTestSuite$0.call(Unknown Source)
	at TempTestSuite1656382814238.run(TempTestSuite1656382814238.groovy:36)
Caused by: com.kms.katalon.core.exception.StepFailedException: Actual text '4.63' and expected text '4.64' are not matched
	at com.kms.katalon.core.keyword.builtin.VerifyMatchKeyword$_verifyMatch_closure1.doCall(VerifyMatchKeyword.groovy:57)
	at com.kms.katalon.core.keyword.builtin.VerifyMatchKeyword$_verifyMatch_closure1.call(VerifyMatchKeyword.groovy)
	at com.kms.katalon.core.keyword.internal.KeywordMain.runKeyword(KeywordMain.groovy:74)
	... 18 more]]></system-err>
   </testsuite>
</testsuites>
