<?xml version="1.0" encoding="UTF-8"?>
<testsuites name="Demo Juli 2022" time="88.34" tests="1" failures="1" errors="0">
   <testsuite name="Demo Juli 2022" tests="1" failures="1" errors="0" time="88.34" skipped="0" timestamp="2022-07-14 09:17:57" hostname="Shelly - host.docker.internal" id="Test Suites/Demo Juli 2022">
      <properties>
         <property name="deviceName" value=""/>
         <property name="devicePlatform" value=""/>
         <property name="logFolder" value="C:\\Users\\Shelly\\git\\test_ui\\test_ui\\Reports\\20220714_091747\\Demo Juli 2022\\20220714_091747"/>
         <property name="logFiles" value="C:\\Users\\Shelly\\git\\test_ui\\test_ui\\Reports\\20220714_091747\\Demo Juli 2022\\20220714_091747\\execution0.log"/>
         <property name="attachments" value=""/>
         <property name="hostName" value="Shelly - host.docker.internal"/>
         <property name="os" value="Windows 10 64bit"/>
         <property name="katalonVersion" value="8.4.0.208"/>
         <property name="browser" value="Chrome 103.0.5060.114"/>
         <property name="hostAddress" value="192.168.1.10"/>
         <property name="sessionId" value="41c8b8a6a7ad565a7e9abaa468f787f5"/>
         <property name="seleniumVersion" value="3.141.59"/>
         <property name="proxyInformation" value="ProxyInformation { proxyOption=NO_PROXY, proxyServerType=HTTP, username=, password=********, proxyServerAddress=, proxyServerPort=0, executionList=&quot;&quot;, isApplyToDesiredCapabilities=true }"/>
         <property name="platform" value="Windows 10"/>
      </properties>
      <testcase name="Test Cases/SKT ERP/Production/2 - 2A_ Verify Calculated Values in Work Order (box partisi1 partisi2)" time="88.048" classname="Test Cases/SKT ERP/Production/2 - 2A_ Verify Calculated Values in Work Order (box partisi1 partisi2)" status="FAILED">
         <failure type="FAILED" message="Test Cases/SKT ERP/Production/2 - 2A_ Verify Calculated Values in Work Order (box partisi1 partisi2) FAILED.
Reason:
com.kms.katalon.core.exception.StepFailedException: Unable to verify match between actual text '0' and expected text '0.0' (Root cause: com.kms.katalon.core.exception.StepFailedException: Actual text '0' and expected text '0.0' are not matched
	at com.kms.katalon.core.keyword.builtin.VerifyMatchKeyword$_verifyMatch_closure1.doCall(VerifyMatchKeyword.groovy:57)
	at com.kms.katalon.core.keyword.builtin.VerifyMatchKeyword$_verifyMatch_closure1.call(VerifyMatchKeyword.groovy)
	at com.kms.katalon.core.keyword.internal.KeywordMain.runKeyword(KeywordMain.groovy:74)
	at com.kms.katalon.core.keyword.builtin.VerifyMatchKeyword.verifyMatch(VerifyMatchKeyword.groovy:60)
	at com.kms.katalon.core.keyword.builtin.VerifyMatchKeyword.execute(VerifyMatchKeyword.groovy:45)
	at com.kms.katalon.core.keyword.internal.KeywordExecutor.executeKeywordForPlatform(KeywordExecutor.groovy:74)
	at com.kms.katalon.core.keyword.BuiltinKeywords.verifyMatch(BuiltinKeywords.groovy:73)
	at 2 - 2A_ Verify Calculated Values in Work Order (box partisi1 partisi2).run(2 - 2A_ Verify Calculated Values in Work Order (box partisi1 partisi2):299)
	at com.kms.katalon.core.main.ScriptEngine.run(ScriptEngine.java:194)
	at com.kms.katalon.core.main.ScriptEngine.runScriptAsRawText(ScriptEngine.java:119)
	at com.kms.katalon.core.main.TestCaseExecutor.runScript(TestCaseExecutor.java:445)
	at com.kms.katalon.core.main.TestCaseExecutor.doExecute(TestCaseExecutor.java:436)
	at com.kms.katalon.core.main.TestCaseExecutor.processExecutionPhase(TestCaseExecutor.java:415)
	at com.kms.katalon.core.main.TestCaseExecutor.accessMainPhase(TestCaseExecutor.java:407)
	at com.kms.katalon.core.main.TestCaseExecutor.execute(TestCaseExecutor.java:284)
	at com.kms.katalon.core.common.CommonExecutor.accessTestCaseMainPhase(CommonExecutor.java:65)
	at com.kms.katalon.core.main.TestSuiteExecutor.accessTestSuiteMainPhase(TestSuiteExecutor.java:144)
	at com.kms.katalon.core.main.TestSuiteExecutor.execute(TestSuiteExecutor.java:106)
	at com.kms.katalon.core.main.TestCaseMain.startTestSuite(TestCaseMain.java:185)
	at com.kms.katalon.core.main.TestCaseMain$startTestSuite$0.call(Unknown Source)
	at TempTestSuite1657765067484.run(TempTestSuite1657765067484.groovy:36)
)
	at com.kms.katalon.core.keyword.internal.KeywordMain.stepFailed(KeywordMain.groovy:39)
	at com.kms.katalon.core.keyword.internal.KeywordMain.stepFailed(KeywordMain.groovy)
	at com.kms.katalon.core.keyword.internal.KeywordMain.runKeyword(KeywordMain.groovy:76)
	at com.kms.katalon.core.keyword.builtin.VerifyMatchKeyword.verifyMatch(VerifyMatchKeyword.groovy:60)
	at com.kms.katalon.core.keyword.builtin.VerifyMatchKeyword.execute(VerifyMatchKeyword.groovy:45)
	at com.kms.katalon.core.keyword.internal.KeywordExecutor.executeKeywordForPlatform(KeywordExecutor.groovy:74)
	at com.kms.katalon.core.keyword.BuiltinKeywords.verifyMatch(BuiltinKeywords.groovy:73)
	at 2 - 2A_ Verify Calculated Values in Work Order (box partisi1 partisi2).run(2 - 2A_ Verify Calculated Values in Work Order (box partisi1 partisi2):299)
	at com.kms.katalon.core.main.ScriptEngine.run(ScriptEngine.java:194)
	at com.kms.katalon.core.main.ScriptEngine.runScriptAsRawText(ScriptEngine.java:119)
	at com.kms.katalon.core.main.TestCaseExecutor.runScript(TestCaseExecutor.java:445)
	at com.kms.katalon.core.main.TestCaseExecutor.doExecute(TestCaseExecutor.java:436)
	at com.kms.katalon.core.main.TestCaseExecutor.processExecutionPhase(TestCaseExecutor.java:415)
	at com.kms.katalon.core.main.TestCaseExecutor.accessMainPhase(TestCaseExecutor.java:407)
	at com.kms.katalon.core.main.TestCaseExecutor.execute(TestCaseExecutor.java:284)
	at com.kms.katalon.core.common.CommonExecutor.accessTestCaseMainPhase(CommonExecutor.java:65)
	at com.kms.katalon.core.main.TestSuiteExecutor.accessTestSuiteMainPhase(TestSuiteExecutor.java:144)
	at com.kms.katalon.core.main.TestSuiteExecutor.execute(TestSuiteExecutor.java:106)
	at com.kms.katalon.core.main.TestCaseMain.startTestSuite(TestCaseMain.java:185)
	at com.kms.katalon.core.main.TestCaseMain$startTestSuite$0.call(Unknown Source)
	at TempTestSuite1657765067484.run(TempTestSuite1657765067484.groovy:36)
Caused by: com.kms.katalon.core.exception.StepFailedException: Actual text '0' and expected text '0.0' are not matched
	at com.kms.katalon.core.keyword.builtin.VerifyMatchKeyword$_verifyMatch_closure1.doCall(VerifyMatchKeyword.groovy:57)
	at com.kms.katalon.core.keyword.builtin.VerifyMatchKeyword$_verifyMatch_closure1.call(VerifyMatchKeyword.groovy)
	at com.kms.katalon.core.keyword.internal.KeywordMain.runKeyword(KeywordMain.groovy:74)
	... 18 more
"/>
         <system-out><![CDATA[2022-07-14 09:17:57 - [TEST_CASE][FAILED] - Test Cases/SKT ERP/Production/2 - 2A_ Verify Calculated Values in Work Order (box partisi1 partisi2): Test Cases/SKT ERP/Production/2 - 2A_ Verify Calculated Values in Work Order (box partisi1 partisi2) FAILED.
Reason:
com.kms.katalon.core.exception.StepFailedException: Unable to verify match between actual text '0' and expected text '0.0' (Root cause: com.kms.katalon.core.exception.StepFailedException: Actual text '0' and expected text '0.0' are not matched
	at com.kms.katalon.core.keyword.builtin.VerifyMatchKeyword$_verifyMatch_closure1.doCall(VerifyMatchKeyword.groovy:57)
	at com.kms.katalon.core.keyword.builtin.VerifyMatchKeyword$_verifyMatch_closure1.call(VerifyMatchKeyword.groovy)
	at com.kms.katalon.core.keyword.internal.KeywordMain.runKeyword(KeywordMain.groovy:74)
	at com.kms.katalon.core.keyword.builtin.VerifyMatchKeyword.verifyMatch(VerifyMatchKeyword.groovy:60)
	at com.kms.katalon.core.keyword.builtin.VerifyMatchKeyword.execute(VerifyMatchKeyword.groovy:45)
	at com.kms.katalon.core.keyword.internal.KeywordExecutor.executeKeywordForPlatform(KeywordExecutor.groovy:74)
	at com.kms.katalon.core.keyword.BuiltinKeywords.verifyMatch(BuiltinKeywords.groovy:73)
	at 2 - 2A_ Verify Calculated Values in Work Order (box partisi1 partisi2).run(2 - 2A_ Verify Calculated Values in Work Order (box partisi1 partisi2):299)
	at com.kms.katalon.core.main.ScriptEngine.run(ScriptEngine.java:194)
	at com.kms.katalon.core.main.ScriptEngine.runScriptAsRawText(ScriptEngine.java:119)
	at com.kms.katalon.core.main.TestCaseExecutor.runScript(TestCaseExecutor.java:445)
	at com.kms.katalon.core.main.TestCaseExecutor.doExecute(TestCaseExecutor.java:436)
	at com.kms.katalon.core.main.TestCaseExecutor.processExecutionPhase(TestCaseExecutor.java:415)
	at com.kms.katalon.core.main.TestCaseExecutor.accessMainPhase(TestCaseExecutor.java:407)
	at com.kms.katalon.core.main.TestCaseExecutor.execute(TestCaseExecutor.java:284)
	at com.kms.katalon.core.common.CommonExecutor.accessTestCaseMainPhase(CommonExecutor.java:65)
	at com.kms.katalon.core.main.TestSuiteExecutor.accessTestSuiteMainPhase(TestSuiteExecutor.java:144)
	at com.kms.katalon.core.main.TestSuiteExecutor.execute(TestSuiteExecutor.java:106)
	at com.kms.katalon.core.main.TestCaseMain.startTestSuite(TestCaseMain.java:185)
	at com.kms.katalon.core.main.TestCaseMain$startTestSuite$0.call(Unknown Source)
	at TempTestSuite1657765067484.run(TempTestSuite1657765067484.groovy:36)
)
	at com.kms.katalon.core.keyword.internal.KeywordMain.stepFailed(KeywordMain.groovy:39)
	at com.kms.katalon.core.keyword.internal.KeywordMain.stepFailed(KeywordMain.groovy)
	at com.kms.katalon.core.keyword.internal.KeywordMain.runKeyword(KeywordMain.groovy:76)
	at com.kms.katalon.core.keyword.builtin.VerifyMatchKeyword.verifyMatch(VerifyMatchKeyword.groovy:60)
	at com.kms.katalon.core.keyword.builtin.VerifyMatchKeyword.execute(VerifyMatchKeyword.groovy:45)
	at com.kms.katalon.core.keyword.internal.KeywordExecutor.executeKeywordForPlatform(KeywordExecutor.groovy:74)
	at com.kms.katalon.core.keyword.BuiltinKeywords.verifyMatch(BuiltinKeywords.groovy:73)
	at 2 - 2A_ Verify Calculated Values in Work Order (box partisi1 partisi2).run(2 - 2A_ Verify Calculated Values in Work Order (box partisi1 partisi2):299)
	at com.kms.katalon.core.main.ScriptEngine.run(ScriptEngine.java:194)
	at com.kms.katalon.core.main.ScriptEngine.runScriptAsRawText(ScriptEngine.java:119)
	at com.kms.katalon.core.main.TestCaseExecutor.runScript(TestCaseExecutor.java:445)
	at com.kms.katalon.core.main.TestCaseExecutor.doExecute(TestCaseExecutor.java:436)
	at com.kms.katalon.core.main.TestCaseExecutor.processExecutionPhase(TestCaseExecutor.java:415)
	at com.kms.katalon.core.main.TestCaseExecutor.accessMainPhase(TestCaseExecutor.java:407)
	at com.kms.katalon.core.main.TestCaseExecutor.execute(TestCaseExecutor.java:284)
	at com.kms.katalon.core.common.CommonExecutor.accessTestCaseMainPhase(CommonExecutor.java:65)
	at com.kms.katalon.core.main.TestSuiteExecutor.accessTestSuiteMainPhase(TestSuiteExecutor.java:144)
	at com.kms.katalon.core.main.TestSuiteExecutor.execute(TestSuiteExecutor.java:106)
	at com.kms.katalon.core.main.TestCaseMain.startTestSuite(TestCaseMain.java:185)
	at com.kms.katalon.core.main.TestCaseMain$startTestSuite$0.call(Unknown Source)
	at TempTestSuite1657765067484.run(TempTestSuite1657765067484.groovy:36)
Caused by: com.kms.katalon.core.exception.StepFailedException: Actual text '0' and expected text '0.0' are not matched
	at com.kms.katalon.core.keyword.builtin.VerifyMatchKeyword$_verifyMatch_closure1.doCall(VerifyMatchKeyword.groovy:57)
	at com.kms.katalon.core.keyword.builtin.VerifyMatchKeyword$_verifyMatch_closure1.call(VerifyMatchKeyword.groovy)
	at com.kms.katalon.core.keyword.internal.KeywordMain.runKeyword(KeywordMain.groovy:74)
	... 18 more


2022-07-14 09:17:58 - [TEST_STEP][PASSED] - openBrowser(""): Browser is opened with url: ''

2022-07-14 09:17:58 - [MESSAGE][INFO] - Starting 'Chrome' driver

2022-07-14 09:17:58 - [MESSAGE][INFO] - Action delay is set to 0 milliseconds

2022-07-14 09:18:01 - [MESSAGE][PASSED] - Browser is opened with url: ''

2022-07-14 09:18:01 - [TEST_STEP][PASSED] - navigateToUrl("http://localhost:3001/login"): Navigate to 'http://localhost:3001/login' successfully

2022-07-14 09:18:03 - [MESSAGE][PASSED] - Navigate to 'http://localhost:3001/login' successfully

2022-07-14 09:18:03 - [TEST_STEP][PASSED] - setText(findTestObject("Object Repository/Page_SKT ERP  ERP/Login/input_login_username"), "devshelly"): Text 'devshelly' is set on object 'Object Repository/Page_SKT ERP  ERP/Login/input_login_username'

2022-07-14 09:18:04 - [MESSAGE][PASSED] - Text 'devshelly' is set on object 'Object Repository/Page_SKT ERP  ERP/Login/input_login_username'

2022-07-14 09:18:04 - [TEST_STEP][PASSED] - setEncryptedText(findTestObject("Object Repository/Page_SKT ERP  ERP/Login/input_login_password"), "bD8Rq1FIAurX2vfab/lFTQ=="): Text ****** has been set on object 'Object Repository/Page_SKT ERP  ERP/Login/input_login_password'

2022-07-14 09:18:05 - [MESSAGE][PASSED] - Text ****** has been set on object 'Object Repository/Page_SKT ERP  ERP/Login/input_login_password'

2022-07-14 09:18:05 - [TEST_STEP][PASSED] - maximizeWindow(): Current window maximized

2022-07-14 09:18:05 - [MESSAGE][PASSED] - Current window maximized

2022-07-14 09:18:05 - [TEST_STEP][PASSED] - driver = getWebDriver(): null

2022-07-14 09:18:05 - [TEST_STEP][PASSED] - click(findTestObject("Object Repository/Page_SKT ERP  ERP/Login/button_login")): Object: 'Object Repository/Page_SKT ERP  ERP/Login/button_login' is clicked on

2022-07-14 09:18:06 - [MESSAGE][PASSED] - Object: 'Object Repository/Page_SKT ERP  ERP/Login/button_login' is clicked on

2022-07-14 09:18:06 - [TEST_STEP][PASSED] - noSalesOrder = "tesround": null

2022-07-14 09:18:06 - [TEST_STEP][PASSED] - newQty = 100: null

2022-07-14 09:18:06 - [TEST_STEP][PASSED] - click(findTestObject("Object Repository/Page_SKT ERP  ERP/Tab Sales/Tab Sales")): Object: 'Object Repository/Page_SKT ERP  ERP/Tab Sales/Tab Sales' is clicked on

2022-07-14 09:18:10 - [MESSAGE][PASSED] - Object: 'Object Repository/Page_SKT ERP  ERP/Tab Sales/Tab Sales' is clicked on

2022-07-14 09:18:10 - [TEST_STEP][PASSED] - click(findTestObject("Page_SKT ERP  ERP/Tab Sales/Release Sales Order/Tab Release Sales Order")): Object: 'Object Repository/Page_SKT ERP  ERP/Tab Sales/Release Sales Order/Tab Release Sales Order' is clicked on

2022-07-14 09:18:11 - [MESSAGE][PASSED] - Object: 'Object Repository/Page_SKT ERP  ERP/Tab Sales/Release Sales Order/Tab Release Sales Order' is clicked on

2022-07-14 09:18:11 - [TEST_STEP][PASSED] - click(findTestObject("Page_SKT ERP  ERP/Tab Sales/Release Sales Order/Button Filters")): Object: 'Object Repository/Page_SKT ERP  ERP/Tab Sales/Release Sales Order/Button Filters' is clicked on

2022-07-14 09:18:38 - [MESSAGE][PASSED] - Object: 'Object Repository/Page_SKT ERP  ERP/Tab Sales/Release Sales Order/Button Filters' is clicked on

2022-07-14 09:18:38 - [TEST_STEP][PASSED] - click(findTestObject("Page_SKT ERP  ERP/Tab Sales/Release Sales Order/Filters by No SO")): Object: 'Object Repository/Page_SKT ERP  ERP/Tab Sales/Release Sales Order/Filters by No SO' is clicked on

2022-07-14 09:18:39 - [MESSAGE][PASSED] - Object: 'Object Repository/Page_SKT ERP  ERP/Tab Sales/Release Sales Order/Filters by No SO' is clicked on

2022-07-14 09:18:39 - [TEST_STEP][PASSED] - setText(findTestObject("Page_SKT ERP  ERP/Tab Sales/Release Sales Order/Filters by No SO"), noSalesOrder): Text 'tesround' is set on object 'Object Repository/Page_SKT ERP  ERP/Tab Sales/Release Sales Order/Filters by No SO'

2022-07-14 09:18:39 - [MESSAGE][PASSED] - Text 'tesround' is set on object 'Object Repository/Page_SKT ERP  ERP/Tab Sales/Release Sales Order/Filters by No SO'

2022-07-14 09:18:39 - [TEST_STEP][PASSED] - click(findTestObject("Page_SKT ERP  ERP/Tab Sales/Release Sales Order/button Search in Filters")): Object: 'Object Repository/Page_SKT ERP  ERP/Tab Sales/Release Sales Order/button Search in Filters' is clicked on

2022-07-14 09:18:40 - [MESSAGE][PASSED] - Object: 'Object Repository/Page_SKT ERP  ERP/Tab Sales/Release Sales Order/button Search in Filters' is clicked on

2022-07-14 09:18:40 - [TEST_STEP][PASSED] - scrollToElement(findTestObject("Page_SKT ERP  ERP/Tab Sales/Release Sales Order/button Search in Filters"), 30): Scroll to object 'Object Repository/Page_SKT ERP  ERP/Tab Sales/Release Sales Order/button Search in Filters' successfully

2022-07-14 09:18:41 - [MESSAGE][PASSED] - Scroll to object 'Object Repository/Page_SKT ERP  ERP/Tab Sales/Release Sales Order/button Search in Filters' successfully

2022-07-14 09:18:41 - [TEST_STEP][PASSED] - delay(3): Delayed 3 second(s)

2022-07-14 09:18:44 - [MESSAGE][PASSED] - Delayed 3 second(s)

2022-07-14 09:18:44 - [TEST_STEP][PASSED] - Table = driver.findElement(By.xpath("/html[1]/body[1]/div[1]/div[1]/main[1]/section[1]/div[1]/div[2]/div[2]/div[2]/div[1]/div[1]/div[1]/div[1]/div[1]/div[2]/table[1]/tbody[1]")): null

2022-07-14 09:18:45 - [TEST_STEP][PASSED] - rows_table = Table.findElements(By.tagName("tr")): null

2022-07-14 09:18:45 - [TEST_STEP][PASSED] - rows_count = rows_table.size(): null

2022-07-14 09:18:45 - [TEST_STEP][PASSED] - isiTable = <not implemented yet for class: org.codehaus.groovy.ast.expr.EmptyExpression>: null

2022-07-14 09:18:45 - [TEST_STEP][PASSED] - outkrts = <not implemented yet for class: org.codehaus.groovy.ast.expr.EmptyExpression>: null

2022-07-14 09:18:45 - [TEST_STEP][PASSED] - corr = <not implemented yet for class: org.codehaus.groovy.ast.expr.EmptyExpression>: null

2022-07-14 09:18:45 - [TEST_STEP][PASSED] - beratbox = <not implemented yet for class: org.codehaus.groovy.ast.expr.EmptyExpression>: null

2022-07-14 09:18:45 - [TEST_STEP][PASSED] - beratorder = <not implemented yet for class: org.codehaus.groovy.ast.expr.EmptyExpression>: null

2022-07-14 09:18:45 - [TEST_STEP][PASSED] - berattrim = <not implemented yet for class: org.codehaus.groovy.ast.expr.EmptyExpression>: null

2022-07-14 09:18:45 - [TEST_STEP][PASSED] - BeratSubstance1 = <not implemented yet for class: org.codehaus.groovy.ast.expr.EmptyExpression>: null

2022-07-14 09:18:45 - [TEST_STEP][PASSED] - BeratSubstance2 = <not implemented yet for class: org.codehaus.groovy.ast.expr.EmptyExpression>: null

2022-07-14 09:18:45 - [TEST_STEP][PASSED] - BeratSubstance3 = <not implemented yet for class: org.codehaus.groovy.ast.expr.EmptyExpression>: null

2022-07-14 09:18:45 - [TEST_STEP][PASSED] - BeratSubstance4 = <not implemented yet for class: org.codehaus.groovy.ast.expr.EmptyExpression>: null

2022-07-14 09:18:45 - [TEST_STEP][PASSED] - BeratSubstance5 = <not implemented yet for class: org.codehaus.groovy.ast.expr.EmptyExpression>: null

2022-07-14 09:18:45 - [TEST_STEP][PASSED] - noSPKperItem = new java.util.ArrayList(): null

2022-07-14 09:18:45 - [TEST_STEP][PASSED] - for ([row = 0, row < rows_count, (row++)]): null

2022-07-14 09:18:45 - [TEST_STEP][PASSED] - Columns_row = get(row).findElements(By.tagName("td")): null

2022-07-14 09:18:45 - [TEST_STEP][PASSED] - column_no_spk_item = 4: null

2022-07-14 09:18:45 - [TEST_STEP][PASSED] - isiTable = get(column_no_spk_item).getText(): null

2022-07-14 09:18:45 - [TEST_STEP][PASSED] - comment(isiTable): 2207.0149.SPK

2022-07-14 09:18:45 - [MESSAGE][INFO] - 2207.0149.SPK

2022-07-14 09:18:45 - [TEST_STEP][PASSED] - noSPKperItem.add(isiTable): null

2022-07-14 09:18:45 - [TEST_STEP][PASSED] - Columns_row = get(row).findElements(By.tagName("td")): null

2022-07-14 09:18:45 - [TEST_STEP][PASSED] - column_no_spk_item = 4: null

2022-07-14 09:18:45 - [TEST_STEP][PASSED] - isiTable = get(column_no_spk_item).getText(): null

2022-07-14 09:18:46 - [TEST_STEP][PASSED] - comment(isiTable): 2207.0150.SPK

2022-07-14 09:18:46 - [MESSAGE][INFO] - 2207.0150.SPK

2022-07-14 09:18:46 - [TEST_STEP][PASSED] - noSPKperItem.add(isiTable): null

2022-07-14 09:18:46 - [TEST_STEP][PASSED] - allValues = new java.util.ArrayList(): null

2022-07-14 09:18:46 - [TEST_STEP][PASSED] - array_count = noSPKperItem.size(): null

2022-07-14 09:18:46 - [TEST_STEP][PASSED] - for ([arr = 0, arr < array_count, (arr++)]): null

2022-07-14 09:18:46 - [TEST_STEP][PASSED] - out = noSPKperItem[arr]: null

2022-07-14 09:18:46 - [TEST_STEP][PASSED] - click(findTestObject("Page_SKT ERP  ERP/Tab Production/Tab Production")): Object: 'Object Repository/Page_SKT ERP  ERP/Tab Production/Tab Production' is clicked on

2022-07-14 09:18:46 - [MESSAGE][PASSED] - Object: 'Object Repository/Page_SKT ERP  ERP/Tab Production/Tab Production' is clicked on

2022-07-14 09:18:46 - [TEST_STEP][PASSED] - click(findTestObject("Page_SKT ERP  ERP/Tab Production/Work Order (SPK)/Tab Work Order (SPK)")): Object: 'Object Repository/Page_SKT ERP  ERP/Tab Production/Work Order (SPK)/Tab Work Order (SPK)' is clicked on

2022-07-14 09:18:47 - [MESSAGE][PASSED] - Object: 'Object Repository/Page_SKT ERP  ERP/Tab Production/Work Order (SPK)/Tab Work Order (SPK)' is clicked on

2022-07-14 09:18:47 - [TEST_STEP][PASSED] - click(findTestObject("Page_SKT ERP  ERP/Tab Production/Work Order (SPK)/button Filters")): Object: 'Object Repository/Page_SKT ERP  ERP/Tab Production/Work Order (SPK)/button Filters' is clicked on

2022-07-14 09:18:50 - [MESSAGE][PASSED] - Object: 'Object Repository/Page_SKT ERP  ERP/Tab Production/Work Order (SPK)/button Filters' is clicked on

2022-07-14 09:18:50 - [TEST_STEP][PASSED] - click(findTestObject("Page_SKT ERP  ERP/Tab Production/Work Order (SPK)/Filters by No SPK (per item)")): Object: 'Object Repository/Page_SKT ERP  ERP/Tab Production/Work Order (SPK)/Filters by No SPK (per item)' is clicked on

2022-07-14 09:18:51 - [MESSAGE][PASSED] - Object: 'Object Repository/Page_SKT ERP  ERP/Tab Production/Work Order (SPK)/Filters by No SPK (per item)' is clicked on

2022-07-14 09:18:51 - [TEST_STEP][PASSED] - setText(findTestObject("Page_SKT ERP  ERP/Tab Production/Work Order (SPK)/Filters by No SPK (per item)"), out): Text '2207.0149.SPK' is set on object 'Object Repository/Page_SKT ERP  ERP/Tab Production/Work Order (SPK)/Filters by No SPK (per item)'

2022-07-14 09:18:52 - [MESSAGE][PASSED] - Text '2207.0149.SPK' is set on object 'Object Repository/Page_SKT ERP  ERP/Tab Production/Work Order (SPK)/Filters by No SPK (per item)'

2022-07-14 09:18:52 - [TEST_STEP][PASSED] - click(findTestObject("Page_SKT ERP  ERP/Tab Production/Work Order (SPK)/button Search in Filters")): Object: 'Object Repository/Page_SKT ERP  ERP/Tab Production/Work Order (SPK)/button Search in Filters' is clicked on

2022-07-14 09:18:52 - [MESSAGE][PASSED] - Object: 'Object Repository/Page_SKT ERP  ERP/Tab Production/Work Order (SPK)/button Search in Filters' is clicked on

2022-07-14 09:18:52 - [TEST_STEP][PASSED] - click(findTestObject("Page_SKT ERP  ERP/Tab Production/Work Order (SPK)/View Work Order")): Object: 'Object Repository/Page_SKT ERP  ERP/Tab Production/Work Order (SPK)/View Work Order' is clicked on

2022-07-14 09:18:54 - [MESSAGE][PASSED] - Object: 'Object Repository/Page_SKT ERP  ERP/Tab Production/Work Order (SPK)/View Work Order' is clicked on

2022-07-14 09:18:54 - [TEST_STEP][PASSED] - delay(5): Delayed 5 second(s)

2022-07-14 09:18:59 - [MESSAGE][PASSED] - Delayed 5 second(s)

2022-07-14 09:18:59 - [TEST_STEP][PASSED] - noSPK = getAttribute(findTestObject("Page_SKT ERP  ERP/Tab Production/Work Order (SPK)/No SPK Set coloumn (in view page)"), "value"): Attribute 'value' of object 'Object Repository/Page_SKT ERP  ERP/Tab Production/Work Order (SPK)/No SPK Set coloumn (in view page)' is: '22013672'

2022-07-14 09:19:00 - [MESSAGE][PASSED] - Attribute 'value' of object 'Object Repository/Page_SKT ERP  ERP/Tab Production/Work Order (SPK)/No SPK Set coloumn (in view page)' is: '22013672'

2022-07-14 09:19:00 - [TEST_STEP][PASSED] - noSPKSetBoxPartisi = noSPK: null

2022-07-14 09:19:00 - [TEST_STEP][PASSED] - outkrts = getAttribute(findTestObject("Page_SKT ERP  ERP/Tab Production/Work Order (SPK)/Work order Values (box)/Out Kertas Values"), "value"): Attribute 'value' of object 'Object Repository/Page_SKT ERP  ERP/Tab Production/Work Order (SPK)/Work order Values (box)/Out Kertas Values' is: '4'

2022-07-14 09:19:01 - [MESSAGE][PASSED] - Attribute 'value' of object 'Object Repository/Page_SKT ERP  ERP/Tab Production/Work Order (SPK)/Work order Values (box)/Out Kertas Values' is: '4'

2022-07-14 09:19:01 - [TEST_STEP][PASSED] - comment(outkrts): 4

2022-07-14 09:19:01 - [MESSAGE][INFO] - 4

2022-07-14 09:19:01 - [TEST_STEP][PASSED] - corr = getAttribute(findTestObject("Page_SKT ERP  ERP/Tab Production/Work Order (SPK)/Work order Values (box)/Corr Values"), "value"): Attribute 'value' of object 'Object Repository/Page_SKT ERP  ERP/Tab Production/Work Order (SPK)/Work order Values (box)/Corr Values' is: '25'

2022-07-14 09:19:01 - [MESSAGE][PASSED] - Attribute 'value' of object 'Object Repository/Page_SKT ERP  ERP/Tab Production/Work Order (SPK)/Work order Values (box)/Corr Values' is: '25'

2022-07-14 09:19:01 - [TEST_STEP][PASSED] - comment(corr): 25

2022-07-14 09:19:01 - [MESSAGE][INFO] - 25

2022-07-14 09:19:01 - [TEST_STEP][PASSED] - beratbox = getAttribute(findTestObject("Page_SKT ERP  ERP/Tab Production/Work Order (SPK)/Work order Values (box)/Berat at Box (gram)"), "value"): Attribute 'value' of object 'Object Repository/Page_SKT ERP  ERP/Tab Production/Work Order (SPK)/Work order Values (box)/Berat at Box (gram)' is: '133.09'

2022-07-14 09:19:02 - [MESSAGE][PASSED] - Attribute 'value' of object 'Object Repository/Page_SKT ERP  ERP/Tab Production/Work Order (SPK)/Work order Values (box)/Berat at Box (gram)' is: '133.09'

2022-07-14 09:19:02 - [TEST_STEP][PASSED] - comment(beratbox): 133.09

2022-07-14 09:19:02 - [MESSAGE][INFO] - 133.09

2022-07-14 09:19:02 - [TEST_STEP][PASSED] - beratorder = getAttribute(findTestObject("Page_SKT ERP  ERP/Tab Production/Work Order (SPK)/Work order Values (box)/Berat Order (Kg)"), "value"): Attribute 'value' of object 'Object Repository/Page_SKT ERP  ERP/Tab Production/Work Order (SPK)/Work order Values (box)/Berat Order (Kg)' is: '13.31'

2022-07-14 09:19:02 - [MESSAGE][PASSED] - Attribute 'value' of object 'Object Repository/Page_SKT ERP  ERP/Tab Production/Work Order (SPK)/Work order Values (box)/Berat Order (Kg)' is: '13.31'

2022-07-14 09:19:02 - [TEST_STEP][PASSED] - comment(beratorder): 13.31

2022-07-14 09:19:02 - [MESSAGE][INFO] - 13.31

2022-07-14 09:19:02 - [TEST_STEP][PASSED] - berattrim = getAttribute(findTestObject("Page_SKT ERP  ERP/Tab Production/Work Order (SPK)/Work order Values (box)/Berat Trim (Kg)"), "value"): Attribute 'value' of object 'Object Repository/Page_SKT ERP  ERP/Tab Production/Work Order (SPK)/Work order Values (box)/Berat Trim (Kg)' is: '0.32725'

2022-07-14 09:19:02 - [MESSAGE][PASSED] - Attribute 'value' of object 'Object Repository/Page_SKT ERP  ERP/Tab Production/Work Order (SPK)/Work order Values (box)/Berat Trim (Kg)' is: '0.32725'

2022-07-14 09:19:02 - [TEST_STEP][PASSED] - comment(berattrim): 0.32725

2022-07-14 09:19:02 - [MESSAGE][INFO] - 0.32725

2022-07-14 09:19:02 - [TEST_STEP][PASSED] - BeratSubstance1 = getAttribute(findTestObject("Page_SKT ERP  ERP/Tab Production/Work Order (SPK)/Work order Values (box)/Berat Substance 1"), "value"): Attribute 'value' of object 'Object Repository/Page_SKT ERP  ERP/Tab Production/Work Order (SPK)/Work order Values (box)/Berat Substance 1' is: '4.64'

2022-07-14 09:19:03 - [MESSAGE][PASSED] - Attribute 'value' of object 'Object Repository/Page_SKT ERP  ERP/Tab Production/Work Order (SPK)/Work order Values (box)/Berat Substance 1' is: '4.64'

2022-07-14 09:19:03 - [TEST_STEP][PASSED] - comment(BeratSubstance1): 4.64

2022-07-14 09:19:03 - [MESSAGE][INFO] - 4.64

2022-07-14 09:19:03 - [TEST_STEP][PASSED] - BeratSubstance2 = getAttribute(findTestObject("Page_SKT ERP  ERP/Tab Production/Work Order (SPK)/Work order Values (box)/Berat Substance 2"), "value"): Attribute 'value' of object 'Object Repository/Page_SKT ERP  ERP/Tab Production/Work Order (SPK)/Work order Values (box)/Berat Substance 2' is: '5.14'

2022-07-14 09:19:03 - [MESSAGE][PASSED] - Attribute 'value' of object 'Object Repository/Page_SKT ERP  ERP/Tab Production/Work Order (SPK)/Work order Values (box)/Berat Substance 2' is: '5.14'

2022-07-14 09:19:03 - [TEST_STEP][PASSED] - comment(BeratSubstance2): 5.14

2022-07-14 09:19:03 - [MESSAGE][INFO] - 5.14

2022-07-14 09:19:03 - [TEST_STEP][PASSED] - BeratSubstance3 = getAttribute(findTestObject("Page_SKT ERP  ERP/Tab Production/Work Order (SPK)/Work order Values (box)/Berat Substance 3"), "value"): Attribute 'value' of object 'Object Repository/Page_SKT ERP  ERP/Tab Production/Work Order (SPK)/Work order Values (box)/Berat Substance 3' is: '3.86'

2022-07-14 09:19:03 - [MESSAGE][PASSED] - Attribute 'value' of object 'Object Repository/Page_SKT ERP  ERP/Tab Production/Work Order (SPK)/Work order Values (box)/Berat Substance 3' is: '3.86'

2022-07-14 09:19:03 - [TEST_STEP][PASSED] - comment(BeratSubstance3): 3.86

2022-07-14 09:19:03 - [MESSAGE][INFO] - 3.86

2022-07-14 09:19:03 - [TEST_STEP][PASSED] - BeratSubstance4 = getAttribute(findTestObject("Page_SKT ERP  ERP/Tab Production/Work Order (SPK)/Work order Values (box)/Berat Substance 4"), "value"): Attribute 'value' of object 'Object Repository/Page_SKT ERP  ERP/Tab Production/Work Order (SPK)/Work order Values (box)/Berat Substance 4' is: '0'

2022-07-14 09:19:04 - [MESSAGE][PASSED] - Attribute 'value' of object 'Object Repository/Page_SKT ERP  ERP/Tab Production/Work Order (SPK)/Work order Values (box)/Berat Substance 4' is: '0'

2022-07-14 09:19:04 - [TEST_STEP][PASSED] - comment(BeratSubstance4): 0

2022-07-14 09:19:04 - [MESSAGE][INFO] - 0

2022-07-14 09:19:04 - [TEST_STEP][PASSED] - BeratSubstance5 = getAttribute(findTestObject("Page_SKT ERP  ERP/Tab Production/Work Order (SPK)/Work order Values (box)/Berat Substance 5"), "value"): Attribute 'value' of object 'Object Repository/Page_SKT ERP  ERP/Tab Production/Work Order (SPK)/Work order Values (box)/Berat Substance 5' is: '0'

2022-07-14 09:19:04 - [MESSAGE][PASSED] - Attribute 'value' of object 'Object Repository/Page_SKT ERP  ERP/Tab Production/Work Order (SPK)/Work order Values (box)/Berat Substance 5' is: '0'

2022-07-14 09:19:04 - [TEST_STEP][PASSED] - comment(BeratSubstance5): 0

2022-07-14 09:19:04 - [MESSAGE][INFO] - 0

2022-07-14 09:19:04 - [TEST_STEP][PASSED] - click(findTestObject("Page_SKT ERP  ERP/Tab Production/Work Order (SPK)/button back (from view work order)")): Object: 'Object Repository/Page_SKT ERP  ERP/Tab Production/Work Order (SPK)/button back (from view work order)' is clicked on

2022-07-14 09:19:05 - [MESSAGE][PASSED] - Object: 'Object Repository/Page_SKT ERP  ERP/Tab Production/Work Order (SPK)/button back (from view work order)' is clicked on

2022-07-14 09:19:05 - [TEST_STEP][PASSED] - allValues.add(outkrts): null

2022-07-14 09:19:05 - [TEST_STEP][PASSED] - allValues.add(corr): null

2022-07-14 09:19:05 - [TEST_STEP][PASSED] - allValues.add(beratbox): null

2022-07-14 09:19:05 - [TEST_STEP][PASSED] - allValues.add(beratorder): null

2022-07-14 09:19:05 - [TEST_STEP][PASSED] - allValues.add(berattrim): null

2022-07-14 09:19:05 - [TEST_STEP][PASSED] - allValues.add(BeratSubstance1): null

2022-07-14 09:19:05 - [TEST_STEP][PASSED] - allValues.add(BeratSubstance2): null

2022-07-14 09:19:05 - [TEST_STEP][PASSED] - allValues.add(BeratSubstance3): null

2022-07-14 09:19:05 - [TEST_STEP][PASSED] - allValues.add(BeratSubstance4): null

2022-07-14 09:19:05 - [TEST_STEP][PASSED] - allValues.add(BeratSubstance5): null

2022-07-14 09:19:05 - [TEST_STEP][PASSED] - out = noSPKperItem[arr]: null

2022-07-14 09:19:05 - [TEST_STEP][PASSED] - click(findTestObject("Page_SKT ERP  ERP/Tab Production/Tab Production")): Object: 'Object Repository/Page_SKT ERP  ERP/Tab Production/Tab Production' is clicked on

2022-07-14 09:19:08 - [MESSAGE][PASSED] - Object: 'Object Repository/Page_SKT ERP  ERP/Tab Production/Tab Production' is clicked on

2022-07-14 09:19:08 - [TEST_STEP][PASSED] - click(findTestObject("Page_SKT ERP  ERP/Tab Production/Work Order (SPK)/Tab Work Order (SPK)")): Object: 'Object Repository/Page_SKT ERP  ERP/Tab Production/Work Order (SPK)/Tab Work Order (SPK)' is clicked on

2022-07-14 09:19:09 - [MESSAGE][PASSED] - Object: 'Object Repository/Page_SKT ERP  ERP/Tab Production/Work Order (SPK)/Tab Work Order (SPK)' is clicked on

2022-07-14 09:19:09 - [TEST_STEP][PASSED] - click(findTestObject("Page_SKT ERP  ERP/Tab Production/Work Order (SPK)/button Filters")): Object: 'Object Repository/Page_SKT ERP  ERP/Tab Production/Work Order (SPK)/button Filters' is clicked on

2022-07-14 09:19:09 - [MESSAGE][PASSED] - Object: 'Object Repository/Page_SKT ERP  ERP/Tab Production/Work Order (SPK)/button Filters' is clicked on

2022-07-14 09:19:09 - [TEST_STEP][PASSED] - click(findTestObject("Page_SKT ERP  ERP/Tab Production/Work Order (SPK)/Filters by No SPK (per item)")): Object: 'Object Repository/Page_SKT ERP  ERP/Tab Production/Work Order (SPK)/Filters by No SPK (per item)' is clicked on

2022-07-14 09:19:10 - [MESSAGE][PASSED] - Object: 'Object Repository/Page_SKT ERP  ERP/Tab Production/Work Order (SPK)/Filters by No SPK (per item)' is clicked on

2022-07-14 09:19:10 - [TEST_STEP][PASSED] - setText(findTestObject("Page_SKT ERP  ERP/Tab Production/Work Order (SPK)/Filters by No SPK (per item)"), out): Text '2207.0150.SPK' is set on object 'Object Repository/Page_SKT ERP  ERP/Tab Production/Work Order (SPK)/Filters by No SPK (per item)'

2022-07-14 09:19:11 - [MESSAGE][PASSED] - Text '2207.0150.SPK' is set on object 'Object Repository/Page_SKT ERP  ERP/Tab Production/Work Order (SPK)/Filters by No SPK (per item)'

2022-07-14 09:19:11 - [TEST_STEP][PASSED] - click(findTestObject("Page_SKT ERP  ERP/Tab Production/Work Order (SPK)/button Search in Filters")): Object: 'Object Repository/Page_SKT ERP  ERP/Tab Production/Work Order (SPK)/button Search in Filters' is clicked on

2022-07-14 09:19:12 - [MESSAGE][PASSED] - Object: 'Object Repository/Page_SKT ERP  ERP/Tab Production/Work Order (SPK)/button Search in Filters' is clicked on

2022-07-14 09:19:12 - [TEST_STEP][PASSED] - click(findTestObject("Page_SKT ERP  ERP/Tab Production/Work Order (SPK)/View Work Order")): Object: 'Object Repository/Page_SKT ERP  ERP/Tab Production/Work Order (SPK)/View Work Order' is clicked on

2022-07-14 09:19:13 - [MESSAGE][PASSED] - Object: 'Object Repository/Page_SKT ERP  ERP/Tab Production/Work Order (SPK)/View Work Order' is clicked on

2022-07-14 09:19:13 - [TEST_STEP][PASSED] - delay(5): Delayed 5 second(s)

2022-07-14 09:19:19 - [MESSAGE][PASSED] - Delayed 5 second(s)

2022-07-14 09:19:19 - [TEST_STEP][PASSED] - noSPK = getAttribute(findTestObject("Page_SKT ERP  ERP/Tab Production/Work Order (SPK)/No SPK Set coloumn (in view page)"), "value"): Attribute 'value' of object 'Object Repository/Page_SKT ERP  ERP/Tab Production/Work Order (SPK)/No SPK Set coloumn (in view page)' is: '22013672'

2022-07-14 09:19:19 - [MESSAGE][PASSED] - Attribute 'value' of object 'Object Repository/Page_SKT ERP  ERP/Tab Production/Work Order (SPK)/No SPK Set coloumn (in view page)' is: '22013672'

2022-07-14 09:19:19 - [TEST_STEP][PASSED] - noSPKSetBoxPartisi = noSPK: null

2022-07-14 09:19:19 - [TEST_STEP][PASSED] - outkrts = getAttribute(findTestObject("Page_SKT ERP  ERP/Tab Production/Work Order (SPK)/Work order Values (box)/Out Kertas Values"), "value"): Attribute 'value' of object 'Object Repository/Page_SKT ERP  ERP/Tab Production/Work Order (SPK)/Work order Values (box)/Out Kertas Values' is: '5'

2022-07-14 09:19:19 - [MESSAGE][PASSED] - Attribute 'value' of object 'Object Repository/Page_SKT ERP  ERP/Tab Production/Work Order (SPK)/Work order Values (box)/Out Kertas Values' is: '5'

2022-07-14 09:19:19 - [TEST_STEP][PASSED] - comment(outkrts): 5

2022-07-14 09:19:19 - [MESSAGE][INFO] - 5

2022-07-14 09:19:19 - [TEST_STEP][PASSED] - corr = getAttribute(findTestObject("Page_SKT ERP  ERP/Tab Production/Work Order (SPK)/Work order Values (box)/Corr Values"), "value"): Attribute 'value' of object 'Object Repository/Page_SKT ERP  ERP/Tab Production/Work Order (SPK)/Work order Values (box)/Corr Values' is: '20'

2022-07-14 09:19:20 - [MESSAGE][PASSED] - Attribute 'value' of object 'Object Repository/Page_SKT ERP  ERP/Tab Production/Work Order (SPK)/Work order Values (box)/Corr Values' is: '20'

2022-07-14 09:19:20 - [TEST_STEP][PASSED] - comment(corr): 20

2022-07-14 09:19:20 - [MESSAGE][INFO] - 20

2022-07-14 09:19:20 - [TEST_STEP][PASSED] - beratbox = getAttribute(findTestObject("Page_SKT ERP  ERP/Tab Production/Work Order (SPK)/Work order Values (box)/Berat at Box (gram)"), "value"): Attribute 'value' of object 'Object Repository/Page_SKT ERP  ERP/Tab Production/Work Order (SPK)/Work order Values (box)/Berat at Box (gram)' is: '53.5'

2022-07-14 09:19:20 - [MESSAGE][PASSED] - Attribute 'value' of object 'Object Repository/Page_SKT ERP  ERP/Tab Production/Work Order (SPK)/Work order Values (box)/Berat at Box (gram)' is: '53.5'

2022-07-14 09:19:20 - [TEST_STEP][PASSED] - comment(beratbox): 53.5

2022-07-14 09:19:20 - [MESSAGE][INFO] - 53.5

2022-07-14 09:19:20 - [TEST_STEP][PASSED] - beratorder = getAttribute(findTestObject("Page_SKT ERP  ERP/Tab Production/Work Order (SPK)/Work order Values (box)/Berat Order (Kg)"), "value"): Attribute 'value' of object 'Object Repository/Page_SKT ERP  ERP/Tab Production/Work Order (SPK)/Work order Values (box)/Berat Order (Kg)' is: '5.35'

2022-07-14 09:19:21 - [MESSAGE][PASSED] - Attribute 'value' of object 'Object Repository/Page_SKT ERP  ERP/Tab Production/Work Order (SPK)/Work order Values (box)/Berat Order (Kg)' is: '5.35'

2022-07-14 09:19:21 - [TEST_STEP][PASSED] - comment(beratorder): 5.35

2022-07-14 09:19:21 - [MESSAGE][INFO] - 5.35

2022-07-14 09:19:21 - [TEST_STEP][PASSED] - berattrim = getAttribute(findTestObject("Page_SKT ERP  ERP/Tab Production/Work Order (SPK)/Work order Values (box)/Berat Trim (Kg)"), "value"): Attribute 'value' of object 'Object Repository/Page_SKT ERP  ERP/Tab Production/Work Order (SPK)/Work order Values (box)/Berat Trim (Kg)' is: '0.39'

2022-07-14 09:19:21 - [MESSAGE][PASSED] - Attribute 'value' of object 'Object Repository/Page_SKT ERP  ERP/Tab Production/Work Order (SPK)/Work order Values (box)/Berat Trim (Kg)' is: '0.39'

2022-07-14 09:19:21 - [TEST_STEP][PASSED] - comment(berattrim): 0.39

2022-07-14 09:19:21 - [MESSAGE][INFO] - 0.39

2022-07-14 09:19:21 - [TEST_STEP][PASSED] - BeratSubstance1 = getAttribute(findTestObject("Page_SKT ERP  ERP/Tab Production/Work Order (SPK)/Work order Values (box)/Berat Substance 1"), "value"): Attribute 'value' of object 'Object Repository/Page_SKT ERP  ERP/Tab Production/Work Order (SPK)/Work order Values (box)/Berat Substance 1' is: '1.72'

2022-07-14 09:19:21 - [MESSAGE][PASSED] - Attribute 'value' of object 'Object Repository/Page_SKT ERP  ERP/Tab Production/Work Order (SPK)/Work order Values (box)/Berat Substance 1' is: '1.72'

2022-07-14 09:19:21 - [TEST_STEP][PASSED] - comment(BeratSubstance1): 1.72

2022-07-14 09:19:21 - [MESSAGE][INFO] - 1.72

2022-07-14 09:19:21 - [TEST_STEP][PASSED] - BeratSubstance2 = getAttribute(findTestObject("Page_SKT ERP  ERP/Tab Production/Work Order (SPK)/Work order Values (box)/Berat Substance 2"), "value"): Attribute 'value' of object 'Object Repository/Page_SKT ERP  ERP/Tab Production/Work Order (SPK)/Work order Values (box)/Berat Substance 2' is: '2.29'

2022-07-14 09:19:22 - [MESSAGE][PASSED] - Attribute 'value' of object 'Object Repository/Page_SKT ERP  ERP/Tab Production/Work Order (SPK)/Work order Values (box)/Berat Substance 2' is: '2.29'

2022-07-14 09:19:22 - [TEST_STEP][PASSED] - comment(BeratSubstance2): 2.29

2022-07-14 09:19:22 - [MESSAGE][INFO] - 2.29

2022-07-14 09:19:22 - [TEST_STEP][PASSED] - BeratSubstance3 = getAttribute(findTestObject("Page_SKT ERP  ERP/Tab Production/Work Order (SPK)/Work order Values (box)/Berat Substance 3"), "value"): Attribute 'value' of object 'Object Repository/Page_SKT ERP  ERP/Tab Production/Work Order (SPK)/Work order Values (box)/Berat Substance 3' is: '1.72'

2022-07-14 09:19:22 - [MESSAGE][PASSED] - Attribute 'value' of object 'Object Repository/Page_SKT ERP  ERP/Tab Production/Work Order (SPK)/Work order Values (box)/Berat Substance 3' is: '1.72'

2022-07-14 09:19:22 - [TEST_STEP][PASSED] - comment(BeratSubstance3): 1.72

2022-07-14 09:19:22 - [MESSAGE][INFO] - 1.72

2022-07-14 09:19:22 - [TEST_STEP][PASSED] - BeratSubstance4 = getAttribute(findTestObject("Page_SKT ERP  ERP/Tab Production/Work Order (SPK)/Work order Values (box)/Berat Substance 4"), "value"): Attribute 'value' of object 'Object Repository/Page_SKT ERP  ERP/Tab Production/Work Order (SPK)/Work order Values (box)/Berat Substance 4' is: '0'

2022-07-14 09:19:23 - [MESSAGE][PASSED] - Attribute 'value' of object 'Object Repository/Page_SKT ERP  ERP/Tab Production/Work Order (SPK)/Work order Values (box)/Berat Substance 4' is: '0'

2022-07-14 09:19:23 - [TEST_STEP][PASSED] - comment(BeratSubstance4): 0

2022-07-14 09:19:23 - [MESSAGE][INFO] - 0

2022-07-14 09:19:23 - [TEST_STEP][PASSED] - BeratSubstance5 = getAttribute(findTestObject("Page_SKT ERP  ERP/Tab Production/Work Order (SPK)/Work order Values (box)/Berat Substance 5"), "value"): Attribute 'value' of object 'Object Repository/Page_SKT ERP  ERP/Tab Production/Work Order (SPK)/Work order Values (box)/Berat Substance 5' is: '0'

2022-07-14 09:19:23 - [MESSAGE][PASSED] - Attribute 'value' of object 'Object Repository/Page_SKT ERP  ERP/Tab Production/Work Order (SPK)/Work order Values (box)/Berat Substance 5' is: '0'

2022-07-14 09:19:23 - [TEST_STEP][PASSED] - comment(BeratSubstance5): 0

2022-07-14 09:19:23 - [MESSAGE][INFO] - 0

2022-07-14 09:19:23 - [TEST_STEP][PASSED] - click(findTestObject("Page_SKT ERP  ERP/Tab Production/Work Order (SPK)/button back (from view work order)")): Object: 'Object Repository/Page_SKT ERP  ERP/Tab Production/Work Order (SPK)/button back (from view work order)' is clicked on

2022-07-14 09:19:24 - [MESSAGE][PASSED] - Object: 'Object Repository/Page_SKT ERP  ERP/Tab Production/Work Order (SPK)/button back (from view work order)' is clicked on

2022-07-14 09:19:24 - [TEST_STEP][PASSED] - allValues.add(outkrts): null

2022-07-14 09:19:24 - [TEST_STEP][PASSED] - allValues.add(corr): null

2022-07-14 09:19:24 - [TEST_STEP][PASSED] - allValues.add(beratbox): null

2022-07-14 09:19:24 - [TEST_STEP][PASSED] - allValues.add(beratorder): null

2022-07-14 09:19:24 - [TEST_STEP][PASSED] - allValues.add(berattrim): null

2022-07-14 09:19:24 - [TEST_STEP][PASSED] - allValues.add(BeratSubstance1): null

2022-07-14 09:19:24 - [TEST_STEP][PASSED] - allValues.add(BeratSubstance2): null

2022-07-14 09:19:24 - [TEST_STEP][PASSED] - allValues.add(BeratSubstance3): null

2022-07-14 09:19:24 - [TEST_STEP][PASSED] - allValues.add(BeratSubstance4): null

2022-07-14 09:19:24 - [TEST_STEP][PASSED] - allValues.add(BeratSubstance5): null

2022-07-14 09:19:24 - [TEST_STEP][PASSED] - qty = newQty: null

2022-07-14 09:19:24 - [TEST_STEP][PASSED] - lebarKertasMinimum_box = 1500: null

2022-07-14 09:19:24 - [TEST_STEP][PASSED] - width_box = 366: null

2022-07-14 09:19:24 - [TEST_STEP][PASSED] - outkertas_box = 4: null

2022-07-14 09:19:24 - [TEST_STEP][PASSED] - expected_outkrts_box = outkertas_box: null

2022-07-14 09:19:24 - [TEST_STEP][PASSED] - actual_otkrts_box = allValues[0]: null

2022-07-14 09:19:24 - [TEST_STEP][PASSED] - verifyMatch(actual_otkrts_box, expected_outkrts_box, false): Actual text '4' and expected text '4' are matched 

2022-07-14 09:19:24 - [MESSAGE][PASSED] - Actual text '4' and expected text '4' are matched 

2022-07-14 09:19:24 - [TEST_STEP][PASSED] - constantDoubleJoint_box = 1: null

2022-07-14 09:19:24 - [TEST_STEP][PASSED] - out_box = outkertas_box: null

2022-07-14 09:19:24 - [TEST_STEP][PASSED] - outKnife_box = 1: null

2022-07-14 09:19:24 - [TEST_STEP][PASSED] - corrBox = constantDoubleJoint_box * Math.floor(newQty / out_box / outKnife_box): null

2022-07-14 09:19:24 - [TEST_STEP][PASSED] - expected_corr_box = corrBox: null

2022-07-14 09:19:24 - [TEST_STEP][PASSED] - actual_corr_box = allValues[1]: null

2022-07-14 09:19:24 - [TEST_STEP][PASSED] - verifyMatch(actual_corr_box, expected_corr_box, false): Actual text '25' and expected text '25' are matched 

2022-07-14 09:19:24 - [MESSAGE][PASSED] - Actual text '25' and expected text '25' are matched 

2022-07-14 09:19:24 - [TEST_STEP][PASSED] - weightSheetNettoGram_box = 133.08: null

2022-07-14 09:19:24 - [TEST_STEP][PASSED] - weight_box = constantDoubleJoint_box * weightSheetNettoGram_box * newQty / 1000: null

2022-07-14 09:19:24 - [TEST_STEP][PASSED] - beratBoxBox = Math.ceil(weight_box / qty * 1000 * 100) / 100: null

2022-07-14 09:19:24 - [TEST_STEP][PASSED] - expected_beratbox_box = beratBoxBox: null

2022-07-14 09:19:24 - [TEST_STEP][PASSED] - actual_beratbox_box = allValues[2]: null

2022-07-14 09:19:24 - [TEST_STEP][PASSED] - verifyMatch(actual_beratbox_box, expected_beratbox_box, false): Actual text '133.09' and expected text '133.09' are matched 

2022-07-14 09:19:24 - [MESSAGE][PASSED] - Actual text '133.09' and expected text '133.09' are matched 

2022-07-14 09:19:24 - [TEST_STEP][PASSED] - beratOrderBox = Math.ceil(weight_box * 100) / 100: null

2022-07-14 09:19:24 - [TEST_STEP][PASSED] - expected_beratorder_box = beratOrderBox: null

2022-07-14 09:19:24 - [TEST_STEP][PASSED] - actual_beratorder_box = allValues[3]: null

2022-07-14 09:19:24 - [TEST_STEP][PASSED] - verifyMatch(actual_beratorder_box, expected_beratorder_box, false): Actual text '13.31' and expected text '13.31' are matched 

2022-07-14 09:19:24 - [MESSAGE][PASSED] - Actual text '13.31' and expected text '13.31' are matched 

2022-07-14 09:19:24 - [TEST_STEP][PASSED] - trimWasteGram_box = 13.09: null

2022-07-14 09:19:24 - [TEST_STEP][PASSED] - beratTrimBox = qty / out_box * trimWasteGram_box / 1000: null

2022-07-14 09:19:24 - [TEST_STEP][PASSED] - expected_berattrim_box = beratTrimBox: null

2022-07-14 09:19:24 - [TEST_STEP][PASSED] - actual_berattrim_box = allValues[4]: null

2022-07-14 09:19:24 - [TEST_STEP][PASSED] - verifyMatch(actual_berattrim_box, expected_berattrim_box, false): Actual text '0.32725' and expected text '0.32725' are matched 

2022-07-14 09:19:24 - [MESSAGE][PASSED] - Actual text '0.32725' and expected text '0.32725' are matched 

2022-07-14 09:19:24 - [TEST_STEP][PASSED] - qValuebox1 = 150: null

2022-07-14 09:19:24 - [TEST_STEP][PASSED] - sheetLengthBox1 = 824: null

2022-07-14 09:19:24 - [TEST_STEP][PASSED] - minLebarMmSheetBox1 = 1500: null

2022-07-14 09:19:24 - [TEST_STEP][PASSED] - identifierBox1 = 1: null

2022-07-14 09:19:24 - [TEST_STEP][PASSED] - beratSubstanceBox1 = qValuebox1 / 1000 * sheetLengthBox1 / 1000 * minLebarMmSheetBox1 / 1000 * identifierBox1 * corrBox: null

2022-07-14 09:19:24 - [TEST_STEP][PASSED] - expected_beratsubstance1_box = beratSubstanceBox1.round(2): null

2022-07-14 09:19:24 - [TEST_STEP][PASSED] - actual_beratsubstance1_box = allValues[5]: null

2022-07-14 09:19:24 - [TEST_STEP][PASSED] - verifyMatch(actual_beratsubstance1_box, expected_beratsubstance1_box, false): Actual text '4.64' and expected text '4.64' are matched 

2022-07-14 09:19:24 - [MESSAGE][PASSED] - Actual text '4.64' and expected text '4.64' are matched 

2022-07-14 09:19:24 - [TEST_STEP][PASSED] - qValuebox2 = 125: null

2022-07-14 09:19:24 - [TEST_STEP][PASSED] - sheetLengthBox2 = 824: null

2022-07-14 09:19:24 - [TEST_STEP][PASSED] - minLebarMmSheetBox2 = 1500: null

2022-07-14 09:19:24 - [TEST_STEP][PASSED] - identifierBox2 = 1.33: null

2022-07-14 09:19:24 - [TEST_STEP][PASSED] - beratSubstanceBox2 = qValuebox2 / 1000 * sheetLengthBox2 / 1000 * minLebarMmSheetBox2 / 1000 * identifierBox2 * corrBox: null

2022-07-14 09:19:24 - [TEST_STEP][PASSED] - expected_beratsubstance2_box = beratSubstanceBox2.round(2): null

2022-07-14 09:19:24 - [TEST_STEP][PASSED] - actual_beratsubstance2_box = allValues[6]: null

2022-07-14 09:19:24 - [TEST_STEP][PASSED] - verifyMatch(actual_beratsubstance2_box, expected_beratsubstance2_box, false): Actual text '5.14' and expected text '5.14' are matched 

2022-07-14 09:19:24 - [MESSAGE][PASSED] - Actual text '5.14' and expected text '5.14' are matched 

2022-07-14 09:19:24 - [TEST_STEP][PASSED] - qValuebox3 = 125: null

2022-07-14 09:19:24 - [TEST_STEP][PASSED] - sheetLengthBox3 = 824: null

2022-07-14 09:19:24 - [TEST_STEP][PASSED] - minLebarMmSheetBox3 = 1500: null

2022-07-14 09:19:24 - [TEST_STEP][PASSED] - identifierBox3 = 1: null

2022-07-14 09:19:24 - [TEST_STEP][PASSED] - beratSubstanceBox3 = qValuebox3 / 1000 * sheetLengthBox3 / 1000 * minLebarMmSheetBox3 / 1000 * identifierBox3 * corrBox: null

2022-07-14 09:19:24 - [TEST_STEP][PASSED] - expected_beratsubstance3_box = beratSubstanceBox3.round(2): null

2022-07-14 09:19:24 - [TEST_STEP][PASSED] - actual_beratsubstance3_box = allValues[7]: null

2022-07-14 09:19:24 - [TEST_STEP][PASSED] - verifyMatch(actual_beratsubstance3_box, expected_beratsubstance3_box, false): Actual text '3.86' and expected text '3.86' are matched 

2022-07-14 09:19:24 - [MESSAGE][PASSED] - Actual text '3.86' and expected text '3.86' are matched 

2022-07-14 09:19:24 - [TEST_STEP][PASSED] - qValuebox4 = 0: null

2022-07-14 09:19:24 - [TEST_STEP][PASSED] - sheetLengthBox4 = 824: null

2022-07-14 09:19:24 - [TEST_STEP][PASSED] - minLebarMmSheetBox4 = 1500: null

2022-07-14 09:19:24 - [TEST_STEP][PASSED] - identifierBox4 = 1.42: null

2022-07-14 09:19:24 - [TEST_STEP][PASSED] - beratSubstanceBox4 = qValuebox4 / 1000 * sheetLengthBox4 / 1000 * minLebarMmSheetBox4 / 1000 * identifierBox4 * corrBox: null

2022-07-14 09:19:24 - [TEST_STEP][PASSED] - expected_beratsubstance4_box = beratSubstanceBox4.round(2): null

2022-07-14 09:19:24 - [TEST_STEP][PASSED] - actual_beratsubstance4_box = allValues[8]: null

2022-07-14 09:19:24 - [TEST_STEP][FAILED] - verifyMatch(actual_beratsubstance4_box, expected_beratsubstance4_box, false): Unable to verify match between actual text '0' and expected text '0.0' (Root cause: com.kms.katalon.core.exception.StepFailedException: Actual text '0' and expected text '0.0' are not matched
	at com.kms.katalon.core.keyword.builtin.VerifyMatchKeyword$_verifyMatch_closure1.doCall(VerifyMatchKeyword.groovy:57)
	at com.kms.katalon.core.keyword.builtin.VerifyMatchKeyword$_verifyMatch_closure1.call(VerifyMatchKeyword.groovy)
	at com.kms.katalon.core.keyword.internal.KeywordMain.runKeyword(KeywordMain.groovy:74)
	at com.kms.katalon.core.keyword.builtin.VerifyMatchKeyword.verifyMatch(VerifyMatchKeyword.groovy:60)
	at com.kms.katalon.core.keyword.builtin.VerifyMatchKeyword.execute(VerifyMatchKeyword.groovy:45)
	at com.kms.katalon.core.keyword.internal.KeywordExecutor.executeKeywordForPlatform(KeywordExecutor.groovy:74)
	at com.kms.katalon.core.keyword.BuiltinKeywords.verifyMatch(BuiltinKeywords.groovy:73)
	at 2 - 2A_ Verify Calculated Values in Work Order (box partisi1 partisi2).run(2 - 2A_ Verify Calculated Values in Work Order (box partisi1 partisi2):299)
	at com.kms.katalon.core.main.ScriptEngine.run(ScriptEngine.java:194)
	at com.kms.katalon.core.main.ScriptEngine.runScriptAsRawText(ScriptEngine.java:119)
	at com.kms.katalon.core.main.TestCaseExecutor.runScript(TestCaseExecutor.java:445)
	at com.kms.katalon.core.main.TestCaseExecutor.doExecute(TestCaseExecutor.java:436)
	at com.kms.katalon.core.main.TestCaseExecutor.processExecutionPhase(TestCaseExecutor.java:415)
	at com.kms.katalon.core.main.TestCaseExecutor.accessMainPhase(TestCaseExecutor.java:407)
	at com.kms.katalon.core.main.TestCaseExecutor.execute(TestCaseExecutor.java:284)
	at com.kms.katalon.core.common.CommonExecutor.accessTestCaseMainPhase(CommonExecutor.java:65)
	at com.kms.katalon.core.main.TestSuiteExecutor.accessTestSuiteMainPhase(TestSuiteExecutor.java:144)
	at com.kms.katalon.core.main.TestSuiteExecutor.execute(TestSuiteExecutor.java:106)
	at com.kms.katalon.core.main.TestCaseMain.startTestSuite(TestCaseMain.java:185)
	at com.kms.katalon.core.main.TestCaseMain$startTestSuite$0.call(Unknown Source)
	at TempTestSuite1657765067484.run(TempTestSuite1657765067484.groovy:36)
)

2022-07-14 09:19:24 - [MESSAGE][FAILED] - Unable to verify match between actual text '0' and expected text '0.0' (Root cause: com.kms.katalon.core.exception.StepFailedException: Actual text '0' and expected text '0.0' are not matched
	at com.kms.katalon.core.keyword.builtin.VerifyMatchKeyword$_verifyMatch_closure1.doCall(VerifyMatchKeyword.groovy:57)
	at com.kms.katalon.core.keyword.builtin.VerifyMatchKeyword$_verifyMatch_closure1.call(VerifyMatchKeyword.groovy)
	at com.kms.katalon.core.keyword.internal.KeywordMain.runKeyword(KeywordMain.groovy:74)
	at com.kms.katalon.core.keyword.builtin.VerifyMatchKeyword.verifyMatch(VerifyMatchKeyword.groovy:60)
	at com.kms.katalon.core.keyword.builtin.VerifyMatchKeyword.execute(VerifyMatchKeyword.groovy:45)
	at com.kms.katalon.core.keyword.internal.KeywordExecutor.executeKeywordForPlatform(KeywordExecutor.groovy:74)
	at com.kms.katalon.core.keyword.BuiltinKeywords.verifyMatch(BuiltinKeywords.groovy:73)
	at 2 - 2A_ Verify Calculated Values in Work Order (box partisi1 partisi2).run(2 - 2A_ Verify Calculated Values in Work Order (box partisi1 partisi2):299)
	at com.kms.katalon.core.main.ScriptEngine.run(ScriptEngine.java:194)
	at com.kms.katalon.core.main.ScriptEngine.runScriptAsRawText(ScriptEngine.java:119)
	at com.kms.katalon.core.main.TestCaseExecutor.runScript(TestCaseExecutor.java:445)
	at com.kms.katalon.core.main.TestCaseExecutor.doExecute(TestCaseExecutor.java:436)
	at com.kms.katalon.core.main.TestCaseExecutor.processExecutionPhase(TestCaseExecutor.java:415)
	at com.kms.katalon.core.main.TestCaseExecutor.accessMainPhase(TestCaseExecutor.java:407)
	at com.kms.katalon.core.main.TestCaseExecutor.execute(TestCaseExecutor.java:284)
	at com.kms.katalon.core.common.CommonExecutor.accessTestCaseMainPhase(CommonExecutor.java:65)
	at com.kms.katalon.core.main.TestSuiteExecutor.accessTestSuiteMainPhase(TestSuiteExecutor.java:144)
	at com.kms.katalon.core.main.TestSuiteExecutor.execute(TestSuiteExecutor.java:106)
	at com.kms.katalon.core.main.TestCaseMain.startTestSuite(TestCaseMain.java:185)
	at com.kms.katalon.core.main.TestCaseMain$startTestSuite$0.call(Unknown Source)
	at TempTestSuite1657765067484.run(TempTestSuite1657765067484.groovy:36)
)

2022-07-14 09:19:24 - [TEST_STEP][PASSED] - qValuebox5 = 0: null

2022-07-14 09:19:24 - [TEST_STEP][PASSED] - sheetLengthBox5 = 824: null

2022-07-14 09:19:24 - [TEST_STEP][PASSED] - minLebarMmSheetBox5 = 1500: null

2022-07-14 09:19:24 - [TEST_STEP][PASSED] - identifierBox5 = 1: null

2022-07-14 09:19:24 - [TEST_STEP][PASSED] - beratSubstanceBox5 = qValuebox5 / 1000 * sheetLengthBox5 / 1000 * minLebarMmSheetBox5 / 1000 * identifierBox5 * corrBox: null

2022-07-14 09:19:24 - [TEST_STEP][PASSED] - expected_beratsubstance5_box = beratSubstanceBox5.round(2): null

2022-07-14 09:19:24 - [TEST_STEP][PASSED] - actual_beratsubstance5_box = allValues[9]: null

2022-07-14 09:19:24 - [TEST_STEP][FAILED] - verifyMatch(actual_beratsubstance5_box, expected_beratsubstance5_box, false): Unable to verify match between actual text '0' and expected text '0.0' (Root cause: com.kms.katalon.core.exception.StepFailedException: Actual text '0' and expected text '0.0' are not matched
	at com.kms.katalon.core.keyword.builtin.VerifyMatchKeyword$_verifyMatch_closure1.doCall(VerifyMatchKeyword.groovy:57)
	at com.kms.katalon.core.keyword.builtin.VerifyMatchKeyword$_verifyMatch_closure1.call(VerifyMatchKeyword.groovy)
	at com.kms.katalon.core.keyword.internal.KeywordMain.runKeyword(KeywordMain.groovy:74)
	at com.kms.katalon.core.keyword.builtin.VerifyMatchKeyword.verifyMatch(VerifyMatchKeyword.groovy:60)
	at com.kms.katalon.core.keyword.builtin.VerifyMatchKeyword.execute(VerifyMatchKeyword.groovy:45)
	at com.kms.katalon.core.keyword.internal.KeywordExecutor.executeKeywordForPlatform(KeywordExecutor.groovy:74)
	at com.kms.katalon.core.keyword.BuiltinKeywords.verifyMatch(BuiltinKeywords.groovy:73)
	at 2 - 2A_ Verify Calculated Values in Work Order (box partisi1 partisi2).run(2 - 2A_ Verify Calculated Values in Work Order (box partisi1 partisi2):310)
	at com.kms.katalon.core.main.ScriptEngine.run(ScriptEngine.java:194)
	at com.kms.katalon.core.main.ScriptEngine.runScriptAsRawText(ScriptEngine.java:119)
	at com.kms.katalon.core.main.TestCaseExecutor.runScript(TestCaseExecutor.java:445)
	at com.kms.katalon.core.main.TestCaseExecutor.doExecute(TestCaseExecutor.java:436)
	at com.kms.katalon.core.main.TestCaseExecutor.processExecutionPhase(TestCaseExecutor.java:415)
	at com.kms.katalon.core.main.TestCaseExecutor.accessMainPhase(TestCaseExecutor.java:407)
	at com.kms.katalon.core.main.TestCaseExecutor.execute(TestCaseExecutor.java:284)
	at com.kms.katalon.core.common.CommonExecutor.accessTestCaseMainPhase(CommonExecutor.java:65)
	at com.kms.katalon.core.main.TestSuiteExecutor.accessTestSuiteMainPhase(TestSuiteExecutor.java:144)
	at com.kms.katalon.core.main.TestSuiteExecutor.execute(TestSuiteExecutor.java:106)
	at com.kms.katalon.core.main.TestCaseMain.startTestSuite(TestCaseMain.java:185)
	at com.kms.katalon.core.main.TestCaseMain$startTestSuite$0.call(Unknown Source)
	at TempTestSuite1657765067484.run(TempTestSuite1657765067484.groovy:36)
)

2022-07-14 09:19:24 - [MESSAGE][FAILED] - Unable to verify match between actual text '0' and expected text '0.0' (Root cause: com.kms.katalon.core.exception.StepFailedException: Actual text '0' and expected text '0.0' are not matched
	at com.kms.katalon.core.keyword.builtin.VerifyMatchKeyword$_verifyMatch_closure1.doCall(VerifyMatchKeyword.groovy:57)
	at com.kms.katalon.core.keyword.builtin.VerifyMatchKeyword$_verifyMatch_closure1.call(VerifyMatchKeyword.groovy)
	at com.kms.katalon.core.keyword.internal.KeywordMain.runKeyword(KeywordMain.groovy:74)
	at com.kms.katalon.core.keyword.builtin.VerifyMatchKeyword.verifyMatch(VerifyMatchKeyword.groovy:60)
	at com.kms.katalon.core.keyword.builtin.VerifyMatchKeyword.execute(VerifyMatchKeyword.groovy:45)
	at com.kms.katalon.core.keyword.internal.KeywordExecutor.executeKeywordForPlatform(KeywordExecutor.groovy:74)
	at com.kms.katalon.core.keyword.BuiltinKeywords.verifyMatch(BuiltinKeywords.groovy:73)
	at 2 - 2A_ Verify Calculated Values in Work Order (box partisi1 partisi2).run(2 - 2A_ Verify Calculated Values in Work Order (box partisi1 partisi2):310)
	at com.kms.katalon.core.main.ScriptEngine.run(ScriptEngine.java:194)
	at com.kms.katalon.core.main.ScriptEngine.runScriptAsRawText(ScriptEngine.java:119)
	at com.kms.katalon.core.main.TestCaseExecutor.runScript(TestCaseExecutor.java:445)
	at com.kms.katalon.core.main.TestCaseExecutor.doExecute(TestCaseExecutor.java:436)
	at com.kms.katalon.core.main.TestCaseExecutor.processExecutionPhase(TestCaseExecutor.java:415)
	at com.kms.katalon.core.main.TestCaseExecutor.accessMainPhase(TestCaseExecutor.java:407)
	at com.kms.katalon.core.main.TestCaseExecutor.execute(TestCaseExecutor.java:284)
	at com.kms.katalon.core.common.CommonExecutor.accessTestCaseMainPhase(CommonExecutor.java:65)
	at com.kms.katalon.core.main.TestSuiteExecutor.accessTestSuiteMainPhase(TestSuiteExecutor.java:144)
	at com.kms.katalon.core.main.TestSuiteExecutor.execute(TestSuiteExecutor.java:106)
	at com.kms.katalon.core.main.TestCaseMain.startTestSuite(TestCaseMain.java:185)
	at com.kms.katalon.core.main.TestCaseMain$startTestSuite$0.call(Unknown Source)
	at TempTestSuite1657765067484.run(TempTestSuite1657765067484.groovy:36)
)

2022-07-14 09:19:24 - [TEST_STEP][PASSED] - lebarKertasMinimum_partisi = 1150: null

2022-07-14 09:19:24 - [TEST_STEP][PASSED] - width_partisi = 140: null

2022-07-14 09:19:24 - [TEST_STEP][PASSED] - outkertas_partisi = 5: null

2022-07-14 09:19:24 - [TEST_STEP][PASSED] - expected_outkrts_partisi = outkertas_partisi: null

2022-07-14 09:19:24 - [TEST_STEP][PASSED] - actual_outkrts_partisi = allValues[10]: null

2022-07-14 09:19:24 - [TEST_STEP][PASSED] - verifyMatch(actual_outkrts_partisi, expected_outkrts_partisi, false): Actual text '5' and expected text '5' are matched 

2022-07-14 09:19:24 - [MESSAGE][PASSED] - Actual text '5' and expected text '5' are matched 

2022-07-14 09:19:24 - [TEST_STEP][PASSED] - constantDoubleJoint_partisi = 1: null

2022-07-14 09:19:24 - [TEST_STEP][PASSED] - out_partisi = outkertas_partisi: null

2022-07-14 09:19:24 - [TEST_STEP][PASSED] - outKnife_partisi = 1: null

2022-07-14 09:19:24 - [TEST_STEP][PASSED] - corrPartisi = constantDoubleJoint_partisi * Math.floor(newQty / out_partisi / outKnife_partisi): null

2022-07-14 09:19:24 - [TEST_STEP][PASSED] - expected_corr_partisi = corrPartisi: null

2022-07-14 09:19:24 - [TEST_STEP][PASSED] - actual_corr_partisi = allValues[11]: null

2022-07-14 09:19:24 - [TEST_STEP][PASSED] - verifyMatch(actual_corr_partisi, expected_corr_partisi, false): Actual text '20' and expected text '20' are matched 

2022-07-14 09:19:24 - [MESSAGE][PASSED] - Actual text '20' and expected text '20' are matched 

2022-07-14 09:19:24 - [TEST_STEP][PASSED] - weightSheetNettoGram_partisi = 53.5: null

2022-07-14 09:19:24 - [TEST_STEP][PASSED] - weight_partisi = constantDoubleJoint_partisi * weightSheetNettoGram_partisi * newQty / 1000: null

2022-07-14 09:19:24 - [TEST_STEP][PASSED] - beratBoxPartisi = Math.ceil(weight_partisi / qty * 1000 * 100) / 100: null

2022-07-14 09:19:24 - [TEST_STEP][PASSED] - expected_beratbox_partisi = beratBoxPartisi: null

2022-07-14 09:19:24 - [TEST_STEP][PASSED] - actual_beratbox_partisi = allValues[12]: null

2022-07-14 09:19:24 - [TEST_STEP][PASSED] - verifyMatch(actual_beratbox_partisi, expected_beratbox_partisi, false): Actual text '53.5' and expected text '53.5' are matched 

2022-07-14 09:19:24 - [MESSAGE][PASSED] - Actual text '53.5' and expected text '53.5' are matched 

2022-07-14 09:19:24 - [TEST_STEP][PASSED] - beratOrderPartisi = Math.ceil(weight_partisi * 100) / 100: null

2022-07-14 09:19:24 - [TEST_STEP][PASSED] - expected_beratorder_partisi = beratOrderPartisi: null

2022-07-14 09:19:24 - [TEST_STEP][PASSED] - actual_beratorder_partisi = allValues[13]: null

2022-07-14 09:19:24 - [TEST_STEP][PASSED] - verifyMatch(actual_beratorder_partisi, expected_beratorder_partisi, false): Actual text '5.35' and expected text '5.35' are matched 

2022-07-14 09:19:24 - [MESSAGE][PASSED] - Actual text '5.35' and expected text '5.35' are matched 

2022-07-14 09:19:24 - [TEST_STEP][PASSED] - trimWasteGram_partisi = 18.91: null

2022-07-14 09:19:24 - [TEST_STEP][PASSED] - lengthPartisi = 918: null

2022-07-14 09:19:24 - [TEST_STEP][PASSED] - lebarKertasPartisi = 50: null

2022-07-14 09:19:24 - [TEST_STEP][PASSED] - gsmPartisi = 416.25: null

2022-07-14 09:19:24 - [TEST_STEP][PASSED] - beratTrimPartisi = Math.ceil(corrPartisi * lengthPartisi / 1000 * lebarKertasPartisi / 1000 * gsmPartisi / 1000 * 100) / 100: null

2022-07-14 09:19:24 - [TEST_STEP][PASSED] - expected_berattrim_partisi = beratTrimPartisi: null

2022-07-14 09:19:24 - [TEST_STEP][PASSED] - actual_berattrim_partisi = allValues[14]: null

2022-07-14 09:19:24 - [TEST_STEP][PASSED] - verifyMatch(actual_berattrim_partisi, expected_berattrim_partisi, false): Actual text '0.39' and expected text '0.39' are matched 

2022-07-14 09:19:24 - [MESSAGE][PASSED] - Actual text '0.39' and expected text '0.39' are matched 

2022-07-14 09:19:24 - [TEST_STEP][PASSED] - qValuepartisi1 = 125: null

2022-07-14 09:19:24 - [TEST_STEP][PASSED] - sheetLengthPartisi1 = 918: null

2022-07-14 09:19:24 - [TEST_STEP][PASSED] - minLebarMmSheetPartisi1 = 750: null

2022-07-14 09:19:24 - [TEST_STEP][PASSED] - identifierPartisi1 = 1: null

2022-07-14 09:19:24 - [TEST_STEP][PASSED] - beratSubstancePartisi1 = qValuepartisi1 / 1000 * sheetLengthPartisi1 / 1000 * minLebarMmSheetPartisi1 / 1000 * identifierPartisi1 * corrPartisi: null

2022-07-14 09:19:24 - [TEST_STEP][PASSED] - expected_beratsubstance1_partisi = beratSubstancePartisi1.round(2): null

2022-07-14 09:19:24 - [TEST_STEP][PASSED] - actual_beratsubstance1_partisi = allValues[15]: null

2022-07-14 09:19:24 - [TEST_STEP][PASSED] - verifyMatch(actual_beratsubstance1_partisi, expected_beratsubstance1_partisi, false): Actual text '1.72' and expected text '1.72' are matched 

2022-07-14 09:19:24 - [MESSAGE][PASSED] - Actual text '1.72' and expected text '1.72' are matched 

2022-07-14 09:19:24 - [TEST_STEP][PASSED] - qValuepartisi2 = 125: null

2022-07-14 09:19:24 - [TEST_STEP][PASSED] - sheetLengthPartisi2 = 918: null

2022-07-14 09:19:24 - [TEST_STEP][PASSED] - minLebarMmSheetPartisi2 = 750: null

2022-07-14 09:19:24 - [TEST_STEP][PASSED] - identifierPartisi2 = 1.33: null

2022-07-14 09:19:24 - [TEST_STEP][PASSED] - beratSubstancePartisi2 = qValuepartisi2 / 1000 * sheetLengthPartisi2 / 1000 * minLebarMmSheetPartisi2 / 1000 * identifierPartisi2 * corrPartisi: null

2022-07-14 09:19:24 - [TEST_STEP][PASSED] - expected_beratsubstance2_partisi = beratSubstancePartisi2.round(2): null

2022-07-14 09:19:24 - [TEST_STEP][PASSED] - actual_beratsubstance2_partisi = allValues[16]: null

2022-07-14 09:19:24 - [TEST_STEP][PASSED] - verifyMatch(actual_beratsubstance2_partisi, expected_beratsubstance2_partisi, false): Actual text '2.29' and expected text '2.29' are matched 

2022-07-14 09:19:24 - [MESSAGE][PASSED] - Actual text '2.29' and expected text '2.29' are matched 

2022-07-14 09:19:24 - [TEST_STEP][PASSED] - qValuepartisi3 = 125: null

2022-07-14 09:19:24 - [TEST_STEP][PASSED] - sheetLengthPartisi3 = 918: null

2022-07-14 09:19:24 - [TEST_STEP][PASSED] - minLebarMmSheetPartisi3 = 750: null

2022-07-14 09:19:24 - [TEST_STEP][PASSED] - identifierPartisi3 = 1: null

2022-07-14 09:19:24 - [TEST_STEP][PASSED] - beratSubstancePartisi3 = qValuepartisi3 / 1000 * sheetLengthPartisi3 / 1000 * minLebarMmSheetPartisi3 / 1000 * identifierPartisi3 * corrPartisi: null

2022-07-14 09:19:24 - [TEST_STEP][PASSED] - expected_beratsubstance3_partisi = beratSubstancePartisi3.round(2): null

2022-07-14 09:19:24 - [TEST_STEP][PASSED] - actual_beratsubstance3_partisi = allValues[17]: null

2022-07-14 09:19:24 - [TEST_STEP][PASSED] - verifyMatch(actual_beratsubstance3_partisi, expected_beratsubstance3_partisi, false): Actual text '1.72' and expected text '1.72' are matched 

2022-07-14 09:19:24 - [MESSAGE][PASSED] - Actual text '1.72' and expected text '1.72' are matched 

2022-07-14 09:19:24 - [TEST_STEP][PASSED] - qValuepartisi4 = 0: null

2022-07-14 09:19:24 - [TEST_STEP][PASSED] - sheetLengthPartisi4 = 918: null

2022-07-14 09:19:24 - [TEST_STEP][PASSED] - minLebarMmSheetPartisi4 = 750: null

2022-07-14 09:19:24 - [TEST_STEP][PASSED] - identifierPartisi4 = 1.42: null

2022-07-14 09:19:24 - [TEST_STEP][PASSED] - beratSubstancePartisi4 = qValuepartisi4 / 1000 * sheetLengthPartisi4 / 1000 * minLebarMmSheetPartisi4 / 1000 * identifierPartisi4 * corrPartisi: null

2022-07-14 09:19:24 - [TEST_STEP][PASSED] - expected_beratsubstance4_partisi = beratSubstancePartisi4.round(2): null

2022-07-14 09:19:24 - [TEST_STEP][PASSED] - actual_beratsubstance4_partisi = allValues[18]: null

2022-07-14 09:19:24 - [TEST_STEP][FAILED] - verifyMatch(actual_beratsubstance4_partisi, expected_beratsubstance4_partisi, false): Unable to verify match between actual text '0' and expected text '0.0' (Root cause: com.kms.katalon.core.exception.StepFailedException: Actual text '0' and expected text '0.0' are not matched
	at com.kms.katalon.core.keyword.builtin.VerifyMatchKeyword$_verifyMatch_closure1.doCall(VerifyMatchKeyword.groovy:57)
	at com.kms.katalon.core.keyword.builtin.VerifyMatchKeyword$_verifyMatch_closure1.call(VerifyMatchKeyword.groovy)
	at com.kms.katalon.core.keyword.internal.KeywordMain.runKeyword(KeywordMain.groovy:74)
	at com.kms.katalon.core.keyword.builtin.VerifyMatchKeyword.verifyMatch(VerifyMatchKeyword.groovy:60)
	at com.kms.katalon.core.keyword.builtin.VerifyMatchKeyword.execute(VerifyMatchKeyword.groovy:45)
	at com.kms.katalon.core.keyword.internal.KeywordExecutor.executeKeywordForPlatform(KeywordExecutor.groovy:74)
	at com.kms.katalon.core.keyword.BuiltinKeywords.verifyMatch(BuiltinKeywords.groovy:73)
	at 2 - 2A_ Verify Calculated Values in Work Order (box partisi1 partisi2).run(2 - 2A_ Verify Calculated Values in Work Order (box partisi1 partisi2):407)
	at com.kms.katalon.core.main.ScriptEngine.run(ScriptEngine.java:194)
	at com.kms.katalon.core.main.ScriptEngine.runScriptAsRawText(ScriptEngine.java:119)
	at com.kms.katalon.core.main.TestCaseExecutor.runScript(TestCaseExecutor.java:445)
	at com.kms.katalon.core.main.TestCaseExecutor.doExecute(TestCaseExecutor.java:436)
	at com.kms.katalon.core.main.TestCaseExecutor.processExecutionPhase(TestCaseExecutor.java:415)
	at com.kms.katalon.core.main.TestCaseExecutor.accessMainPhase(TestCaseExecutor.java:407)
	at com.kms.katalon.core.main.TestCaseExecutor.execute(TestCaseExecutor.java:284)
	at com.kms.katalon.core.common.CommonExecutor.accessTestCaseMainPhase(CommonExecutor.java:65)
	at com.kms.katalon.core.main.TestSuiteExecutor.accessTestSuiteMainPhase(TestSuiteExecutor.java:144)
	at com.kms.katalon.core.main.TestSuiteExecutor.execute(TestSuiteExecutor.java:106)
	at com.kms.katalon.core.main.TestCaseMain.startTestSuite(TestCaseMain.java:185)
	at com.kms.katalon.core.main.TestCaseMain$startTestSuite$0.call(Unknown Source)
	at TempTestSuite1657765067484.run(TempTestSuite1657765067484.groovy:36)
)

2022-07-14 09:19:24 - [MESSAGE][FAILED] - Unable to verify match between actual text '0' and expected text '0.0' (Root cause: com.kms.katalon.core.exception.StepFailedException: Actual text '0' and expected text '0.0' are not matched
	at com.kms.katalon.core.keyword.builtin.VerifyMatchKeyword$_verifyMatch_closure1.doCall(VerifyMatchKeyword.groovy:57)
	at com.kms.katalon.core.keyword.builtin.VerifyMatchKeyword$_verifyMatch_closure1.call(VerifyMatchKeyword.groovy)
	at com.kms.katalon.core.keyword.internal.KeywordMain.runKeyword(KeywordMain.groovy:74)
	at com.kms.katalon.core.keyword.builtin.VerifyMatchKeyword.verifyMatch(VerifyMatchKeyword.groovy:60)
	at com.kms.katalon.core.keyword.builtin.VerifyMatchKeyword.execute(VerifyMatchKeyword.groovy:45)
	at com.kms.katalon.core.keyword.internal.KeywordExecutor.executeKeywordForPlatform(KeywordExecutor.groovy:74)
	at com.kms.katalon.core.keyword.BuiltinKeywords.verifyMatch(BuiltinKeywords.groovy:73)
	at 2 - 2A_ Verify Calculated Values in Work Order (box partisi1 partisi2).run(2 - 2A_ Verify Calculated Values in Work Order (box partisi1 partisi2):407)
	at com.kms.katalon.core.main.ScriptEngine.run(ScriptEngine.java:194)
	at com.kms.katalon.core.main.ScriptEngine.runScriptAsRawText(ScriptEngine.java:119)
	at com.kms.katalon.core.main.TestCaseExecutor.runScript(TestCaseExecutor.java:445)
	at com.kms.katalon.core.main.TestCaseExecutor.doExecute(TestCaseExecutor.java:436)
	at com.kms.katalon.core.main.TestCaseExecutor.processExecutionPhase(TestCaseExecutor.java:415)
	at com.kms.katalon.core.main.TestCaseExecutor.accessMainPhase(TestCaseExecutor.java:407)
	at com.kms.katalon.core.main.TestCaseExecutor.execute(TestCaseExecutor.java:284)
	at com.kms.katalon.core.common.CommonExecutor.accessTestCaseMainPhase(CommonExecutor.java:65)
	at com.kms.katalon.core.main.TestSuiteExecutor.accessTestSuiteMainPhase(TestSuiteExecutor.java:144)
	at com.kms.katalon.core.main.TestSuiteExecutor.execute(TestSuiteExecutor.java:106)
	at com.kms.katalon.core.main.TestCaseMain.startTestSuite(TestCaseMain.java:185)
	at com.kms.katalon.core.main.TestCaseMain$startTestSuite$0.call(Unknown Source)
	at TempTestSuite1657765067484.run(TempTestSuite1657765067484.groovy:36)
)

2022-07-14 09:19:24 - [TEST_STEP][PASSED] - qValuepartisi5 = 0: null

2022-07-14 09:19:24 - [TEST_STEP][PASSED] - sheetLengthPartisi5 = 918: null

2022-07-14 09:19:24 - [TEST_STEP][PASSED] - minLebarMmSheetPartisi5 = 750: null

2022-07-14 09:19:24 - [TEST_STEP][PASSED] - identifierPartisi5 = 1: null

2022-07-14 09:19:24 - [TEST_STEP][PASSED] - beratSubstancePartisi5 = qValuepartisi5 / 1000 * sheetLengthPartisi5 / 1000 * minLebarMmSheetPartisi5 / 1000 * identifierPartisi5 * corrPartisi: null

2022-07-14 09:19:24 - [TEST_STEP][PASSED] - expected_beratsubstance5_partisi = beratSubstancePartisi5.round(2): null

2022-07-14 09:19:24 - [TEST_STEP][PASSED] - actual_beratsubstance5_partisi = allValues[19]: null

2022-07-14 09:19:24 - [TEST_STEP][FAILED] - verifyMatch(actual_beratsubstance5_partisi, expected_beratsubstance5_partisi, false): Unable to verify match between actual text '0' and expected text '0.0' (Root cause: com.kms.katalon.core.exception.StepFailedException: Actual text '0' and expected text '0.0' are not matched
	at com.kms.katalon.core.keyword.builtin.VerifyMatchKeyword$_verifyMatch_closure1.doCall(VerifyMatchKeyword.groovy:57)
	at com.kms.katalon.core.keyword.builtin.VerifyMatchKeyword$_verifyMatch_closure1.call(VerifyMatchKeyword.groovy)
	at com.kms.katalon.core.keyword.internal.KeywordMain.runKeyword(KeywordMain.groovy:74)
	at com.kms.katalon.core.keyword.builtin.VerifyMatchKeyword.verifyMatch(VerifyMatchKeyword.groovy:60)
	at com.kms.katalon.core.keyword.builtin.VerifyMatchKeyword.execute(VerifyMatchKeyword.groovy:45)
	at com.kms.katalon.core.keyword.internal.KeywordExecutor.executeKeywordForPlatform(KeywordExecutor.groovy:74)
	at com.kms.katalon.core.keyword.BuiltinKeywords.verifyMatch(BuiltinKeywords.groovy:73)
	at 2 - 2A_ Verify Calculated Values in Work Order (box partisi1 partisi2).run(2 - 2A_ Verify Calculated Values in Work Order (box partisi1 partisi2):418)
	at com.kms.katalon.core.main.ScriptEngine.run(ScriptEngine.java:194)
	at com.kms.katalon.core.main.ScriptEngine.runScriptAsRawText(ScriptEngine.java:119)
	at com.kms.katalon.core.main.TestCaseExecutor.runScript(TestCaseExecutor.java:445)
	at com.kms.katalon.core.main.TestCaseExecutor.doExecute(TestCaseExecutor.java:436)
	at com.kms.katalon.core.main.TestCaseExecutor.processExecutionPhase(TestCaseExecutor.java:415)
	at com.kms.katalon.core.main.TestCaseExecutor.accessMainPhase(TestCaseExecutor.java:407)
	at com.kms.katalon.core.main.TestCaseExecutor.execute(TestCaseExecutor.java:284)
	at com.kms.katalon.core.common.CommonExecutor.accessTestCaseMainPhase(CommonExecutor.java:65)
	at com.kms.katalon.core.main.TestSuiteExecutor.accessTestSuiteMainPhase(TestSuiteExecutor.java:144)
	at com.kms.katalon.core.main.TestSuiteExecutor.execute(TestSuiteExecutor.java:106)
	at com.kms.katalon.core.main.TestCaseMain.startTestSuite(TestCaseMain.java:185)
	at com.kms.katalon.core.main.TestCaseMain$startTestSuite$0.call(Unknown Source)
	at TempTestSuite1657765067484.run(TempTestSuite1657765067484.groovy:36)
)

2022-07-14 09:19:24 - [MESSAGE][FAILED] - Unable to verify match between actual text '0' and expected text '0.0' (Root cause: com.kms.katalon.core.exception.StepFailedException: Actual text '0' and expected text '0.0' are not matched
	at com.kms.katalon.core.keyword.builtin.VerifyMatchKeyword$_verifyMatch_closure1.doCall(VerifyMatchKeyword.groovy:57)
	at com.kms.katalon.core.keyword.builtin.VerifyMatchKeyword$_verifyMatch_closure1.call(VerifyMatchKeyword.groovy)
	at com.kms.katalon.core.keyword.internal.KeywordMain.runKeyword(KeywordMain.groovy:74)
	at com.kms.katalon.core.keyword.builtin.VerifyMatchKeyword.verifyMatch(VerifyMatchKeyword.groovy:60)
	at com.kms.katalon.core.keyword.builtin.VerifyMatchKeyword.execute(VerifyMatchKeyword.groovy:45)
	at com.kms.katalon.core.keyword.internal.KeywordExecutor.executeKeywordForPlatform(KeywordExecutor.groovy:74)
	at com.kms.katalon.core.keyword.BuiltinKeywords.verifyMatch(BuiltinKeywords.groovy:73)
	at 2 - 2A_ Verify Calculated Values in Work Order (box partisi1 partisi2).run(2 - 2A_ Verify Calculated Values in Work Order (box partisi1 partisi2):418)
	at com.kms.katalon.core.main.ScriptEngine.run(ScriptEngine.java:194)
	at com.kms.katalon.core.main.ScriptEngine.runScriptAsRawText(ScriptEngine.java:119)
	at com.kms.katalon.core.main.TestCaseExecutor.runScript(TestCaseExecutor.java:445)
	at com.kms.katalon.core.main.TestCaseExecutor.doExecute(TestCaseExecutor.java:436)
	at com.kms.katalon.core.main.TestCaseExecutor.processExecutionPhase(TestCaseExecutor.java:415)
	at com.kms.katalon.core.main.TestCaseExecutor.accessMainPhase(TestCaseExecutor.java:407)
	at com.kms.katalon.core.main.TestCaseExecutor.execute(TestCaseExecutor.java:284)
	at com.kms.katalon.core.common.CommonExecutor.accessTestCaseMainPhase(CommonExecutor.java:65)
	at com.kms.katalon.core.main.TestSuiteExecutor.accessTestSuiteMainPhase(TestSuiteExecutor.java:144)
	at com.kms.katalon.core.main.TestSuiteExecutor.execute(TestSuiteExecutor.java:106)
	at com.kms.katalon.core.main.TestCaseMain.startTestSuite(TestCaseMain.java:185)
	at com.kms.katalon.core.main.TestCaseMain$startTestSuite$0.call(Unknown Source)
	at TempTestSuite1657765067484.run(TempTestSuite1657765067484.groovy:36)
)

2022-07-14 09:19:24 - [TEST_STEP][PASSED] - closeBrowser(): Browser is closed

2022-07-14 09:19:25 - [MESSAGE][PASSED] - Browser is closed]]></system-out>
         <system-err><![CDATA[2022-07-14 09:17:57 - [TEST_CASE][FAILED] - Test Cases/SKT ERP/Production/2 - 2A_ Verify Calculated Values in Work Order (box partisi1 partisi2): Test Cases/SKT ERP/Production/2 - 2A_ Verify Calculated Values in Work Order (box partisi1 partisi2) FAILED.
Reason:
com.kms.katalon.core.exception.StepFailedException: Unable to verify match between actual text '0' and expected text '0.0' (Root cause: com.kms.katalon.core.exception.StepFailedException: Actual text '0' and expected text '0.0' are not matched
	at com.kms.katalon.core.keyword.builtin.VerifyMatchKeyword$_verifyMatch_closure1.doCall(VerifyMatchKeyword.groovy:57)
	at com.kms.katalon.core.keyword.builtin.VerifyMatchKeyword$_verifyMatch_closure1.call(VerifyMatchKeyword.groovy)
	at com.kms.katalon.core.keyword.internal.KeywordMain.runKeyword(KeywordMain.groovy:74)
	at com.kms.katalon.core.keyword.builtin.VerifyMatchKeyword.verifyMatch(VerifyMatchKeyword.groovy:60)
	at com.kms.katalon.core.keyword.builtin.VerifyMatchKeyword.execute(VerifyMatchKeyword.groovy:45)
	at com.kms.katalon.core.keyword.internal.KeywordExecutor.executeKeywordForPlatform(KeywordExecutor.groovy:74)
	at com.kms.katalon.core.keyword.BuiltinKeywords.verifyMatch(BuiltinKeywords.groovy:73)
	at 2 - 2A_ Verify Calculated Values in Work Order (box partisi1 partisi2).run(2 - 2A_ Verify Calculated Values in Work Order (box partisi1 partisi2):299)
	at com.kms.katalon.core.main.ScriptEngine.run(ScriptEngine.java:194)
	at com.kms.katalon.core.main.ScriptEngine.runScriptAsRawText(ScriptEngine.java:119)
	at com.kms.katalon.core.main.TestCaseExecutor.runScript(TestCaseExecutor.java:445)
	at com.kms.katalon.core.main.TestCaseExecutor.doExecute(TestCaseExecutor.java:436)
	at com.kms.katalon.core.main.TestCaseExecutor.processExecutionPhase(TestCaseExecutor.java:415)
	at com.kms.katalon.core.main.TestCaseExecutor.accessMainPhase(TestCaseExecutor.java:407)
	at com.kms.katalon.core.main.TestCaseExecutor.execute(TestCaseExecutor.java:284)
	at com.kms.katalon.core.common.CommonExecutor.accessTestCaseMainPhase(CommonExecutor.java:65)
	at com.kms.katalon.core.main.TestSuiteExecutor.accessTestSuiteMainPhase(TestSuiteExecutor.java:144)
	at com.kms.katalon.core.main.TestSuiteExecutor.execute(TestSuiteExecutor.java:106)
	at com.kms.katalon.core.main.TestCaseMain.startTestSuite(TestCaseMain.java:185)
	at com.kms.katalon.core.main.TestCaseMain$startTestSuite$0.call(Unknown Source)
	at TempTestSuite1657765067484.run(TempTestSuite1657765067484.groovy:36)
)
	at com.kms.katalon.core.keyword.internal.KeywordMain.stepFailed(KeywordMain.groovy:39)
	at com.kms.katalon.core.keyword.internal.KeywordMain.stepFailed(KeywordMain.groovy)
	at com.kms.katalon.core.keyword.internal.KeywordMain.runKeyword(KeywordMain.groovy:76)
	at com.kms.katalon.core.keyword.builtin.VerifyMatchKeyword.verifyMatch(VerifyMatchKeyword.groovy:60)
	at com.kms.katalon.core.keyword.builtin.VerifyMatchKeyword.execute(VerifyMatchKeyword.groovy:45)
	at com.kms.katalon.core.keyword.internal.KeywordExecutor.executeKeywordForPlatform(KeywordExecutor.groovy:74)
	at com.kms.katalon.core.keyword.BuiltinKeywords.verifyMatch(BuiltinKeywords.groovy:73)
	at 2 - 2A_ Verify Calculated Values in Work Order (box partisi1 partisi2).run(2 - 2A_ Verify Calculated Values in Work Order (box partisi1 partisi2):299)
	at com.kms.katalon.core.main.ScriptEngine.run(ScriptEngine.java:194)
	at com.kms.katalon.core.main.ScriptEngine.runScriptAsRawText(ScriptEngine.java:119)
	at com.kms.katalon.core.main.TestCaseExecutor.runScript(TestCaseExecutor.java:445)
	at com.kms.katalon.core.main.TestCaseExecutor.doExecute(TestCaseExecutor.java:436)
	at com.kms.katalon.core.main.TestCaseExecutor.processExecutionPhase(TestCaseExecutor.java:415)
	at com.kms.katalon.core.main.TestCaseExecutor.accessMainPhase(TestCaseExecutor.java:407)
	at com.kms.katalon.core.main.TestCaseExecutor.execute(TestCaseExecutor.java:284)
	at com.kms.katalon.core.common.CommonExecutor.accessTestCaseMainPhase(CommonExecutor.java:65)
	at com.kms.katalon.core.main.TestSuiteExecutor.accessTestSuiteMainPhase(TestSuiteExecutor.java:144)
	at com.kms.katalon.core.main.TestSuiteExecutor.execute(TestSuiteExecutor.java:106)
	at com.kms.katalon.core.main.TestCaseMain.startTestSuite(TestCaseMain.java:185)
	at com.kms.katalon.core.main.TestCaseMain$startTestSuite$0.call(Unknown Source)
	at TempTestSuite1657765067484.run(TempTestSuite1657765067484.groovy:36)
Caused by: com.kms.katalon.core.exception.StepFailedException: Actual text '0' and expected text '0.0' are not matched
	at com.kms.katalon.core.keyword.builtin.VerifyMatchKeyword$_verifyMatch_closure1.doCall(VerifyMatchKeyword.groovy:57)
	at com.kms.katalon.core.keyword.builtin.VerifyMatchKeyword$_verifyMatch_closure1.call(VerifyMatchKeyword.groovy)
	at com.kms.katalon.core.keyword.internal.KeywordMain.runKeyword(KeywordMain.groovy:74)
	... 18 more]]></system-err>
      </testcase>
      <system-out><![CDATA[2022-07-14 09:17:57 - [TEST_SUITE][FAILED] - Demo Juli 2022: Test Cases/SKT ERP/Production/2 - 2A_ Verify Calculated Values in Work Order (box partisi1 partisi2) FAILED.
Reason:
com.kms.katalon.core.exception.StepFailedException: Unable to verify match between actual text '0' and expected text '0.0' (Root cause: com.kms.katalon.core.exception.StepFailedException: Actual text '0' and expected text '0.0' are not matched
	at com.kms.katalon.core.keyword.builtin.VerifyMatchKeyword$_verifyMatch_closure1.doCall(VerifyMatchKeyword.groovy:57)
	at com.kms.katalon.core.keyword.builtin.VerifyMatchKeyword$_verifyMatch_closure1.call(VerifyMatchKeyword.groovy)
	at com.kms.katalon.core.keyword.internal.KeywordMain.runKeyword(KeywordMain.groovy:74)
	at com.kms.katalon.core.keyword.builtin.VerifyMatchKeyword.verifyMatch(VerifyMatchKeyword.groovy:60)
	at com.kms.katalon.core.keyword.builtin.VerifyMatchKeyword.execute(VerifyMatchKeyword.groovy:45)
	at com.kms.katalon.core.keyword.internal.KeywordExecutor.executeKeywordForPlatform(KeywordExecutor.groovy:74)
	at com.kms.katalon.core.keyword.BuiltinKeywords.verifyMatch(BuiltinKeywords.groovy:73)
	at 2 - 2A_ Verify Calculated Values in Work Order (box partisi1 partisi2).run(2 - 2A_ Verify Calculated Values in Work Order (box partisi1 partisi2):299)
	at com.kms.katalon.core.main.ScriptEngine.run(ScriptEngine.java:194)
	at com.kms.katalon.core.main.ScriptEngine.runScriptAsRawText(ScriptEngine.java:119)
	at com.kms.katalon.core.main.TestCaseExecutor.runScript(TestCaseExecutor.java:445)
	at com.kms.katalon.core.main.TestCaseExecutor.doExecute(TestCaseExecutor.java:436)
	at com.kms.katalon.core.main.TestCaseExecutor.processExecutionPhase(TestCaseExecutor.java:415)
	at com.kms.katalon.core.main.TestCaseExecutor.accessMainPhase(TestCaseExecutor.java:407)
	at com.kms.katalon.core.main.TestCaseExecutor.execute(TestCaseExecutor.java:284)
	at com.kms.katalon.core.common.CommonExecutor.accessTestCaseMainPhase(CommonExecutor.java:65)
	at com.kms.katalon.core.main.TestSuiteExecutor.accessTestSuiteMainPhase(TestSuiteExecutor.java:144)
	at com.kms.katalon.core.main.TestSuiteExecutor.execute(TestSuiteExecutor.java:106)
	at com.kms.katalon.core.main.TestCaseMain.startTestSuite(TestCaseMain.java:185)
	at com.kms.katalon.core.main.TestCaseMain$startTestSuite$0.call(Unknown Source)
	at TempTestSuite1657765067484.run(TempTestSuite1657765067484.groovy:36)
)
	at com.kms.katalon.core.keyword.internal.KeywordMain.stepFailed(KeywordMain.groovy:39)
	at com.kms.katalon.core.keyword.internal.KeywordMain.stepFailed(KeywordMain.groovy)
	at com.kms.katalon.core.keyword.internal.KeywordMain.runKeyword(KeywordMain.groovy:76)
	at com.kms.katalon.core.keyword.builtin.VerifyMatchKeyword.verifyMatch(VerifyMatchKeyword.groovy:60)
	at com.kms.katalon.core.keyword.builtin.VerifyMatchKeyword.execute(VerifyMatchKeyword.groovy:45)
	at com.kms.katalon.core.keyword.internal.KeywordExecutor.executeKeywordForPlatform(KeywordExecutor.groovy:74)
	at com.kms.katalon.core.keyword.BuiltinKeywords.verifyMatch(BuiltinKeywords.groovy:73)
	at 2 - 2A_ Verify Calculated Values in Work Order (box partisi1 partisi2).run(2 - 2A_ Verify Calculated Values in Work Order (box partisi1 partisi2):299)
	at com.kms.katalon.core.main.ScriptEngine.run(ScriptEngine.java:194)
	at com.kms.katalon.core.main.ScriptEngine.runScriptAsRawText(ScriptEngine.java:119)
	at com.kms.katalon.core.main.TestCaseExecutor.runScript(TestCaseExecutor.java:445)
	at com.kms.katalon.core.main.TestCaseExecutor.doExecute(TestCaseExecutor.java:436)
	at com.kms.katalon.core.main.TestCaseExecutor.processExecutionPhase(TestCaseExecutor.java:415)
	at com.kms.katalon.core.main.TestCaseExecutor.accessMainPhase(TestCaseExecutor.java:407)
	at com.kms.katalon.core.main.TestCaseExecutor.execute(TestCaseExecutor.java:284)
	at com.kms.katalon.core.common.CommonExecutor.accessTestCaseMainPhase(CommonExecutor.java:65)
	at com.kms.katalon.core.main.TestSuiteExecutor.accessTestSuiteMainPhase(TestSuiteExecutor.java:144)
	at com.kms.katalon.core.main.TestSuiteExecutor.execute(TestSuiteExecutor.java:106)
	at com.kms.katalon.core.main.TestCaseMain.startTestSuite(TestCaseMain.java:185)
	at com.kms.katalon.core.main.TestCaseMain$startTestSuite$0.call(Unknown Source)
	at TempTestSuite1657765067484.run(TempTestSuite1657765067484.groovy:36)
Caused by: com.kms.katalon.core.exception.StepFailedException: Actual text '0' and expected text '0.0' are not matched
	at com.kms.katalon.core.keyword.builtin.VerifyMatchKeyword$_verifyMatch_closure1.doCall(VerifyMatchKeyword.groovy:57)
	at com.kms.katalon.core.keyword.builtin.VerifyMatchKeyword$_verifyMatch_closure1.call(VerifyMatchKeyword.groovy)
	at com.kms.katalon.core.keyword.internal.KeywordMain.runKeyword(KeywordMain.groovy:74)
	... 18 more]]></system-out>
      <system-err><![CDATA[2022-07-14 09:17:57 - [TEST_SUITE][FAILED] - Demo Juli 2022: Test Cases/SKT ERP/Production/2 - 2A_ Verify Calculated Values in Work Order (box partisi1 partisi2) FAILED.
Reason:
com.kms.katalon.core.exception.StepFailedException: Unable to verify match between actual text '0' and expected text '0.0' (Root cause: com.kms.katalon.core.exception.StepFailedException: Actual text '0' and expected text '0.0' are not matched
	at com.kms.katalon.core.keyword.builtin.VerifyMatchKeyword$_verifyMatch_closure1.doCall(VerifyMatchKeyword.groovy:57)
	at com.kms.katalon.core.keyword.builtin.VerifyMatchKeyword$_verifyMatch_closure1.call(VerifyMatchKeyword.groovy)
	at com.kms.katalon.core.keyword.internal.KeywordMain.runKeyword(KeywordMain.groovy:74)
	at com.kms.katalon.core.keyword.builtin.VerifyMatchKeyword.verifyMatch(VerifyMatchKeyword.groovy:60)
	at com.kms.katalon.core.keyword.builtin.VerifyMatchKeyword.execute(VerifyMatchKeyword.groovy:45)
	at com.kms.katalon.core.keyword.internal.KeywordExecutor.executeKeywordForPlatform(KeywordExecutor.groovy:74)
	at com.kms.katalon.core.keyword.BuiltinKeywords.verifyMatch(BuiltinKeywords.groovy:73)
	at 2 - 2A_ Verify Calculated Values in Work Order (box partisi1 partisi2).run(2 - 2A_ Verify Calculated Values in Work Order (box partisi1 partisi2):299)
	at com.kms.katalon.core.main.ScriptEngine.run(ScriptEngine.java:194)
	at com.kms.katalon.core.main.ScriptEngine.runScriptAsRawText(ScriptEngine.java:119)
	at com.kms.katalon.core.main.TestCaseExecutor.runScript(TestCaseExecutor.java:445)
	at com.kms.katalon.core.main.TestCaseExecutor.doExecute(TestCaseExecutor.java:436)
	at com.kms.katalon.core.main.TestCaseExecutor.processExecutionPhase(TestCaseExecutor.java:415)
	at com.kms.katalon.core.main.TestCaseExecutor.accessMainPhase(TestCaseExecutor.java:407)
	at com.kms.katalon.core.main.TestCaseExecutor.execute(TestCaseExecutor.java:284)
	at com.kms.katalon.core.common.CommonExecutor.accessTestCaseMainPhase(CommonExecutor.java:65)
	at com.kms.katalon.core.main.TestSuiteExecutor.accessTestSuiteMainPhase(TestSuiteExecutor.java:144)
	at com.kms.katalon.core.main.TestSuiteExecutor.execute(TestSuiteExecutor.java:106)
	at com.kms.katalon.core.main.TestCaseMain.startTestSuite(TestCaseMain.java:185)
	at com.kms.katalon.core.main.TestCaseMain$startTestSuite$0.call(Unknown Source)
	at TempTestSuite1657765067484.run(TempTestSuite1657765067484.groovy:36)
)
	at com.kms.katalon.core.keyword.internal.KeywordMain.stepFailed(KeywordMain.groovy:39)
	at com.kms.katalon.core.keyword.internal.KeywordMain.stepFailed(KeywordMain.groovy)
	at com.kms.katalon.core.keyword.internal.KeywordMain.runKeyword(KeywordMain.groovy:76)
	at com.kms.katalon.core.keyword.builtin.VerifyMatchKeyword.verifyMatch(VerifyMatchKeyword.groovy:60)
	at com.kms.katalon.core.keyword.builtin.VerifyMatchKeyword.execute(VerifyMatchKeyword.groovy:45)
	at com.kms.katalon.core.keyword.internal.KeywordExecutor.executeKeywordForPlatform(KeywordExecutor.groovy:74)
	at com.kms.katalon.core.keyword.BuiltinKeywords.verifyMatch(BuiltinKeywords.groovy:73)
	at 2 - 2A_ Verify Calculated Values in Work Order (box partisi1 partisi2).run(2 - 2A_ Verify Calculated Values in Work Order (box partisi1 partisi2):299)
	at com.kms.katalon.core.main.ScriptEngine.run(ScriptEngine.java:194)
	at com.kms.katalon.core.main.ScriptEngine.runScriptAsRawText(ScriptEngine.java:119)
	at com.kms.katalon.core.main.TestCaseExecutor.runScript(TestCaseExecutor.java:445)
	at com.kms.katalon.core.main.TestCaseExecutor.doExecute(TestCaseExecutor.java:436)
	at com.kms.katalon.core.main.TestCaseExecutor.processExecutionPhase(TestCaseExecutor.java:415)
	at com.kms.katalon.core.main.TestCaseExecutor.accessMainPhase(TestCaseExecutor.java:407)
	at com.kms.katalon.core.main.TestCaseExecutor.execute(TestCaseExecutor.java:284)
	at com.kms.katalon.core.common.CommonExecutor.accessTestCaseMainPhase(CommonExecutor.java:65)
	at com.kms.katalon.core.main.TestSuiteExecutor.accessTestSuiteMainPhase(TestSuiteExecutor.java:144)
	at com.kms.katalon.core.main.TestSuiteExecutor.execute(TestSuiteExecutor.java:106)
	at com.kms.katalon.core.main.TestCaseMain.startTestSuite(TestCaseMain.java:185)
	at com.kms.katalon.core.main.TestCaseMain$startTestSuite$0.call(Unknown Source)
	at TempTestSuite1657765067484.run(TempTestSuite1657765067484.groovy:36)
Caused by: com.kms.katalon.core.exception.StepFailedException: Actual text '0' and expected text '0.0' are not matched
	at com.kms.katalon.core.keyword.builtin.VerifyMatchKeyword$_verifyMatch_closure1.doCall(VerifyMatchKeyword.groovy:57)
	at com.kms.katalon.core.keyword.builtin.VerifyMatchKeyword$_verifyMatch_closure1.call(VerifyMatchKeyword.groovy)
	at com.kms.katalon.core.keyword.internal.KeywordMain.runKeyword(KeywordMain.groovy:74)
	... 18 more]]></system-err>
   </testsuite>
</testsuites>
